[2025-03-11T11:55:57.604+0000] {local_task_job_runner.py:123} INFO - ::group::Pre task execution logs
[2025-03-11T11:55:57.640+0000] {taskinstance.py:2614} INFO - Dependencies all met for dep_context=non-requeueable deps ti=<TaskInstance: FPL_raw_teams.upload_to_postgres scheduled__2025-03-08T00:05:00+00:00 [queued]>
[2025-03-11T11:55:57.663+0000] {taskinstance.py:2614} INFO - Dependencies all met for dep_context=requeueable deps ti=<TaskInstance: FPL_raw_teams.upload_to_postgres scheduled__2025-03-08T00:05:00+00:00 [queued]>
[2025-03-11T11:55:57.665+0000] {taskinstance.py:2867} INFO - Starting attempt 1 of 3
[2025-03-11T11:55:57.697+0000] {taskinstance.py:2890} INFO - Executing <Task(_PythonDecoratedOperator): upload_to_postgres> on 2025-03-08 00:05:00+00:00
[2025-03-11T11:55:57.709+0000] {warnings.py:112} WARNING - /home/***/.local/lib/python3.12/site-packages/***/task/task_runner/standard_task_runner.py:70: DeprecationWarning: This process (pid=278) is multi-threaded, use of fork() may lead to deadlocks in the child.
  pid = os.fork()

[2025-03-11T11:55:57.713+0000] {standard_task_runner.py:72} INFO - Started process 287 to run task
[2025-03-11T11:55:57.713+0000] {standard_task_runner.py:104} INFO - Running: ['***', 'tasks', 'run', 'FPL_raw_teams', 'upload_to_postgres', 'scheduled__2025-03-08T00:05:00+00:00', '--job-id', '146', '--raw', '--subdir', 'DAGS_FOLDER/01_Bronze/01_FPL_raw_teams.py', '--cfg-path', '/tmp/tmp7x735xwd']
[2025-03-11T11:55:57.720+0000] {standard_task_runner.py:105} INFO - Job 146: Subtask upload_to_postgres
[2025-03-11T11:55:57.816+0000] {task_command.py:467} INFO - Running <TaskInstance: FPL_raw_teams.upload_to_postgres scheduled__2025-03-08T00:05:00+00:00 [running]> on host fadf592d593e
[2025-03-11T11:55:58.168+0000] {taskinstance.py:3134} INFO - Exporting env vars: AIRFLOW_CTX_DAG_EMAIL='bobotieno99@gmail.com' AIRFLOW_CTX_DAG_OWNER='Fantasy Premier League' AIRFLOW_CTX_DAG_ID='FPL_raw_teams' AIRFLOW_CTX_TASK_ID='upload_to_postgres' AIRFLOW_CTX_EXECUTION_DATE='2025-03-08T00:05:00+00:00' AIRFLOW_CTX_TRY_NUMBER='1' AIRFLOW_CTX_DAG_RUN_ID='scheduled__2025-03-08T00:05:00+00:00'
[2025-03-11T11:55:58.171+0000] {taskinstance.py:732} INFO - ::endgroup::
[2025-03-11T11:55:58.177+0000] {01_FPL_raw_teams.py:124} INFO - ✅ Database connection established
[2025-03-11T11:56:07.396+0000] {01_FPL_raw_teams.py:138} INFO - ✅ Data loaded into 'bronze.teams_info' successfully
[2025-03-11T11:56:07.403+0000] {python.py:240} INFO - Done. Returned value was: None
[2025-03-11T11:56:07.438+0000] {taskinstance.py:341} INFO - ::group::Post task execution logs
[2025-03-11T11:56:07.464+0000] {taskinstance.py:353} INFO - Marking task as SUCCESS. dag_id=FPL_raw_teams, task_id=upload_to_postgres, run_id=scheduled__2025-03-08T00:05:00+00:00, execution_date=20250308T000500, start_date=20250311T115557, end_date=20250311T115607
[2025-03-11T11:56:07.674+0000] {local_task_job_runner.py:266} INFO - Task exited with return code 0
[2025-03-11T11:56:07.718+0000] {standard_task_runner.py:217} INFO - Process not found (most likely exited), stop collecting metrics
[2025-03-11T11:56:07.723+0000] {taskinstance.py:3901} INFO - 0 downstream tasks scheduled from follow-on schedule check
[2025-03-11T11:56:07.730+0000] {local_task_job_runner.py:245} INFO - ::endgroup::
