[2025-03-07T08:59:19.184+0000] {local_task_job_runner.py:123} INFO - ::group::Pre task execution logs
[2025-03-07T08:59:19.269+0000] {taskinstance.py:2614} INFO - Dependencies all met for dep_context=non-requeueable deps ti=<TaskInstance: FPL_raw_players.add_player_image scheduled__2025-03-06T00:05:00+00:00 [queued]>
[2025-03-07T08:59:19.312+0000] {taskinstance.py:2614} INFO - Dependencies all met for dep_context=requeueable deps ti=<TaskInstance: FPL_raw_players.add_player_image scheduled__2025-03-06T00:05:00+00:00 [queued]>
[2025-03-07T08:59:19.313+0000] {taskinstance.py:2867} INFO - Starting attempt 1 of 3
[2025-03-07T08:59:19.352+0000] {taskinstance.py:2890} INFO - Executing <Task(_PythonDecoratedOperator): add_player_image> on 2025-03-06 00:05:00+00:00
[2025-03-07T08:59:19.366+0000] {warnings.py:112} WARNING - /home/***/.local/lib/python3.12/site-packages/***/task/task_runner/standard_task_runner.py:70: DeprecationWarning: This process (pid=154) is multi-threaded, use of fork() may lead to deadlocks in the child.
  pid = os.fork()

[2025-03-07T08:59:19.375+0000] {standard_task_runner.py:72} INFO - Started process 179 to run task
[2025-03-07T08:59:19.373+0000] {standard_task_runner.py:104} INFO - Running: ['***', 'tasks', 'run', 'FPL_raw_players', 'add_player_image', 'scheduled__2025-03-06T00:05:00+00:00', '--job-id', '149', '--raw', '--subdir', 'DAGS_FOLDER/01_Bronze/02_FPL_raw_players.py', '--cfg-path', '/tmp/tmpoiu0cnck']
[2025-03-07T08:59:19.385+0000] {standard_task_runner.py:105} INFO - Job 149: Subtask add_player_image
[2025-03-07T08:59:19.500+0000] {task_command.py:467} INFO - Running <TaskInstance: FPL_raw_players.add_player_image scheduled__2025-03-06T00:05:00+00:00 [running]> on host 0f0b0357cf30
[2025-03-07T08:59:20.365+0000] {taskinstance.py:3134} INFO - Exporting env vars: AIRFLOW_CTX_DAG_EMAIL='bobotieno99@gmail.com' AIRFLOW_CTX_DAG_OWNER='Fantasy Premier League' AIRFLOW_CTX_DAG_ID='FPL_raw_players' AIRFLOW_CTX_TASK_ID='add_player_image' AIRFLOW_CTX_EXECUTION_DATE='2025-03-06T00:05:00+00:00' AIRFLOW_CTX_TRY_NUMBER='1' AIRFLOW_CTX_DAG_RUN_ID='scheduled__2025-03-06T00:05:00+00:00'
[2025-03-07T08:59:20.373+0000] {taskinstance.py:732} INFO - ::endgroup::
[2025-03-07T08:59:20.391+0000] {02_FPL_raw_players.py:106} INFO - ✅ Player image URLs added successfully.
[2025-03-07T08:59:20.411+0000] {python.py:240} INFO - Done. Returned value was:      player_id  ...                                          photo_url
0            1  ...  https://resources.premierleague.com/premierlea...
1            2  ...  https://resources.premierleague.com/premierlea...
2            3  ...  https://resources.premierleague.com/premierlea...
3            4  ...  https://resources.premierleague.com/premierlea...
4            5  ...  https://resources.premierleague.com/premierlea...
..         ...  ...                                                ...
780        720  ...  https://resources.premierleague.com/premierlea...
781        751  ...  https://resources.premierleague.com/premierlea...
782        769  ...  https://resources.premierleague.com/premierlea...
783        770  ...  https://resources.premierleague.com/premierlea...
784        784  ...  https://resources.premierleague.com/premierlea...

[785 rows x 13 columns]
[2025-03-07T08:59:20.717+0000] {taskinstance.py:341} INFO - ::group::Post task execution logs
[2025-03-07T08:59:20.719+0000] {taskinstance.py:353} INFO - Marking task as SUCCESS. dag_id=FPL_raw_players, task_id=add_player_image, run_id=scheduled__2025-03-06T00:05:00+00:00, execution_date=20250306T000500, start_date=20250307T085919, end_date=20250307T085920
[2025-03-07T08:59:20.877+0000] {local_task_job_runner.py:266} INFO - Task exited with return code 0
[2025-03-07T08:59:20.927+0000] {taskinstance.py:3901} INFO - 1 downstream tasks scheduled from follow-on schedule check
[2025-03-07T08:59:20.932+0000] {local_task_job_runner.py:245} INFO - ::endgroup::
[2025-03-07T09:18:26.684+0000] {local_task_job_runner.py:123} INFO - ::group::Pre task execution logs
[2025-03-07T09:18:27.290+0000] {taskinstance.py:2614} INFO - Dependencies all met for dep_context=non-requeueable deps ti=<TaskInstance: FPL_raw_players.add_player_image scheduled__2025-03-06T00:05:00+00:00 [queued]>
[2025-03-07T09:18:27.328+0000] {taskinstance.py:2614} INFO - Dependencies all met for dep_context=requeueable deps ti=<TaskInstance: FPL_raw_players.add_player_image scheduled__2025-03-06T00:05:00+00:00 [queued]>
[2025-03-07T09:18:27.329+0000] {taskinstance.py:2867} INFO - Starting attempt 1 of 3
[2025-03-07T09:18:27.369+0000] {taskinstance.py:2890} INFO - Executing <Task(_PythonDecoratedOperator): add_player_image> on 2025-03-06 00:05:00+00:00
[2025-03-07T09:18:27.388+0000] {warnings.py:112} WARNING - /home/***/.local/lib/python3.12/site-packages/***/task/task_runner/standard_task_runner.py:70: DeprecationWarning: This process (pid=128) is multi-threaded, use of fork() may lead to deadlocks in the child.
  pid = os.fork()

[2025-03-07T09:18:27.395+0000] {standard_task_runner.py:72} INFO - Started process 143 to run task
[2025-03-07T09:18:27.392+0000] {standard_task_runner.py:104} INFO - Running: ['***', 'tasks', 'run', 'FPL_raw_players', 'add_player_image', 'scheduled__2025-03-06T00:05:00+00:00', '--job-id', '46', '--raw', '--subdir', 'DAGS_FOLDER/01_Bronze/02_FPL_raw_players.py', '--cfg-path', '/tmp/tmpfqbnmfr9']
[2025-03-07T09:18:27.401+0000] {standard_task_runner.py:105} INFO - Job 46: Subtask add_player_image
[2025-03-07T09:18:27.697+0000] {task_command.py:467} INFO - Running <TaskInstance: FPL_raw_players.add_player_image scheduled__2025-03-06T00:05:00+00:00 [running]> on host de0598ea6583
[2025-03-07T09:18:28.339+0000] {taskinstance.py:3134} INFO - Exporting env vars: AIRFLOW_CTX_DAG_EMAIL='bobotieno99@gmail.com' AIRFLOW_CTX_DAG_OWNER='Fantasy Premier League' AIRFLOW_CTX_DAG_ID='FPL_raw_players' AIRFLOW_CTX_TASK_ID='add_player_image' AIRFLOW_CTX_EXECUTION_DATE='2025-03-06T00:05:00+00:00' AIRFLOW_CTX_TRY_NUMBER='1' AIRFLOW_CTX_DAG_RUN_ID='scheduled__2025-03-06T00:05:00+00:00'
[2025-03-07T09:18:28.343+0000] {taskinstance.py:732} INFO - ::endgroup::
[2025-03-07T09:18:28.359+0000] {02_FPL_raw_players.py:106} INFO - ✅ Player image URLs added successfully.
[2025-03-07T09:18:28.360+0000] {python.py:240} INFO - Done. Returned value was:      player_id  ...                                          photo_url
0            1  ...  https://resources.premierleague.com/premierlea...
1            2  ...  https://resources.premierleague.com/premierlea...
2            3  ...  https://resources.premierleague.com/premierlea...
3            4  ...  https://resources.premierleague.com/premierlea...
4            5  ...  https://resources.premierleague.com/premierlea...
..         ...  ...                                                ...
780        720  ...  https://resources.premierleague.com/premierlea...
781        751  ...  https://resources.premierleague.com/premierlea...
782        769  ...  https://resources.premierleague.com/premierlea...
783        770  ...  https://resources.premierleague.com/premierlea...
784        784  ...  https://resources.premierleague.com/premierlea...

[785 rows x 13 columns]
[2025-03-07T09:18:28.582+0000] {taskinstance.py:341} INFO - ::group::Post task execution logs
[2025-03-07T09:18:28.583+0000] {taskinstance.py:353} INFO - Marking task as SUCCESS. dag_id=FPL_raw_players, task_id=add_player_image, run_id=scheduled__2025-03-06T00:05:00+00:00, execution_date=20250306T000500, start_date=20250307T091827, end_date=20250307T091828
[2025-03-07T09:18:28.719+0000] {local_task_job_runner.py:266} INFO - Task exited with return code 0
[2025-03-07T09:18:28.817+0000] {taskinstance.py:3901} INFO - 1 downstream tasks scheduled from follow-on schedule check
[2025-03-07T09:18:28.852+0000] {local_task_job_runner.py:245} INFO - ::endgroup::
[2025-03-07T09:49:52.546+0000] {local_task_job_runner.py:123} INFO - ::group::Pre task execution logs
[2025-03-07T09:49:52.597+0000] {taskinstance.py:2614} INFO - Dependencies all met for dep_context=non-requeueable deps ti=<TaskInstance: FPL_raw_players.add_player_image scheduled__2025-03-06T00:05:00+00:00 [queued]>
[2025-03-07T09:49:52.625+0000] {taskinstance.py:2614} INFO - Dependencies all met for dep_context=requeueable deps ti=<TaskInstance: FPL_raw_players.add_player_image scheduled__2025-03-06T00:05:00+00:00 [queued]>
[2025-03-07T09:49:52.626+0000] {taskinstance.py:2867} INFO - Starting attempt 1 of 3
[2025-03-07T09:49:52.661+0000] {taskinstance.py:2890} INFO - Executing <Task(_PythonDecoratedOperator): add_player_image> on 2025-03-06 00:05:00+00:00
[2025-03-07T09:49:52.675+0000] {warnings.py:112} WARNING - /home/***/.local/lib/python3.12/site-packages/***/task/task_runner/standard_task_runner.py:70: DeprecationWarning: This process (pid=374) is multi-threaded, use of fork() may lead to deadlocks in the child.
  pid = os.fork()

[2025-03-07T09:49:52.679+0000] {standard_task_runner.py:72} INFO - Started process 384 to run task
[2025-03-07T09:49:52.681+0000] {standard_task_runner.py:104} INFO - Running: ['***', 'tasks', 'run', 'FPL_raw_players', 'add_player_image', 'scheduled__2025-03-06T00:05:00+00:00', '--job-id', '11', '--raw', '--subdir', 'DAGS_FOLDER/01_Bronze/02_FPL_raw_players.py', '--cfg-path', '/tmp/tmpkte_fu1s']
[2025-03-07T09:49:52.686+0000] {standard_task_runner.py:105} INFO - Job 11: Subtask add_player_image
[2025-03-07T09:49:52.800+0000] {task_command.py:467} INFO - Running <TaskInstance: FPL_raw_players.add_player_image scheduled__2025-03-06T00:05:00+00:00 [running]> on host 6fac9c74855d
[2025-03-07T09:49:53.341+0000] {taskinstance.py:3134} INFO - Exporting env vars: AIRFLOW_CTX_DAG_EMAIL='bobotieno99@gmail.com' AIRFLOW_CTX_DAG_OWNER='Fantasy Premier League' AIRFLOW_CTX_DAG_ID='FPL_raw_players' AIRFLOW_CTX_TASK_ID='add_player_image' AIRFLOW_CTX_EXECUTION_DATE='2025-03-06T00:05:00+00:00' AIRFLOW_CTX_TRY_NUMBER='1' AIRFLOW_CTX_DAG_RUN_ID='scheduled__2025-03-06T00:05:00+00:00'
[2025-03-07T09:49:53.344+0000] {taskinstance.py:732} INFO - ::endgroup::
[2025-03-07T09:49:53.356+0000] {02_FPL_raw_players.py:106} INFO - ✅ Player image URLs added successfully.
[2025-03-07T09:49:53.357+0000] {python.py:240} INFO - Done. Returned value was:      player_id  ...                                          photo_url
0            1  ...  https://resources.premierleague.com/premierlea...
1            2  ...  https://resources.premierleague.com/premierlea...
2            3  ...  https://resources.premierleague.com/premierlea...
3            4  ...  https://resources.premierleague.com/premierlea...
4            5  ...  https://resources.premierleague.com/premierlea...
..         ...  ...                                                ...
780        720  ...  https://resources.premierleague.com/premierlea...
781        751  ...  https://resources.premierleague.com/premierlea...
782        769  ...  https://resources.premierleague.com/premierlea...
783        770  ...  https://resources.premierleague.com/premierlea...
784        784  ...  https://resources.premierleague.com/premierlea...

[785 rows x 13 columns]
[2025-03-07T09:49:53.482+0000] {taskinstance.py:341} INFO - ::group::Post task execution logs
[2025-03-07T09:49:53.483+0000] {taskinstance.py:353} INFO - Marking task as SUCCESS. dag_id=FPL_raw_players, task_id=add_player_image, run_id=scheduled__2025-03-06T00:05:00+00:00, execution_date=20250306T000500, start_date=20250307T094952, end_date=20250307T094953
[2025-03-07T09:49:53.546+0000] {local_task_job_runner.py:266} INFO - Task exited with return code 0
[2025-03-07T09:49:53.587+0000] {taskinstance.py:3901} INFO - 1 downstream tasks scheduled from follow-on schedule check
[2025-03-07T09:49:53.591+0000] {local_task_job_runner.py:245} INFO - ::endgroup::
