[2025-03-06T13:34:01.484+0000] {local_task_job_runner.py:123} INFO - ::group::Pre task execution logs
[2025-03-06T13:34:01.530+0000] {taskinstance.py:2614} INFO - Dependencies all met for dep_context=non-requeueable deps ti=<TaskInstance: FPL_raw_players.upload_to_postgres manual__2025-03-06T13:27:56.309323+00:00 [queued]>
[2025-03-06T13:34:01.551+0000] {taskinstance.py:2614} INFO - Dependencies all met for dep_context=requeueable deps ti=<TaskInstance: FPL_raw_players.upload_to_postgres manual__2025-03-06T13:27:56.309323+00:00 [queued]>
[2025-03-06T13:34:01.552+0000] {taskinstance.py:2867} INFO - Starting attempt 1 of 3
[2025-03-06T13:34:01.584+0000] {taskinstance.py:2890} INFO - Executing <Task(_PythonDecoratedOperator): upload_to_postgres> on 2025-03-06 13:27:56.309323+00:00
[2025-03-06T13:34:01.596+0000] {warnings.py:112} WARNING - /home/***/.local/lib/python3.12/site-packages/***/task/task_runner/standard_task_runner.py:70: DeprecationWarning: This process (pid=240) is multi-threaded, use of fork() may lead to deadlocks in the child.
  pid = os.fork()

[2025-03-06T13:34:01.599+0000] {standard_task_runner.py:72} INFO - Started process 242 to run task
[2025-03-06T13:34:01.603+0000] {standard_task_runner.py:104} INFO - Running: ['***', 'tasks', 'run', 'FPL_raw_players', 'upload_to_postgres', 'manual__2025-03-06T13:27:56.309323+00:00', '--job-id', '109', '--raw', '--subdir', 'DAGS_FOLDER/01_Bronze/02_FPL_raw_players.py', '--cfg-path', '/tmp/tmpppv1uhmr']
[2025-03-06T13:34:01.609+0000] {standard_task_runner.py:105} INFO - Job 109: Subtask upload_to_postgres
[2025-03-06T13:34:01.701+0000] {task_command.py:467} INFO - Running <TaskInstance: FPL_raw_players.upload_to_postgres manual__2025-03-06T13:27:56.309323+00:00 [running]> on host e417f252717a
[2025-03-06T13:34:02.199+0000] {taskinstance.py:3134} INFO - Exporting env vars: AIRFLOW_CTX_DAG_EMAIL='bobotieno99@gmail.com' AIRFLOW_CTX_DAG_OWNER='Fantasy Premier League' AIRFLOW_CTX_DAG_ID='FPL_raw_players' AIRFLOW_CTX_TASK_ID='upload_to_postgres' AIRFLOW_CTX_EXECUTION_DATE='2025-03-06T13:27:56.309323+00:00' AIRFLOW_CTX_TRY_NUMBER='1' AIRFLOW_CTX_DAG_RUN_ID='manual__2025-03-06T13:27:56.309323+00:00'
[2025-03-06T13:34:02.202+0000] {taskinstance.py:732} INFO - ::endgroup::
[2025-03-06T13:34:02.208+0000] {02_FPL_raw_players.py:128} INFO - ✅ Database connection established
[2025-03-06T13:34:19.909+0000] {02_FPL_raw_players.py:142} INFO - ✅ Data loaded into 'bronze.teams_info' successfully
[2025-03-06T13:34:19.910+0000] {python.py:240} INFO - Done. Returned value was: None
[2025-03-06T13:34:19.925+0000] {taskinstance.py:341} INFO - ::group::Post task execution logs
[2025-03-06T13:34:19.926+0000] {taskinstance.py:353} INFO - Marking task as SUCCESS. dag_id=FPL_raw_players, task_id=upload_to_postgres, run_id=manual__2025-03-06T13:27:56.309323+00:00, execution_date=20250306T132756, start_date=20250306T133401, end_date=20250306T133419
[2025-03-06T13:34:19.976+0000] {local_task_job_runner.py:266} INFO - Task exited with return code 0
[2025-03-06T13:34:19.996+0000] {taskinstance.py:3901} INFO - 0 downstream tasks scheduled from follow-on schedule check
[2025-03-06T13:34:20.000+0000] {local_task_job_runner.py:245} INFO - ::endgroup::
