[2025-03-11T11:55:25.527+0000] {local_task_job_runner.py:123} INFO - ::group::Pre task execution logs
[2025-03-11T11:55:25.673+0000] {taskinstance.py:2614} INFO - Dependencies all met for dep_context=non-requeueable deps ti=<TaskInstance: FPL_raw_games.upload_to_postgres scheduled__2025-03-10T00:05:00+00:00 [queued]>
[2025-03-11T11:55:25.717+0000] {taskinstance.py:2614} INFO - Dependencies all met for dep_context=requeueable deps ti=<TaskInstance: FPL_raw_games.upload_to_postgres scheduled__2025-03-10T00:05:00+00:00 [queued]>
[2025-03-11T11:55:25.720+0000] {taskinstance.py:2867} INFO - Starting attempt 1 of 3
[2025-03-11T11:55:25.795+0000] {taskinstance.py:2890} INFO - Executing <Task(_PythonDecoratedOperator): upload_to_postgres> on 2025-03-10 00:05:00+00:00
[2025-03-11T11:55:25.817+0000] {warnings.py:112} WARNING - /home/***/.local/lib/python3.12/site-packages/***/task/task_runner/standard_task_runner.py:70: DeprecationWarning: This process (pid=140) is multi-threaded, use of fork() may lead to deadlocks in the child.
  pid = os.fork()

[2025-03-11T11:55:25.833+0000] {standard_task_runner.py:72} INFO - Started process 152 to run task
[2025-03-11T11:55:25.866+0000] {standard_task_runner.py:104} INFO - Running: ['***', 'tasks', 'run', 'FPL_raw_games', 'upload_to_postgres', 'scheduled__2025-03-10T00:05:00+00:00', '--job-id', '133', '--raw', '--subdir', 'DAGS_FOLDER/01_Bronze/03_FPL_raw_game_week.py', '--cfg-path', '/tmp/tmpmj0blc2l']
[2025-03-11T11:55:25.888+0000] {standard_task_runner.py:105} INFO - Job 133: Subtask upload_to_postgres
[2025-03-11T11:55:26.103+0000] {task_command.py:467} INFO - Running <TaskInstance: FPL_raw_games.upload_to_postgres scheduled__2025-03-10T00:05:00+00:00 [running]> on host fadf592d593e
[2025-03-11T11:55:28.138+0000] {taskinstance.py:3134} INFO - Exporting env vars: AIRFLOW_CTX_DAG_EMAIL='bobotieno99@gmail.com' AIRFLOW_CTX_DAG_OWNER='Fantasy Premier League' AIRFLOW_CTX_DAG_ID='FPL_raw_games' AIRFLOW_CTX_TASK_ID='upload_to_postgres' AIRFLOW_CTX_EXECUTION_DATE='2025-03-10T00:05:00+00:00' AIRFLOW_CTX_TRY_NUMBER='1' AIRFLOW_CTX_DAG_RUN_ID='scheduled__2025-03-10T00:05:00+00:00'
[2025-03-11T11:55:28.141+0000] {taskinstance.py:732} INFO - ::endgroup::
[2025-03-11T11:55:28.150+0000] {03_FPL_raw_game_week.py:106} INFO - ✅ Database connection established
[2025-03-11T11:55:36.820+0000] {03_FPL_raw_game_week.py:120} INFO - ✅ Data loaded into 'bronze.games_info' successfully
[2025-03-11T11:55:36.829+0000] {python.py:240} INFO - Done. Returned value was: None
[2025-03-11T11:55:36.928+0000] {taskinstance.py:341} INFO - ::group::Post task execution logs
[2025-03-11T11:55:36.940+0000] {taskinstance.py:353} INFO - Marking task as SUCCESS. dag_id=FPL_raw_games, task_id=upload_to_postgres, run_id=scheduled__2025-03-10T00:05:00+00:00, execution_date=20250310T000500, start_date=20250311T115525, end_date=20250311T115536
[2025-03-11T11:55:37.306+0000] {local_task_job_runner.py:266} INFO - Task exited with return code 0
[2025-03-11T11:55:37.500+0000] {local_task_job_runner.py:245} INFO - ::endgroup::
