[2025-03-04T08:23:25.851+0000] {local_task_job_runner.py:123} INFO - ::group::Pre task execution logs
[2025-03-04T08:23:25.924+0000] {taskinstance.py:2614} INFO - Dependencies all met for dep_context=non-requeueable deps ti=<TaskInstance: FPL_raw_teams.upload_to_postgres scheduled__2025-03-04T07:00:00+00:00 [queued]>
[2025-03-04T08:23:25.956+0000] {taskinstance.py:2614} INFO - Dependencies all met for dep_context=requeueable deps ti=<TaskInstance: FPL_raw_teams.upload_to_postgres scheduled__2025-03-04T07:00:00+00:00 [queued]>
[2025-03-04T08:23:25.958+0000] {taskinstance.py:2867} INFO - Starting attempt 1 of 3
[2025-03-04T08:23:25.999+0000] {taskinstance.py:2890} INFO - Executing <Task(_PythonDecoratedOperator): upload_to_postgres> on 2025-03-04 07:00:00+00:00
[2025-03-04T08:23:26.017+0000] {warnings.py:112} WARNING - /home/***/.local/lib/python3.12/site-packages/***/task/task_runner/standard_task_runner.py:70: DeprecationWarning: This process (pid=154) is multi-threaded, use of fork() may lead to deadlocks in the child.
  pid = os.fork()

[2025-03-04T08:23:26.031+0000] {standard_task_runner.py:72} INFO - Started process 160 to run task
[2025-03-04T08:23:26.028+0000] {standard_task_runner.py:104} INFO - Running: ['***', 'tasks', 'run', 'FPL_raw_teams', 'upload_to_postgres', 'scheduled__2025-03-04T07:00:00+00:00', '--job-id', '10', '--raw', '--subdir', 'DAGS_FOLDER/01_Bronze/01_FPL_raw_teams.py', '--cfg-path', '/tmp/tmp8ibidqe8']
[2025-03-04T08:23:26.047+0000] {standard_task_runner.py:105} INFO - Job 10: Subtask upload_to_postgres
[2025-03-04T08:23:26.220+0000] {task_command.py:467} INFO - Running <TaskInstance: FPL_raw_teams.upload_to_postgres scheduled__2025-03-04T07:00:00+00:00 [running]> on host fef6cda9c40a
[2025-03-04T08:23:27.133+0000] {taskinstance.py:3134} INFO - Exporting env vars: AIRFLOW_CTX_DAG_EMAIL='bobotieno99@gmail.com' AIRFLOW_CTX_DAG_OWNER='Fantasy Premier League' AIRFLOW_CTX_DAG_ID='FPL_raw_teams' AIRFLOW_CTX_TASK_ID='upload_to_postgres' AIRFLOW_CTX_EXECUTION_DATE='2025-03-04T07:00:00+00:00' AIRFLOW_CTX_TRY_NUMBER='1' AIRFLOW_CTX_DAG_RUN_ID='scheduled__2025-03-04T07:00:00+00:00'
[2025-03-04T08:23:27.139+0000] {taskinstance.py:732} INFO - ::endgroup::
[2025-03-04T08:23:27.146+0000] {01_FPL_raw_teams.py:84} INFO - ✅ Database connection established
[2025-03-04T08:23:32.839+0000] {01_FPL_raw_teams.py:98} INFO - ✅ Data loaded into 'bronze.teams_info' successfully
[2025-03-04T08:23:32.842+0000] {python.py:240} INFO - Done. Returned value was: None
[2025-03-04T08:23:32.920+0000] {taskinstance.py:341} INFO - ::group::Post task execution logs
[2025-03-04T08:23:32.924+0000] {taskinstance.py:353} INFO - Marking task as SUCCESS. dag_id=FPL_raw_teams, task_id=upload_to_postgres, run_id=scheduled__2025-03-04T07:00:00+00:00, execution_date=20250304T070000, start_date=20250304T082325, end_date=20250304T082332
[2025-03-04T08:23:33.079+0000] {local_task_job_runner.py:266} INFO - Task exited with return code 0
[2025-03-04T08:23:33.120+0000] {taskinstance.py:3901} INFO - 0 downstream tasks scheduled from follow-on schedule check
[2025-03-04T08:23:33.125+0000] {local_task_job_runner.py:245} INFO - ::endgroup::
