[2025-03-08T04:42:06.808+0000] {local_task_job_runner.py:123} INFO - ::group::Pre task execution logs
[2025-03-08T04:42:07.019+0000] {taskinstance.py:2614} INFO - Dependencies all met for dep_context=non-requeueable deps ti=<TaskInstance: FPL_raw_games.upload_to_postgres scheduled__2025-03-07T00:05:00+00:00 [queued]>
[2025-03-08T04:42:07.068+0000] {taskinstance.py:2614} INFO - Dependencies all met for dep_context=requeueable deps ti=<TaskInstance: FPL_raw_games.upload_to_postgres scheduled__2025-03-07T00:05:00+00:00 [queued]>
[2025-03-08T04:42:07.070+0000] {taskinstance.py:2867} INFO - Starting attempt 1 of 3
[2025-03-08T04:42:07.141+0000] {taskinstance.py:2890} INFO - Executing <Task(_PythonDecoratedOperator): upload_to_postgres> on 2025-03-07 00:05:00+00:00
[2025-03-08T04:42:07.176+0000] {warnings.py:112} WARNING - /home/***/.local/lib/python3.12/site-packages/***/task/task_runner/standard_task_runner.py:70: DeprecationWarning: This process (pid=9157) is multi-threaded, use of fork() may lead to deadlocks in the child.
  pid = os.fork()

[2025-03-08T04:42:07.200+0000] {standard_task_runner.py:104} INFO - Running: ['***', 'tasks', 'run', 'FPL_raw_games', 'upload_to_postgres', 'scheduled__2025-03-07T00:05:00+00:00', '--job-id', '69', '--raw', '--subdir', 'DAGS_FOLDER/01_Bronze/03_FPL_raw_game_week.py', '--cfg-path', '/tmp/tmp49100mgo']
[2025-03-08T04:42:07.220+0000] {standard_task_runner.py:72} INFO - Started process 9159 to run task
[2025-03-08T04:42:07.224+0000] {standard_task_runner.py:105} INFO - Job 69: Subtask upload_to_postgres
[2025-03-08T04:42:07.430+0000] {task_command.py:467} INFO - Running <TaskInstance: FPL_raw_games.upload_to_postgres scheduled__2025-03-07T00:05:00+00:00 [running]> on host 6fac9c74855d
[2025-03-08T04:42:09.619+0000] {taskinstance.py:3134} INFO - Exporting env vars: AIRFLOW_CTX_DAG_EMAIL='bobotieno99@gmail.com' AIRFLOW_CTX_DAG_OWNER='Fantasy Premier League' AIRFLOW_CTX_DAG_ID='FPL_raw_games' AIRFLOW_CTX_TASK_ID='upload_to_postgres' AIRFLOW_CTX_EXECUTION_DATE='2025-03-07T00:05:00+00:00' AIRFLOW_CTX_TRY_NUMBER='1' AIRFLOW_CTX_DAG_RUN_ID='scheduled__2025-03-07T00:05:00+00:00'
[2025-03-08T04:42:09.624+0000] {taskinstance.py:732} INFO - ::endgroup::
[2025-03-08T04:42:09.632+0000] {03_FPL_raw_game_week.py:106} INFO - ✅ Database connection established
[2025-03-08T04:42:18.866+0000] {03_FPL_raw_game_week.py:120} INFO - ✅ Data loaded into 'bronze.games_info' successfully
[2025-03-08T04:42:18.867+0000] {python.py:240} INFO - Done. Returned value was: None
[2025-03-08T04:42:18.891+0000] {taskinstance.py:341} INFO - ::group::Post task execution logs
[2025-03-08T04:42:18.893+0000] {taskinstance.py:353} INFO - Marking task as SUCCESS. dag_id=FPL_raw_games, task_id=upload_to_postgres, run_id=scheduled__2025-03-07T00:05:00+00:00, execution_date=20250307T000500, start_date=20250308T044207, end_date=20250308T044218
[2025-03-08T04:42:19.010+0000] {local_task_job_runner.py:266} INFO - Task exited with return code 0
[2025-03-08T04:42:19.054+0000] {taskinstance.py:3901} INFO - 0 downstream tasks scheduled from follow-on schedule check
[2025-03-08T04:42:19.058+0000] {local_task_job_runner.py:245} INFO - ::endgroup::
