[2025-03-07T01:27:17.725+0000] {local_task_job_runner.py:123} INFO - ::group::Pre task execution logs
[2025-03-07T01:27:17.764+0000] {taskinstance.py:2614} INFO - Dependencies all met for dep_context=non-requeueable deps ti=<TaskInstance: FPL_raw_games.upload_to_postgres scheduled__2025-03-06T00:00:00+00:00 [queued]>
[2025-03-07T01:27:17.791+0000] {taskinstance.py:2614} INFO - Dependencies all met for dep_context=requeueable deps ti=<TaskInstance: FPL_raw_games.upload_to_postgres scheduled__2025-03-06T00:00:00+00:00 [queued]>
[2025-03-07T01:27:17.836+0000] {taskinstance.py:2867} INFO - Starting attempt 1 of 3
[2025-03-07T01:27:17.978+0000] {taskinstance.py:2890} INFO - Executing <Task(_PythonDecoratedOperator): upload_to_postgres> on 2025-03-06 00:00:00+00:00
[2025-03-07T01:27:17.991+0000] {warnings.py:112} WARNING - /home/***/.local/lib/python3.12/site-packages/***/task/task_runner/standard_task_runner.py:70: DeprecationWarning: This process (pid=4694) is multi-threaded, use of fork() may lead to deadlocks in the child.
  pid = os.fork()

[2025-03-07T01:27:17.995+0000] {standard_task_runner.py:72} INFO - Started process 4705 to run task
[2025-03-07T01:27:17.995+0000] {standard_task_runner.py:104} INFO - Running: ['***', 'tasks', 'run', 'FPL_raw_games', 'upload_to_postgres', 'scheduled__2025-03-06T00:00:00+00:00', '--job-id', '132', '--raw', '--subdir', 'DAGS_FOLDER/01_Bronze/03_FPL_raw_game_week.py', '--cfg-path', '/tmp/tmpnsmkojm6']
[2025-03-07T01:27:18.000+0000] {standard_task_runner.py:105} INFO - Job 132: Subtask upload_to_postgres
[2025-03-07T01:27:18.100+0000] {task_command.py:467} INFO - Running <TaskInstance: FPL_raw_games.upload_to_postgres scheduled__2025-03-06T00:00:00+00:00 [running]> on host e417f252717a
[2025-03-07T01:27:22.533+0000] {taskinstance.py:3134} INFO - Exporting env vars: AIRFLOW_CTX_DAG_EMAIL='bobotieno99@gmail.com' AIRFLOW_CTX_DAG_OWNER='Fantasy Premier League' AIRFLOW_CTX_DAG_ID='FPL_raw_games' AIRFLOW_CTX_TASK_ID='upload_to_postgres' AIRFLOW_CTX_EXECUTION_DATE='2025-03-06T00:00:00+00:00' AIRFLOW_CTX_TRY_NUMBER='1' AIRFLOW_CTX_DAG_RUN_ID='scheduled__2025-03-06T00:00:00+00:00'
[2025-03-07T01:27:22.535+0000] {taskinstance.py:732} INFO - ::endgroup::
[2025-03-07T01:27:22.540+0000] {03_FPL_raw_game_week.py:106} INFO - ✅ Database connection established
[2025-03-07T01:27:31.573+0000] {03_FPL_raw_game_week.py:120} INFO - ✅ Data loaded into 'bronze.games_info' successfully
[2025-03-07T01:27:31.574+0000] {python.py:240} INFO - Done. Returned value was: None
[2025-03-07T01:27:31.588+0000] {taskinstance.py:341} INFO - ::group::Post task execution logs
[2025-03-07T01:27:31.589+0000] {taskinstance.py:353} INFO - Marking task as SUCCESS. dag_id=FPL_raw_games, task_id=upload_to_postgres, run_id=scheduled__2025-03-06T00:00:00+00:00, execution_date=20250306T000000, start_date=20250307T012717, end_date=20250307T012731
[2025-03-07T01:27:31.736+0000] {local_task_job_runner.py:266} INFO - Task exited with return code 0
[2025-03-07T01:27:31.767+0000] {taskinstance.py:3901} INFO - 0 downstream tasks scheduled from follow-on schedule check
[2025-03-07T01:27:31.815+0000] {local_task_job_runner.py:245} INFO - ::endgroup::
