[2025-03-11T11:57:16.520+0000] {local_task_job_runner.py:123} INFO - ::group::Pre task execution logs
[2025-03-11T11:57:16.596+0000] {taskinstance.py:2614} INFO - Dependencies all met for dep_context=non-requeueable deps ti=<TaskInstance: FPL_raw_stats.upload_to_postgres scheduled__2025-03-09T00:05:00+00:00 [queued]>
[2025-03-11T11:57:16.633+0000] {taskinstance.py:2614} INFO - Dependencies all met for dep_context=requeueable deps ti=<TaskInstance: FPL_raw_stats.upload_to_postgres scheduled__2025-03-09T00:05:00+00:00 [queued]>
[2025-03-11T11:57:16.638+0000] {taskinstance.py:2867} INFO - Starting attempt 1 of 3
[2025-03-11T11:57:16.671+0000] {taskinstance.py:2890} INFO - Executing <Task(_PythonDecoratedOperator): upload_to_postgres> on 2025-03-09 00:05:00+00:00
[2025-03-11T11:57:16.684+0000] {warnings.py:112} WARNING - /home/***/.local/lib/python3.12/site-packages/***/task/task_runner/standard_task_runner.py:70: DeprecationWarning: This process (pid=345) is multi-threaded, use of fork() may lead to deadlocks in the child.
  pid = os.fork()

[2025-03-11T11:57:16.687+0000] {standard_task_runner.py:72} INFO - Started process 347 to run task
[2025-03-11T11:57:16.689+0000] {standard_task_runner.py:104} INFO - Running: ['***', 'tasks', 'run', 'FPL_raw_stats', 'upload_to_postgres', 'scheduled__2025-03-09T00:05:00+00:00', '--job-id', '152', '--raw', '--subdir', 'DAGS_FOLDER/01_Bronze/04_FPL_raw_stats.py', '--cfg-path', '/tmp/tmp0avf8jcq']
[2025-03-11T11:57:16.695+0000] {standard_task_runner.py:105} INFO - Job 152: Subtask upload_to_postgres
[2025-03-11T11:57:16.888+0000] {task_command.py:467} INFO - Running <TaskInstance: FPL_raw_stats.upload_to_postgres scheduled__2025-03-09T00:05:00+00:00 [running]> on host fadf592d593e
[2025-03-11T11:57:17.696+0000] {taskinstance.py:3134} INFO - Exporting env vars: AIRFLOW_CTX_DAG_EMAIL='bobotieno99@gmail.com' AIRFLOW_CTX_DAG_OWNER='Fantasy Premier League' AIRFLOW_CTX_DAG_ID='FPL_raw_stats' AIRFLOW_CTX_TASK_ID='upload_to_postgres' AIRFLOW_CTX_EXECUTION_DATE='2025-03-09T00:05:00+00:00' AIRFLOW_CTX_TRY_NUMBER='1' AIRFLOW_CTX_DAG_RUN_ID='scheduled__2025-03-09T00:05:00+00:00'
[2025-03-11T11:57:17.699+0000] {taskinstance.py:732} INFO - ::endgroup::
[2025-03-11T11:57:17.706+0000] {04_FPL_raw_stats.py:114} INFO - ✅ Database connection established
[2025-03-11T11:57:26.805+0000] {04_FPL_raw_stats.py:124} INFO - ✅ Data loaded into 'bronze.player_stats' successfully
[2025-03-11T11:57:26.809+0000] {python.py:240} INFO - Done. Returned value was: None
[2025-03-11T11:57:26.836+0000] {taskinstance.py:341} INFO - ::group::Post task execution logs
[2025-03-11T11:57:26.837+0000] {taskinstance.py:353} INFO - Marking task as SUCCESS. dag_id=FPL_raw_stats, task_id=upload_to_postgres, run_id=scheduled__2025-03-09T00:05:00+00:00, execution_date=20250309T000500, start_date=20250311T115716, end_date=20250311T115726
[2025-03-11T11:57:26.920+0000] {local_task_job_runner.py:266} INFO - Task exited with return code 0
[2025-03-11T11:57:26.946+0000] {taskinstance.py:3901} INFO - 0 downstream tasks scheduled from follow-on schedule check
[2025-03-11T11:57:26.950+0000] {local_task_job_runner.py:245} INFO - ::endgroup::
