[2025-03-07T08:59:05.350+0000] {local_task_job_runner.py:123} INFO - ::group::Pre task execution logs
[2025-03-07T08:59:05.588+0000] {taskinstance.py:2614} INFO - Dependencies all met for dep_context=non-requeueable deps ti=<TaskInstance: FPL_raw_players.create_data_frame scheduled__2025-03-06T00:05:00+00:00 [queued]>
[2025-03-07T08:59:05.742+0000] {taskinstance.py:2614} INFO - Dependencies all met for dep_context=requeueable deps ti=<TaskInstance: FPL_raw_players.create_data_frame scheduled__2025-03-06T00:05:00+00:00 [queued]>
[2025-03-07T08:59:05.752+0000] {taskinstance.py:2867} INFO - Starting attempt 1 of 3
[2025-03-07T08:59:06.064+0000] {taskinstance.py:2890} INFO - Executing <Task(_PythonDecoratedOperator): create_data_frame> on 2025-03-06 00:05:00+00:00
[2025-03-07T08:59:06.187+0000] {warnings.py:112} WARNING - /home/***/.local/lib/python3.12/site-packages/***/task/task_runner/standard_task_runner.py:70: DeprecationWarning: This process (pid=139) is multi-threaded, use of fork() may lead to deadlocks in the child.
  pid = os.fork()

[2025-03-07T08:59:06.233+0000] {standard_task_runner.py:72} INFO - Started process 150 to run task
[2025-03-07T08:59:06.258+0000] {standard_task_runner.py:104} INFO - Running: ['***', 'tasks', 'run', 'FPL_raw_players', 'create_data_frame', 'scheduled__2025-03-06T00:05:00+00:00', '--job-id', '146', '--raw', '--subdir', 'DAGS_FOLDER/01_Bronze/02_FPL_raw_players.py', '--cfg-path', '/tmp/tmp4u6uyy48']
[2025-03-07T08:59:06.283+0000] {standard_task_runner.py:105} INFO - Job 146: Subtask create_data_frame
[2025-03-07T08:59:06.895+0000] {task_command.py:467} INFO - Running <TaskInstance: FPL_raw_players.create_data_frame scheduled__2025-03-06T00:05:00+00:00 [running]> on host 0f0b0357cf30
[2025-03-07T08:59:09.337+0000] {taskinstance.py:3134} INFO - Exporting env vars: AIRFLOW_CTX_DAG_EMAIL='bobotieno99@gmail.com' AIRFLOW_CTX_DAG_OWNER='Fantasy Premier League' AIRFLOW_CTX_DAG_ID='FPL_raw_players' AIRFLOW_CTX_TASK_ID='create_data_frame' AIRFLOW_CTX_EXECUTION_DATE='2025-03-06T00:05:00+00:00' AIRFLOW_CTX_TRY_NUMBER='1' AIRFLOW_CTX_DAG_RUN_ID='scheduled__2025-03-06T00:05:00+00:00'
[2025-03-07T08:59:09.373+0000] {taskinstance.py:732} INFO - ::endgroup::
[2025-03-07T08:59:09.472+0000] {02_FPL_raw_players.py:91} INFO - ✅ DataFrame created with 785 records.
[2025-03-07T08:59:09.485+0000] {python.py:240} INFO - Done. Returned value was:      player_id    first_name  ...           min_kickoff           max_kickoff
0            1         Fábio  ...  2024-08-16T17:30:00Z  2025-05-25T13:30:00Z
1            2       Gabriel  ...  2024-08-16T17:30:00Z  2025-05-25T13:30:00Z
2            3       Gabriel  ...  2024-08-16T17:30:00Z  2025-05-25T13:30:00Z
3            4           Kai  ...  2024-08-16T17:30:00Z  2025-05-25T13:30:00Z
4            5          Karl  ...  2024-08-16T17:30:00Z  2025-05-25T13:30:00Z
..         ...           ...  ...                   ...                   ...
780        720      Emmanuel  ...  2024-08-16T17:30:00Z  2025-05-25T13:30:00Z
781        751  Vítor Manuel  ...  2024-08-16T17:30:00Z  2025-05-25T13:30:00Z
782        769        Nasser  ...  2024-08-16T17:30:00Z  2025-05-25T13:30:00Z
783        770      Marshall  ...  2024-08-16T17:30:00Z  2025-05-25T13:30:00Z
784        784        Mateus  ...  2024-08-16T17:30:00Z  2025-05-25T13:30:00Z

[785 rows x 12 columns]
[2025-03-07T08:59:10.876+0000] {taskinstance.py:341} INFO - ::group::Post task execution logs
[2025-03-07T08:59:10.897+0000] {taskinstance.py:353} INFO - Marking task as SUCCESS. dag_id=FPL_raw_players, task_id=create_data_frame, run_id=scheduled__2025-03-06T00:05:00+00:00, execution_date=20250306T000500, start_date=20250307T085905, end_date=20250307T085910
[2025-03-07T08:59:11.579+0000] {local_task_job_runner.py:266} INFO - Task exited with return code 0
[2025-03-07T08:59:11.814+0000] {taskinstance.py:3901} INFO - 1 downstream tasks scheduled from follow-on schedule check
[2025-03-07T08:59:11.858+0000] {local_task_job_runner.py:245} INFO - ::endgroup::
[2025-03-07T09:18:21.922+0000] {local_task_job_runner.py:123} INFO - ::group::Pre task execution logs
[2025-03-07T09:18:21.997+0000] {taskinstance.py:2614} INFO - Dependencies all met for dep_context=non-requeueable deps ti=<TaskInstance: FPL_raw_players.create_data_frame scheduled__2025-03-06T00:05:00+00:00 [queued]>
[2025-03-07T09:18:22.023+0000] {taskinstance.py:2614} INFO - Dependencies all met for dep_context=requeueable deps ti=<TaskInstance: FPL_raw_players.create_data_frame scheduled__2025-03-06T00:05:00+00:00 [queued]>
[2025-03-07T09:18:22.025+0000] {taskinstance.py:2867} INFO - Starting attempt 1 of 3
[2025-03-07T09:18:22.061+0000] {taskinstance.py:2890} INFO - Executing <Task(_PythonDecoratedOperator): create_data_frame> on 2025-03-06 00:05:00+00:00
[2025-03-07T09:18:22.077+0000] {warnings.py:112} WARNING - /home/***/.local/lib/python3.12/site-packages/***/task/task_runner/standard_task_runner.py:70: DeprecationWarning: This process (pid=105) is multi-threaded, use of fork() may lead to deadlocks in the child.
  pid = os.fork()

[2025-03-07T09:18:22.085+0000] {standard_task_runner.py:72} INFO - Started process 121 to run task
[2025-03-07T09:18:22.083+0000] {standard_task_runner.py:104} INFO - Running: ['***', 'tasks', 'run', 'FPL_raw_players', 'create_data_frame', 'scheduled__2025-03-06T00:05:00+00:00', '--job-id', '44', '--raw', '--subdir', 'DAGS_FOLDER/01_Bronze/02_FPL_raw_players.py', '--cfg-path', '/tmp/tmpkpxf0c1c']
[2025-03-07T09:18:22.090+0000] {standard_task_runner.py:105} INFO - Job 44: Subtask create_data_frame
[2025-03-07T09:18:22.205+0000] {task_command.py:467} INFO - Running <TaskInstance: FPL_raw_players.create_data_frame scheduled__2025-03-06T00:05:00+00:00 [running]> on host de0598ea6583
[2025-03-07T09:18:22.916+0000] {taskinstance.py:3134} INFO - Exporting env vars: AIRFLOW_CTX_DAG_EMAIL='bobotieno99@gmail.com' AIRFLOW_CTX_DAG_OWNER='Fantasy Premier League' AIRFLOW_CTX_DAG_ID='FPL_raw_players' AIRFLOW_CTX_TASK_ID='create_data_frame' AIRFLOW_CTX_EXECUTION_DATE='2025-03-06T00:05:00+00:00' AIRFLOW_CTX_TRY_NUMBER='1' AIRFLOW_CTX_DAG_RUN_ID='scheduled__2025-03-06T00:05:00+00:00'
[2025-03-07T09:18:22.919+0000] {taskinstance.py:732} INFO - ::endgroup::
[2025-03-07T09:18:22.937+0000] {02_FPL_raw_players.py:91} INFO - ✅ DataFrame created with 785 records.
[2025-03-07T09:18:22.938+0000] {python.py:240} INFO - Done. Returned value was:      player_id    first_name  ...           min_kickoff           max_kickoff
0            1         Fábio  ...  2024-08-16T17:30:00Z  2025-05-25T13:30:00Z
1            2       Gabriel  ...  2024-08-16T17:30:00Z  2025-05-25T13:30:00Z
2            3       Gabriel  ...  2024-08-16T17:30:00Z  2025-05-25T13:30:00Z
3            4           Kai  ...  2024-08-16T17:30:00Z  2025-05-25T13:30:00Z
4            5          Karl  ...  2024-08-16T17:30:00Z  2025-05-25T13:30:00Z
..         ...           ...  ...                   ...                   ...
780        720      Emmanuel  ...  2024-08-16T17:30:00Z  2025-05-25T13:30:00Z
781        751  Vítor Manuel  ...  2024-08-16T17:30:00Z  2025-05-25T13:30:00Z
782        769        Nasser  ...  2024-08-16T17:30:00Z  2025-05-25T13:30:00Z
783        770      Marshall  ...  2024-08-16T17:30:00Z  2025-05-25T13:30:00Z
784        784        Mateus  ...  2024-08-16T17:30:00Z  2025-05-25T13:30:00Z

[785 rows x 12 columns]
[2025-03-07T09:18:23.064+0000] {taskinstance.py:341} INFO - ::group::Post task execution logs
[2025-03-07T09:18:23.065+0000] {taskinstance.py:353} INFO - Marking task as SUCCESS. dag_id=FPL_raw_players, task_id=create_data_frame, run_id=scheduled__2025-03-06T00:05:00+00:00, execution_date=20250306T000500, start_date=20250307T091821, end_date=20250307T091823
[2025-03-07T09:18:23.146+0000] {local_task_job_runner.py:266} INFO - Task exited with return code 0
[2025-03-07T09:18:23.204+0000] {taskinstance.py:3901} INFO - 1 downstream tasks scheduled from follow-on schedule check
[2025-03-07T09:18:23.208+0000] {local_task_job_runner.py:245} INFO - ::endgroup::
[2025-03-07T09:49:47.815+0000] {local_task_job_runner.py:123} INFO - ::group::Pre task execution logs
[2025-03-07T09:49:48.125+0000] {taskinstance.py:2614} INFO - Dependencies all met for dep_context=non-requeueable deps ti=<TaskInstance: FPL_raw_players.create_data_frame scheduled__2025-03-06T00:05:00+00:00 [queued]>
[2025-03-07T09:49:48.159+0000] {taskinstance.py:2614} INFO - Dependencies all met for dep_context=requeueable deps ti=<TaskInstance: FPL_raw_players.create_data_frame scheduled__2025-03-06T00:05:00+00:00 [queued]>
[2025-03-07T09:49:48.162+0000] {taskinstance.py:2867} INFO - Starting attempt 1 of 3
[2025-03-07T09:49:48.200+0000] {taskinstance.py:2890} INFO - Executing <Task(_PythonDecoratedOperator): create_data_frame> on 2025-03-06 00:05:00+00:00
[2025-03-07T09:49:48.213+0000] {warnings.py:112} WARNING - /home/***/.local/lib/python3.12/site-packages/***/task/task_runner/standard_task_runner.py:70: DeprecationWarning: This process (pid=362) is multi-threaded, use of fork() may lead to deadlocks in the child.
  pid = os.fork()

[2025-03-07T09:49:48.218+0000] {standard_task_runner.py:72} INFO - Started process 370 to run task
[2025-03-07T09:49:48.219+0000] {standard_task_runner.py:104} INFO - Running: ['***', 'tasks', 'run', 'FPL_raw_players', 'create_data_frame', 'scheduled__2025-03-06T00:05:00+00:00', '--job-id', '7', '--raw', '--subdir', 'DAGS_FOLDER/01_Bronze/02_FPL_raw_players.py', '--cfg-path', '/tmp/tmptxkztn9l']
[2025-03-07T09:49:48.234+0000] {standard_task_runner.py:105} INFO - Job 7: Subtask create_data_frame
[2025-03-07T09:49:48.366+0000] {task_command.py:467} INFO - Running <TaskInstance: FPL_raw_players.create_data_frame scheduled__2025-03-06T00:05:00+00:00 [running]> on host 6fac9c74855d
[2025-03-07T09:49:49.142+0000] {taskinstance.py:3134} INFO - Exporting env vars: AIRFLOW_CTX_DAG_EMAIL='bobotieno99@gmail.com' AIRFLOW_CTX_DAG_OWNER='Fantasy Premier League' AIRFLOW_CTX_DAG_ID='FPL_raw_players' AIRFLOW_CTX_TASK_ID='create_data_frame' AIRFLOW_CTX_EXECUTION_DATE='2025-03-06T00:05:00+00:00' AIRFLOW_CTX_TRY_NUMBER='1' AIRFLOW_CTX_DAG_RUN_ID='scheduled__2025-03-06T00:05:00+00:00'
[2025-03-07T09:49:49.147+0000] {taskinstance.py:732} INFO - ::endgroup::
[2025-03-07T09:49:49.185+0000] {02_FPL_raw_players.py:91} INFO - ✅ DataFrame created with 785 records.
[2025-03-07T09:49:49.186+0000] {python.py:240} INFO - Done. Returned value was:      player_id    first_name  ...           min_kickoff           max_kickoff
0            1         Fábio  ...  2024-08-16T17:30:00Z  2025-05-25T13:30:00Z
1            2       Gabriel  ...  2024-08-16T17:30:00Z  2025-05-25T13:30:00Z
2            3       Gabriel  ...  2024-08-16T17:30:00Z  2025-05-25T13:30:00Z
3            4           Kai  ...  2024-08-16T17:30:00Z  2025-05-25T13:30:00Z
4            5          Karl  ...  2024-08-16T17:30:00Z  2025-05-25T13:30:00Z
..         ...           ...  ...                   ...                   ...
780        720      Emmanuel  ...  2024-08-16T17:30:00Z  2025-05-25T13:30:00Z
781        751  Vítor Manuel  ...  2024-08-16T17:30:00Z  2025-05-25T13:30:00Z
782        769        Nasser  ...  2024-08-16T17:30:00Z  2025-05-25T13:30:00Z
783        770      Marshall  ...  2024-08-16T17:30:00Z  2025-05-25T13:30:00Z
784        784        Mateus  ...  2024-08-16T17:30:00Z  2025-05-25T13:30:00Z

[785 rows x 12 columns]
[2025-03-07T09:49:49.509+0000] {taskinstance.py:341} INFO - ::group::Post task execution logs
[2025-03-07T09:49:49.515+0000] {taskinstance.py:353} INFO - Marking task as SUCCESS. dag_id=FPL_raw_players, task_id=create_data_frame, run_id=scheduled__2025-03-06T00:05:00+00:00, execution_date=20250306T000500, start_date=20250307T094948, end_date=20250307T094949
[2025-03-07T09:49:49.628+0000] {local_task_job_runner.py:266} INFO - Task exited with return code 0
[2025-03-07T09:49:49.685+0000] {taskinstance.py:3901} INFO - 1 downstream tasks scheduled from follow-on schedule check
[2025-03-07T09:49:49.693+0000] {local_task_job_runner.py:245} INFO - ::endgroup::
