[2025-03-07T08:59:15.890+0000] {local_task_job_runner.py:123} INFO - ::group::Pre task execution logs
[2025-03-07T08:59:16.129+0000] {taskinstance.py:2614} INFO - Dependencies all met for dep_context=non-requeueable deps ti=<TaskInstance: FPL_raw_stats.upload_to_postgres scheduled__2025-03-06T00:05:00+00:00 [queued]>
[2025-03-07T08:59:16.212+0000] {taskinstance.py:2614} INFO - Dependencies all met for dep_context=requeueable deps ti=<TaskInstance: FPL_raw_stats.upload_to_postgres scheduled__2025-03-06T00:05:00+00:00 [queued]>
[2025-03-07T08:59:16.216+0000] {taskinstance.py:2867} INFO - Starting attempt 1 of 3
[2025-03-07T08:59:16.290+0000] {taskinstance.py:2890} INFO - Executing <Task(_PythonDecoratedOperator): upload_to_postgres> on 2025-03-06 00:05:00+00:00
[2025-03-07T08:59:16.345+0000] {standard_task_runner.py:104} INFO - Running: ['***', 'tasks', 'run', 'FPL_raw_stats', 'upload_to_postgres', 'scheduled__2025-03-06T00:05:00+00:00', '--job-id', '148', '--raw', '--subdir', 'DAGS_FOLDER/01_Bronze/04_FPL_raw_stats.py', '--cfg-path', '/tmp/tmpcx5atlqw']
[2025-03-07T08:59:16.388+0000] {standard_task_runner.py:105} INFO - Job 148: Subtask upload_to_postgres
[2025-03-07T08:59:16.323+0000] {warnings.py:112} WARNING - /home/***/.local/lib/python3.12/site-packages/***/task/task_runner/standard_task_runner.py:70: DeprecationWarning: This process (pid=148) is multi-threaded, use of fork() may lead to deadlocks in the child.
  pid = os.fork()

[2025-03-07T08:59:16.405+0000] {standard_task_runner.py:72} INFO - Started process 158 to run task
[2025-03-07T08:59:16.721+0000] {task_command.py:467} INFO - Running <TaskInstance: FPL_raw_stats.upload_to_postgres scheduled__2025-03-06T00:05:00+00:00 [running]> on host 0f0b0357cf30
[2025-03-07T08:59:17.818+0000] {taskinstance.py:3134} INFO - Exporting env vars: AIRFLOW_CTX_DAG_EMAIL='bobotieno99@gmail.com' AIRFLOW_CTX_DAG_OWNER='Fantasy Premier League' AIRFLOW_CTX_DAG_ID='FPL_raw_stats' AIRFLOW_CTX_TASK_ID='upload_to_postgres' AIRFLOW_CTX_EXECUTION_DATE='2025-03-06T00:05:00+00:00' AIRFLOW_CTX_TRY_NUMBER='1' AIRFLOW_CTX_DAG_RUN_ID='scheduled__2025-03-06T00:05:00+00:00'
[2025-03-07T08:59:17.826+0000] {taskinstance.py:732} INFO - ::endgroup::
[2025-03-07T08:59:17.837+0000] {04_FPL_raw_stats.py:114} INFO - ✅ Database connection established
[2025-03-07T08:59:30.209+0000] {04_FPL_raw_stats.py:124} INFO - ✅ Data loaded into 'bronze.player_stats' successfully
[2025-03-07T08:59:30.211+0000] {python.py:240} INFO - Done. Returned value was: None
[2025-03-07T08:59:30.232+0000] {taskinstance.py:341} INFO - ::group::Post task execution logs
[2025-03-07T08:59:30.233+0000] {taskinstance.py:353} INFO - Marking task as SUCCESS. dag_id=FPL_raw_stats, task_id=upload_to_postgres, run_id=scheduled__2025-03-06T00:05:00+00:00, execution_date=20250306T000500, start_date=20250307T085916, end_date=20250307T085930
[2025-03-07T08:59:30.344+0000] {local_task_job_runner.py:266} INFO - Task exited with return code 0
[2025-03-07T08:59:30.369+0000] {taskinstance.py:3901} INFO - 0 downstream tasks scheduled from follow-on schedule check
[2025-03-07T08:59:30.372+0000] {local_task_job_runner.py:245} INFO - ::endgroup::
[2025-03-07T09:18:26.703+0000] {local_task_job_runner.py:123} INFO - ::group::Pre task execution logs
[2025-03-07T09:18:26.769+0000] {taskinstance.py:2614} INFO - Dependencies all met for dep_context=non-requeueable deps ti=<TaskInstance: FPL_raw_stats.upload_to_postgres scheduled__2025-03-06T00:05:00+00:00 [queued]>
[2025-03-07T09:18:26.802+0000] {taskinstance.py:2614} INFO - Dependencies all met for dep_context=requeueable deps ti=<TaskInstance: FPL_raw_stats.upload_to_postgres scheduled__2025-03-06T00:05:00+00:00 [queued]>
[2025-03-07T09:18:26.804+0000] {taskinstance.py:2867} INFO - Starting attempt 1 of 3
[2025-03-07T09:18:26.835+0000] {taskinstance.py:2890} INFO - Executing <Task(_PythonDecoratedOperator): upload_to_postgres> on 2025-03-06 00:05:00+00:00
[2025-03-07T09:18:26.850+0000] {warnings.py:112} WARNING - /home/***/.local/lib/python3.12/site-packages/***/task/task_runner/standard_task_runner.py:70: DeprecationWarning: This process (pid=129) is multi-threaded, use of fork() may lead to deadlocks in the child.
  pid = os.fork()

[2025-03-07T09:18:26.853+0000] {standard_task_runner.py:104} INFO - Running: ['***', 'tasks', 'run', 'FPL_raw_stats', 'upload_to_postgres', 'scheduled__2025-03-06T00:05:00+00:00', '--job-id', '47', '--raw', '--subdir', 'DAGS_FOLDER/01_Bronze/04_FPL_raw_stats.py', '--cfg-path', '/tmp/tmpslsfw_pt']
[2025-03-07T09:18:26.860+0000] {standard_task_runner.py:72} INFO - Started process 141 to run task
[2025-03-07T09:18:26.861+0000] {standard_task_runner.py:105} INFO - Job 47: Subtask upload_to_postgres
[2025-03-07T09:18:27.046+0000] {task_command.py:467} INFO - Running <TaskInstance: FPL_raw_stats.upload_to_postgres scheduled__2025-03-06T00:05:00+00:00 [running]> on host de0598ea6583
[2025-03-07T09:18:28.412+0000] {taskinstance.py:3134} INFO - Exporting env vars: AIRFLOW_CTX_DAG_EMAIL='bobotieno99@gmail.com' AIRFLOW_CTX_DAG_OWNER='Fantasy Premier League' AIRFLOW_CTX_DAG_ID='FPL_raw_stats' AIRFLOW_CTX_TASK_ID='upload_to_postgres' AIRFLOW_CTX_EXECUTION_DATE='2025-03-06T00:05:00+00:00' AIRFLOW_CTX_TRY_NUMBER='1' AIRFLOW_CTX_DAG_RUN_ID='scheduled__2025-03-06T00:05:00+00:00'
[2025-03-07T09:18:28.414+0000] {taskinstance.py:732} INFO - ::endgroup::
[2025-03-07T09:18:28.423+0000] {04_FPL_raw_stats.py:114} INFO - ✅ Database connection established
[2025-03-07T09:18:41.127+0000] {04_FPL_raw_stats.py:124} INFO - ✅ Data loaded into 'bronze.player_stats' successfully
[2025-03-07T09:18:41.139+0000] {python.py:240} INFO - Done. Returned value was: None
[2025-03-07T09:18:41.176+0000] {taskinstance.py:341} INFO - ::group::Post task execution logs
[2025-03-07T09:18:41.181+0000] {taskinstance.py:353} INFO - Marking task as SUCCESS. dag_id=FPL_raw_stats, task_id=upload_to_postgres, run_id=scheduled__2025-03-06T00:05:00+00:00, execution_date=20250306T000500, start_date=20250307T091826, end_date=20250307T091841
[2025-03-07T09:18:41.418+0000] {local_task_job_runner.py:266} INFO - Task exited with return code 0
[2025-03-07T09:18:41.463+0000] {taskinstance.py:3901} INFO - 0 downstream tasks scheduled from follow-on schedule check
[2025-03-07T09:18:41.477+0000] {local_task_job_runner.py:245} INFO - ::endgroup::
[2025-03-07T09:49:54.094+0000] {local_task_job_runner.py:123} INFO - ::group::Pre task execution logs
[2025-03-07T09:49:54.139+0000] {taskinstance.py:2614} INFO - Dependencies all met for dep_context=non-requeueable deps ti=<TaskInstance: FPL_raw_stats.upload_to_postgres scheduled__2025-03-06T00:05:00+00:00 [queued]>
[2025-03-07T09:49:54.164+0000] {taskinstance.py:2614} INFO - Dependencies all met for dep_context=requeueable deps ti=<TaskInstance: FPL_raw_stats.upload_to_postgres scheduled__2025-03-06T00:05:00+00:00 [queued]>
[2025-03-07T09:49:54.165+0000] {taskinstance.py:2867} INFO - Starting attempt 1 of 3
[2025-03-07T09:49:54.233+0000] {taskinstance.py:2890} INFO - Executing <Task(_PythonDecoratedOperator): upload_to_postgres> on 2025-03-06 00:05:00+00:00
[2025-03-07T09:49:54.248+0000] {warnings.py:112} WARNING - /home/***/.local/lib/python3.12/site-packages/***/task/task_runner/standard_task_runner.py:70: DeprecationWarning: This process (pid=382) is multi-threaded, use of fork() may lead to deadlocks in the child.
  pid = os.fork()

[2025-03-07T09:49:54.258+0000] {standard_task_runner.py:72} INFO - Started process 410 to run task
[2025-03-07T09:49:54.253+0000] {standard_task_runner.py:104} INFO - Running: ['***', 'tasks', 'run', 'FPL_raw_stats', 'upload_to_postgres', 'scheduled__2025-03-06T00:05:00+00:00', '--job-id', '13', '--raw', '--subdir', 'DAGS_FOLDER/01_Bronze/04_FPL_raw_stats.py', '--cfg-path', '/tmp/tmp6b9w2ks6']
[2025-03-07T09:49:54.260+0000] {standard_task_runner.py:105} INFO - Job 13: Subtask upload_to_postgres
[2025-03-07T09:49:54.372+0000] {task_command.py:467} INFO - Running <TaskInstance: FPL_raw_stats.upload_to_postgres scheduled__2025-03-06T00:05:00+00:00 [running]> on host 6fac9c74855d
[2025-03-07T09:49:54.714+0000] {taskinstance.py:3134} INFO - Exporting env vars: AIRFLOW_CTX_DAG_EMAIL='bobotieno99@gmail.com' AIRFLOW_CTX_DAG_OWNER='Fantasy Premier League' AIRFLOW_CTX_DAG_ID='FPL_raw_stats' AIRFLOW_CTX_TASK_ID='upload_to_postgres' AIRFLOW_CTX_EXECUTION_DATE='2025-03-06T00:05:00+00:00' AIRFLOW_CTX_TRY_NUMBER='1' AIRFLOW_CTX_DAG_RUN_ID='scheduled__2025-03-06T00:05:00+00:00'
[2025-03-07T09:49:54.717+0000] {taskinstance.py:732} INFO - ::endgroup::
[2025-03-07T09:49:54.722+0000] {04_FPL_raw_stats.py:114} INFO - ✅ Database connection established
[2025-03-07T09:50:03.773+0000] {04_FPL_raw_stats.py:124} INFO - ✅ Data loaded into 'bronze.player_stats' successfully
[2025-03-07T09:50:03.775+0000] {python.py:240} INFO - Done. Returned value was: None
[2025-03-07T09:50:03.788+0000] {taskinstance.py:341} INFO - ::group::Post task execution logs
[2025-03-07T09:50:03.789+0000] {taskinstance.py:353} INFO - Marking task as SUCCESS. dag_id=FPL_raw_stats, task_id=upload_to_postgres, run_id=scheduled__2025-03-06T00:05:00+00:00, execution_date=20250306T000500, start_date=20250307T094954, end_date=20250307T095003
[2025-03-07T09:50:03.868+0000] {local_task_job_runner.py:266} INFO - Task exited with return code 0
[2025-03-07T09:50:03.887+0000] {taskinstance.py:3901} INFO - 0 downstream tasks scheduled from follow-on schedule check
[2025-03-07T09:50:03.890+0000] {local_task_job_runner.py:245} INFO - ::endgroup::
