[2025-03-05T12:40:00.823+0000] {local_task_job_runner.py:123} INFO - ::group::Pre task execution logs
[2025-03-05T12:40:00.867+0000] {taskinstance.py:2614} INFO - Dependencies all met for dep_context=non-requeueable deps ti=<TaskInstance: FPL_raw_teams.create_data_frame manual__2025-03-05T12:39:39.711537+00:00 [queued]>
[2025-03-05T12:40:00.895+0000] {taskinstance.py:2614} INFO - Dependencies all met for dep_context=requeueable deps ti=<TaskInstance: FPL_raw_teams.create_data_frame manual__2025-03-05T12:39:39.711537+00:00 [queued]>
[2025-03-05T12:40:00.897+0000] {taskinstance.py:2867} INFO - Starting attempt 1 of 3
[2025-03-05T12:40:00.930+0000] {taskinstance.py:2890} INFO - Executing <Task(_PythonDecoratedOperator): create_data_frame> on 2025-03-05 12:39:39.711537+00:00
[2025-03-05T12:40:00.943+0000] {warnings.py:112} WARNING - /home/***/.local/lib/python3.12/site-packages/***/task/task_runner/standard_task_runner.py:70: DeprecationWarning: This process (pid=1624) is multi-threaded, use of fork() may lead to deadlocks in the child.
  pid = os.fork()

[2025-03-05T12:40:00.948+0000] {standard_task_runner.py:72} INFO - Started process 1626 to run task
[2025-03-05T12:40:00.948+0000] {standard_task_runner.py:104} INFO - Running: ['***', 'tasks', 'run', 'FPL_raw_teams', 'create_data_frame', 'manual__2025-03-05T12:39:39.711537+00:00', '--job-id', '73', '--raw', '--subdir', 'DAGS_FOLDER/01_Bronze/01_FPL_raw_teams.py', '--cfg-path', '/tmp/tmpqjgckgmk']
[2025-03-05T12:40:00.954+0000] {standard_task_runner.py:105} INFO - Job 73: Subtask create_data_frame
[2025-03-05T12:40:01.074+0000] {task_command.py:467} INFO - Running <TaskInstance: FPL_raw_teams.create_data_frame manual__2025-03-05T12:39:39.711537+00:00 [running]> on host 110ae05502d1
[2025-03-05T12:40:02.330+0000] {taskinstance.py:3134} INFO - Exporting env vars: AIRFLOW_CTX_DAG_EMAIL='bobotieno99@gmail.com' AIRFLOW_CTX_DAG_OWNER='Fantasy Premier League' AIRFLOW_CTX_DAG_ID='FPL_raw_teams' AIRFLOW_CTX_TASK_ID='create_data_frame' AIRFLOW_CTX_EXECUTION_DATE='2025-03-05T12:39:39.711537+00:00' AIRFLOW_CTX_TRY_NUMBER='1' AIRFLOW_CTX_DAG_RUN_ID='manual__2025-03-05T12:39:39.711537+00:00'
[2025-03-05T12:40:02.332+0000] {taskinstance.py:732} INFO - ::endgroup::
[2025-03-05T12:40:02.354+0000] {01_FPL_raw_teams.py:88} INFO - ✅ DataFrame created with 20 records.
[2025-03-05T12:40:02.356+0000] {python.py:240} INFO - Done. Returned value was:     team_id  team_code  ...           min_kickoff           max_kickoff
0         1          3  ...  2024-08-16T17:30:00Z  2025-05-25T13:30:00Z
1         2          7  ...  2024-08-16T17:30:00Z  2025-05-25T13:30:00Z
2         3         91  ...  2024-08-16T17:30:00Z  2025-05-25T13:30:00Z
3         4         94  ...  2024-08-16T17:30:00Z  2025-05-25T13:30:00Z
4         5         36  ...  2024-08-16T17:30:00Z  2025-05-25T13:30:00Z
5         6          8  ...  2024-08-16T17:30:00Z  2025-05-25T13:30:00Z
6         7         31  ...  2024-08-16T17:30:00Z  2025-05-25T13:30:00Z
7         8         11  ...  2024-08-16T17:30:00Z  2025-05-25T13:30:00Z
8         9         54  ...  2024-08-16T17:30:00Z  2025-05-25T13:30:00Z
9        10         40  ...  2024-08-16T17:30:00Z  2025-05-25T13:30:00Z
10       11         13  ...  2024-08-16T17:30:00Z  2025-05-25T13:30:00Z
11       12         14  ...  2024-08-16T17:30:00Z  2025-05-25T13:30:00Z
12       13         43  ...  2024-08-16T17:30:00Z  2025-05-25T13:30:00Z
13       14          1  ...  2024-08-16T17:30:00Z  2025-05-25T13:30:00Z
14       15          4  ...  2024-08-16T17:30:00Z  2025-05-25T13:30:00Z
15       16         17  ...  2024-08-16T17:30:00Z  2025-05-25T13:30:00Z
16       17         20  ...  2024-08-16T17:30:00Z  2025-05-25T13:30:00Z
17       18          6  ...  2024-08-16T17:30:00Z  2025-05-25T13:30:00Z
18       19         21  ...  2024-08-16T17:30:00Z  2025-05-25T13:30:00Z
19       20         39  ...  2024-08-16T17:30:00Z  2025-05-25T13:30:00Z

[20 rows x 6 columns]
[2025-03-05T12:40:02.543+0000] {taskinstance.py:341} INFO - ::group::Post task execution logs
[2025-03-05T12:40:02.545+0000] {taskinstance.py:353} INFO - Marking task as SUCCESS. dag_id=FPL_raw_teams, task_id=create_data_frame, run_id=manual__2025-03-05T12:39:39.711537+00:00, execution_date=20250305T123939, start_date=20250305T124000, end_date=20250305T124002
[2025-03-05T12:40:02.655+0000] {local_task_job_runner.py:266} INFO - Task exited with return code 0
[2025-03-05T12:40:02.735+0000] {taskinstance.py:3901} INFO - 1 downstream tasks scheduled from follow-on schedule check
[2025-03-05T12:40:02.743+0000] {local_task_job_runner.py:245} INFO - ::endgroup::
