[2025-03-06T13:33:52.592+0000] {local_task_job_runner.py:123} INFO - ::group::Pre task execution logs
[2025-03-06T13:33:52.735+0000] {taskinstance.py:2614} INFO - Dependencies all met for dep_context=non-requeueable deps ti=<TaskInstance: FPL_raw_stats.upload_to_postgres manual__2025-03-06T13:27:57.762934+00:00 [queued]>
[2025-03-06T13:33:52.818+0000] {taskinstance.py:2614} INFO - Dependencies all met for dep_context=requeueable deps ti=<TaskInstance: FPL_raw_stats.upload_to_postgres manual__2025-03-06T13:27:57.762934+00:00 [queued]>
[2025-03-06T13:33:52.821+0000] {taskinstance.py:2867} INFO - Starting attempt 1 of 3
[2025-03-06T13:33:52.934+0000] {taskinstance.py:2890} INFO - Executing <Task(_PythonDecoratedOperator): upload_to_postgres> on 2025-03-06 13:27:57.762934+00:00
[2025-03-06T13:33:52.956+0000] {warnings.py:112} WARNING - /home/***/.local/lib/python3.12/site-packages/***/task/task_runner/standard_task_runner.py:70: DeprecationWarning: This process (pid=178) is multi-threaded, use of fork() may lead to deadlocks in the child.
  pid = os.fork()

[2025-03-06T13:33:52.969+0000] {standard_task_runner.py:72} INFO - Started process 188 to run task
[2025-03-06T13:33:52.967+0000] {standard_task_runner.py:104} INFO - Running: ['***', 'tasks', 'run', 'FPL_raw_stats', 'upload_to_postgres', 'manual__2025-03-06T13:27:57.762934+00:00', '--job-id', '106', '--raw', '--subdir', 'DAGS_FOLDER/01_Bronze/04_FPL_raw_stats.py', '--cfg-path', '/tmp/tmp0h_b32kf']
[2025-03-06T13:33:52.976+0000] {standard_task_runner.py:105} INFO - Job 106: Subtask upload_to_postgres
[2025-03-06T13:33:53.130+0000] {task_command.py:467} INFO - Running <TaskInstance: FPL_raw_stats.upload_to_postgres manual__2025-03-06T13:27:57.762934+00:00 [running]> on host e417f252717a
[2025-03-06T13:33:54.079+0000] {taskinstance.py:3134} INFO - Exporting env vars: AIRFLOW_CTX_DAG_EMAIL='bobotieno99@gmail.com' AIRFLOW_CTX_DAG_OWNER='Fantasy Premier League' AIRFLOW_CTX_DAG_ID='FPL_raw_stats' AIRFLOW_CTX_TASK_ID='upload_to_postgres' AIRFLOW_CTX_EXECUTION_DATE='2025-03-06T13:27:57.762934+00:00' AIRFLOW_CTX_TRY_NUMBER='1' AIRFLOW_CTX_DAG_RUN_ID='manual__2025-03-06T13:27:57.762934+00:00'
[2025-03-06T13:33:54.081+0000] {taskinstance.py:732} INFO - ::endgroup::
[2025-03-06T13:33:54.085+0000] {04_FPL_raw_stats.py:114} INFO - ✅ Database connection established
[2025-03-06T13:34:09.058+0000] {04_FPL_raw_stats.py:124} INFO - ✅ Data loaded into 'bronze.player_stats' successfully
[2025-03-06T13:34:09.060+0000] {python.py:240} INFO - Done. Returned value was: None
[2025-03-06T13:34:09.074+0000] {taskinstance.py:341} INFO - ::group::Post task execution logs
[2025-03-06T13:34:09.075+0000] {taskinstance.py:353} INFO - Marking task as SUCCESS. dag_id=FPL_raw_stats, task_id=upload_to_postgres, run_id=manual__2025-03-06T13:27:57.762934+00:00, execution_date=20250306T132757, start_date=20250306T133352, end_date=20250306T133409
[2025-03-06T13:34:09.127+0000] {local_task_job_runner.py:266} INFO - Task exited with return code 0
[2025-03-06T13:34:09.148+0000] {taskinstance.py:3901} INFO - 0 downstream tasks scheduled from follow-on schedule check
[2025-03-06T13:34:09.151+0000] {local_task_job_runner.py:245} INFO - ::endgroup::
