[2025-03-05T01:34:06.709+0000] {local_task_job_runner.py:123} INFO - ::group::Pre task execution logs
[2025-03-05T01:34:06.802+0000] {taskinstance.py:2614} INFO - Dependencies all met for dep_context=non-requeueable deps ti=<TaskInstance: FPL_raw_games.create_data_frame scheduled__2025-03-04T00:00:00+00:00 [queued]>
[2025-03-05T01:34:06.829+0000] {taskinstance.py:2614} INFO - Dependencies all met for dep_context=requeueable deps ti=<TaskInstance: FPL_raw_games.create_data_frame scheduled__2025-03-04T00:00:00+00:00 [queued]>
[2025-03-05T01:34:06.831+0000] {taskinstance.py:2867} INFO - Starting attempt 1 of 3
[2025-03-05T01:34:06.861+0000] {taskinstance.py:2890} INFO - Executing <Task(_PythonDecoratedOperator): create_data_frame> on 2025-03-04 00:00:00+00:00
[2025-03-05T01:34:06.869+0000] {warnings.py:112} WARNING - /home/***/.local/lib/python3.12/site-packages/***/task/task_runner/standard_task_runner.py:70: DeprecationWarning: This process (pid=3496) is multi-threaded, use of fork() may lead to deadlocks in the child.
  pid = os.fork()

[2025-03-05T01:34:06.872+0000] {standard_task_runner.py:72} INFO - Started process 3502 to run task
[2025-03-05T01:34:06.872+0000] {standard_task_runner.py:104} INFO - Running: ['***', 'tasks', 'run', 'FPL_raw_games', 'create_data_frame', 'scheduled__2025-03-04T00:00:00+00:00', '--job-id', '43', '--raw', '--subdir', 'DAGS_FOLDER/01_Bronze/03_FPL_raw_game_week.py', '--cfg-path', '/tmp/tmpsl4w4s2s']
[2025-03-05T01:34:06.877+0000] {standard_task_runner.py:105} INFO - Job 43: Subtask create_data_frame
[2025-03-05T01:34:06.965+0000] {task_command.py:467} INFO - Running <TaskInstance: FPL_raw_games.create_data_frame scheduled__2025-03-04T00:00:00+00:00 [running]> on host fef6cda9c40a
[2025-03-05T01:34:09.150+0000] {taskinstance.py:3134} INFO - Exporting env vars: AIRFLOW_CTX_DAG_EMAIL='bobotieno99@gmail.com' AIRFLOW_CTX_DAG_OWNER='Fantasy Premier League' AIRFLOW_CTX_DAG_ID='FPL_raw_games' AIRFLOW_CTX_TASK_ID='create_data_frame' AIRFLOW_CTX_EXECUTION_DATE='2025-03-04T00:00:00+00:00' AIRFLOW_CTX_TRY_NUMBER='1' AIRFLOW_CTX_DAG_RUN_ID='scheduled__2025-03-04T00:00:00+00:00'
[2025-03-05T01:34:09.154+0000] {taskinstance.py:732} INFO - ::endgroup::
[2025-03-05T01:34:09.364+0000] {03_FPL_raw_game_week.py:83} INFO - ✅ DataFrame created with 380 records.
[2025-03-05T01:34:09.372+0000] {python.py:240} INFO - Done. Returned value was:      game_code  game_week_id  ...  difficulty_a  difficulty_h
0      2444470             1  ...             3             3
1      2444473             1  ...             2             5
2      2444471             1  ...             4             2
3      2444472             1  ...             3             3
4      2444474             1  ...             4             2
..         ...           ...  ...           ...           ...
375    2444845            38  ...             4             2
376    2444846            38  ...             4             4
377    2444847            38  ...             2             4
378    2444848            38  ...             3             3
379    2444849            38  ...             2             2

[380 rows x 11 columns]
[2025-03-05T01:34:10.080+0000] {taskinstance.py:341} INFO - ::group::Post task execution logs
[2025-03-05T01:34:10.081+0000] {taskinstance.py:353} INFO - Marking task as SUCCESS. dag_id=FPL_raw_games, task_id=create_data_frame, run_id=scheduled__2025-03-04T00:00:00+00:00, execution_date=20250304T000000, start_date=20250305T013406, end_date=20250305T013410
[2025-03-05T01:34:10.233+0000] {local_task_job_runner.py:266} INFO - Task exited with return code 0
[2025-03-05T01:34:10.299+0000] {taskinstance.py:3901} INFO - 1 downstream tasks scheduled from follow-on schedule check
[2025-03-05T01:34:10.304+0000] {local_task_job_runner.py:245} INFO - ::endgroup::
