[2025-03-06T14:00:52.246+0000] {local_task_job_runner.py:123} INFO - ::group::Pre task execution logs
[2025-03-06T14:00:52.272+0000] {taskinstance.py:2614} INFO - Dependencies all met for dep_context=non-requeueable deps ti=<TaskInstance: FPL_raw_teams.add_photo_url manual__2025-03-06T14:00:35.657364+00:00 [queued]>
[2025-03-06T14:00:52.285+0000] {taskinstance.py:2614} INFO - Dependencies all met for dep_context=requeueable deps ti=<TaskInstance: FPL_raw_teams.add_photo_url manual__2025-03-06T14:00:35.657364+00:00 [queued]>
[2025-03-06T14:00:52.286+0000] {taskinstance.py:2867} INFO - Starting attempt 1 of 3
[2025-03-06T14:00:52.306+0000] {taskinstance.py:2890} INFO - Executing <Task(_PythonDecoratedOperator): add_photo_url> on 2025-03-06 14:00:35.657364+00:00
[2025-03-06T14:00:52.314+0000] {warnings.py:112} WARNING - /home/***/.local/lib/python3.12/site-packages/***/task/task_runner/standard_task_runner.py:70: DeprecationWarning: This process (pid=683) is multi-threaded, use of fork() may lead to deadlocks in the child.
  pid = os.fork()

[2025-03-06T14:00:52.317+0000] {standard_task_runner.py:72} INFO - Started process 685 to run task
[2025-03-06T14:00:52.316+0000] {standard_task_runner.py:104} INFO - Running: ['***', 'tasks', 'run', 'FPL_raw_teams', 'add_photo_url', 'manual__2025-03-06T14:00:35.657364+00:00', '--job-id', '121', '--raw', '--subdir', 'DAGS_FOLDER/01_Bronze/01_FPL_raw_teams.py', '--cfg-path', '/tmp/tmpnw5v46jd']
[2025-03-06T14:00:52.319+0000] {standard_task_runner.py:105} INFO - Job 121: Subtask add_photo_url
[2025-03-06T14:00:52.411+0000] {task_command.py:467} INFO - Running <TaskInstance: FPL_raw_teams.add_photo_url manual__2025-03-06T14:00:35.657364+00:00 [running]> on host e417f252717a
[2025-03-06T14:00:52.593+0000] {taskinstance.py:3134} INFO - Exporting env vars: AIRFLOW_CTX_DAG_EMAIL='bobotieno99@gmail.com' AIRFLOW_CTX_DAG_OWNER='Fantasy Premier League' AIRFLOW_CTX_DAG_ID='FPL_raw_teams' AIRFLOW_CTX_TASK_ID='add_photo_url' AIRFLOW_CTX_EXECUTION_DATE='2025-03-06T14:00:35.657364+00:00' AIRFLOW_CTX_TRY_NUMBER='1' AIRFLOW_CTX_DAG_RUN_ID='manual__2025-03-06T14:00:35.657364+00:00'
[2025-03-06T14:00:52.595+0000] {taskinstance.py:732} INFO - ::endgroup::
[2025-03-06T14:00:52.600+0000] {python.py:240} INFO - Done. Returned value was:     team_id  ...                                           logo_url
0         1  ...  https://resources.premierleague.com/premierlea...
1         2  ...  https://resources.premierleague.com/premierlea...
2         3  ...  https://resources.premierleague.com/premierlea...
3         4  ...  https://resources.premierleague.com/premierlea...
4         5  ...  https://resources.premierleague.com/premierlea...
5         6  ...  https://resources.premierleague.com/premierlea...
6         7  ...  https://resources.premierleague.com/premierlea...
7         8  ...  https://resources.premierleague.com/premierlea...
8         9  ...  https://resources.premierleague.com/premierlea...
9        10  ...  https://resources.premierleague.com/premierlea...
10       11  ...  https://resources.premierleague.com/premierlea...
11       12  ...  https://upload.wikimedia.org/wikipedia/en/thum...
12       13  ...  https://resources.premierleague.com/premierlea...
13       14  ...  https://resources.premierleague.com/premierlea...
14       15  ...  https://resources.premierleague.com/premierlea...
15       16  ...  https://resources.premierleague.com/premierlea...
16       17  ...  https://resources.premierleague.com/premierlea...
17       18  ...  https://resources.premierleague.com/premierlea...
18       19  ...  https://resources.premierleague.com/premierlea...
19       20  ...  https://resources.premierleague.com/premierlea...

[20 rows x 7 columns]
[2025-03-06T14:00:52.647+0000] {taskinstance.py:341} INFO - ::group::Post task execution logs
[2025-03-06T14:00:52.648+0000] {taskinstance.py:353} INFO - Marking task as SUCCESS. dag_id=FPL_raw_teams, task_id=add_photo_url, run_id=manual__2025-03-06T14:00:35.657364+00:00, execution_date=20250306T140035, start_date=20250306T140052, end_date=20250306T140052
[2025-03-06T14:00:52.695+0000] {local_task_job_runner.py:266} INFO - Task exited with return code 0
[2025-03-06T14:00:52.722+0000] {taskinstance.py:3901} INFO - 1 downstream tasks scheduled from follow-on schedule check
[2025-03-06T14:00:52.729+0000] {local_task_job_runner.py:245} INFO - ::endgroup::
