[2025-03-07T10:08:50.301+0000] {local_task_job_runner.py:123} INFO - ::group::Pre task execution logs
[2025-03-07T10:08:50.352+0000] {taskinstance.py:2614} INFO - Dependencies all met for dep_context=non-requeueable deps ti=<TaskInstance: FPL_raw_players.create_data_frame manual__2025-03-07T10:08:37.175304+00:00 [queued]>
[2025-03-07T10:08:50.378+0000] {taskinstance.py:2614} INFO - Dependencies all met for dep_context=requeueable deps ti=<TaskInstance: FPL_raw_players.create_data_frame manual__2025-03-07T10:08:37.175304+00:00 [queued]>
[2025-03-07T10:08:50.380+0000] {taskinstance.py:2867} INFO - Starting attempt 1 of 3
[2025-03-07T10:08:50.411+0000] {taskinstance.py:2890} INFO - Executing <Task(_PythonDecoratedOperator): create_data_frame> on 2025-03-07 10:08:37.175304+00:00
[2025-03-07T10:08:50.422+0000] {warnings.py:112} WARNING - /home/***/.local/lib/python3.12/site-packages/***/task/task_runner/standard_task_runner.py:70: DeprecationWarning: This process (pid=937) is multi-threaded, use of fork() may lead to deadlocks in the child.
  pid = os.fork()

[2025-03-07T10:08:50.429+0000] {standard_task_runner.py:72} INFO - Started process 947 to run task
[2025-03-07T10:08:50.432+0000] {standard_task_runner.py:104} INFO - Running: ['***', 'tasks', 'run', 'FPL_raw_players', 'create_data_frame', 'manual__2025-03-07T10:08:37.175304+00:00', '--job-id', '55', '--raw', '--subdir', 'DAGS_FOLDER/01_Bronze/02_FPL_raw_players.py', '--cfg-path', '/tmp/tmpziahzzgt']
[2025-03-07T10:08:50.437+0000] {standard_task_runner.py:105} INFO - Job 55: Subtask create_data_frame
[2025-03-07T10:08:50.552+0000] {task_command.py:467} INFO - Running <TaskInstance: FPL_raw_players.create_data_frame manual__2025-03-07T10:08:37.175304+00:00 [running]> on host 6fac9c74855d
[2025-03-07T10:08:51.152+0000] {taskinstance.py:3134} INFO - Exporting env vars: AIRFLOW_CTX_DAG_EMAIL='bobotieno99@gmail.com' AIRFLOW_CTX_DAG_OWNER='Fantasy Premier League' AIRFLOW_CTX_DAG_ID='FPL_raw_players' AIRFLOW_CTX_TASK_ID='create_data_frame' AIRFLOW_CTX_EXECUTION_DATE='2025-03-07T10:08:37.175304+00:00' AIRFLOW_CTX_TRY_NUMBER='1' AIRFLOW_CTX_DAG_RUN_ID='manual__2025-03-07T10:08:37.175304+00:00'
[2025-03-07T10:08:51.155+0000] {taskinstance.py:732} INFO - ::endgroup::
[2025-03-07T10:08:51.173+0000] {02_FPL_raw_players.py:91} INFO - ✅ DataFrame created with 785 records.
[2025-03-07T10:08:51.175+0000] {python.py:240} INFO - Done. Returned value was:      player_id    first_name  ...           min_kickoff           max_kickoff
0            1         Fábio  ...  2024-08-16T17:30:00Z  2025-05-25T13:30:00Z
1            2       Gabriel  ...  2024-08-16T17:30:00Z  2025-05-25T13:30:00Z
2            3       Gabriel  ...  2024-08-16T17:30:00Z  2025-05-25T13:30:00Z
3            4           Kai  ...  2024-08-16T17:30:00Z  2025-05-25T13:30:00Z
4            5          Karl  ...  2024-08-16T17:30:00Z  2025-05-25T13:30:00Z
..         ...           ...  ...                   ...                   ...
780        720      Emmanuel  ...  2024-08-16T17:30:00Z  2025-05-25T13:30:00Z
781        751  Vítor Manuel  ...  2024-08-16T17:30:00Z  2025-05-25T13:30:00Z
782        769        Nasser  ...  2024-08-16T17:30:00Z  2025-05-25T13:30:00Z
783        770      Marshall  ...  2024-08-16T17:30:00Z  2025-05-25T13:30:00Z
784        784        Mateus  ...  2024-08-16T17:30:00Z  2025-05-25T13:30:00Z

[785 rows x 12 columns]
[2025-03-07T10:08:51.393+0000] {taskinstance.py:341} INFO - ::group::Post task execution logs
[2025-03-07T10:08:51.394+0000] {taskinstance.py:353} INFO - Marking task as SUCCESS. dag_id=FPL_raw_players, task_id=create_data_frame, run_id=manual__2025-03-07T10:08:37.175304+00:00, execution_date=20250307T100837, start_date=20250307T100850, end_date=20250307T100851
[2025-03-07T10:08:51.496+0000] {local_task_job_runner.py:266} INFO - Task exited with return code 0
[2025-03-07T10:08:51.565+0000] {taskinstance.py:3901} INFO - 1 downstream tasks scheduled from follow-on schedule check
[2025-03-07T10:08:51.569+0000] {local_task_job_runner.py:245} INFO - ::endgroup::
