[2025-03-07T08:59:14.618+0000] {local_task_job_runner.py:123} INFO - ::group::Pre task execution logs
[2025-03-07T08:59:14.827+0000] {taskinstance.py:2614} INFO - Dependencies all met for dep_context=non-requeueable deps ti=<TaskInstance: FPL_raw_games.upload_to_postgres scheduled__2025-03-06T00:05:00+00:00 [queued]>
[2025-03-07T08:59:14.924+0000] {taskinstance.py:2614} INFO - Dependencies all met for dep_context=requeueable deps ti=<TaskInstance: FPL_raw_games.upload_to_postgres scheduled__2025-03-06T00:05:00+00:00 [queued]>
[2025-03-07T08:59:14.931+0000] {taskinstance.py:2867} INFO - Starting attempt 1 of 3
[2025-03-07T08:59:15.074+0000] {taskinstance.py:2890} INFO - Executing <Task(_PythonDecoratedOperator): upload_to_postgres> on 2025-03-06 00:05:00+00:00
[2025-03-07T08:59:15.145+0000] {warnings.py:112} WARNING - /home/***/.local/lib/python3.12/site-packages/***/task/task_runner/standard_task_runner.py:70: DeprecationWarning: This process (pid=149) is multi-threaded, use of fork() may lead to deadlocks in the child.
  pid = os.fork()

[2025-03-07T08:59:15.228+0000] {standard_task_runner.py:72} INFO - Started process 156 to run task
[2025-03-07T08:59:15.199+0000] {standard_task_runner.py:104} INFO - Running: ['***', 'tasks', 'run', 'FPL_raw_games', 'upload_to_postgres', 'scheduled__2025-03-06T00:05:00+00:00', '--job-id', '147', '--raw', '--subdir', 'DAGS_FOLDER/01_Bronze/03_FPL_raw_game_week.py', '--cfg-path', '/tmp/tmpedbrlspj']
[2025-03-07T08:59:15.241+0000] {standard_task_runner.py:105} INFO - Job 147: Subtask upload_to_postgres
[2025-03-07T08:59:16.356+0000] {task_command.py:467} INFO - Running <TaskInstance: FPL_raw_games.upload_to_postgres scheduled__2025-03-06T00:05:00+00:00 [running]> on host 0f0b0357cf30
[2025-03-07T08:59:17.776+0000] {taskinstance.py:3134} INFO - Exporting env vars: AIRFLOW_CTX_DAG_EMAIL='bobotieno99@gmail.com' AIRFLOW_CTX_DAG_OWNER='Fantasy Premier League' AIRFLOW_CTX_DAG_ID='FPL_raw_games' AIRFLOW_CTX_TASK_ID='upload_to_postgres' AIRFLOW_CTX_EXECUTION_DATE='2025-03-06T00:05:00+00:00' AIRFLOW_CTX_TRY_NUMBER='1' AIRFLOW_CTX_DAG_RUN_ID='scheduled__2025-03-06T00:05:00+00:00'
[2025-03-07T08:59:17.779+0000] {taskinstance.py:732} INFO - ::endgroup::
[2025-03-07T08:59:17.810+0000] {03_FPL_raw_game_week.py:106} INFO - ✅ Database connection established
[2025-03-07T08:59:27.104+0000] {03_FPL_raw_game_week.py:120} INFO - ✅ Data loaded into 'bronze.games_info' successfully
[2025-03-07T08:59:27.105+0000] {python.py:240} INFO - Done. Returned value was: None
[2025-03-07T08:59:27.127+0000] {taskinstance.py:341} INFO - ::group::Post task execution logs
[2025-03-07T08:59:27.128+0000] {taskinstance.py:353} INFO - Marking task as SUCCESS. dag_id=FPL_raw_games, task_id=upload_to_postgres, run_id=scheduled__2025-03-06T00:05:00+00:00, execution_date=20250306T000500, start_date=20250307T085914, end_date=20250307T085927
[2025-03-07T08:59:27.254+0000] {local_task_job_runner.py:266} INFO - Task exited with return code 0
[2025-03-07T08:59:27.302+0000] {taskinstance.py:3901} INFO - 0 downstream tasks scheduled from follow-on schedule check
[2025-03-07T08:59:27.307+0000] {local_task_job_runner.py:245} INFO - ::endgroup::
[2025-03-07T09:18:23.643+0000] {local_task_job_runner.py:123} INFO - ::group::Pre task execution logs
[2025-03-07T09:18:23.694+0000] {taskinstance.py:2614} INFO - Dependencies all met for dep_context=non-requeueable deps ti=<TaskInstance: FPL_raw_games.upload_to_postgres scheduled__2025-03-06T00:05:00+00:00 [queued]>
[2025-03-07T09:18:23.716+0000] {taskinstance.py:2614} INFO - Dependencies all met for dep_context=requeueable deps ti=<TaskInstance: FPL_raw_games.upload_to_postgres scheduled__2025-03-06T00:05:00+00:00 [queued]>
[2025-03-07T09:18:23.718+0000] {taskinstance.py:2867} INFO - Starting attempt 1 of 3
[2025-03-07T09:18:23.761+0000] {taskinstance.py:2890} INFO - Executing <Task(_PythonDecoratedOperator): upload_to_postgres> on 2025-03-06 00:05:00+00:00
[2025-03-07T09:18:23.772+0000] {warnings.py:112} WARNING - /home/***/.local/lib/python3.12/site-packages/***/task/task_runner/standard_task_runner.py:70: DeprecationWarning: This process (pid=118) is multi-threaded, use of fork() may lead to deadlocks in the child.
  pid = os.fork()

[2025-03-07T09:18:23.775+0000] {standard_task_runner.py:72} INFO - Started process 126 to run task
[2025-03-07T09:18:23.777+0000] {standard_task_runner.py:104} INFO - Running: ['***', 'tasks', 'run', 'FPL_raw_games', 'upload_to_postgres', 'scheduled__2025-03-06T00:05:00+00:00', '--job-id', '45', '--raw', '--subdir', 'DAGS_FOLDER/01_Bronze/03_FPL_raw_game_week.py', '--cfg-path', '/tmp/tmp0r0j8xbp']
[2025-03-07T09:18:23.784+0000] {standard_task_runner.py:105} INFO - Job 45: Subtask upload_to_postgres
[2025-03-07T09:18:23.940+0000] {task_command.py:467} INFO - Running <TaskInstance: FPL_raw_games.upload_to_postgres scheduled__2025-03-06T00:05:00+00:00 [running]> on host de0598ea6583
[2025-03-07T09:18:24.963+0000] {taskinstance.py:3134} INFO - Exporting env vars: AIRFLOW_CTX_DAG_EMAIL='bobotieno99@gmail.com' AIRFLOW_CTX_DAG_OWNER='Fantasy Premier League' AIRFLOW_CTX_DAG_ID='FPL_raw_games' AIRFLOW_CTX_TASK_ID='upload_to_postgres' AIRFLOW_CTX_EXECUTION_DATE='2025-03-06T00:05:00+00:00' AIRFLOW_CTX_TRY_NUMBER='1' AIRFLOW_CTX_DAG_RUN_ID='scheduled__2025-03-06T00:05:00+00:00'
[2025-03-07T09:18:24.966+0000] {taskinstance.py:732} INFO - ::endgroup::
[2025-03-07T09:18:24.972+0000] {03_FPL_raw_game_week.py:106} INFO - ✅ Database connection established
[2025-03-07T09:18:34.483+0000] {03_FPL_raw_game_week.py:120} INFO - ✅ Data loaded into 'bronze.games_info' successfully
[2025-03-07T09:18:34.498+0000] {python.py:240} INFO - Done. Returned value was: None
[2025-03-07T09:18:34.553+0000] {taskinstance.py:341} INFO - ::group::Post task execution logs
[2025-03-07T09:18:34.556+0000] {taskinstance.py:353} INFO - Marking task as SUCCESS. dag_id=FPL_raw_games, task_id=upload_to_postgres, run_id=scheduled__2025-03-06T00:05:00+00:00, execution_date=20250306T000500, start_date=20250307T091823, end_date=20250307T091834
[2025-03-07T09:18:34.751+0000] {local_task_job_runner.py:266} INFO - Task exited with return code 0
[2025-03-07T09:18:34.799+0000] {taskinstance.py:3901} INFO - 0 downstream tasks scheduled from follow-on schedule check
[2025-03-07T09:18:34.803+0000] {local_task_job_runner.py:245} INFO - ::endgroup::
[2025-03-07T09:49:52.344+0000] {local_task_job_runner.py:123} INFO - ::group::Pre task execution logs
[2025-03-07T09:49:52.668+0000] {taskinstance.py:2614} INFO - Dependencies all met for dep_context=non-requeueable deps ti=<TaskInstance: FPL_raw_games.upload_to_postgres scheduled__2025-03-06T00:05:00+00:00 [queued]>
[2025-03-07T09:49:52.695+0000] {taskinstance.py:2614} INFO - Dependencies all met for dep_context=requeueable deps ti=<TaskInstance: FPL_raw_games.upload_to_postgres scheduled__2025-03-06T00:05:00+00:00 [queued]>
[2025-03-07T09:49:52.696+0000] {taskinstance.py:2867} INFO - Starting attempt 1 of 3
[2025-03-07T09:49:52.733+0000] {taskinstance.py:2890} INFO - Executing <Task(_PythonDecoratedOperator): upload_to_postgres> on 2025-03-06 00:05:00+00:00
[2025-03-07T09:49:52.746+0000] {warnings.py:112} WARNING - /home/***/.local/lib/python3.12/site-packages/***/task/task_runner/standard_task_runner.py:70: DeprecationWarning: This process (pid=375) is multi-threaded, use of fork() may lead to deadlocks in the child.
  pid = os.fork()

[2025-03-07T09:49:52.750+0000] {standard_task_runner.py:72} INFO - Started process 386 to run task
[2025-03-07T09:49:52.750+0000] {standard_task_runner.py:104} INFO - Running: ['***', 'tasks', 'run', 'FPL_raw_games', 'upload_to_postgres', 'scheduled__2025-03-06T00:05:00+00:00', '--job-id', '10', '--raw', '--subdir', 'DAGS_FOLDER/01_Bronze/03_FPL_raw_game_week.py', '--cfg-path', '/tmp/tmptpn7wnbc']
[2025-03-07T09:49:52.755+0000] {standard_task_runner.py:105} INFO - Job 10: Subtask upload_to_postgres
[2025-03-07T09:49:52.902+0000] {task_command.py:467} INFO - Running <TaskInstance: FPL_raw_games.upload_to_postgres scheduled__2025-03-06T00:05:00+00:00 [running]> on host 6fac9c74855d
[2025-03-07T09:49:53.343+0000] {taskinstance.py:3134} INFO - Exporting env vars: AIRFLOW_CTX_DAG_EMAIL='bobotieno99@gmail.com' AIRFLOW_CTX_DAG_OWNER='Fantasy Premier League' AIRFLOW_CTX_DAG_ID='FPL_raw_games' AIRFLOW_CTX_TASK_ID='upload_to_postgres' AIRFLOW_CTX_EXECUTION_DATE='2025-03-06T00:05:00+00:00' AIRFLOW_CTX_TRY_NUMBER='1' AIRFLOW_CTX_DAG_RUN_ID='scheduled__2025-03-06T00:05:00+00:00'
[2025-03-07T09:49:53.346+0000] {taskinstance.py:732} INFO - ::endgroup::
[2025-03-07T09:49:53.356+0000] {03_FPL_raw_game_week.py:106} INFO - ✅ Database connection established
[2025-03-07T09:50:03.077+0000] {03_FPL_raw_game_week.py:120} INFO - ✅ Data loaded into 'bronze.games_info' successfully
[2025-03-07T09:50:03.078+0000] {python.py:240} INFO - Done. Returned value was: None
[2025-03-07T09:50:03.097+0000] {taskinstance.py:341} INFO - ::group::Post task execution logs
[2025-03-07T09:50:03.098+0000] {taskinstance.py:353} INFO - Marking task as SUCCESS. dag_id=FPL_raw_games, task_id=upload_to_postgres, run_id=scheduled__2025-03-06T00:05:00+00:00, execution_date=20250306T000500, start_date=20250307T094952, end_date=20250307T095003
[2025-03-07T09:50:03.160+0000] {local_task_job_runner.py:266} INFO - Task exited with return code 0
[2025-03-07T09:50:03.184+0000] {taskinstance.py:3901} INFO - 0 downstream tasks scheduled from follow-on schedule check
[2025-03-07T09:50:03.188+0000] {local_task_job_runner.py:245} INFO - ::endgroup::
