[2025-03-04T08:28:04.883+0000] {local_task_job_runner.py:123} INFO - ::group::Pre task execution logs
[2025-03-04T08:28:04.950+0000] {taskinstance.py:2614} INFO - Dependencies all met for dep_context=non-requeueable deps ti=<TaskInstance: FPL_raw_teams.upload_to_postgres manual__2025-03-04T08:27:48.875632+00:00 [queued]>
[2025-03-04T08:28:04.992+0000] {taskinstance.py:2614} INFO - Dependencies all met for dep_context=requeueable deps ti=<TaskInstance: FPL_raw_teams.upload_to_postgres manual__2025-03-04T08:27:48.875632+00:00 [queued]>
[2025-03-04T08:28:04.994+0000] {taskinstance.py:2867} INFO - Starting attempt 1 of 3
[2025-03-04T08:28:05.048+0000] {taskinstance.py:2890} INFO - Executing <Task(_PythonDecoratedOperator): upload_to_postgres> on 2025-03-04 08:27:48.875632+00:00
[2025-03-04T08:28:05.071+0000] {warnings.py:112} WARNING - /home/***/.local/lib/python3.12/site-packages/***/task/task_runner/standard_task_runner.py:70: DeprecationWarning: This process (pid=238) is multi-threaded, use of fork() may lead to deadlocks in the child.
  pid = os.fork()

[2025-03-04T08:28:05.075+0000] {standard_task_runner.py:72} INFO - Started process 240 to run task
[2025-03-04T08:28:05.076+0000] {standard_task_runner.py:104} INFO - Running: ['***', 'tasks', 'run', 'FPL_raw_teams', 'upload_to_postgres', 'manual__2025-03-04T08:27:48.875632+00:00', '--job-id', '13', '--raw', '--subdir', 'DAGS_FOLDER/01_Bronze/01_FPL_raw_teams.py', '--cfg-path', '/tmp/tmpkwgw8cll']
[2025-03-04T08:28:05.089+0000] {standard_task_runner.py:105} INFO - Job 13: Subtask upload_to_postgres
[2025-03-04T08:28:05.216+0000] {task_command.py:467} INFO - Running <TaskInstance: FPL_raw_teams.upload_to_postgres manual__2025-03-04T08:27:48.875632+00:00 [running]> on host fef6cda9c40a
[2025-03-04T08:28:05.872+0000] {taskinstance.py:3134} INFO - Exporting env vars: AIRFLOW_CTX_DAG_EMAIL='bobotieno99@gmail.com' AIRFLOW_CTX_DAG_OWNER='Fantasy Premier League' AIRFLOW_CTX_DAG_ID='FPL_raw_teams' AIRFLOW_CTX_TASK_ID='upload_to_postgres' AIRFLOW_CTX_EXECUTION_DATE='2025-03-04T08:27:48.875632+00:00' AIRFLOW_CTX_TRY_NUMBER='1' AIRFLOW_CTX_DAG_RUN_ID='manual__2025-03-04T08:27:48.875632+00:00'
[2025-03-04T08:28:05.876+0000] {taskinstance.py:732} INFO - ::endgroup::
[2025-03-04T08:28:05.881+0000] {01_FPL_raw_teams.py:84} INFO - ✅ Database connection established
[2025-03-04T08:28:11.318+0000] {01_FPL_raw_teams.py:98} INFO - ✅ Data loaded into 'bronze.teams_info' successfully
[2025-03-04T08:28:11.319+0000] {python.py:240} INFO - Done. Returned value was: None
[2025-03-04T08:28:11.338+0000] {taskinstance.py:341} INFO - ::group::Post task execution logs
[2025-03-04T08:28:11.349+0000] {taskinstance.py:353} INFO - Marking task as SUCCESS. dag_id=FPL_raw_teams, task_id=upload_to_postgres, run_id=manual__2025-03-04T08:27:48.875632+00:00, execution_date=20250304T082748, start_date=20250304T082804, end_date=20250304T082811
[2025-03-04T08:28:11.436+0000] {local_task_job_runner.py:266} INFO - Task exited with return code 0
[2025-03-04T08:28:11.467+0000] {taskinstance.py:3901} INFO - 0 downstream tasks scheduled from follow-on schedule check
[2025-03-04T08:28:11.472+0000] {local_task_job_runner.py:245} INFO - ::endgroup::
