[2025-03-05T12:48:37.486+0000] {local_task_job_runner.py:123} INFO - ::group::Pre task execution logs
[2025-03-05T12:48:37.525+0000] {taskinstance.py:2614} INFO - Dependencies all met for dep_context=non-requeueable deps ti=<TaskInstance: FPL_raw_players.add_player_image manual__2025-03-05T12:48:20.998847+00:00 [queued]>
[2025-03-05T12:48:37.544+0000] {taskinstance.py:2614} INFO - Dependencies all met for dep_context=requeueable deps ti=<TaskInstance: FPL_raw_players.add_player_image manual__2025-03-05T12:48:20.998847+00:00 [queued]>
[2025-03-05T12:48:37.545+0000] {taskinstance.py:2867} INFO - Starting attempt 1 of 3
[2025-03-05T12:48:37.573+0000] {taskinstance.py:2890} INFO - Executing <Task(_PythonDecoratedOperator): add_player_image> on 2025-03-05 12:48:20.998847+00:00
[2025-03-05T12:48:37.583+0000] {warnings.py:112} WARNING - /home/***/.local/lib/python3.12/site-packages/***/task/task_runner/standard_task_runner.py:70: DeprecationWarning: This process (pid=1746) is multi-threaded, use of fork() may lead to deadlocks in the child.
  pid = os.fork()

[2025-03-05T12:48:37.586+0000] {standard_task_runner.py:72} INFO - Started process 1748 to run task
[2025-03-05T12:48:37.587+0000] {standard_task_runner.py:104} INFO - Running: ['***', 'tasks', 'run', 'FPL_raw_players', 'add_player_image', 'manual__2025-03-05T12:48:20.998847+00:00', '--job-id', '77', '--raw', '--subdir', 'DAGS_FOLDER/01_Bronze/02_FPL_raw_players.py', '--cfg-path', '/tmp/tmpmi488a2n']
[2025-03-05T12:48:37.592+0000] {standard_task_runner.py:105} INFO - Job 77: Subtask add_player_image
[2025-03-05T12:48:37.690+0000] {task_command.py:467} INFO - Running <TaskInstance: FPL_raw_players.add_player_image manual__2025-03-05T12:48:20.998847+00:00 [running]> on host 110ae05502d1
[2025-03-05T12:48:38.030+0000] {taskinstance.py:3134} INFO - Exporting env vars: AIRFLOW_CTX_DAG_EMAIL='bobotieno99@gmail.com' AIRFLOW_CTX_DAG_OWNER='Fantasy Premier League' AIRFLOW_CTX_DAG_ID='FPL_raw_players' AIRFLOW_CTX_TASK_ID='add_player_image' AIRFLOW_CTX_EXECUTION_DATE='2025-03-05T12:48:20.998847+00:00' AIRFLOW_CTX_TRY_NUMBER='1' AIRFLOW_CTX_DAG_RUN_ID='manual__2025-03-05T12:48:20.998847+00:00'
[2025-03-05T12:48:38.032+0000] {taskinstance.py:732} INFO - ::endgroup::
[2025-03-05T12:48:38.038+0000] {02_FPL_raw_players.py:106} INFO - ✅ Player image URLs added successfully.
[2025-03-05T12:48:38.039+0000] {python.py:240} INFO - Done. Returned value was:      player_id  ...                                          photo_url
0            1  ...  https://resources.premierleague.com/premierlea...
1            2  ...  https://resources.premierleague.com/premierlea...
2            3  ...  https://resources.premierleague.com/premierlea...
3            4  ...  https://resources.premierleague.com/premierlea...
4            5  ...  https://resources.premierleague.com/premierlea...
..         ...  ...                                                ...
780        720  ...  https://resources.premierleague.com/premierlea...
781        751  ...  https://resources.premierleague.com/premierlea...
782        769  ...  https://resources.premierleague.com/premierlea...
783        770  ...  https://resources.premierleague.com/premierlea...
784        784  ...  https://resources.premierleague.com/premierlea...

[785 rows x 13 columns]
[2025-03-05T12:48:38.131+0000] {taskinstance.py:341} INFO - ::group::Post task execution logs
[2025-03-05T12:48:38.132+0000] {taskinstance.py:353} INFO - Marking task as SUCCESS. dag_id=FPL_raw_players, task_id=add_player_image, run_id=manual__2025-03-05T12:48:20.998847+00:00, execution_date=20250305T124820, start_date=20250305T124837, end_date=20250305T124838
[2025-03-05T12:48:38.206+0000] {local_task_job_runner.py:266} INFO - Task exited with return code 0
[2025-03-05T12:48:38.245+0000] {taskinstance.py:3901} INFO - 1 downstream tasks scheduled from follow-on schedule check
[2025-03-05T12:48:38.249+0000] {local_task_job_runner.py:245} INFO - ::endgroup::
