[2025-03-04T08:12:47.821+0000] {processor.py:186} INFO - Started process (PID=98) to work on /home/airflow/.local/lib/python3.12/site-packages/airflow/example_dags/example_dataset_alias_with_no_taskflow.py
[2025-03-04T08:12:47.824+0000] {processor.py:914} INFO - Processing file /home/airflow/.local/lib/python3.12/site-packages/airflow/example_dags/example_dataset_alias_with_no_taskflow.py for tasks to queue
[2025-03-04T08:12:47.830+0000] {logging_mixin.py:190} INFO - [2025-03-04T08:12:47.829+0000] {dagbag.py:588} INFO - Filling up the DagBag from /home/airflow/.local/lib/python3.12/site-packages/airflow/example_dags/example_dataset_alias_with_no_taskflow.py
[2025-03-04T08:12:53.858+0000] {processor.py:925} INFO - DAG(s) 'dataset_alias_example_alias_consumer_with_no_taskflow', 'dataset_s3_bucket_consumer_with_no_taskflow', 'dataset_s3_bucket_producer_with_no_taskflow', 'dataset_alias_example_alias_producer_with_no_taskflow' retrieved from /home/airflow/.local/lib/python3.12/site-packages/airflow/example_dags/example_dataset_alias_with_no_taskflow.py
[2025-03-04T08:12:54.309+0000] {logging_mixin.py:190} INFO - [2025-03-04T08:12:54.307+0000] {override.py:1912} INFO - Created Permission View: can edit on DAG:dataset_alias_example_alias_consumer_with_no_taskflow
[2025-03-04T08:12:54.339+0000] {logging_mixin.py:190} INFO - [2025-03-04T08:12:54.339+0000] {override.py:1912} INFO - Created Permission View: can read on DAG:dataset_alias_example_alias_consumer_with_no_taskflow
[2025-03-04T08:12:54.358+0000] {logging_mixin.py:190} INFO - [2025-03-04T08:12:54.357+0000] {override.py:1912} INFO - Created Permission View: can delete on DAG:dataset_alias_example_alias_consumer_with_no_taskflow
[2025-03-04T08:12:54.376+0000] {logging_mixin.py:190} INFO - [2025-03-04T08:12:54.375+0000] {override.py:1912} INFO - Created Permission View: can delete on DAG Run:dataset_alias_example_alias_consumer_with_no_taskflow
[2025-03-04T08:12:54.417+0000] {logging_mixin.py:190} INFO - [2025-03-04T08:12:54.417+0000] {override.py:1912} INFO - Created Permission View: can read on DAG Run:dataset_alias_example_alias_consumer_with_no_taskflow
[2025-03-04T08:12:54.448+0000] {logging_mixin.py:190} INFO - [2025-03-04T08:12:54.448+0000] {override.py:1912} INFO - Created Permission View: can create on DAG Run:dataset_alias_example_alias_consumer_with_no_taskflow
[2025-03-04T08:12:54.480+0000] {logging_mixin.py:190} INFO - [2025-03-04T08:12:54.479+0000] {override.py:1912} INFO - Created Permission View: menu access on DAG Run:dataset_alias_example_alias_consumer_with_no_taskflow
[2025-03-04T08:12:54.541+0000] {logging_mixin.py:190} INFO - [2025-03-04T08:12:54.540+0000] {override.py:1912} INFO - Created Permission View: can edit on DAG:dataset_s3_bucket_consumer_with_no_taskflow
[2025-03-04T08:12:54.575+0000] {logging_mixin.py:190} INFO - [2025-03-04T08:12:54.574+0000] {override.py:1912} INFO - Created Permission View: can read on DAG:dataset_s3_bucket_consumer_with_no_taskflow
[2025-03-04T08:12:54.602+0000] {logging_mixin.py:190} INFO - [2025-03-04T08:12:54.602+0000] {override.py:1912} INFO - Created Permission View: can delete on DAG:dataset_s3_bucket_consumer_with_no_taskflow
[2025-03-04T08:12:54.692+0000] {logging_mixin.py:190} INFO - [2025-03-04T08:12:54.691+0000] {override.py:1912} INFO - Created Permission View: can delete on DAG Run:dataset_s3_bucket_consumer_with_no_taskflow
[2025-03-04T08:12:54.728+0000] {logging_mixin.py:190} INFO - [2025-03-04T08:12:54.727+0000] {override.py:1912} INFO - Created Permission View: can read on DAG Run:dataset_s3_bucket_consumer_with_no_taskflow
[2025-03-04T08:12:54.759+0000] {logging_mixin.py:190} INFO - [2025-03-04T08:12:54.759+0000] {override.py:1912} INFO - Created Permission View: can create on DAG Run:dataset_s3_bucket_consumer_with_no_taskflow
[2025-03-04T08:12:54.791+0000] {logging_mixin.py:190} INFO - [2025-03-04T08:12:54.790+0000] {override.py:1912} INFO - Created Permission View: menu access on DAG Run:dataset_s3_bucket_consumer_with_no_taskflow
[2025-03-04T08:12:54.854+0000] {logging_mixin.py:190} INFO - [2025-03-04T08:12:54.853+0000] {override.py:1912} INFO - Created Permission View: can edit on DAG:dataset_s3_bucket_producer_with_no_taskflow
[2025-03-04T08:12:54.886+0000] {logging_mixin.py:190} INFO - [2025-03-04T08:12:54.885+0000] {override.py:1912} INFO - Created Permission View: can read on DAG:dataset_s3_bucket_producer_with_no_taskflow
[2025-03-04T08:12:54.932+0000] {logging_mixin.py:190} INFO - [2025-03-04T08:12:54.931+0000] {override.py:1912} INFO - Created Permission View: can delete on DAG:dataset_s3_bucket_producer_with_no_taskflow
[2025-03-04T08:12:54.978+0000] {logging_mixin.py:190} INFO - [2025-03-04T08:12:54.977+0000] {override.py:1912} INFO - Created Permission View: can delete on DAG Run:dataset_s3_bucket_producer_with_no_taskflow
[2025-03-04T08:12:55.000+0000] {logging_mixin.py:190} INFO - [2025-03-04T08:12:55.000+0000] {override.py:1912} INFO - Created Permission View: can read on DAG Run:dataset_s3_bucket_producer_with_no_taskflow
[2025-03-04T08:12:55.040+0000] {logging_mixin.py:190} INFO - [2025-03-04T08:12:55.039+0000] {override.py:1912} INFO - Created Permission View: can create on DAG Run:dataset_s3_bucket_producer_with_no_taskflow
[2025-03-04T08:12:55.071+0000] {logging_mixin.py:190} INFO - [2025-03-04T08:12:55.071+0000] {override.py:1912} INFO - Created Permission View: menu access on DAG Run:dataset_s3_bucket_producer_with_no_taskflow
[2025-03-04T08:12:55.169+0000] {logging_mixin.py:190} INFO - [2025-03-04T08:12:55.168+0000] {override.py:1912} INFO - Created Permission View: can edit on DAG:dataset_alias_example_alias_producer_with_no_taskflow
[2025-03-04T08:12:55.246+0000] {logging_mixin.py:190} INFO - [2025-03-04T08:12:55.245+0000] {override.py:1912} INFO - Created Permission View: can read on DAG:dataset_alias_example_alias_producer_with_no_taskflow
[2025-03-04T08:12:55.288+0000] {logging_mixin.py:190} INFO - [2025-03-04T08:12:55.288+0000] {override.py:1912} INFO - Created Permission View: can delete on DAG:dataset_alias_example_alias_producer_with_no_taskflow
[2025-03-04T08:12:55.364+0000] {logging_mixin.py:190} INFO - [2025-03-04T08:12:55.364+0000] {override.py:1912} INFO - Created Permission View: can delete on DAG Run:dataset_alias_example_alias_producer_with_no_taskflow
[2025-03-04T08:12:55.397+0000] {logging_mixin.py:190} INFO - [2025-03-04T08:12:55.396+0000] {override.py:1912} INFO - Created Permission View: can read on DAG Run:dataset_alias_example_alias_producer_with_no_taskflow
[2025-03-04T08:12:55.427+0000] {logging_mixin.py:190} INFO - [2025-03-04T08:12:55.426+0000] {override.py:1912} INFO - Created Permission View: can create on DAG Run:dataset_alias_example_alias_producer_with_no_taskflow
[2025-03-04T08:12:55.461+0000] {logging_mixin.py:190} INFO - [2025-03-04T08:12:55.460+0000] {override.py:1912} INFO - Created Permission View: menu access on DAG Run:dataset_alias_example_alias_producer_with_no_taskflow
[2025-03-04T08:12:55.464+0000] {logging_mixin.py:190} INFO - [2025-03-04T08:12:55.463+0000] {dag.py:3239} INFO - Sync 4 DAGs
[2025-03-04T08:12:55.534+0000] {logging_mixin.py:190} INFO - [2025-03-04T08:12:55.532+0000] {dag.py:3262} INFO - Creating ORM DAG for dataset_s3_bucket_consumer_with_no_taskflow
[2025-03-04T08:12:55.537+0000] {logging_mixin.py:190} INFO - [2025-03-04T08:12:55.537+0000] {dag.py:3262} INFO - Creating ORM DAG for dataset_alias_example_alias_producer_with_no_taskflow
[2025-03-04T08:12:55.540+0000] {logging_mixin.py:190} INFO - [2025-03-04T08:12:55.540+0000] {dag.py:3262} INFO - Creating ORM DAG for dataset_s3_bucket_producer_with_no_taskflow
[2025-03-04T08:12:55.544+0000] {logging_mixin.py:190} INFO - [2025-03-04T08:12:55.543+0000] {dag.py:3262} INFO - Creating ORM DAG for dataset_alias_example_alias_consumer_with_no_taskflow
[2025-03-04T08:12:55.590+0000] {logging_mixin.py:190} INFO - [2025-03-04T08:12:55.589+0000] {dag.py:4180} INFO - Setting next_dagrun for dataset_alias_example_alias_consumer_with_no_taskflow to None, run_after=None
[2025-03-04T08:12:55.593+0000] {logging_mixin.py:190} INFO - [2025-03-04T08:12:55.592+0000] {dag.py:4180} INFO - Setting next_dagrun for dataset_alias_example_alias_producer_with_no_taskflow to None, run_after=None
[2025-03-04T08:12:55.596+0000] {logging_mixin.py:190} INFO - [2025-03-04T08:12:55.596+0000] {dag.py:4180} INFO - Setting next_dagrun for dataset_s3_bucket_consumer_with_no_taskflow to None, run_after=None
[2025-03-04T08:12:55.598+0000] {logging_mixin.py:190} INFO - [2025-03-04T08:12:55.598+0000] {dag.py:4180} INFO - Setting next_dagrun for dataset_s3_bucket_producer_with_no_taskflow to None, run_after=None
[2025-03-04T08:12:55.707+0000] {processor.py:208} INFO - Processing /home/airflow/.local/lib/python3.12/site-packages/airflow/example_dags/example_dataset_alias_with_no_taskflow.py took 7.904 seconds
[2025-03-04T08:13:26.387+0000] {processor.py:186} INFO - Started process (PID=172) to work on /home/airflow/.local/lib/python3.12/site-packages/airflow/example_dags/example_dataset_alias_with_no_taskflow.py
[2025-03-04T08:13:26.391+0000] {processor.py:914} INFO - Processing file /home/airflow/.local/lib/python3.12/site-packages/airflow/example_dags/example_dataset_alias_with_no_taskflow.py for tasks to queue
[2025-03-04T08:13:26.400+0000] {logging_mixin.py:190} INFO - [2025-03-04T08:13:26.398+0000] {dagbag.py:588} INFO - Filling up the DagBag from /home/airflow/.local/lib/python3.12/site-packages/airflow/example_dags/example_dataset_alias_with_no_taskflow.py
[2025-03-04T08:13:27.932+0000] {processor.py:925} INFO - DAG(s) 'dataset_alias_example_alias_consumer_with_no_taskflow', 'dataset_alias_example_alias_producer_with_no_taskflow', 'dataset_s3_bucket_producer_with_no_taskflow', 'dataset_s3_bucket_consumer_with_no_taskflow' retrieved from /home/airflow/.local/lib/python3.12/site-packages/airflow/example_dags/example_dataset_alias_with_no_taskflow.py
[2025-03-04T08:13:27.970+0000] {logging_mixin.py:190} INFO - [2025-03-04T08:13:27.969+0000] {dag.py:3239} INFO - Sync 4 DAGs
[2025-03-04T08:13:28.010+0000] {logging_mixin.py:190} INFO - [2025-03-04T08:13:28.010+0000] {dag.py:4180} INFO - Setting next_dagrun for dataset_alias_example_alias_consumer_with_no_taskflow to None, run_after=None
[2025-03-04T08:13:28.014+0000] {logging_mixin.py:190} INFO - [2025-03-04T08:13:28.014+0000] {dag.py:4180} INFO - Setting next_dagrun for dataset_alias_example_alias_producer_with_no_taskflow to None, run_after=None
[2025-03-04T08:13:28.017+0000] {logging_mixin.py:190} INFO - [2025-03-04T08:13:28.017+0000] {dag.py:4180} INFO - Setting next_dagrun for dataset_s3_bucket_consumer_with_no_taskflow to None, run_after=None
[2025-03-04T08:13:28.019+0000] {logging_mixin.py:190} INFO - [2025-03-04T08:13:28.019+0000] {dag.py:4180} INFO - Setting next_dagrun for dataset_s3_bucket_producer_with_no_taskflow to None, run_after=None
[2025-03-04T08:13:28.068+0000] {processor.py:208} INFO - Processing /home/airflow/.local/lib/python3.12/site-packages/airflow/example_dags/example_dataset_alias_with_no_taskflow.py took 1.704 seconds
[2025-03-04T08:13:58.152+0000] {processor.py:186} INFO - Started process (PID=243) to work on /home/airflow/.local/lib/python3.12/site-packages/airflow/example_dags/example_dataset_alias_with_no_taskflow.py
[2025-03-04T08:13:58.154+0000] {processor.py:914} INFO - Processing file /home/airflow/.local/lib/python3.12/site-packages/airflow/example_dags/example_dataset_alias_with_no_taskflow.py for tasks to queue
[2025-03-04T08:13:58.160+0000] {logging_mixin.py:190} INFO - [2025-03-04T08:13:58.159+0000] {dagbag.py:588} INFO - Filling up the DagBag from /home/airflow/.local/lib/python3.12/site-packages/airflow/example_dags/example_dataset_alias_with_no_taskflow.py
[2025-03-04T08:13:59.635+0000] {processor.py:925} INFO - DAG(s) 'dataset_alias_example_alias_producer_with_no_taskflow', 'dataset_s3_bucket_consumer_with_no_taskflow', 'dataset_alias_example_alias_consumer_with_no_taskflow', 'dataset_s3_bucket_producer_with_no_taskflow' retrieved from /home/airflow/.local/lib/python3.12/site-packages/airflow/example_dags/example_dataset_alias_with_no_taskflow.py
[2025-03-04T08:13:59.725+0000] {logging_mixin.py:190} INFO - [2025-03-04T08:13:59.723+0000] {dag.py:3239} INFO - Sync 4 DAGs
[2025-03-04T08:13:59.837+0000] {logging_mixin.py:190} INFO - [2025-03-04T08:13:59.836+0000] {dag.py:4180} INFO - Setting next_dagrun for dataset_alias_example_alias_consumer_with_no_taskflow to None, run_after=None
[2025-03-04T08:13:59.852+0000] {logging_mixin.py:190} INFO - [2025-03-04T08:13:59.851+0000] {dag.py:4180} INFO - Setting next_dagrun for dataset_alias_example_alias_producer_with_no_taskflow to None, run_after=None
[2025-03-04T08:13:59.857+0000] {logging_mixin.py:190} INFO - [2025-03-04T08:13:59.856+0000] {dag.py:4180} INFO - Setting next_dagrun for dataset_s3_bucket_consumer_with_no_taskflow to None, run_after=None
[2025-03-04T08:13:59.864+0000] {logging_mixin.py:190} INFO - [2025-03-04T08:13:59.863+0000] {dag.py:4180} INFO - Setting next_dagrun for dataset_s3_bucket_producer_with_no_taskflow to None, run_after=None
[2025-03-04T08:13:59.926+0000] {processor.py:208} INFO - Processing /home/airflow/.local/lib/python3.12/site-packages/airflow/example_dags/example_dataset_alias_with_no_taskflow.py took 1.785 seconds
[2025-03-04T08:14:30.231+0000] {processor.py:186} INFO - Started process (PID=314) to work on /home/airflow/.local/lib/python3.12/site-packages/airflow/example_dags/example_dataset_alias_with_no_taskflow.py
[2025-03-04T08:14:30.233+0000] {processor.py:914} INFO - Processing file /home/airflow/.local/lib/python3.12/site-packages/airflow/example_dags/example_dataset_alias_with_no_taskflow.py for tasks to queue
[2025-03-04T08:14:30.241+0000] {logging_mixin.py:190} INFO - [2025-03-04T08:14:30.240+0000] {dagbag.py:588} INFO - Filling up the DagBag from /home/airflow/.local/lib/python3.12/site-packages/airflow/example_dags/example_dataset_alias_with_no_taskflow.py
[2025-03-04T08:14:31.991+0000] {processor.py:925} INFO - DAG(s) 'dataset_alias_example_alias_producer_with_no_taskflow', 'dataset_s3_bucket_consumer_with_no_taskflow', 'dataset_alias_example_alias_consumer_with_no_taskflow', 'dataset_s3_bucket_producer_with_no_taskflow' retrieved from /home/airflow/.local/lib/python3.12/site-packages/airflow/example_dags/example_dataset_alias_with_no_taskflow.py
[2025-03-04T08:14:32.183+0000] {logging_mixin.py:190} INFO - [2025-03-04T08:14:32.170+0000] {dag.py:3239} INFO - Sync 4 DAGs
[2025-03-04T08:14:32.366+0000] {logging_mixin.py:190} INFO - [2025-03-04T08:14:32.365+0000] {dag.py:4180} INFO - Setting next_dagrun for dataset_alias_example_alias_consumer_with_no_taskflow to None, run_after=None
[2025-03-04T08:14:32.393+0000] {logging_mixin.py:190} INFO - [2025-03-04T08:14:32.392+0000] {dag.py:4180} INFO - Setting next_dagrun for dataset_alias_example_alias_producer_with_no_taskflow to None, run_after=None
[2025-03-04T08:14:32.405+0000] {logging_mixin.py:190} INFO - [2025-03-04T08:14:32.399+0000] {dag.py:4180} INFO - Setting next_dagrun for dataset_s3_bucket_consumer_with_no_taskflow to None, run_after=None
[2025-03-04T08:14:32.411+0000] {logging_mixin.py:190} INFO - [2025-03-04T08:14:32.411+0000] {dag.py:4180} INFO - Setting next_dagrun for dataset_s3_bucket_producer_with_no_taskflow to None, run_after=None
[2025-03-04T08:14:32.537+0000] {processor.py:208} INFO - Processing /home/airflow/.local/lib/python3.12/site-packages/airflow/example_dags/example_dataset_alias_with_no_taskflow.py took 2.325 seconds
