[2025-03-04T08:12:58.136+0000] {processor.py:186} INFO - Started process (PID=114) to work on /home/airflow/.local/lib/python3.12/site-packages/airflow/example_dags/example_latest_only_with_trigger.py
[2025-03-04T08:12:58.138+0000] {processor.py:914} INFO - Processing file /home/airflow/.local/lib/python3.12/site-packages/airflow/example_dags/example_latest_only_with_trigger.py for tasks to queue
[2025-03-04T08:12:58.143+0000] {logging_mixin.py:190} INFO - [2025-03-04T08:12:58.142+0000] {dagbag.py:588} INFO - Filling up the DagBag from /home/airflow/.local/lib/python3.12/site-packages/airflow/example_dags/example_latest_only_with_trigger.py
[2025-03-04T08:12:58.168+0000] {processor.py:925} INFO - DAG(s) 'latest_only_with_trigger' retrieved from /home/airflow/.local/lib/python3.12/site-packages/airflow/example_dags/example_latest_only_with_trigger.py
[2025-03-04T08:12:58.669+0000] {logging_mixin.py:190} INFO - [2025-03-04T08:12:58.668+0000] {override.py:1912} INFO - Created Permission View: can edit on DAG:latest_only_with_trigger
[2025-03-04T08:12:58.711+0000] {logging_mixin.py:190} INFO - [2025-03-04T08:12:58.711+0000] {override.py:1912} INFO - Created Permission View: can read on DAG:latest_only_with_trigger
[2025-03-04T08:12:58.728+0000] {logging_mixin.py:190} INFO - [2025-03-04T08:12:58.728+0000] {override.py:1912} INFO - Created Permission View: can delete on DAG:latest_only_with_trigger
[2025-03-04T08:12:58.746+0000] {logging_mixin.py:190} INFO - [2025-03-04T08:12:58.745+0000] {override.py:1912} INFO - Created Permission View: can delete on DAG Run:latest_only_with_trigger
[2025-03-04T08:12:58.762+0000] {logging_mixin.py:190} INFO - [2025-03-04T08:12:58.762+0000] {override.py:1912} INFO - Created Permission View: can read on DAG Run:latest_only_with_trigger
[2025-03-04T08:12:58.776+0000] {logging_mixin.py:190} INFO - [2025-03-04T08:12:58.775+0000] {override.py:1912} INFO - Created Permission View: can create on DAG Run:latest_only_with_trigger
[2025-03-04T08:12:58.790+0000] {logging_mixin.py:190} INFO - [2025-03-04T08:12:58.790+0000] {override.py:1912} INFO - Created Permission View: menu access on DAG Run:latest_only_with_trigger
[2025-03-04T08:12:58.792+0000] {logging_mixin.py:190} INFO - [2025-03-04T08:12:58.791+0000] {dag.py:3239} INFO - Sync 1 DAGs
[2025-03-04T08:12:58.825+0000] {logging_mixin.py:190} INFO - [2025-03-04T08:12:58.824+0000] {dag.py:3262} INFO - Creating ORM DAG for latest_only_with_trigger
[2025-03-04T08:12:58.849+0000] {logging_mixin.py:190} INFO - [2025-03-04T08:12:58.849+0000] {dag.py:4180} INFO - Setting next_dagrun for latest_only_with_trigger to 2025-03-04 04:00:00+00:00, run_after=2025-03-04 08:00:00+00:00
[2025-03-04T08:12:58.886+0000] {processor.py:208} INFO - Processing /home/airflow/.local/lib/python3.12/site-packages/airflow/example_dags/example_latest_only_with_trigger.py took 0.760 seconds
[2025-03-04T08:13:29.459+0000] {processor.py:186} INFO - Started process (PID=180) to work on /home/airflow/.local/lib/python3.12/site-packages/airflow/example_dags/example_latest_only_with_trigger.py
[2025-03-04T08:13:29.461+0000] {processor.py:914} INFO - Processing file /home/airflow/.local/lib/python3.12/site-packages/airflow/example_dags/example_latest_only_with_trigger.py for tasks to queue
[2025-03-04T08:13:29.464+0000] {logging_mixin.py:190} INFO - [2025-03-04T08:13:29.464+0000] {dagbag.py:588} INFO - Filling up the DagBag from /home/airflow/.local/lib/python3.12/site-packages/airflow/example_dags/example_latest_only_with_trigger.py
[2025-03-04T08:13:29.476+0000] {processor.py:925} INFO - DAG(s) 'latest_only_with_trigger' retrieved from /home/airflow/.local/lib/python3.12/site-packages/airflow/example_dags/example_latest_only_with_trigger.py
[2025-03-04T08:13:29.504+0000] {logging_mixin.py:190} INFO - [2025-03-04T08:13:29.504+0000] {dag.py:3239} INFO - Sync 1 DAGs
[2025-03-04T08:13:29.538+0000] {logging_mixin.py:190} INFO - [2025-03-04T08:13:29.537+0000] {dag.py:4180} INFO - Setting next_dagrun for latest_only_with_trigger to 2025-03-04 04:00:00+00:00, run_after=2025-03-04 08:00:00+00:00
[2025-03-04T08:13:29.572+0000] {processor.py:208} INFO - Processing /home/airflow/.local/lib/python3.12/site-packages/airflow/example_dags/example_latest_only_with_trigger.py took 0.121 seconds
[2025-03-04T08:13:59.851+0000] {processor.py:186} INFO - Started process (PID=247) to work on /home/airflow/.local/lib/python3.12/site-packages/airflow/example_dags/example_latest_only_with_trigger.py
[2025-03-04T08:13:59.854+0000] {processor.py:914} INFO - Processing file /home/airflow/.local/lib/python3.12/site-packages/airflow/example_dags/example_latest_only_with_trigger.py for tasks to queue
[2025-03-04T08:13:59.865+0000] {logging_mixin.py:190} INFO - [2025-03-04T08:13:59.865+0000] {dagbag.py:588} INFO - Filling up the DagBag from /home/airflow/.local/lib/python3.12/site-packages/airflow/example_dags/example_latest_only_with_trigger.py
[2025-03-04T08:13:59.886+0000] {processor.py:925} INFO - DAG(s) 'latest_only_with_trigger' retrieved from /home/airflow/.local/lib/python3.12/site-packages/airflow/example_dags/example_latest_only_with_trigger.py
[2025-03-04T08:13:59.939+0000] {logging_mixin.py:190} INFO - [2025-03-04T08:13:59.938+0000] {dag.py:3239} INFO - Sync 1 DAGs
[2025-03-04T08:14:00.037+0000] {logging_mixin.py:190} INFO - [2025-03-04T08:14:00.036+0000] {dag.py:4180} INFO - Setting next_dagrun for latest_only_with_trigger to 2025-03-04 04:00:00+00:00, run_after=2025-03-04 08:00:00+00:00
[2025-03-04T08:14:00.124+0000] {processor.py:208} INFO - Processing /home/airflow/.local/lib/python3.12/site-packages/airflow/example_dags/example_latest_only_with_trigger.py took 0.295 seconds
[2025-03-04T08:14:30.544+0000] {processor.py:186} INFO - Started process (PID=315) to work on /home/airflow/.local/lib/python3.12/site-packages/airflow/example_dags/example_latest_only_with_trigger.py
[2025-03-04T08:14:30.549+0000] {processor.py:914} INFO - Processing file /home/airflow/.local/lib/python3.12/site-packages/airflow/example_dags/example_latest_only_with_trigger.py for tasks to queue
[2025-03-04T08:14:30.557+0000] {logging_mixin.py:190} INFO - [2025-03-04T08:14:30.556+0000] {dagbag.py:588} INFO - Filling up the DagBag from /home/airflow/.local/lib/python3.12/site-packages/airflow/example_dags/example_latest_only_with_trigger.py
[2025-03-04T08:14:30.578+0000] {processor.py:925} INFO - DAG(s) 'latest_only_with_trigger' retrieved from /home/airflow/.local/lib/python3.12/site-packages/airflow/example_dags/example_latest_only_with_trigger.py
[2025-03-04T08:14:30.629+0000] {logging_mixin.py:190} INFO - [2025-03-04T08:14:30.628+0000] {dag.py:3239} INFO - Sync 1 DAGs
[2025-03-04T08:14:30.692+0000] {logging_mixin.py:190} INFO - [2025-03-04T08:14:30.691+0000] {dag.py:4180} INFO - Setting next_dagrun for latest_only_with_trigger to 2025-03-04 04:00:00+00:00, run_after=2025-03-04 08:00:00+00:00
[2025-03-04T08:14:30.739+0000] {processor.py:208} INFO - Processing /home/airflow/.local/lib/python3.12/site-packages/airflow/example_dags/example_latest_only_with_trigger.py took 0.217 seconds
