[2025-03-04T08:12:57.463+0000] {processor.py:186} INFO - Started process (PID=112) to work on /home/airflow/.local/lib/python3.12/site-packages/airflow/example_dags/example_short_circuit_decorator.py
[2025-03-04T08:12:57.465+0000] {processor.py:914} INFO - Processing file /home/airflow/.local/lib/python3.12/site-packages/airflow/example_dags/example_short_circuit_decorator.py for tasks to queue
[2025-03-04T08:12:57.471+0000] {logging_mixin.py:190} INFO - [2025-03-04T08:12:57.471+0000] {dagbag.py:588} INFO - Filling up the DagBag from /home/airflow/.local/lib/python3.12/site-packages/airflow/example_dags/example_short_circuit_decorator.py
[2025-03-04T08:12:57.493+0000] {processor.py:925} INFO - DAG(s) 'example_short_circuit_decorator' retrieved from /home/airflow/.local/lib/python3.12/site-packages/airflow/example_dags/example_short_circuit_decorator.py
[2025-03-04T08:12:57.774+0000] {logging_mixin.py:190} INFO - [2025-03-04T08:12:57.773+0000] {override.py:1912} INFO - Created Permission View: can edit on DAG:example_short_circuit_decorator
[2025-03-04T08:12:57.806+0000] {logging_mixin.py:190} INFO - [2025-03-04T08:12:57.805+0000] {override.py:1912} INFO - Created Permission View: can read on DAG:example_short_circuit_decorator
[2025-03-04T08:12:57.838+0000] {logging_mixin.py:190} INFO - [2025-03-04T08:12:57.837+0000] {override.py:1912} INFO - Created Permission View: can delete on DAG:example_short_circuit_decorator
[2025-03-04T08:12:57.897+0000] {logging_mixin.py:190} INFO - [2025-03-04T08:12:57.896+0000] {override.py:1912} INFO - Created Permission View: can delete on DAG Run:example_short_circuit_decorator
[2025-03-04T08:12:57.929+0000] {logging_mixin.py:190} INFO - [2025-03-04T08:12:57.929+0000] {override.py:1912} INFO - Created Permission View: can read on DAG Run:example_short_circuit_decorator
[2025-03-04T08:12:57.961+0000] {logging_mixin.py:190} INFO - [2025-03-04T08:12:57.960+0000] {override.py:1912} INFO - Created Permission View: can create on DAG Run:example_short_circuit_decorator
[2025-03-04T08:12:57.992+0000] {logging_mixin.py:190} INFO - [2025-03-04T08:12:57.991+0000] {override.py:1912} INFO - Created Permission View: menu access on DAG Run:example_short_circuit_decorator
[2025-03-04T08:12:57.994+0000] {logging_mixin.py:190} INFO - [2025-03-04T08:12:57.993+0000] {dag.py:3239} INFO - Sync 1 DAGs
[2025-03-04T08:12:58.028+0000] {logging_mixin.py:190} INFO - [2025-03-04T08:12:58.028+0000] {dag.py:3262} INFO - Creating ORM DAG for example_short_circuit_decorator
[2025-03-04T08:12:58.031+0000] {logging_mixin.py:190} INFO - [2025-03-04T08:12:58.030+0000] {dag.py:4180} INFO - Setting next_dagrun for example_short_circuit_decorator to None, run_after=None
[2025-03-04T08:12:58.069+0000] {processor.py:208} INFO - Processing /home/airflow/.local/lib/python3.12/site-packages/airflow/example_dags/example_short_circuit_decorator.py took 0.623 seconds
[2025-03-04T08:13:28.154+0000] {processor.py:186} INFO - Started process (PID=179) to work on /home/airflow/.local/lib/python3.12/site-packages/airflow/example_dags/example_short_circuit_decorator.py
[2025-03-04T08:13:28.156+0000] {processor.py:914} INFO - Processing file /home/airflow/.local/lib/python3.12/site-packages/airflow/example_dags/example_short_circuit_decorator.py for tasks to queue
[2025-03-04T08:13:28.161+0000] {logging_mixin.py:190} INFO - [2025-03-04T08:13:28.160+0000] {dagbag.py:588} INFO - Filling up the DagBag from /home/airflow/.local/lib/python3.12/site-packages/airflow/example_dags/example_short_circuit_decorator.py
[2025-03-04T08:13:28.179+0000] {processor.py:925} INFO - DAG(s) 'example_short_circuit_decorator' retrieved from /home/airflow/.local/lib/python3.12/site-packages/airflow/example_dags/example_short_circuit_decorator.py
[2025-03-04T08:13:28.223+0000] {logging_mixin.py:190} INFO - [2025-03-04T08:13:28.223+0000] {dag.py:3239} INFO - Sync 1 DAGs
[2025-03-04T08:13:28.267+0000] {logging_mixin.py:190} INFO - [2025-03-04T08:13:28.267+0000] {dag.py:4180} INFO - Setting next_dagrun for example_short_circuit_decorator to None, run_after=None
[2025-03-04T08:13:28.313+0000] {processor.py:208} INFO - Processing /home/airflow/.local/lib/python3.12/site-packages/airflow/example_dags/example_short_circuit_decorator.py took 0.169 seconds
[2025-03-04T08:13:58.392+0000] {processor.py:186} INFO - Started process (PID=245) to work on /home/airflow/.local/lib/python3.12/site-packages/airflow/example_dags/example_short_circuit_decorator.py
[2025-03-04T08:13:58.394+0000] {processor.py:914} INFO - Processing file /home/airflow/.local/lib/python3.12/site-packages/airflow/example_dags/example_short_circuit_decorator.py for tasks to queue
[2025-03-04T08:13:58.399+0000] {logging_mixin.py:190} INFO - [2025-03-04T08:13:58.398+0000] {dagbag.py:588} INFO - Filling up the DagBag from /home/airflow/.local/lib/python3.12/site-packages/airflow/example_dags/example_short_circuit_decorator.py
[2025-03-04T08:13:58.456+0000] {processor.py:925} INFO - DAG(s) 'example_short_circuit_decorator' retrieved from /home/airflow/.local/lib/python3.12/site-packages/airflow/example_dags/example_short_circuit_decorator.py
[2025-03-04T08:13:58.564+0000] {logging_mixin.py:190} INFO - [2025-03-04T08:13:58.563+0000] {dag.py:3239} INFO - Sync 1 DAGs
[2025-03-04T08:13:58.621+0000] {logging_mixin.py:190} INFO - [2025-03-04T08:13:58.620+0000] {dag.py:4180} INFO - Setting next_dagrun for example_short_circuit_decorator to None, run_after=None
[2025-03-04T08:13:58.697+0000] {processor.py:208} INFO - Processing /home/airflow/.local/lib/python3.12/site-packages/airflow/example_dags/example_short_circuit_decorator.py took 0.318 seconds
[2025-03-04T08:14:28.923+0000] {processor.py:186} INFO - Started process (PID=312) to work on /home/airflow/.local/lib/python3.12/site-packages/airflow/example_dags/example_short_circuit_decorator.py
[2025-03-04T08:14:28.925+0000] {processor.py:914} INFO - Processing file /home/airflow/.local/lib/python3.12/site-packages/airflow/example_dags/example_short_circuit_decorator.py for tasks to queue
[2025-03-04T08:14:28.930+0000] {logging_mixin.py:190} INFO - [2025-03-04T08:14:28.929+0000] {dagbag.py:588} INFO - Filling up the DagBag from /home/airflow/.local/lib/python3.12/site-packages/airflow/example_dags/example_short_circuit_decorator.py
[2025-03-04T08:14:28.955+0000] {processor.py:925} INFO - DAG(s) 'example_short_circuit_decorator' retrieved from /home/airflow/.local/lib/python3.12/site-packages/airflow/example_dags/example_short_circuit_decorator.py
[2025-03-04T08:14:29.005+0000] {logging_mixin.py:190} INFO - [2025-03-04T08:14:29.005+0000] {dag.py:3239} INFO - Sync 1 DAGs
[2025-03-04T08:14:29.040+0000] {logging_mixin.py:190} INFO - [2025-03-04T08:14:29.039+0000] {dag.py:4180} INFO - Setting next_dagrun for example_short_circuit_decorator to None, run_after=None
[2025-03-04T08:14:29.079+0000] {processor.py:208} INFO - Processing /home/airflow/.local/lib/python3.12/site-packages/airflow/example_dags/example_short_circuit_decorator.py took 0.168 seconds
