[2025-03-04T08:13:01.363+0000] {processor.py:186} INFO - Started process (PID=118) to work on /home/airflow/.local/lib/python3.12/site-packages/airflow/example_dags/example_branch_day_of_week_operator.py
[2025-03-04T08:13:01.365+0000] {processor.py:914} INFO - Processing file /home/airflow/.local/lib/python3.12/site-packages/airflow/example_dags/example_branch_day_of_week_operator.py for tasks to queue
[2025-03-04T08:13:01.370+0000] {logging_mixin.py:190} INFO - [2025-03-04T08:13:01.370+0000] {dagbag.py:588} INFO - Filling up the DagBag from /home/airflow/.local/lib/python3.12/site-packages/airflow/example_dags/example_branch_day_of_week_operator.py
[2025-03-04T08:13:01.416+0000] {processor.py:925} INFO - DAG(s) 'example_weekday_branch_operator' retrieved from /home/airflow/.local/lib/python3.12/site-packages/airflow/example_dags/example_branch_day_of_week_operator.py
[2025-03-04T08:13:01.618+0000] {logging_mixin.py:190} INFO - [2025-03-04T08:13:01.616+0000] {override.py:1912} INFO - Created Permission View: can edit on DAG:example_weekday_branch_operator
[2025-03-04T08:13:01.643+0000] {logging_mixin.py:190} INFO - [2025-03-04T08:13:01.643+0000] {override.py:1912} INFO - Created Permission View: can read on DAG:example_weekday_branch_operator
[2025-03-04T08:13:01.659+0000] {logging_mixin.py:190} INFO - [2025-03-04T08:13:01.659+0000] {override.py:1912} INFO - Created Permission View: can delete on DAG:example_weekday_branch_operator
[2025-03-04T08:13:01.677+0000] {logging_mixin.py:190} INFO - [2025-03-04T08:13:01.677+0000] {override.py:1912} INFO - Created Permission View: can delete on DAG Run:example_weekday_branch_operator
[2025-03-04T08:13:01.693+0000] {logging_mixin.py:190} INFO - [2025-03-04T08:13:01.693+0000] {override.py:1912} INFO - Created Permission View: can read on DAG Run:example_weekday_branch_operator
[2025-03-04T08:13:01.709+0000] {logging_mixin.py:190} INFO - [2025-03-04T08:13:01.708+0000] {override.py:1912} INFO - Created Permission View: can create on DAG Run:example_weekday_branch_operator
[2025-03-04T08:13:01.724+0000] {logging_mixin.py:190} INFO - [2025-03-04T08:13:01.723+0000] {override.py:1912} INFO - Created Permission View: menu access on DAG Run:example_weekday_branch_operator
[2025-03-04T08:13:01.725+0000] {logging_mixin.py:190} INFO - [2025-03-04T08:13:01.725+0000] {dag.py:3239} INFO - Sync 1 DAGs
[2025-03-04T08:13:01.753+0000] {logging_mixin.py:190} INFO - [2025-03-04T08:13:01.752+0000] {dag.py:3262} INFO - Creating ORM DAG for example_weekday_branch_operator
[2025-03-04T08:13:01.776+0000] {logging_mixin.py:190} INFO - [2025-03-04T08:13:01.776+0000] {dag.py:4180} INFO - Setting next_dagrun for example_weekday_branch_operator to 2025-03-03 00:00:00+00:00, run_after=2025-03-04 00:00:00+00:00
[2025-03-04T08:13:01.810+0000] {processor.py:208} INFO - Processing /home/airflow/.local/lib/python3.12/site-packages/airflow/example_dags/example_branch_day_of_week_operator.py took 0.459 seconds
[2025-03-04T08:13:31.967+0000] {processor.py:186} INFO - Started process (PID=185) to work on /home/airflow/.local/lib/python3.12/site-packages/airflow/example_dags/example_branch_day_of_week_operator.py
[2025-03-04T08:13:31.969+0000] {processor.py:914} INFO - Processing file /home/airflow/.local/lib/python3.12/site-packages/airflow/example_dags/example_branch_day_of_week_operator.py for tasks to queue
[2025-03-04T08:13:31.974+0000] {logging_mixin.py:190} INFO - [2025-03-04T08:13:31.974+0000] {dagbag.py:588} INFO - Filling up the DagBag from /home/airflow/.local/lib/python3.12/site-packages/airflow/example_dags/example_branch_day_of_week_operator.py
[2025-03-04T08:13:31.998+0000] {processor.py:925} INFO - DAG(s) 'example_weekday_branch_operator' retrieved from /home/airflow/.local/lib/python3.12/site-packages/airflow/example_dags/example_branch_day_of_week_operator.py
[2025-03-04T08:13:32.053+0000] {logging_mixin.py:190} INFO - [2025-03-04T08:13:32.052+0000] {dag.py:3239} INFO - Sync 1 DAGs
[2025-03-04T08:13:32.124+0000] {logging_mixin.py:190} INFO - [2025-03-04T08:13:32.124+0000] {dag.py:4180} INFO - Setting next_dagrun for example_weekday_branch_operator to 2025-03-03 00:00:00+00:00, run_after=2025-03-04 00:00:00+00:00
[2025-03-04T08:13:32.167+0000] {processor.py:208} INFO - Processing /home/airflow/.local/lib/python3.12/site-packages/airflow/example_dags/example_branch_day_of_week_operator.py took 0.212 seconds
[2025-03-04T08:14:02.384+0000] {processor.py:186} INFO - Started process (PID=251) to work on /home/airflow/.local/lib/python3.12/site-packages/airflow/example_dags/example_branch_day_of_week_operator.py
[2025-03-04T08:14:02.387+0000] {processor.py:914} INFO - Processing file /home/airflow/.local/lib/python3.12/site-packages/airflow/example_dags/example_branch_day_of_week_operator.py for tasks to queue
[2025-03-04T08:14:02.393+0000] {logging_mixin.py:190} INFO - [2025-03-04T08:14:02.391+0000] {dagbag.py:588} INFO - Filling up the DagBag from /home/airflow/.local/lib/python3.12/site-packages/airflow/example_dags/example_branch_day_of_week_operator.py
[2025-03-04T08:14:02.414+0000] {processor.py:925} INFO - DAG(s) 'example_weekday_branch_operator' retrieved from /home/airflow/.local/lib/python3.12/site-packages/airflow/example_dags/example_branch_day_of_week_operator.py
[2025-03-04T08:14:02.454+0000] {logging_mixin.py:190} INFO - [2025-03-04T08:14:02.453+0000] {dag.py:3239} INFO - Sync 1 DAGs
[2025-03-04T08:14:02.515+0000] {logging_mixin.py:190} INFO - [2025-03-04T08:14:02.514+0000] {dag.py:4180} INFO - Setting next_dagrun for example_weekday_branch_operator to 2025-03-03 00:00:00+00:00, run_after=2025-03-04 00:00:00+00:00
[2025-03-04T08:14:02.646+0000] {processor.py:208} INFO - Processing /home/airflow/.local/lib/python3.12/site-packages/airflow/example_dags/example_branch_day_of_week_operator.py took 0.289 seconds
[2025-03-04T08:14:33.232+0000] {processor.py:186} INFO - Started process (PID=319) to work on /home/airflow/.local/lib/python3.12/site-packages/airflow/example_dags/example_branch_day_of_week_operator.py
[2025-03-04T08:14:33.235+0000] {processor.py:914} INFO - Processing file /home/airflow/.local/lib/python3.12/site-packages/airflow/example_dags/example_branch_day_of_week_operator.py for tasks to queue
[2025-03-04T08:14:33.243+0000] {logging_mixin.py:190} INFO - [2025-03-04T08:14:33.242+0000] {dagbag.py:588} INFO - Filling up the DagBag from /home/airflow/.local/lib/python3.12/site-packages/airflow/example_dags/example_branch_day_of_week_operator.py
[2025-03-04T08:14:33.284+0000] {processor.py:925} INFO - DAG(s) 'example_weekday_branch_operator' retrieved from /home/airflow/.local/lib/python3.12/site-packages/airflow/example_dags/example_branch_day_of_week_operator.py
[2025-03-04T08:14:33.331+0000] {logging_mixin.py:190} INFO - [2025-03-04T08:14:33.330+0000] {dag.py:3239} INFO - Sync 1 DAGs
[2025-03-04T08:14:33.380+0000] {logging_mixin.py:190} INFO - [2025-03-04T08:14:33.380+0000] {dag.py:4180} INFO - Setting next_dagrun for example_weekday_branch_operator to 2025-03-03 00:00:00+00:00, run_after=2025-03-04 00:00:00+00:00
[2025-03-04T08:14:33.416+0000] {processor.py:208} INFO - Processing /home/airflow/.local/lib/python3.12/site-packages/airflow/example_dags/example_branch_day_of_week_operator.py took 0.202 seconds
