[2025-03-04T08:12:46.477+0000] {processor.py:186} INFO - Started process (PID=90) to work on /home/airflow/.local/lib/python3.12/site-packages/airflow/example_dags/example_branch_datetime_operator.py
[2025-03-04T08:12:46.482+0000] {processor.py:914} INFO - Processing file /home/airflow/.local/lib/python3.12/site-packages/airflow/example_dags/example_branch_datetime_operator.py for tasks to queue
[2025-03-04T08:12:46.494+0000] {logging_mixin.py:190} INFO - [2025-03-04T08:12:46.493+0000] {dagbag.py:588} INFO - Filling up the DagBag from /home/airflow/.local/lib/python3.12/site-packages/airflow/example_dags/example_branch_datetime_operator.py
[2025-03-04T08:12:46.602+0000] {processor.py:925} INFO - DAG(s) 'example_branch_datetime_operator', 'example_branch_datetime_operator_2', 'example_branch_datetime_operator_3' retrieved from /home/airflow/.local/lib/python3.12/site-packages/airflow/example_dags/example_branch_datetime_operator.py
[2025-03-04T08:12:47.188+0000] {logging_mixin.py:190} INFO - [2025-03-04T08:12:47.178+0000] {override.py:1912} INFO - Created Permission View: can edit on DAG:example_branch_datetime_operator
[2025-03-04T08:12:47.227+0000] {logging_mixin.py:190} INFO - [2025-03-04T08:12:47.225+0000] {override.py:1912} INFO - Created Permission View: can read on DAG:example_branch_datetime_operator
[2025-03-04T08:12:47.256+0000] {logging_mixin.py:190} INFO - [2025-03-04T08:12:47.255+0000] {override.py:1912} INFO - Created Permission View: can delete on DAG:example_branch_datetime_operator
[2025-03-04T08:12:47.304+0000] {logging_mixin.py:190} INFO - [2025-03-04T08:12:47.304+0000] {override.py:1912} INFO - Created Permission View: can delete on DAG Run:example_branch_datetime_operator
[2025-03-04T08:12:47.352+0000] {logging_mixin.py:190} INFO - [2025-03-04T08:12:47.351+0000] {override.py:1912} INFO - Created Permission View: can read on DAG Run:example_branch_datetime_operator
[2025-03-04T08:12:47.384+0000] {logging_mixin.py:190} INFO - [2025-03-04T08:12:47.383+0000] {override.py:1912} INFO - Created Permission View: can create on DAG Run:example_branch_datetime_operator
[2025-03-04T08:12:47.442+0000] {logging_mixin.py:190} INFO - [2025-03-04T08:12:47.441+0000] {override.py:1912} INFO - Created Permission View: menu access on DAG Run:example_branch_datetime_operator
[2025-03-04T08:12:47.504+0000] {logging_mixin.py:190} INFO - [2025-03-04T08:12:47.504+0000] {override.py:1912} INFO - Created Permission View: can edit on DAG:example_branch_datetime_operator_2
[2025-03-04T08:12:47.537+0000] {logging_mixin.py:190} INFO - [2025-03-04T08:12:47.536+0000] {override.py:1912} INFO - Created Permission View: can read on DAG:example_branch_datetime_operator_2
[2025-03-04T08:12:47.567+0000] {logging_mixin.py:190} INFO - [2025-03-04T08:12:47.566+0000] {override.py:1912} INFO - Created Permission View: can delete on DAG:example_branch_datetime_operator_2
[2025-03-04T08:12:47.630+0000] {logging_mixin.py:190} INFO - [2025-03-04T08:12:47.629+0000] {override.py:1912} INFO - Created Permission View: can delete on DAG Run:example_branch_datetime_operator_2
[2025-03-04T08:12:47.663+0000] {logging_mixin.py:190} INFO - [2025-03-04T08:12:47.662+0000] {override.py:1912} INFO - Created Permission View: can read on DAG Run:example_branch_datetime_operator_2
[2025-03-04T08:12:47.692+0000] {logging_mixin.py:190} INFO - [2025-03-04T08:12:47.691+0000] {override.py:1912} INFO - Created Permission View: can create on DAG Run:example_branch_datetime_operator_2
[2025-03-04T08:12:47.725+0000] {logging_mixin.py:190} INFO - [2025-03-04T08:12:47.725+0000] {override.py:1912} INFO - Created Permission View: menu access on DAG Run:example_branch_datetime_operator_2
[2025-03-04T08:12:47.825+0000] {logging_mixin.py:190} INFO - [2025-03-04T08:12:47.824+0000] {override.py:1912} INFO - Created Permission View: can edit on DAG:example_branch_datetime_operator_3
[2025-03-04T08:12:47.843+0000] {logging_mixin.py:190} INFO - [2025-03-04T08:12:47.842+0000] {override.py:1912} INFO - Created Permission View: can read on DAG:example_branch_datetime_operator_3
[2025-03-04T08:12:47.877+0000] {logging_mixin.py:190} INFO - [2025-03-04T08:12:47.876+0000] {override.py:1912} INFO - Created Permission View: can delete on DAG:example_branch_datetime_operator_3
[2025-03-04T08:12:47.926+0000] {logging_mixin.py:190} INFO - [2025-03-04T08:12:47.925+0000] {override.py:1912} INFO - Created Permission View: can delete on DAG Run:example_branch_datetime_operator_3
[2025-03-04T08:12:47.958+0000] {logging_mixin.py:190} INFO - [2025-03-04T08:12:47.955+0000] {override.py:1912} INFO - Created Permission View: can read on DAG Run:example_branch_datetime_operator_3
[2025-03-04T08:12:48.003+0000] {logging_mixin.py:190} INFO - [2025-03-04T08:12:48.002+0000] {override.py:1912} INFO - Created Permission View: can create on DAG Run:example_branch_datetime_operator_3
[2025-03-04T08:12:48.034+0000] {logging_mixin.py:190} INFO - [2025-03-04T08:12:48.034+0000] {override.py:1912} INFO - Created Permission View: menu access on DAG Run:example_branch_datetime_operator_3
[2025-03-04T08:12:48.036+0000] {logging_mixin.py:190} INFO - [2025-03-04T08:12:48.035+0000] {dag.py:3239} INFO - Sync 3 DAGs
[2025-03-04T08:12:48.116+0000] {logging_mixin.py:190} INFO - [2025-03-04T08:12:48.115+0000] {dag.py:3262} INFO - Creating ORM DAG for example_branch_datetime_operator_3
[2025-03-04T08:12:48.129+0000] {logging_mixin.py:190} INFO - [2025-03-04T08:12:48.128+0000] {dag.py:3262} INFO - Creating ORM DAG for example_branch_datetime_operator_2
[2025-03-04T08:12:48.134+0000] {logging_mixin.py:190} INFO - [2025-03-04T08:12:48.133+0000] {dag.py:3262} INFO - Creating ORM DAG for example_branch_datetime_operator
[2025-03-04T08:12:48.188+0000] {logging_mixin.py:190} INFO - [2025-03-04T08:12:48.187+0000] {dag.py:4180} INFO - Setting next_dagrun for example_branch_datetime_operator to 2025-03-03 00:00:00+00:00, run_after=2025-03-04 00:00:00+00:00
[2025-03-04T08:12:48.208+0000] {logging_mixin.py:190} INFO - [2025-03-04T08:12:48.208+0000] {dag.py:4180} INFO - Setting next_dagrun for example_branch_datetime_operator_2 to 2025-03-03 00:00:00+00:00, run_after=2025-03-04 00:00:00+00:00
[2025-03-04T08:12:48.223+0000] {logging_mixin.py:190} INFO - [2025-03-04T08:12:48.223+0000] {dag.py:4180} INFO - Setting next_dagrun for example_branch_datetime_operator_3 to 2025-03-03 00:00:00+00:00, run_after=2025-03-04 00:00:00+00:00
[2025-03-04T08:12:48.322+0000] {processor.py:208} INFO - Processing /home/airflow/.local/lib/python3.12/site-packages/airflow/example_dags/example_branch_datetime_operator.py took 1.869 seconds
[2025-03-04T08:13:18.634+0000] {processor.py:186} INFO - Started process (PID=164) to work on /home/airflow/.local/lib/python3.12/site-packages/airflow/example_dags/example_branch_datetime_operator.py
[2025-03-04T08:13:18.636+0000] {processor.py:914} INFO - Processing file /home/airflow/.local/lib/python3.12/site-packages/airflow/example_dags/example_branch_datetime_operator.py for tasks to queue
[2025-03-04T08:13:18.640+0000] {logging_mixin.py:190} INFO - [2025-03-04T08:13:18.640+0000] {dagbag.py:588} INFO - Filling up the DagBag from /home/airflow/.local/lib/python3.12/site-packages/airflow/example_dags/example_branch_datetime_operator.py
[2025-03-04T08:13:18.665+0000] {processor.py:925} INFO - DAG(s) 'example_branch_datetime_operator', 'example_branch_datetime_operator_2', 'example_branch_datetime_operator_3' retrieved from /home/airflow/.local/lib/python3.12/site-packages/airflow/example_dags/example_branch_datetime_operator.py
[2025-03-04T08:13:18.717+0000] {logging_mixin.py:190} INFO - [2025-03-04T08:13:18.717+0000] {dag.py:3239} INFO - Sync 3 DAGs
[2025-03-04T08:13:18.771+0000] {logging_mixin.py:190} INFO - [2025-03-04T08:13:18.770+0000] {dag.py:4180} INFO - Setting next_dagrun for example_branch_datetime_operator to 2025-03-03 00:00:00+00:00, run_after=2025-03-04 00:00:00+00:00
[2025-03-04T08:13:18.781+0000] {logging_mixin.py:190} INFO - [2025-03-04T08:13:18.781+0000] {dag.py:4180} INFO - Setting next_dagrun for example_branch_datetime_operator_2 to 2025-03-03 00:00:00+00:00, run_after=2025-03-04 00:00:00+00:00
[2025-03-04T08:13:18.788+0000] {logging_mixin.py:190} INFO - [2025-03-04T08:13:18.787+0000] {dag.py:4180} INFO - Setting next_dagrun for example_branch_datetime_operator_3 to 2025-03-03 00:00:00+00:00, run_after=2025-03-04 00:00:00+00:00
[2025-03-04T08:13:18.821+0000] {processor.py:208} INFO - Processing /home/airflow/.local/lib/python3.12/site-packages/airflow/example_dags/example_branch_datetime_operator.py took 0.199 seconds
[2025-03-04T08:13:49.752+0000] {processor.py:186} INFO - Started process (PID=230) to work on /home/airflow/.local/lib/python3.12/site-packages/airflow/example_dags/example_branch_datetime_operator.py
[2025-03-04T08:13:49.760+0000] {processor.py:914} INFO - Processing file /home/airflow/.local/lib/python3.12/site-packages/airflow/example_dags/example_branch_datetime_operator.py for tasks to queue
[2025-03-04T08:13:49.771+0000] {logging_mixin.py:190} INFO - [2025-03-04T08:13:49.770+0000] {dagbag.py:588} INFO - Filling up the DagBag from /home/airflow/.local/lib/python3.12/site-packages/airflow/example_dags/example_branch_datetime_operator.py
[2025-03-04T08:13:49.821+0000] {processor.py:925} INFO - DAG(s) 'example_branch_datetime_operator_3', 'example_branch_datetime_operator', 'example_branch_datetime_operator_2' retrieved from /home/airflow/.local/lib/python3.12/site-packages/airflow/example_dags/example_branch_datetime_operator.py
[2025-03-04T08:13:49.886+0000] {logging_mixin.py:190} INFO - [2025-03-04T08:13:49.886+0000] {dag.py:3239} INFO - Sync 3 DAGs
[2025-03-04T08:13:49.988+0000] {logging_mixin.py:190} INFO - [2025-03-04T08:13:49.987+0000] {dag.py:4180} INFO - Setting next_dagrun for example_branch_datetime_operator to 2025-03-03 00:00:00+00:00, run_after=2025-03-04 00:00:00+00:00
[2025-03-04T08:13:50.006+0000] {logging_mixin.py:190} INFO - [2025-03-04T08:13:50.006+0000] {dag.py:4180} INFO - Setting next_dagrun for example_branch_datetime_operator_2 to 2025-03-03 00:00:00+00:00, run_after=2025-03-04 00:00:00+00:00
[2025-03-04T08:13:50.022+0000] {logging_mixin.py:190} INFO - [2025-03-04T08:13:50.022+0000] {dag.py:4180} INFO - Setting next_dagrun for example_branch_datetime_operator_3 to 2025-03-03 00:00:00+00:00, run_after=2025-03-04 00:00:00+00:00
[2025-03-04T08:13:50.077+0000] {processor.py:208} INFO - Processing /home/airflow/.local/lib/python3.12/site-packages/airflow/example_dags/example_branch_datetime_operator.py took 0.343 seconds
[2025-03-04T08:14:20.303+0000] {processor.py:186} INFO - Started process (PID=298) to work on /home/airflow/.local/lib/python3.12/site-packages/airflow/example_dags/example_branch_datetime_operator.py
[2025-03-04T08:14:20.305+0000] {processor.py:914} INFO - Processing file /home/airflow/.local/lib/python3.12/site-packages/airflow/example_dags/example_branch_datetime_operator.py for tasks to queue
[2025-03-04T08:14:20.310+0000] {logging_mixin.py:190} INFO - [2025-03-04T08:14:20.309+0000] {dagbag.py:588} INFO - Filling up the DagBag from /home/airflow/.local/lib/python3.12/site-packages/airflow/example_dags/example_branch_datetime_operator.py
[2025-03-04T08:14:20.344+0000] {processor.py:925} INFO - DAG(s) 'example_branch_datetime_operator', 'example_branch_datetime_operator_2', 'example_branch_datetime_operator_3' retrieved from /home/airflow/.local/lib/python3.12/site-packages/airflow/example_dags/example_branch_datetime_operator.py
[2025-03-04T08:14:20.397+0000] {logging_mixin.py:190} INFO - [2025-03-04T08:14:20.396+0000] {dag.py:3239} INFO - Sync 3 DAGs
[2025-03-04T08:14:20.442+0000] {logging_mixin.py:190} INFO - [2025-03-04T08:14:20.442+0000] {dag.py:4180} INFO - Setting next_dagrun for example_branch_datetime_operator to 2025-03-03 00:00:00+00:00, run_after=2025-03-04 00:00:00+00:00
[2025-03-04T08:14:20.451+0000] {logging_mixin.py:190} INFO - [2025-03-04T08:14:20.451+0000] {dag.py:4180} INFO - Setting next_dagrun for example_branch_datetime_operator_2 to 2025-03-03 00:00:00+00:00, run_after=2025-03-04 00:00:00+00:00
[2025-03-04T08:14:20.458+0000] {logging_mixin.py:190} INFO - [2025-03-04T08:14:20.457+0000] {dag.py:4180} INFO - Setting next_dagrun for example_branch_datetime_operator_3 to 2025-03-03 00:00:00+00:00, run_after=2025-03-04 00:00:00+00:00
[2025-03-04T08:14:20.490+0000] {processor.py:208} INFO - Processing /home/airflow/.local/lib/python3.12/site-packages/airflow/example_dags/example_branch_datetime_operator.py took 0.207 seconds
