[2025-03-04T08:12:53.550+0000] {processor.py:186} INFO - Started process (PID=105) to work on /home/airflow/.local/lib/python3.12/site-packages/airflow/example_dags/example_kubernetes_executor.py
[2025-03-04T08:12:53.552+0000] {processor.py:914} INFO - Processing file /home/airflow/.local/lib/python3.12/site-packages/airflow/example_dags/example_kubernetes_executor.py for tasks to queue
[2025-03-04T08:12:53.557+0000] {logging_mixin.py:190} INFO - [2025-03-04T08:12:53.556+0000] {dagbag.py:588} INFO - Filling up the DagBag from /home/airflow/.local/lib/python3.12/site-packages/airflow/example_dags/example_kubernetes_executor.py
[2025-03-04T08:12:53.603+0000] {processor.py:925} INFO - DAG(s) 'example_kubernetes_executor' retrieved from /home/airflow/.local/lib/python3.12/site-packages/airflow/example_dags/example_kubernetes_executor.py
[2025-03-04T08:12:54.279+0000] {logging_mixin.py:190} INFO - [2025-03-04T08:12:54.277+0000] {override.py:1912} INFO - Created Permission View: can edit on DAG:example_kubernetes_executor
[2025-03-04T08:12:54.338+0000] {logging_mixin.py:190} INFO - [2025-03-04T08:12:54.337+0000] {override.py:1912} INFO - Created Permission View: can read on DAG:example_kubernetes_executor
[2025-03-04T08:12:54.354+0000] {logging_mixin.py:190} INFO - [2025-03-04T08:12:54.353+0000] {override.py:1912} INFO - Created Permission View: can delete on DAG:example_kubernetes_executor
[2025-03-04T08:12:54.373+0000] {logging_mixin.py:190} INFO - [2025-03-04T08:12:54.372+0000] {override.py:1912} INFO - Created Permission View: can delete on DAG Run:example_kubernetes_executor
[2025-03-04T08:12:54.415+0000] {logging_mixin.py:190} INFO - [2025-03-04T08:12:54.415+0000] {override.py:1912} INFO - Created Permission View: can read on DAG Run:example_kubernetes_executor
[2025-03-04T08:12:54.447+0000] {logging_mixin.py:190} INFO - [2025-03-04T08:12:54.446+0000] {override.py:1912} INFO - Created Permission View: can create on DAG Run:example_kubernetes_executor
[2025-03-04T08:12:54.478+0000] {logging_mixin.py:190} INFO - [2025-03-04T08:12:54.477+0000] {override.py:1912} INFO - Created Permission View: menu access on DAG Run:example_kubernetes_executor
[2025-03-04T08:12:54.480+0000] {logging_mixin.py:190} INFO - [2025-03-04T08:12:54.479+0000] {dag.py:3239} INFO - Sync 1 DAGs
[2025-03-04T08:12:54.507+0000] {logging_mixin.py:190} INFO - [2025-03-04T08:12:54.506+0000] {dag.py:3262} INFO - Creating ORM DAG for example_kubernetes_executor
[2025-03-04T08:12:54.510+0000] {logging_mixin.py:190} INFO - [2025-03-04T08:12:54.509+0000] {dag.py:4180} INFO - Setting next_dagrun for example_kubernetes_executor to None, run_after=None
[2025-03-04T08:12:54.590+0000] {processor.py:208} INFO - Processing /home/airflow/.local/lib/python3.12/site-packages/airflow/example_dags/example_kubernetes_executor.py took 1.054 seconds
[2025-03-04T08:13:25.212+0000] {processor.py:186} INFO - Started process (PID=171) to work on /home/airflow/.local/lib/python3.12/site-packages/airflow/example_dags/example_kubernetes_executor.py
[2025-03-04T08:13:25.214+0000] {processor.py:914} INFO - Processing file /home/airflow/.local/lib/python3.12/site-packages/airflow/example_dags/example_kubernetes_executor.py for tasks to queue
[2025-03-04T08:13:25.218+0000] {logging_mixin.py:190} INFO - [2025-03-04T08:13:25.218+0000] {dagbag.py:588} INFO - Filling up the DagBag from /home/airflow/.local/lib/python3.12/site-packages/airflow/example_dags/example_kubernetes_executor.py
[2025-03-04T08:13:25.248+0000] {processor.py:925} INFO - DAG(s) 'example_kubernetes_executor' retrieved from /home/airflow/.local/lib/python3.12/site-packages/airflow/example_dags/example_kubernetes_executor.py
[2025-03-04T08:13:25.289+0000] {logging_mixin.py:190} INFO - [2025-03-04T08:13:25.288+0000] {dag.py:3239} INFO - Sync 1 DAGs
[2025-03-04T08:13:25.326+0000] {logging_mixin.py:190} INFO - [2025-03-04T08:13:25.326+0000] {dag.py:4180} INFO - Setting next_dagrun for example_kubernetes_executor to None, run_after=None
[2025-03-04T08:13:25.394+0000] {processor.py:208} INFO - Processing /home/airflow/.local/lib/python3.12/site-packages/airflow/example_dags/example_kubernetes_executor.py took 0.193 seconds
[2025-03-04T08:13:55.679+0000] {processor.py:186} INFO - Started process (PID=238) to work on /home/airflow/.local/lib/python3.12/site-packages/airflow/example_dags/example_kubernetes_executor.py
[2025-03-04T08:13:55.683+0000] {processor.py:914} INFO - Processing file /home/airflow/.local/lib/python3.12/site-packages/airflow/example_dags/example_kubernetes_executor.py for tasks to queue
[2025-03-04T08:13:55.696+0000] {logging_mixin.py:190} INFO - [2025-03-04T08:13:55.689+0000] {dagbag.py:588} INFO - Filling up the DagBag from /home/airflow/.local/lib/python3.12/site-packages/airflow/example_dags/example_kubernetes_executor.py
[2025-03-04T08:13:55.786+0000] {processor.py:925} INFO - DAG(s) 'example_kubernetes_executor' retrieved from /home/airflow/.local/lib/python3.12/site-packages/airflow/example_dags/example_kubernetes_executor.py
[2025-03-04T08:13:55.897+0000] {logging_mixin.py:190} INFO - [2025-03-04T08:13:55.896+0000] {dag.py:3239} INFO - Sync 1 DAGs
[2025-03-04T08:13:55.964+0000] {logging_mixin.py:190} INFO - [2025-03-04T08:13:55.963+0000] {dag.py:4180} INFO - Setting next_dagrun for example_kubernetes_executor to None, run_after=None
[2025-03-04T08:13:56.023+0000] {processor.py:208} INFO - Processing /home/airflow/.local/lib/python3.12/site-packages/airflow/example_dags/example_kubernetes_executor.py took 0.381 seconds
[2025-03-04T08:14:26.492+0000] {processor.py:186} INFO - Started process (PID=306) to work on /home/airflow/.local/lib/python3.12/site-packages/airflow/example_dags/example_kubernetes_executor.py
[2025-03-04T08:14:26.495+0000] {processor.py:914} INFO - Processing file /home/airflow/.local/lib/python3.12/site-packages/airflow/example_dags/example_kubernetes_executor.py for tasks to queue
[2025-03-04T08:14:26.503+0000] {logging_mixin.py:190} INFO - [2025-03-04T08:14:26.502+0000] {dagbag.py:588} INFO - Filling up the DagBag from /home/airflow/.local/lib/python3.12/site-packages/airflow/example_dags/example_kubernetes_executor.py
[2025-03-04T08:14:26.561+0000] {processor.py:925} INFO - DAG(s) 'example_kubernetes_executor' retrieved from /home/airflow/.local/lib/python3.12/site-packages/airflow/example_dags/example_kubernetes_executor.py
[2025-03-04T08:14:26.631+0000] {logging_mixin.py:190} INFO - [2025-03-04T08:14:26.631+0000] {dag.py:3239} INFO - Sync 1 DAGs
[2025-03-04T08:14:26.673+0000] {logging_mixin.py:190} INFO - [2025-03-04T08:14:26.673+0000] {dag.py:4180} INFO - Setting next_dagrun for example_kubernetes_executor to None, run_after=None
[2025-03-04T08:14:26.748+0000] {processor.py:208} INFO - Processing /home/airflow/.local/lib/python3.12/site-packages/airflow/example_dags/example_kubernetes_executor.py took 0.273 seconds
