[2025-03-04T08:13:09.421+0000] {processor.py:186} INFO - Started process (PID=127) to work on /home/airflow/.local/lib/python3.12/site-packages/airflow/example_dags/example_setup_teardown.py
[2025-03-04T08:13:09.424+0000] {processor.py:914} INFO - Processing file /home/airflow/.local/lib/python3.12/site-packages/airflow/example_dags/example_setup_teardown.py for tasks to queue
[2025-03-04T08:13:09.434+0000] {logging_mixin.py:190} INFO - [2025-03-04T08:13:09.433+0000] {dagbag.py:588} INFO - Filling up the DagBag from /home/airflow/.local/lib/python3.12/site-packages/airflow/example_dags/example_setup_teardown.py
[2025-03-04T08:13:09.459+0000] {processor.py:925} INFO - DAG(s) 'example_setup_teardown' retrieved from /home/airflow/.local/lib/python3.12/site-packages/airflow/example_dags/example_setup_teardown.py
[2025-03-04T08:13:09.772+0000] {logging_mixin.py:190} INFO - [2025-03-04T08:13:09.771+0000] {override.py:1912} INFO - Created Permission View: can edit on DAG:example_setup_teardown
[2025-03-04T08:13:09.810+0000] {logging_mixin.py:190} INFO - [2025-03-04T08:13:09.810+0000] {override.py:1912} INFO - Created Permission View: can read on DAG:example_setup_teardown
[2025-03-04T08:13:09.831+0000] {logging_mixin.py:190} INFO - [2025-03-04T08:13:09.830+0000] {override.py:1912} INFO - Created Permission View: can delete on DAG:example_setup_teardown
[2025-03-04T08:13:09.862+0000] {logging_mixin.py:190} INFO - [2025-03-04T08:13:09.861+0000] {override.py:1912} INFO - Created Permission View: can delete on DAG Run:example_setup_teardown
[2025-03-04T08:13:09.885+0000] {logging_mixin.py:190} INFO - [2025-03-04T08:13:09.884+0000] {override.py:1912} INFO - Created Permission View: can read on DAG Run:example_setup_teardown
[2025-03-04T08:13:09.929+0000] {logging_mixin.py:190} INFO - [2025-03-04T08:13:09.928+0000] {override.py:1912} INFO - Created Permission View: can create on DAG Run:example_setup_teardown
[2025-03-04T08:13:09.952+0000] {logging_mixin.py:190} INFO - [2025-03-04T08:13:09.952+0000] {override.py:1912} INFO - Created Permission View: menu access on DAG Run:example_setup_teardown
[2025-03-04T08:13:09.961+0000] {logging_mixin.py:190} INFO - [2025-03-04T08:13:09.960+0000] {dag.py:3239} INFO - Sync 1 DAGs
[2025-03-04T08:13:10.037+0000] {logging_mixin.py:190} INFO - [2025-03-04T08:13:10.035+0000] {dag.py:3262} INFO - Creating ORM DAG for example_setup_teardown
[2025-03-04T08:13:10.040+0000] {logging_mixin.py:190} INFO - [2025-03-04T08:13:10.040+0000] {dag.py:4180} INFO - Setting next_dagrun for example_setup_teardown to None, run_after=None
[2025-03-04T08:13:10.123+0000] {processor.py:208} INFO - Processing /home/airflow/.local/lib/python3.12/site-packages/airflow/example_dags/example_setup_teardown.py took 0.719 seconds
[2025-03-04T08:13:41.198+0000] {processor.py:186} INFO - Started process (PID=194) to work on /home/airflow/.local/lib/python3.12/site-packages/airflow/example_dags/example_setup_teardown.py
[2025-03-04T08:13:41.200+0000] {processor.py:914} INFO - Processing file /home/airflow/.local/lib/python3.12/site-packages/airflow/example_dags/example_setup_teardown.py for tasks to queue
[2025-03-04T08:13:41.205+0000] {logging_mixin.py:190} INFO - [2025-03-04T08:13:41.204+0000] {dagbag.py:588} INFO - Filling up the DagBag from /home/airflow/.local/lib/python3.12/site-packages/airflow/example_dags/example_setup_teardown.py
[2025-03-04T08:13:41.222+0000] {processor.py:925} INFO - DAG(s) 'example_setup_teardown' retrieved from /home/airflow/.local/lib/python3.12/site-packages/airflow/example_dags/example_setup_teardown.py
[2025-03-04T08:13:41.268+0000] {logging_mixin.py:190} INFO - [2025-03-04T08:13:41.268+0000] {dag.py:3239} INFO - Sync 1 DAGs
[2025-03-04T08:13:41.307+0000] {logging_mixin.py:190} INFO - [2025-03-04T08:13:41.307+0000] {dag.py:4180} INFO - Setting next_dagrun for example_setup_teardown to None, run_after=None
[2025-03-04T08:13:41.354+0000] {processor.py:208} INFO - Processing /home/airflow/.local/lib/python3.12/site-packages/airflow/example_dags/example_setup_teardown.py took 0.165 seconds
[2025-03-04T08:14:11.733+0000] {processor.py:186} INFO - Started process (PID=260) to work on /home/airflow/.local/lib/python3.12/site-packages/airflow/example_dags/example_setup_teardown.py
[2025-03-04T08:14:11.735+0000] {processor.py:914} INFO - Processing file /home/airflow/.local/lib/python3.12/site-packages/airflow/example_dags/example_setup_teardown.py for tasks to queue
[2025-03-04T08:14:11.744+0000] {logging_mixin.py:190} INFO - [2025-03-04T08:14:11.742+0000] {dagbag.py:588} INFO - Filling up the DagBag from /home/airflow/.local/lib/python3.12/site-packages/airflow/example_dags/example_setup_teardown.py
[2025-03-04T08:14:11.767+0000] {processor.py:925} INFO - DAG(s) 'example_setup_teardown' retrieved from /home/airflow/.local/lib/python3.12/site-packages/airflow/example_dags/example_setup_teardown.py
[2025-03-04T08:14:11.827+0000] {logging_mixin.py:190} INFO - [2025-03-04T08:14:11.826+0000] {dag.py:3239} INFO - Sync 1 DAGs
[2025-03-04T08:14:11.867+0000] {logging_mixin.py:190} INFO - [2025-03-04T08:14:11.866+0000] {dag.py:4180} INFO - Setting next_dagrun for example_setup_teardown to None, run_after=None
[2025-03-04T08:14:11.923+0000] {processor.py:208} INFO - Processing /home/airflow/.local/lib/python3.12/site-packages/airflow/example_dags/example_setup_teardown.py took 0.207 seconds
[2025-03-04T08:14:42.670+0000] {processor.py:186} INFO - Started process (PID=327) to work on /home/airflow/.local/lib/python3.12/site-packages/airflow/example_dags/example_setup_teardown.py
[2025-03-04T08:14:42.672+0000] {processor.py:914} INFO - Processing file /home/airflow/.local/lib/python3.12/site-packages/airflow/example_dags/example_setup_teardown.py for tasks to queue
[2025-03-04T08:14:42.680+0000] {logging_mixin.py:190} INFO - [2025-03-04T08:14:42.680+0000] {dagbag.py:588} INFO - Filling up the DagBag from /home/airflow/.local/lib/python3.12/site-packages/airflow/example_dags/example_setup_teardown.py
[2025-03-04T08:14:42.706+0000] {processor.py:925} INFO - DAG(s) 'example_setup_teardown' retrieved from /home/airflow/.local/lib/python3.12/site-packages/airflow/example_dags/example_setup_teardown.py
[2025-03-04T08:14:42.754+0000] {logging_mixin.py:190} INFO - [2025-03-04T08:14:42.754+0000] {dag.py:3239} INFO - Sync 1 DAGs
[2025-03-04T08:14:42.784+0000] {logging_mixin.py:190} INFO - [2025-03-04T08:14:42.784+0000] {dag.py:4180} INFO - Setting next_dagrun for example_setup_teardown to None, run_after=None
[2025-03-04T08:14:42.826+0000] {processor.py:208} INFO - Processing /home/airflow/.local/lib/python3.12/site-packages/airflow/example_dags/example_setup_teardown.py took 0.169 seconds
