[2025-03-04T08:12:49.325+0000] {processor.py:186} INFO - Started process (PID=100) to work on /home/airflow/.local/lib/python3.12/site-packages/airflow/example_dags/example_display_name.py
[2025-03-04T08:12:49.328+0000] {processor.py:914} INFO - Processing file /home/airflow/.local/lib/python3.12/site-packages/airflow/example_dags/example_display_name.py for tasks to queue
[2025-03-04T08:12:49.334+0000] {logging_mixin.py:190} INFO - [2025-03-04T08:12:49.333+0000] {dagbag.py:588} INFO - Filling up the DagBag from /home/airflow/.local/lib/python3.12/site-packages/airflow/example_dags/example_display_name.py
[2025-03-04T08:12:49.354+0000] {processor.py:925} INFO - DAG(s) 'example_display_name' retrieved from /home/airflow/.local/lib/python3.12/site-packages/airflow/example_dags/example_display_name.py
[2025-03-04T08:12:49.722+0000] {logging_mixin.py:190} INFO - [2025-03-04T08:12:49.721+0000] {override.py:1912} INFO - Created Permission View: can edit on DAG:example_display_name
[2025-03-04T08:12:49.808+0000] {logging_mixin.py:190} INFO - [2025-03-04T08:12:49.808+0000] {override.py:1912} INFO - Created Permission View: can read on DAG:example_display_name
[2025-03-04T08:12:49.846+0000] {logging_mixin.py:190} INFO - [2025-03-04T08:12:49.845+0000] {override.py:1912} INFO - Created Permission View: can delete on DAG:example_display_name
[2025-03-04T08:12:49.978+0000] {logging_mixin.py:190} INFO - [2025-03-04T08:12:49.977+0000] {override.py:1912} INFO - Created Permission View: can delete on DAG Run:example_display_name
[2025-03-04T08:12:50.009+0000] {logging_mixin.py:190} INFO - [2025-03-04T08:12:50.008+0000] {override.py:1912} INFO - Created Permission View: can read on DAG Run:example_display_name
[2025-03-04T08:12:50.047+0000] {logging_mixin.py:190} INFO - [2025-03-04T08:12:50.047+0000] {override.py:1912} INFO - Created Permission View: can create on DAG Run:example_display_name
[2025-03-04T08:12:50.083+0000] {logging_mixin.py:190} INFO - [2025-03-04T08:12:50.082+0000] {override.py:1912} INFO - Created Permission View: menu access on DAG Run:example_display_name
[2025-03-04T08:12:50.088+0000] {logging_mixin.py:190} INFO - [2025-03-04T08:12:50.087+0000] {dag.py:3239} INFO - Sync 1 DAGs
[2025-03-04T08:12:50.145+0000] {logging_mixin.py:190} INFO - [2025-03-04T08:12:50.144+0000] {dag.py:3262} INFO - Creating ORM DAG for example_display_name
[2025-03-04T08:12:50.148+0000] {logging_mixin.py:190} INFO - [2025-03-04T08:12:50.147+0000] {dag.py:4180} INFO - Setting next_dagrun for example_display_name to None, run_after=None
[2025-03-04T08:12:50.196+0000] {processor.py:208} INFO - Processing /home/airflow/.local/lib/python3.12/site-packages/airflow/example_dags/example_display_name.py took 0.886 seconds
[2025-03-04T08:13:20.692+0000] {processor.py:186} INFO - Started process (PID=166) to work on /home/airflow/.local/lib/python3.12/site-packages/airflow/example_dags/example_display_name.py
[2025-03-04T08:13:20.694+0000] {processor.py:914} INFO - Processing file /home/airflow/.local/lib/python3.12/site-packages/airflow/example_dags/example_display_name.py for tasks to queue
[2025-03-04T08:13:20.698+0000] {logging_mixin.py:190} INFO - [2025-03-04T08:13:20.697+0000] {dagbag.py:588} INFO - Filling up the DagBag from /home/airflow/.local/lib/python3.12/site-packages/airflow/example_dags/example_display_name.py
[2025-03-04T08:13:20.710+0000] {processor.py:925} INFO - DAG(s) 'example_display_name' retrieved from /home/airflow/.local/lib/python3.12/site-packages/airflow/example_dags/example_display_name.py
[2025-03-04T08:13:20.741+0000] {logging_mixin.py:190} INFO - [2025-03-04T08:13:20.741+0000] {dag.py:3239} INFO - Sync 1 DAGs
[2025-03-04T08:13:20.767+0000] {logging_mixin.py:190} INFO - [2025-03-04T08:13:20.767+0000] {dag.py:4180} INFO - Setting next_dagrun for example_display_name to None, run_after=None
[2025-03-04T08:13:20.802+0000] {processor.py:208} INFO - Processing /home/airflow/.local/lib/python3.12/site-packages/airflow/example_dags/example_display_name.py took 0.118 seconds
[2025-03-04T08:13:51.598+0000] {processor.py:186} INFO - Started process (PID=233) to work on /home/airflow/.local/lib/python3.12/site-packages/airflow/example_dags/example_display_name.py
[2025-03-04T08:13:51.600+0000] {processor.py:914} INFO - Processing file /home/airflow/.local/lib/python3.12/site-packages/airflow/example_dags/example_display_name.py for tasks to queue
[2025-03-04T08:13:51.606+0000] {logging_mixin.py:190} INFO - [2025-03-04T08:13:51.605+0000] {dagbag.py:588} INFO - Filling up the DagBag from /home/airflow/.local/lib/python3.12/site-packages/airflow/example_dags/example_display_name.py
[2025-03-04T08:13:51.628+0000] {processor.py:925} INFO - DAG(s) 'example_display_name' retrieved from /home/airflow/.local/lib/python3.12/site-packages/airflow/example_dags/example_display_name.py
[2025-03-04T08:13:51.708+0000] {logging_mixin.py:190} INFO - [2025-03-04T08:13:51.707+0000] {dag.py:3239} INFO - Sync 1 DAGs
[2025-03-04T08:13:51.769+0000] {logging_mixin.py:190} INFO - [2025-03-04T08:13:51.768+0000] {dag.py:4180} INFO - Setting next_dagrun for example_display_name to None, run_after=None
[2025-03-04T08:13:51.849+0000] {processor.py:208} INFO - Processing /home/airflow/.local/lib/python3.12/site-packages/airflow/example_dags/example_display_name.py took 0.268 seconds
[2025-03-04T08:14:22.882+0000] {processor.py:186} INFO - Started process (PID=301) to work on /home/airflow/.local/lib/python3.12/site-packages/airflow/example_dags/example_display_name.py
[2025-03-04T08:14:22.884+0000] {processor.py:914} INFO - Processing file /home/airflow/.local/lib/python3.12/site-packages/airflow/example_dags/example_display_name.py for tasks to queue
[2025-03-04T08:14:22.891+0000] {logging_mixin.py:190} INFO - [2025-03-04T08:14:22.890+0000] {dagbag.py:588} INFO - Filling up the DagBag from /home/airflow/.local/lib/python3.12/site-packages/airflow/example_dags/example_display_name.py
[2025-03-04T08:14:22.909+0000] {processor.py:925} INFO - DAG(s) 'example_display_name' retrieved from /home/airflow/.local/lib/python3.12/site-packages/airflow/example_dags/example_display_name.py
[2025-03-04T08:14:22.960+0000] {logging_mixin.py:190} INFO - [2025-03-04T08:14:22.960+0000] {dag.py:3239} INFO - Sync 1 DAGs
[2025-03-04T08:14:23.006+0000] {logging_mixin.py:190} INFO - [2025-03-04T08:14:23.005+0000] {dag.py:4180} INFO - Setting next_dagrun for example_display_name to None, run_after=None
[2025-03-04T08:14:23.048+0000] {processor.py:208} INFO - Processing /home/airflow/.local/lib/python3.12/site-packages/airflow/example_dags/example_display_name.py took 0.182 seconds
