[2025-03-04T08:13:05.782+0000] {processor.py:186} INFO - Started process (PID=124) to work on /home/airflow/.local/lib/python3.12/site-packages/airflow/example_dags/example_sensor_decorator.py
[2025-03-04T08:13:05.784+0000] {processor.py:914} INFO - Processing file /home/airflow/.local/lib/python3.12/site-packages/airflow/example_dags/example_sensor_decorator.py for tasks to queue
[2025-03-04T08:13:05.789+0000] {logging_mixin.py:190} INFO - [2025-03-04T08:13:05.788+0000] {dagbag.py:588} INFO - Filling up the DagBag from /home/airflow/.local/lib/python3.12/site-packages/airflow/example_dags/example_sensor_decorator.py
[2025-03-04T08:13:05.879+0000] {processor.py:925} INFO - DAG(s) 'example_sensor_decorator' retrieved from /home/airflow/.local/lib/python3.12/site-packages/airflow/example_dags/example_sensor_decorator.py
[2025-03-04T08:13:06.165+0000] {logging_mixin.py:190} INFO - [2025-03-04T08:13:06.164+0000] {override.py:1912} INFO - Created Permission View: can edit on DAG:example_sensor_decorator
[2025-03-04T08:13:06.198+0000] {logging_mixin.py:190} INFO - [2025-03-04T08:13:06.197+0000] {override.py:1912} INFO - Created Permission View: can read on DAG:example_sensor_decorator
[2025-03-04T08:13:06.228+0000] {logging_mixin.py:190} INFO - [2025-03-04T08:13:06.227+0000] {override.py:1912} INFO - Created Permission View: can delete on DAG:example_sensor_decorator
[2025-03-04T08:13:06.273+0000] {logging_mixin.py:190} INFO - [2025-03-04T08:13:06.272+0000] {override.py:1912} INFO - Created Permission View: can delete on DAG Run:example_sensor_decorator
[2025-03-04T08:13:06.306+0000] {logging_mixin.py:190} INFO - [2025-03-04T08:13:06.305+0000] {override.py:1912} INFO - Created Permission View: can read on DAG Run:example_sensor_decorator
[2025-03-04T08:13:06.336+0000] {logging_mixin.py:190} INFO - [2025-03-04T08:13:06.336+0000] {override.py:1912} INFO - Created Permission View: can create on DAG Run:example_sensor_decorator
[2025-03-04T08:13:06.352+0000] {logging_mixin.py:190} INFO - [2025-03-04T08:13:06.351+0000] {override.py:1912} INFO - Created Permission View: menu access on DAG Run:example_sensor_decorator
[2025-03-04T08:13:06.354+0000] {logging_mixin.py:190} INFO - [2025-03-04T08:13:06.353+0000] {dag.py:3239} INFO - Sync 1 DAGs
[2025-03-04T08:13:06.385+0000] {logging_mixin.py:190} INFO - [2025-03-04T08:13:06.384+0000] {dag.py:3262} INFO - Creating ORM DAG for example_sensor_decorator
[2025-03-04T08:13:06.387+0000] {logging_mixin.py:190} INFO - [2025-03-04T08:13:06.386+0000] {dag.py:4180} INFO - Setting next_dagrun for example_sensor_decorator to None, run_after=None
[2025-03-04T08:13:06.434+0000] {processor.py:208} INFO - Processing /home/airflow/.local/lib/python3.12/site-packages/airflow/example_dags/example_sensor_decorator.py took 0.667 seconds
[2025-03-04T08:13:37.076+0000] {processor.py:186} INFO - Started process (PID=190) to work on /home/airflow/.local/lib/python3.12/site-packages/airflow/example_dags/example_sensor_decorator.py
[2025-03-04T08:13:37.087+0000] {processor.py:914} INFO - Processing file /home/airflow/.local/lib/python3.12/site-packages/airflow/example_dags/example_sensor_decorator.py for tasks to queue
[2025-03-04T08:13:37.105+0000] {logging_mixin.py:190} INFO - [2025-03-04T08:13:37.104+0000] {dagbag.py:588} INFO - Filling up the DagBag from /home/airflow/.local/lib/python3.12/site-packages/airflow/example_dags/example_sensor_decorator.py
[2025-03-04T08:13:37.147+0000] {processor.py:925} INFO - DAG(s) 'example_sensor_decorator' retrieved from /home/airflow/.local/lib/python3.12/site-packages/airflow/example_dags/example_sensor_decorator.py
[2025-03-04T08:13:37.212+0000] {logging_mixin.py:190} INFO - [2025-03-04T08:13:37.211+0000] {dag.py:3239} INFO - Sync 1 DAGs
[2025-03-04T08:13:37.267+0000] {logging_mixin.py:190} INFO - [2025-03-04T08:13:37.267+0000] {dag.py:4180} INFO - Setting next_dagrun for example_sensor_decorator to None, run_after=None
[2025-03-04T08:13:37.313+0000] {processor.py:208} INFO - Processing /home/airflow/.local/lib/python3.12/site-packages/airflow/example_dags/example_sensor_decorator.py took 0.263 seconds
[2025-03-04T08:14:07.835+0000] {processor.py:186} INFO - Started process (PID=257) to work on /home/airflow/.local/lib/python3.12/site-packages/airflow/example_dags/example_sensor_decorator.py
[2025-03-04T08:14:07.837+0000] {processor.py:914} INFO - Processing file /home/airflow/.local/lib/python3.12/site-packages/airflow/example_dags/example_sensor_decorator.py for tasks to queue
[2025-03-04T08:14:07.845+0000] {logging_mixin.py:190} INFO - [2025-03-04T08:14:07.843+0000] {dagbag.py:588} INFO - Filling up the DagBag from /home/airflow/.local/lib/python3.12/site-packages/airflow/example_dags/example_sensor_decorator.py
[2025-03-04T08:14:07.865+0000] {processor.py:925} INFO - DAG(s) 'example_sensor_decorator' retrieved from /home/airflow/.local/lib/python3.12/site-packages/airflow/example_dags/example_sensor_decorator.py
[2025-03-04T08:14:07.914+0000] {logging_mixin.py:190} INFO - [2025-03-04T08:14:07.914+0000] {dag.py:3239} INFO - Sync 1 DAGs
[2025-03-04T08:14:07.982+0000] {logging_mixin.py:190} INFO - [2025-03-04T08:14:07.980+0000] {dag.py:4180} INFO - Setting next_dagrun for example_sensor_decorator to None, run_after=None
[2025-03-04T08:14:08.071+0000] {processor.py:208} INFO - Processing /home/airflow/.local/lib/python3.12/site-packages/airflow/example_dags/example_sensor_decorator.py took 0.252 seconds
[2025-03-04T08:14:38.302+0000] {processor.py:186} INFO - Started process (PID=324) to work on /home/airflow/.local/lib/python3.12/site-packages/airflow/example_dags/example_sensor_decorator.py
[2025-03-04T08:14:38.304+0000] {processor.py:914} INFO - Processing file /home/airflow/.local/lib/python3.12/site-packages/airflow/example_dags/example_sensor_decorator.py for tasks to queue
[2025-03-04T08:14:38.311+0000] {logging_mixin.py:190} INFO - [2025-03-04T08:14:38.310+0000] {dagbag.py:588} INFO - Filling up the DagBag from /home/airflow/.local/lib/python3.12/site-packages/airflow/example_dags/example_sensor_decorator.py
[2025-03-04T08:14:38.329+0000] {processor.py:925} INFO - DAG(s) 'example_sensor_decorator' retrieved from /home/airflow/.local/lib/python3.12/site-packages/airflow/example_dags/example_sensor_decorator.py
[2025-03-04T08:14:38.366+0000] {logging_mixin.py:190} INFO - [2025-03-04T08:14:38.365+0000] {dag.py:3239} INFO - Sync 1 DAGs
[2025-03-04T08:14:38.403+0000] {logging_mixin.py:190} INFO - [2025-03-04T08:14:38.403+0000] {dag.py:4180} INFO - Setting next_dagrun for example_sensor_decorator to None, run_after=None
[2025-03-04T08:14:38.441+0000] {processor.py:208} INFO - Processing /home/airflow/.local/lib/python3.12/site-packages/airflow/example_dags/example_sensor_decorator.py took 0.152 seconds
