[2025-03-04T08:13:10.219+0000] {processor.py:186} INFO - Started process (PID=128) to work on /home/airflow/.local/lib/python3.12/site-packages/airflow/example_dags/example_params_trigger_ui.py
[2025-03-04T08:13:10.222+0000] {processor.py:914} INFO - Processing file /home/airflow/.local/lib/python3.12/site-packages/airflow/example_dags/example_params_trigger_ui.py for tasks to queue
[2025-03-04T08:13:10.238+0000] {logging_mixin.py:190} INFO - [2025-03-04T08:13:10.234+0000] {dagbag.py:588} INFO - Filling up the DagBag from /home/airflow/.local/lib/python3.12/site-packages/airflow/example_dags/example_params_trigger_ui.py
[2025-03-04T08:13:10.287+0000] {processor.py:925} INFO - DAG(s) 'example_params_trigger_ui' retrieved from /home/airflow/.local/lib/python3.12/site-packages/airflow/example_dags/example_params_trigger_ui.py
[2025-03-04T08:13:10.709+0000] {logging_mixin.py:190} INFO - [2025-03-04T08:13:10.708+0000] {override.py:1912} INFO - Created Permission View: can edit on DAG:example_params_trigger_ui
[2025-03-04T08:13:10.734+0000] {logging_mixin.py:190} INFO - [2025-03-04T08:13:10.733+0000] {override.py:1912} INFO - Created Permission View: can read on DAG:example_params_trigger_ui
[2025-03-04T08:13:10.750+0000] {logging_mixin.py:190} INFO - [2025-03-04T08:13:10.750+0000] {override.py:1912} INFO - Created Permission View: can delete on DAG:example_params_trigger_ui
[2025-03-04T08:13:10.770+0000] {logging_mixin.py:190} INFO - [2025-03-04T08:13:10.769+0000] {override.py:1912} INFO - Created Permission View: can delete on DAG Run:example_params_trigger_ui
[2025-03-04T08:13:10.787+0000] {logging_mixin.py:190} INFO - [2025-03-04T08:13:10.787+0000] {override.py:1912} INFO - Created Permission View: can read on DAG Run:example_params_trigger_ui
[2025-03-04T08:13:10.803+0000] {logging_mixin.py:190} INFO - [2025-03-04T08:13:10.803+0000] {override.py:1912} INFO - Created Permission View: can create on DAG Run:example_params_trigger_ui
[2025-03-04T08:13:10.820+0000] {logging_mixin.py:190} INFO - [2025-03-04T08:13:10.820+0000] {override.py:1912} INFO - Created Permission View: menu access on DAG Run:example_params_trigger_ui
[2025-03-04T08:13:10.822+0000] {logging_mixin.py:190} INFO - [2025-03-04T08:13:10.822+0000] {dag.py:3239} INFO - Sync 1 DAGs
[2025-03-04T08:13:10.859+0000] {logging_mixin.py:190} INFO - [2025-03-04T08:13:10.858+0000] {dag.py:3262} INFO - Creating ORM DAG for example_params_trigger_ui
[2025-03-04T08:13:10.861+0000] {logging_mixin.py:190} INFO - [2025-03-04T08:13:10.861+0000] {dag.py:4180} INFO - Setting next_dagrun for example_params_trigger_ui to None, run_after=None
[2025-03-04T08:13:10.904+0000] {processor.py:208} INFO - Processing /home/airflow/.local/lib/python3.12/site-packages/airflow/example_dags/example_params_trigger_ui.py took 0.708 seconds
[2025-03-04T08:13:41.430+0000] {processor.py:186} INFO - Started process (PID=195) to work on /home/airflow/.local/lib/python3.12/site-packages/airflow/example_dags/example_params_trigger_ui.py
[2025-03-04T08:13:41.431+0000] {processor.py:914} INFO - Processing file /home/airflow/.local/lib/python3.12/site-packages/airflow/example_dags/example_params_trigger_ui.py for tasks to queue
[2025-03-04T08:13:41.437+0000] {logging_mixin.py:190} INFO - [2025-03-04T08:13:41.436+0000] {dagbag.py:588} INFO - Filling up the DagBag from /home/airflow/.local/lib/python3.12/site-packages/airflow/example_dags/example_params_trigger_ui.py
[2025-03-04T08:13:41.458+0000] {processor.py:925} INFO - DAG(s) 'example_params_trigger_ui' retrieved from /home/airflow/.local/lib/python3.12/site-packages/airflow/example_dags/example_params_trigger_ui.py
[2025-03-04T08:13:41.562+0000] {logging_mixin.py:190} INFO - [2025-03-04T08:13:41.561+0000] {dag.py:3239} INFO - Sync 1 DAGs
[2025-03-04T08:13:41.629+0000] {logging_mixin.py:190} INFO - [2025-03-04T08:13:41.629+0000] {dag.py:4180} INFO - Setting next_dagrun for example_params_trigger_ui to None, run_after=None
[2025-03-04T08:13:41.714+0000] {processor.py:208} INFO - Processing /home/airflow/.local/lib/python3.12/site-packages/airflow/example_dags/example_params_trigger_ui.py took 0.295 seconds
[2025-03-04T08:14:12.066+0000] {processor.py:186} INFO - Started process (PID=261) to work on /home/airflow/.local/lib/python3.12/site-packages/airflow/example_dags/example_params_trigger_ui.py
[2025-03-04T08:14:12.069+0000] {processor.py:914} INFO - Processing file /home/airflow/.local/lib/python3.12/site-packages/airflow/example_dags/example_params_trigger_ui.py for tasks to queue
[2025-03-04T08:14:12.076+0000] {logging_mixin.py:190} INFO - [2025-03-04T08:14:12.075+0000] {dagbag.py:588} INFO - Filling up the DagBag from /home/airflow/.local/lib/python3.12/site-packages/airflow/example_dags/example_params_trigger_ui.py
[2025-03-04T08:14:12.124+0000] {processor.py:925} INFO - DAG(s) 'example_params_trigger_ui' retrieved from /home/airflow/.local/lib/python3.12/site-packages/airflow/example_dags/example_params_trigger_ui.py
[2025-03-04T08:14:12.299+0000] {logging_mixin.py:190} INFO - [2025-03-04T08:14:12.298+0000] {dag.py:3239} INFO - Sync 1 DAGs
[2025-03-04T08:14:12.341+0000] {logging_mixin.py:190} INFO - [2025-03-04T08:14:12.340+0000] {dag.py:4180} INFO - Setting next_dagrun for example_params_trigger_ui to None, run_after=None
[2025-03-04T08:14:12.394+0000] {processor.py:208} INFO - Processing /home/airflow/.local/lib/python3.12/site-packages/airflow/example_dags/example_params_trigger_ui.py took 0.346 seconds
[2025-03-04T08:14:42.671+0000] {processor.py:186} INFO - Started process (PID=328) to work on /home/airflow/.local/lib/python3.12/site-packages/airflow/example_dags/example_params_trigger_ui.py
[2025-03-04T08:14:42.674+0000] {processor.py:914} INFO - Processing file /home/airflow/.local/lib/python3.12/site-packages/airflow/example_dags/example_params_trigger_ui.py for tasks to queue
[2025-03-04T08:14:42.680+0000] {logging_mixin.py:190} INFO - [2025-03-04T08:14:42.680+0000] {dagbag.py:588} INFO - Filling up the DagBag from /home/airflow/.local/lib/python3.12/site-packages/airflow/example_dags/example_params_trigger_ui.py
[2025-03-04T08:14:42.713+0000] {processor.py:925} INFO - DAG(s) 'example_params_trigger_ui' retrieved from /home/airflow/.local/lib/python3.12/site-packages/airflow/example_dags/example_params_trigger_ui.py
[2025-03-04T08:14:42.820+0000] {logging_mixin.py:190} INFO - [2025-03-04T08:14:42.819+0000] {dag.py:3239} INFO - Sync 1 DAGs
[2025-03-04T08:14:42.853+0000] {logging_mixin.py:190} INFO - [2025-03-04T08:14:42.853+0000] {dag.py:4180} INFO - Setting next_dagrun for example_params_trigger_ui to None, run_after=None
[2025-03-04T08:14:42.886+0000] {processor.py:208} INFO - Processing /home/airflow/.local/lib/python3.12/site-packages/airflow/example_dags/example_params_trigger_ui.py took 0.229 seconds
