[2025-03-04T08:13:03.800+0000] {processor.py:186} INFO - Started process (PID=122) to work on /home/airflow/.local/lib/python3.12/site-packages/airflow/example_dags/example_datasets.py
[2025-03-04T08:13:03.802+0000] {processor.py:914} INFO - Processing file /home/airflow/.local/lib/python3.12/site-packages/airflow/example_dags/example_datasets.py for tasks to queue
[2025-03-04T08:13:03.808+0000] {logging_mixin.py:190} INFO - [2025-03-04T08:13:03.807+0000] {dagbag.py:588} INFO - Filling up the DagBag from /home/airflow/.local/lib/python3.12/site-packages/airflow/example_dags/example_datasets.py
[2025-03-04T08:13:05.625+0000] {processor.py:925} INFO - DAG(s) 'conditional_dataset_and_time_based_timetable', 'dataset_produces_2', 'dataset_consumes_1_never_scheduled', 'dataset_produces_1', 'dataset_consumes_1_and_2', 'consume_1_or_both_2_and_3_with_dataset_expressions', 'consume_1_or_2_with_dataset_expressions', 'dataset_consumes_1', 'consume_1_and_2_with_dataset_expressions', 'dataset_consumes_unknown_never_scheduled' retrieved from /home/airflow/.local/lib/python3.12/site-packages/airflow/example_dags/example_datasets.py
[2025-03-04T08:13:05.964+0000] {logging_mixin.py:190} INFO - [2025-03-04T08:13:05.962+0000] {override.py:1912} INFO - Created Permission View: can edit on DAG:conditional_dataset_and_time_based_timetable
[2025-03-04T08:13:06.012+0000] {logging_mixin.py:190} INFO - [2025-03-04T08:13:06.011+0000] {override.py:1912} INFO - Created Permission View: can read on DAG:conditional_dataset_and_time_based_timetable
[2025-03-04T08:13:06.042+0000] {logging_mixin.py:190} INFO - [2025-03-04T08:13:06.041+0000] {override.py:1912} INFO - Created Permission View: can delete on DAG:conditional_dataset_and_time_based_timetable
[2025-03-04T08:13:06.091+0000] {logging_mixin.py:190} INFO - [2025-03-04T08:13:06.090+0000] {override.py:1912} INFO - Created Permission View: can delete on DAG Run:conditional_dataset_and_time_based_timetable
[2025-03-04T08:13:06.120+0000] {logging_mixin.py:190} INFO - [2025-03-04T08:13:06.120+0000] {override.py:1912} INFO - Created Permission View: can read on DAG Run:conditional_dataset_and_time_based_timetable
[2025-03-04T08:13:06.156+0000] {logging_mixin.py:190} INFO - [2025-03-04T08:13:06.156+0000] {override.py:1912} INFO - Created Permission View: can create on DAG Run:conditional_dataset_and_time_based_timetable
[2025-03-04T08:13:06.196+0000] {logging_mixin.py:190} INFO - [2025-03-04T08:13:06.195+0000] {override.py:1912} INFO - Created Permission View: menu access on DAG Run:conditional_dataset_and_time_based_timetable
[2025-03-04T08:13:06.237+0000] {logging_mixin.py:190} INFO - [2025-03-04T08:13:06.237+0000] {override.py:1912} INFO - Created Permission View: can edit on DAG:dataset_produces_2
[2025-03-04T08:13:06.274+0000] {logging_mixin.py:190} INFO - [2025-03-04T08:13:06.274+0000] {override.py:1912} INFO - Created Permission View: can read on DAG:dataset_produces_2
[2025-03-04T08:13:06.335+0000] {logging_mixin.py:190} INFO - [2025-03-04T08:13:06.334+0000] {override.py:1912} INFO - Created Permission View: can delete on DAG:dataset_produces_2
[2025-03-04T08:13:06.356+0000] {logging_mixin.py:190} INFO - [2025-03-04T08:13:06.355+0000] {override.py:1912} INFO - Created Permission View: can delete on DAG Run:dataset_produces_2
[2025-03-04T08:13:06.384+0000] {logging_mixin.py:190} INFO - [2025-03-04T08:13:06.384+0000] {override.py:1912} INFO - Created Permission View: can read on DAG Run:dataset_produces_2
[2025-03-04T08:13:06.414+0000] {logging_mixin.py:190} INFO - [2025-03-04T08:13:06.414+0000] {override.py:1912} INFO - Created Permission View: can create on DAG Run:dataset_produces_2
[2025-03-04T08:13:06.432+0000] {logging_mixin.py:190} INFO - [2025-03-04T08:13:06.431+0000] {override.py:1912} INFO - Created Permission View: menu access on DAG Run:dataset_produces_2
[2025-03-04T08:13:06.493+0000] {logging_mixin.py:190} INFO - [2025-03-04T08:13:06.492+0000] {override.py:1912} INFO - Created Permission View: can edit on DAG:dataset_consumes_1_never_scheduled
[2025-03-04T08:13:06.511+0000] {logging_mixin.py:190} INFO - [2025-03-04T08:13:06.510+0000] {override.py:1912} INFO - Created Permission View: can read on DAG:dataset_consumes_1_never_scheduled
[2025-03-04T08:13:06.539+0000] {logging_mixin.py:190} INFO - [2025-03-04T08:13:06.539+0000] {override.py:1912} INFO - Created Permission View: can delete on DAG:dataset_consumes_1_never_scheduled
[2025-03-04T08:13:06.636+0000] {logging_mixin.py:190} INFO - [2025-03-04T08:13:06.635+0000] {override.py:1912} INFO - Created Permission View: can delete on DAG Run:dataset_consumes_1_never_scheduled
[2025-03-04T08:13:06.682+0000] {logging_mixin.py:190} INFO - [2025-03-04T08:13:06.681+0000] {override.py:1912} INFO - Created Permission View: can read on DAG Run:dataset_consumes_1_never_scheduled
[2025-03-04T08:13:06.715+0000] {logging_mixin.py:190} INFO - [2025-03-04T08:13:06.714+0000] {override.py:1912} INFO - Created Permission View: can create on DAG Run:dataset_consumes_1_never_scheduled
[2025-03-04T08:13:06.806+0000] {logging_mixin.py:190} INFO - [2025-03-04T08:13:06.805+0000] {override.py:1912} INFO - Created Permission View: menu access on DAG Run:dataset_consumes_1_never_scheduled
[2025-03-04T08:13:06.861+0000] {logging_mixin.py:190} INFO - [2025-03-04T08:13:06.860+0000] {override.py:1912} INFO - Created Permission View: can edit on DAG:dataset_produces_1
[2025-03-04T08:13:06.915+0000] {logging_mixin.py:190} INFO - [2025-03-04T08:13:06.914+0000] {override.py:1912} INFO - Created Permission View: can read on DAG:dataset_produces_1
[2025-03-04T08:13:06.961+0000] {logging_mixin.py:190} INFO - [2025-03-04T08:13:06.960+0000] {override.py:1912} INFO - Created Permission View: can delete on DAG:dataset_produces_1
[2025-03-04T08:13:06.992+0000] {logging_mixin.py:190} INFO - [2025-03-04T08:13:06.991+0000] {override.py:1912} INFO - Created Permission View: can delete on DAG Run:dataset_produces_1
[2025-03-04T08:13:07.020+0000] {logging_mixin.py:190} INFO - [2025-03-04T08:13:07.018+0000] {override.py:1912} INFO - Created Permission View: can read on DAG Run:dataset_produces_1
[2025-03-04T08:13:07.045+0000] {logging_mixin.py:190} INFO - [2025-03-04T08:13:07.044+0000] {override.py:1912} INFO - Created Permission View: can create on DAG Run:dataset_produces_1
[2025-03-04T08:13:07.066+0000] {logging_mixin.py:190} INFO - [2025-03-04T08:13:07.066+0000] {override.py:1912} INFO - Created Permission View: menu access on DAG Run:dataset_produces_1
[2025-03-04T08:13:07.101+0000] {logging_mixin.py:190} INFO - [2025-03-04T08:13:07.100+0000] {override.py:1912} INFO - Created Permission View: can edit on DAG:dataset_consumes_1_and_2
[2025-03-04T08:13:07.121+0000] {logging_mixin.py:190} INFO - [2025-03-04T08:13:07.120+0000] {override.py:1912} INFO - Created Permission View: can read on DAG:dataset_consumes_1_and_2
[2025-03-04T08:13:07.141+0000] {logging_mixin.py:190} INFO - [2025-03-04T08:13:07.140+0000] {override.py:1912} INFO - Created Permission View: can delete on DAG:dataset_consumes_1_and_2
[2025-03-04T08:13:07.160+0000] {logging_mixin.py:190} INFO - [2025-03-04T08:13:07.159+0000] {override.py:1912} INFO - Created Permission View: can delete on DAG Run:dataset_consumes_1_and_2
[2025-03-04T08:13:07.183+0000] {logging_mixin.py:190} INFO - [2025-03-04T08:13:07.182+0000] {override.py:1912} INFO - Created Permission View: can read on DAG Run:dataset_consumes_1_and_2
[2025-03-04T08:13:07.201+0000] {logging_mixin.py:190} INFO - [2025-03-04T08:13:07.201+0000] {override.py:1912} INFO - Created Permission View: can create on DAG Run:dataset_consumes_1_and_2
[2025-03-04T08:13:07.221+0000] {logging_mixin.py:190} INFO - [2025-03-04T08:13:07.221+0000] {override.py:1912} INFO - Created Permission View: menu access on DAG Run:dataset_consumes_1_and_2
[2025-03-04T08:13:07.259+0000] {logging_mixin.py:190} INFO - [2025-03-04T08:13:07.258+0000] {override.py:1912} INFO - Created Permission View: can edit on DAG:consume_1_or_both_2_and_3_with_dataset_expressions
[2025-03-04T08:13:07.279+0000] {logging_mixin.py:190} INFO - [2025-03-04T08:13:07.278+0000] {override.py:1912} INFO - Created Permission View: can read on DAG:consume_1_or_both_2_and_3_with_dataset_expressions
[2025-03-04T08:13:07.296+0000] {logging_mixin.py:190} INFO - [2025-03-04T08:13:07.296+0000] {override.py:1912} INFO - Created Permission View: can delete on DAG:consume_1_or_both_2_and_3_with_dataset_expressions
[2025-03-04T08:13:07.396+0000] {logging_mixin.py:190} INFO - [2025-03-04T08:13:07.395+0000] {override.py:1912} INFO - Created Permission View: can delete on DAG Run:consume_1_or_both_2_and_3_with_dataset_expressions
[2025-03-04T08:13:07.429+0000] {logging_mixin.py:190} INFO - [2025-03-04T08:13:07.428+0000] {override.py:1912} INFO - Created Permission View: can read on DAG Run:consume_1_or_both_2_and_3_with_dataset_expressions
[2025-03-04T08:13:07.461+0000] {logging_mixin.py:190} INFO - [2025-03-04T08:13:07.460+0000] {override.py:1912} INFO - Created Permission View: can create on DAG Run:consume_1_or_both_2_and_3_with_dataset_expressions
[2025-03-04T08:13:07.506+0000] {logging_mixin.py:190} INFO - [2025-03-04T08:13:07.505+0000] {override.py:1912} INFO - Created Permission View: menu access on DAG Run:consume_1_or_both_2_and_3_with_dataset_expressions
[2025-03-04T08:13:07.581+0000] {logging_mixin.py:190} INFO - [2025-03-04T08:13:07.580+0000] {override.py:1912} INFO - Created Permission View: can edit on DAG:consume_1_or_2_with_dataset_expressions
[2025-03-04T08:13:07.632+0000] {logging_mixin.py:190} INFO - [2025-03-04T08:13:07.631+0000] {override.py:1912} INFO - Created Permission View: can read on DAG:consume_1_or_2_with_dataset_expressions
[2025-03-04T08:13:07.677+0000] {logging_mixin.py:190} INFO - [2025-03-04T08:13:07.676+0000] {override.py:1912} INFO - Created Permission View: can delete on DAG:consume_1_or_2_with_dataset_expressions
[2025-03-04T08:13:07.752+0000] {logging_mixin.py:190} INFO - [2025-03-04T08:13:07.751+0000] {override.py:1912} INFO - Created Permission View: can delete on DAG Run:consume_1_or_2_with_dataset_expressions
[2025-03-04T08:13:07.832+0000] {logging_mixin.py:190} INFO - [2025-03-04T08:13:07.832+0000] {override.py:1912} INFO - Created Permission View: can read on DAG Run:consume_1_or_2_with_dataset_expressions
[2025-03-04T08:13:07.881+0000] {logging_mixin.py:190} INFO - [2025-03-04T08:13:07.881+0000] {override.py:1912} INFO - Created Permission View: can create on DAG Run:consume_1_or_2_with_dataset_expressions
[2025-03-04T08:13:07.924+0000] {logging_mixin.py:190} INFO - [2025-03-04T08:13:07.922+0000] {override.py:1912} INFO - Created Permission View: menu access on DAG Run:consume_1_or_2_with_dataset_expressions
[2025-03-04T08:13:08.046+0000] {logging_mixin.py:190} INFO - [2025-03-04T08:13:08.045+0000] {override.py:1912} INFO - Created Permission View: can edit on DAG:dataset_consumes_1
[2025-03-04T08:13:08.080+0000] {logging_mixin.py:190} INFO - [2025-03-04T08:13:08.080+0000] {override.py:1912} INFO - Created Permission View: can read on DAG:dataset_consumes_1
[2025-03-04T08:13:08.126+0000] {logging_mixin.py:190} INFO - [2025-03-04T08:13:08.125+0000] {override.py:1912} INFO - Created Permission View: can delete on DAG:dataset_consumes_1
[2025-03-04T08:13:08.190+0000] {logging_mixin.py:190} INFO - [2025-03-04T08:13:08.190+0000] {override.py:1912} INFO - Created Permission View: can delete on DAG Run:dataset_consumes_1
[2025-03-04T08:13:08.236+0000] {logging_mixin.py:190} INFO - [2025-03-04T08:13:08.235+0000] {override.py:1912} INFO - Created Permission View: can read on DAG Run:dataset_consumes_1
[2025-03-04T08:13:08.268+0000] {logging_mixin.py:190} INFO - [2025-03-04T08:13:08.267+0000] {override.py:1912} INFO - Created Permission View: can create on DAG Run:dataset_consumes_1
[2025-03-04T08:13:08.313+0000] {logging_mixin.py:190} INFO - [2025-03-04T08:13:08.313+0000] {override.py:1912} INFO - Created Permission View: menu access on DAG Run:dataset_consumes_1
[2025-03-04T08:13:08.368+0000] {logging_mixin.py:190} INFO - [2025-03-04T08:13:08.367+0000] {override.py:1912} INFO - Created Permission View: can edit on DAG:consume_1_and_2_with_dataset_expressions
[2025-03-04T08:13:08.406+0000] {logging_mixin.py:190} INFO - [2025-03-04T08:13:08.406+0000] {override.py:1912} INFO - Created Permission View: can read on DAG:consume_1_and_2_with_dataset_expressions
[2025-03-04T08:13:08.439+0000] {logging_mixin.py:190} INFO - [2025-03-04T08:13:08.438+0000] {override.py:1912} INFO - Created Permission View: can delete on DAG:consume_1_and_2_with_dataset_expressions
[2025-03-04T08:13:08.485+0000] {logging_mixin.py:190} INFO - [2025-03-04T08:13:08.485+0000] {override.py:1912} INFO - Created Permission View: can delete on DAG Run:consume_1_and_2_with_dataset_expressions
[2025-03-04T08:13:08.519+0000] {logging_mixin.py:190} INFO - [2025-03-04T08:13:08.519+0000] {override.py:1912} INFO - Created Permission View: can read on DAG Run:consume_1_and_2_with_dataset_expressions
[2025-03-04T08:13:08.564+0000] {logging_mixin.py:190} INFO - [2025-03-04T08:13:08.563+0000] {override.py:1912} INFO - Created Permission View: can create on DAG Run:consume_1_and_2_with_dataset_expressions
[2025-03-04T08:13:08.597+0000] {logging_mixin.py:190} INFO - [2025-03-04T08:13:08.596+0000] {override.py:1912} INFO - Created Permission View: menu access on DAG Run:consume_1_and_2_with_dataset_expressions
[2025-03-04T08:13:08.652+0000] {logging_mixin.py:190} INFO - [2025-03-04T08:13:08.651+0000] {override.py:1912} INFO - Created Permission View: can edit on DAG:dataset_consumes_unknown_never_scheduled
[2025-03-04T08:13:08.668+0000] {logging_mixin.py:190} INFO - [2025-03-04T08:13:08.667+0000] {override.py:1912} INFO - Created Permission View: can read on DAG:dataset_consumes_unknown_never_scheduled
[2025-03-04T08:13:08.721+0000] {logging_mixin.py:190} INFO - [2025-03-04T08:13:08.720+0000] {override.py:1912} INFO - Created Permission View: can delete on DAG:dataset_consumes_unknown_never_scheduled
[2025-03-04T08:13:08.742+0000] {logging_mixin.py:190} INFO - [2025-03-04T08:13:08.741+0000] {override.py:1912} INFO - Created Permission View: can delete on DAG Run:dataset_consumes_unknown_never_scheduled
[2025-03-04T08:13:08.787+0000] {logging_mixin.py:190} INFO - [2025-03-04T08:13:08.786+0000] {override.py:1912} INFO - Created Permission View: can read on DAG Run:dataset_consumes_unknown_never_scheduled
[2025-03-04T08:13:08.832+0000] {logging_mixin.py:190} INFO - [2025-03-04T08:13:08.831+0000] {override.py:1912} INFO - Created Permission View: can create on DAG Run:dataset_consumes_unknown_never_scheduled
[2025-03-04T08:13:08.868+0000] {logging_mixin.py:190} INFO - [2025-03-04T08:13:08.868+0000] {override.py:1912} INFO - Created Permission View: menu access on DAG Run:dataset_consumes_unknown_never_scheduled
[2025-03-04T08:13:08.871+0000] {logging_mixin.py:190} INFO - [2025-03-04T08:13:08.870+0000] {dag.py:3239} INFO - Sync 10 DAGs
[2025-03-04T08:13:08.975+0000] {logging_mixin.py:190} INFO - [2025-03-04T08:13:08.964+0000] {dag.py:3262} INFO - Creating ORM DAG for dataset_produces_1
[2025-03-04T08:13:08.982+0000] {logging_mixin.py:190} INFO - [2025-03-04T08:13:08.981+0000] {dag.py:3262} INFO - Creating ORM DAG for consume_1_or_2_with_dataset_expressions
[2025-03-04T08:13:08.985+0000] {logging_mixin.py:190} INFO - [2025-03-04T08:13:08.984+0000] {dag.py:3262} INFO - Creating ORM DAG for dataset_produces_2
[2025-03-04T08:13:08.997+0000] {logging_mixin.py:190} INFO - [2025-03-04T08:13:08.988+0000] {dag.py:3262} INFO - Creating ORM DAG for dataset_consumes_unknown_never_scheduled
[2025-03-04T08:13:09.000+0000] {logging_mixin.py:190} INFO - [2025-03-04T08:13:09.000+0000] {dag.py:3262} INFO - Creating ORM DAG for dataset_consumes_1
[2025-03-04T08:13:09.003+0000] {logging_mixin.py:190} INFO - [2025-03-04T08:13:09.002+0000] {dag.py:3262} INFO - Creating ORM DAG for dataset_consumes_1_never_scheduled
[2025-03-04T08:13:09.006+0000] {logging_mixin.py:190} INFO - [2025-03-04T08:13:09.005+0000] {dag.py:3262} INFO - Creating ORM DAG for dataset_consumes_1_and_2
[2025-03-04T08:13:09.010+0000] {logging_mixin.py:190} INFO - [2025-03-04T08:13:09.010+0000] {dag.py:3262} INFO - Creating ORM DAG for consume_1_and_2_with_dataset_expressions
[2025-03-04T08:13:09.020+0000] {logging_mixin.py:190} INFO - [2025-03-04T08:13:09.019+0000] {dag.py:3262} INFO - Creating ORM DAG for conditional_dataset_and_time_based_timetable
[2025-03-04T08:13:09.026+0000] {logging_mixin.py:190} INFO - [2025-03-04T08:13:09.025+0000] {dag.py:3262} INFO - Creating ORM DAG for consume_1_or_both_2_and_3_with_dataset_expressions
[2025-03-04T08:13:09.080+0000] {logging_mixin.py:190} INFO - [2025-03-04T08:13:09.080+0000] {dag.py:4180} INFO - Setting next_dagrun for conditional_dataset_and_time_based_timetable to 2025-02-26 01:00:00+00:00, run_after=2025-02-26 01:00:00+00:00
[2025-03-04T08:13:09.102+0000] {logging_mixin.py:190} INFO - [2025-03-04T08:13:09.101+0000] {dag.py:4180} INFO - Setting next_dagrun for consume_1_and_2_with_dataset_expressions to None, run_after=None
[2025-03-04T08:13:09.109+0000] {logging_mixin.py:190} INFO - [2025-03-04T08:13:09.108+0000] {dag.py:4180} INFO - Setting next_dagrun for consume_1_or_2_with_dataset_expressions to None, run_after=None
[2025-03-04T08:13:09.111+0000] {logging_mixin.py:190} INFO - [2025-03-04T08:13:09.111+0000] {dag.py:4180} INFO - Setting next_dagrun for consume_1_or_both_2_and_3_with_dataset_expressions to None, run_after=None
[2025-03-04T08:13:09.117+0000] {logging_mixin.py:190} INFO - [2025-03-04T08:13:09.115+0000] {dag.py:4180} INFO - Setting next_dagrun for dataset_consumes_1 to None, run_after=None
[2025-03-04T08:13:09.120+0000] {logging_mixin.py:190} INFO - [2025-03-04T08:13:09.120+0000] {dag.py:4180} INFO - Setting next_dagrun for dataset_consumes_1_and_2 to None, run_after=None
[2025-03-04T08:13:09.123+0000] {logging_mixin.py:190} INFO - [2025-03-04T08:13:09.122+0000] {dag.py:4180} INFO - Setting next_dagrun for dataset_consumes_1_never_scheduled to None, run_after=None
[2025-03-04T08:13:09.125+0000] {logging_mixin.py:190} INFO - [2025-03-04T08:13:09.125+0000] {dag.py:4180} INFO - Setting next_dagrun for dataset_consumes_unknown_never_scheduled to None, run_after=None
[2025-03-04T08:13:09.140+0000] {logging_mixin.py:190} INFO - [2025-03-04T08:13:09.139+0000] {dag.py:4180} INFO - Setting next_dagrun for dataset_produces_1 to 2025-03-03 00:00:00+00:00, run_after=2025-03-04 00:00:00+00:00
[2025-03-04T08:13:09.142+0000] {logging_mixin.py:190} INFO - [2025-03-04T08:13:09.142+0000] {dag.py:4180} INFO - Setting next_dagrun for dataset_produces_2 to None, run_after=None
[2025-03-04T08:13:09.321+0000] {processor.py:208} INFO - Processing /home/airflow/.local/lib/python3.12/site-packages/airflow/example_dags/example_datasets.py took 5.541 seconds
[2025-03-04T08:13:39.481+0000] {processor.py:186} INFO - Started process (PID=192) to work on /home/airflow/.local/lib/python3.12/site-packages/airflow/example_dags/example_datasets.py
[2025-03-04T08:13:39.483+0000] {processor.py:914} INFO - Processing file /home/airflow/.local/lib/python3.12/site-packages/airflow/example_dags/example_datasets.py for tasks to queue
[2025-03-04T08:13:39.488+0000] {logging_mixin.py:190} INFO - [2025-03-04T08:13:39.487+0000] {dagbag.py:588} INFO - Filling up the DagBag from /home/airflow/.local/lib/python3.12/site-packages/airflow/example_dags/example_datasets.py
[2025-03-04T08:13:40.673+0000] {processor.py:925} INFO - DAG(s) 'dataset_consumes_unknown_never_scheduled', 'dataset_produces_2', 'conditional_dataset_and_time_based_timetable', 'dataset_consumes_1_never_scheduled', 'consume_1_or_both_2_and_3_with_dataset_expressions', 'dataset_consumes_1_and_2', 'dataset_consumes_1', 'consume_1_or_2_with_dataset_expressions', 'dataset_produces_1', 'consume_1_and_2_with_dataset_expressions' retrieved from /home/airflow/.local/lib/python3.12/site-packages/airflow/example_dags/example_datasets.py
[2025-03-04T08:13:40.773+0000] {logging_mixin.py:190} INFO - [2025-03-04T08:13:40.773+0000] {dag.py:3239} INFO - Sync 10 DAGs
[2025-03-04T08:13:40.852+0000] {logging_mixin.py:190} INFO - [2025-03-04T08:13:40.851+0000] {dag.py:4180} INFO - Setting next_dagrun for conditional_dataset_and_time_based_timetable to 2025-02-26 01:00:00+00:00, run_after=2025-02-26 01:00:00+00:00
[2025-03-04T08:13:40.862+0000] {logging_mixin.py:190} INFO - [2025-03-04T08:13:40.862+0000] {dag.py:4180} INFO - Setting next_dagrun for consume_1_and_2_with_dataset_expressions to None, run_after=None
[2025-03-04T08:13:40.867+0000] {logging_mixin.py:190} INFO - [2025-03-04T08:13:40.866+0000] {dag.py:4180} INFO - Setting next_dagrun for consume_1_or_2_with_dataset_expressions to None, run_after=None
[2025-03-04T08:13:40.870+0000] {logging_mixin.py:190} INFO - [2025-03-04T08:13:40.870+0000] {dag.py:4180} INFO - Setting next_dagrun for consume_1_or_both_2_and_3_with_dataset_expressions to None, run_after=None
[2025-03-04T08:13:40.873+0000] {logging_mixin.py:190} INFO - [2025-03-04T08:13:40.873+0000] {dag.py:4180} INFO - Setting next_dagrun for dataset_consumes_1 to None, run_after=None
[2025-03-04T08:13:40.878+0000] {logging_mixin.py:190} INFO - [2025-03-04T08:13:40.877+0000] {dag.py:4180} INFO - Setting next_dagrun for dataset_consumes_1_and_2 to None, run_after=None
[2025-03-04T08:13:40.881+0000] {logging_mixin.py:190} INFO - [2025-03-04T08:13:40.881+0000] {dag.py:4180} INFO - Setting next_dagrun for dataset_consumes_1_never_scheduled to None, run_after=None
[2025-03-04T08:13:40.884+0000] {logging_mixin.py:190} INFO - [2025-03-04T08:13:40.884+0000] {dag.py:4180} INFO - Setting next_dagrun for dataset_consumes_unknown_never_scheduled to None, run_after=None
[2025-03-04T08:13:40.893+0000] {logging_mixin.py:190} INFO - [2025-03-04T08:13:40.892+0000] {dag.py:4180} INFO - Setting next_dagrun for dataset_produces_1 to 2025-03-03 00:00:00+00:00, run_after=2025-03-04 00:00:00+00:00
[2025-03-04T08:13:40.898+0000] {logging_mixin.py:190} INFO - [2025-03-04T08:13:40.898+0000] {dag.py:4180} INFO - Setting next_dagrun for dataset_produces_2 to None, run_after=None
[2025-03-04T08:13:41.135+0000] {processor.py:208} INFO - Processing /home/airflow/.local/lib/python3.12/site-packages/airflow/example_dags/example_datasets.py took 1.669 seconds
[2025-03-04T08:14:11.735+0000] {processor.py:186} INFO - Started process (PID=259) to work on /home/airflow/.local/lib/python3.12/site-packages/airflow/example_dags/example_datasets.py
[2025-03-04T08:14:11.737+0000] {processor.py:914} INFO - Processing file /home/airflow/.local/lib/python3.12/site-packages/airflow/example_dags/example_datasets.py for tasks to queue
[2025-03-04T08:14:11.746+0000] {logging_mixin.py:190} INFO - [2025-03-04T08:14:11.745+0000] {dagbag.py:588} INFO - Filling up the DagBag from /home/airflow/.local/lib/python3.12/site-packages/airflow/example_dags/example_datasets.py
[2025-03-04T08:14:13.665+0000] {processor.py:925} INFO - DAG(s) 'dataset_produces_2', 'dataset_produces_1', 'dataset_consumes_1_never_scheduled', 'dataset_consumes_unknown_never_scheduled', 'conditional_dataset_and_time_based_timetable', 'dataset_consumes_1', 'consume_1_and_2_with_dataset_expressions', 'consume_1_or_2_with_dataset_expressions', 'consume_1_or_both_2_and_3_with_dataset_expressions', 'dataset_consumes_1_and_2' retrieved from /home/airflow/.local/lib/python3.12/site-packages/airflow/example_dags/example_datasets.py
[2025-03-04T08:14:13.798+0000] {logging_mixin.py:190} INFO - [2025-03-04T08:14:13.798+0000] {dag.py:3239} INFO - Sync 10 DAGs
[2025-03-04T08:14:13.915+0000] {logging_mixin.py:190} INFO - [2025-03-04T08:14:13.913+0000] {dag.py:4180} INFO - Setting next_dagrun for conditional_dataset_and_time_based_timetable to 2025-02-26 01:00:00+00:00, run_after=2025-02-26 01:00:00+00:00
[2025-03-04T08:14:13.936+0000] {logging_mixin.py:190} INFO - [2025-03-04T08:14:13.935+0000] {dag.py:4180} INFO - Setting next_dagrun for consume_1_and_2_with_dataset_expressions to None, run_after=None
[2025-03-04T08:14:13.943+0000] {logging_mixin.py:190} INFO - [2025-03-04T08:14:13.942+0000] {dag.py:4180} INFO - Setting next_dagrun for consume_1_or_2_with_dataset_expressions to None, run_after=None
[2025-03-04T08:14:13.950+0000] {logging_mixin.py:190} INFO - [2025-03-04T08:14:13.948+0000] {dag.py:4180} INFO - Setting next_dagrun for consume_1_or_both_2_and_3_with_dataset_expressions to None, run_after=None
[2025-03-04T08:14:13.959+0000] {logging_mixin.py:190} INFO - [2025-03-04T08:14:13.958+0000] {dag.py:4180} INFO - Setting next_dagrun for dataset_consumes_1 to None, run_after=None
[2025-03-04T08:14:13.963+0000] {logging_mixin.py:190} INFO - [2025-03-04T08:14:13.963+0000] {dag.py:4180} INFO - Setting next_dagrun for dataset_consumes_1_and_2 to None, run_after=None
[2025-03-04T08:14:13.967+0000] {logging_mixin.py:190} INFO - [2025-03-04T08:14:13.966+0000] {dag.py:4180} INFO - Setting next_dagrun for dataset_consumes_1_never_scheduled to None, run_after=None
[2025-03-04T08:14:13.976+0000] {logging_mixin.py:190} INFO - [2025-03-04T08:14:13.976+0000] {dag.py:4180} INFO - Setting next_dagrun for dataset_consumes_unknown_never_scheduled to None, run_after=None
[2025-03-04T08:14:13.985+0000] {logging_mixin.py:190} INFO - [2025-03-04T08:14:13.985+0000] {dag.py:4180} INFO - Setting next_dagrun for dataset_produces_1 to 2025-03-03 00:00:00+00:00, run_after=2025-03-04 00:00:00+00:00
[2025-03-04T08:14:13.992+0000] {logging_mixin.py:190} INFO - [2025-03-04T08:14:13.991+0000] {dag.py:4180} INFO - Setting next_dagrun for dataset_produces_2 to None, run_after=None
[2025-03-04T08:14:14.114+0000] {processor.py:208} INFO - Processing /home/airflow/.local/lib/python3.12/site-packages/airflow/example_dags/example_datasets.py took 2.398 seconds
[2025-03-04T08:14:44.995+0000] {processor.py:186} INFO - Started process (PID=329) to work on /home/airflow/.local/lib/python3.12/site-packages/airflow/example_dags/example_datasets.py
[2025-03-04T08:14:44.998+0000] {processor.py:914} INFO - Processing file /home/airflow/.local/lib/python3.12/site-packages/airflow/example_dags/example_datasets.py for tasks to queue
[2025-03-04T08:14:45.008+0000] {logging_mixin.py:190} INFO - [2025-03-04T08:14:45.007+0000] {dagbag.py:588} INFO - Filling up the DagBag from /home/airflow/.local/lib/python3.12/site-packages/airflow/example_dags/example_datasets.py
[2025-03-04T08:14:46.431+0000] {processor.py:925} INFO - DAG(s) 'dataset_consumes_1', 'dataset_consumes_1_never_scheduled', 'dataset_produces_2', 'dataset_consumes_1_and_2', 'conditional_dataset_and_time_based_timetable', 'consume_1_or_both_2_and_3_with_dataset_expressions', 'dataset_produces_1', 'dataset_consumes_unknown_never_scheduled', 'consume_1_or_2_with_dataset_expressions', 'consume_1_and_2_with_dataset_expressions' retrieved from /home/airflow/.local/lib/python3.12/site-packages/airflow/example_dags/example_datasets.py
[2025-03-04T08:14:46.528+0000] {logging_mixin.py:190} INFO - [2025-03-04T08:14:46.528+0000] {dag.py:3239} INFO - Sync 10 DAGs
[2025-03-04T08:14:46.588+0000] {logging_mixin.py:190} INFO - [2025-03-04T08:14:46.588+0000] {dag.py:4180} INFO - Setting next_dagrun for conditional_dataset_and_time_based_timetable to 2025-02-26 01:00:00+00:00, run_after=2025-02-26 01:00:00+00:00
[2025-03-04T08:14:46.597+0000] {logging_mixin.py:190} INFO - [2025-03-04T08:14:46.596+0000] {dag.py:4180} INFO - Setting next_dagrun for consume_1_and_2_with_dataset_expressions to None, run_after=None
[2025-03-04T08:14:46.601+0000] {logging_mixin.py:190} INFO - [2025-03-04T08:14:46.600+0000] {dag.py:4180} INFO - Setting next_dagrun for consume_1_or_2_with_dataset_expressions to None, run_after=None
[2025-03-04T08:14:46.604+0000] {logging_mixin.py:190} INFO - [2025-03-04T08:14:46.604+0000] {dag.py:4180} INFO - Setting next_dagrun for consume_1_or_both_2_and_3_with_dataset_expressions to None, run_after=None
[2025-03-04T08:14:46.608+0000] {logging_mixin.py:190} INFO - [2025-03-04T08:14:46.608+0000] {dag.py:4180} INFO - Setting next_dagrun for dataset_consumes_1 to None, run_after=None
[2025-03-04T08:14:46.612+0000] {logging_mixin.py:190} INFO - [2025-03-04T08:14:46.611+0000] {dag.py:4180} INFO - Setting next_dagrun for dataset_consumes_1_and_2 to None, run_after=None
[2025-03-04T08:14:46.615+0000] {logging_mixin.py:190} INFO - [2025-03-04T08:14:46.615+0000] {dag.py:4180} INFO - Setting next_dagrun for dataset_consumes_1_never_scheduled to None, run_after=None
[2025-03-04T08:14:46.619+0000] {logging_mixin.py:190} INFO - [2025-03-04T08:14:46.618+0000] {dag.py:4180} INFO - Setting next_dagrun for dataset_consumes_unknown_never_scheduled to None, run_after=None
[2025-03-04T08:14:46.626+0000] {logging_mixin.py:190} INFO - [2025-03-04T08:14:46.625+0000] {dag.py:4180} INFO - Setting next_dagrun for dataset_produces_1 to 2025-03-03 00:00:00+00:00, run_after=2025-03-04 00:00:00+00:00
[2025-03-04T08:14:46.631+0000] {logging_mixin.py:190} INFO - [2025-03-04T08:14:46.630+0000] {dag.py:4180} INFO - Setting next_dagrun for dataset_produces_2 to None, run_after=None
[2025-03-04T08:14:46.711+0000] {processor.py:208} INFO - Processing /home/airflow/.local/lib/python3.12/site-packages/airflow/example_dags/example_datasets.py took 1.737 seconds
