[2025-03-04T08:13:14.609+0000] {processor.py:186} INFO - Started process (PID=138) to work on /home/airflow/.local/lib/python3.12/site-packages/airflow/example_dags/example_trigger_target_dag.py
[2025-03-04T08:13:14.612+0000] {processor.py:914} INFO - Processing file /home/airflow/.local/lib/python3.12/site-packages/airflow/example_dags/example_trigger_target_dag.py for tasks to queue
[2025-03-04T08:13:14.619+0000] {logging_mixin.py:190} INFO - [2025-03-04T08:13:14.618+0000] {dagbag.py:588} INFO - Filling up the DagBag from /home/airflow/.local/lib/python3.12/site-packages/airflow/example_dags/example_trigger_target_dag.py
[2025-03-04T08:13:14.642+0000] {processor.py:925} INFO - DAG(s) 'example_trigger_target_dag' retrieved from /home/airflow/.local/lib/python3.12/site-packages/airflow/example_dags/example_trigger_target_dag.py
[2025-03-04T08:13:14.854+0000] {logging_mixin.py:190} INFO - [2025-03-04T08:13:14.853+0000] {override.py:1912} INFO - Created Permission View: can edit on DAG:example_trigger_target_dag
[2025-03-04T08:13:14.878+0000] {logging_mixin.py:190} INFO - [2025-03-04T08:13:14.878+0000] {override.py:1912} INFO - Created Permission View: can read on DAG:example_trigger_target_dag
[2025-03-04T08:13:14.894+0000] {logging_mixin.py:190} INFO - [2025-03-04T08:13:14.893+0000] {override.py:1912} INFO - Created Permission View: can delete on DAG:example_trigger_target_dag
[2025-03-04T08:13:14.911+0000] {logging_mixin.py:190} INFO - [2025-03-04T08:13:14.910+0000] {override.py:1912} INFO - Created Permission View: can delete on DAG Run:example_trigger_target_dag
[2025-03-04T08:13:14.927+0000] {logging_mixin.py:190} INFO - [2025-03-04T08:13:14.927+0000] {override.py:1912} INFO - Created Permission View: can read on DAG Run:example_trigger_target_dag
[2025-03-04T08:13:14.942+0000] {logging_mixin.py:190} INFO - [2025-03-04T08:13:14.942+0000] {override.py:1912} INFO - Created Permission View: can create on DAG Run:example_trigger_target_dag
[2025-03-04T08:13:14.959+0000] {logging_mixin.py:190} INFO - [2025-03-04T08:13:14.958+0000] {override.py:1912} INFO - Created Permission View: menu access on DAG Run:example_trigger_target_dag
[2025-03-04T08:13:14.960+0000] {logging_mixin.py:190} INFO - [2025-03-04T08:13:14.960+0000] {dag.py:3239} INFO - Sync 1 DAGs
[2025-03-04T08:13:14.991+0000] {logging_mixin.py:190} INFO - [2025-03-04T08:13:14.990+0000] {dag.py:3262} INFO - Creating ORM DAG for example_trigger_target_dag
[2025-03-04T08:13:14.992+0000] {logging_mixin.py:190} INFO - [2025-03-04T08:13:14.992+0000] {dag.py:4180} INFO - Setting next_dagrun for example_trigger_target_dag to None, run_after=None
[2025-03-04T08:13:15.025+0000] {processor.py:208} INFO - Processing /home/airflow/.local/lib/python3.12/site-packages/airflow/example_dags/example_trigger_target_dag.py took 0.437 seconds
[2025-03-04T08:13:45.951+0000] {processor.py:186} INFO - Started process (PID=205) to work on /home/airflow/.local/lib/python3.12/site-packages/airflow/example_dags/example_trigger_target_dag.py
[2025-03-04T08:13:45.954+0000] {processor.py:914} INFO - Processing file /home/airflow/.local/lib/python3.12/site-packages/airflow/example_dags/example_trigger_target_dag.py for tasks to queue
[2025-03-04T08:13:45.975+0000] {logging_mixin.py:190} INFO - [2025-03-04T08:13:45.974+0000] {dagbag.py:588} INFO - Filling up the DagBag from /home/airflow/.local/lib/python3.12/site-packages/airflow/example_dags/example_trigger_target_dag.py
[2025-03-04T08:13:46.010+0000] {processor.py:925} INFO - DAG(s) 'example_trigger_target_dag' retrieved from /home/airflow/.local/lib/python3.12/site-packages/airflow/example_dags/example_trigger_target_dag.py
[2025-03-04T08:13:46.104+0000] {logging_mixin.py:190} INFO - [2025-03-04T08:13:46.104+0000] {dag.py:3239} INFO - Sync 1 DAGs
[2025-03-04T08:13:46.185+0000] {logging_mixin.py:190} INFO - [2025-03-04T08:13:46.184+0000] {dag.py:4180} INFO - Setting next_dagrun for example_trigger_target_dag to None, run_after=None
[2025-03-04T08:13:46.263+0000] {processor.py:208} INFO - Processing /home/airflow/.local/lib/python3.12/site-packages/airflow/example_dags/example_trigger_target_dag.py took 0.332 seconds
[2025-03-04T08:14:16.935+0000] {processor.py:186} INFO - Started process (PID=272) to work on /home/airflow/.local/lib/python3.12/site-packages/airflow/example_dags/example_trigger_target_dag.py
[2025-03-04T08:14:16.938+0000] {processor.py:914} INFO - Processing file /home/airflow/.local/lib/python3.12/site-packages/airflow/example_dags/example_trigger_target_dag.py for tasks to queue
[2025-03-04T08:14:16.947+0000] {logging_mixin.py:190} INFO - [2025-03-04T08:14:16.946+0000] {dagbag.py:588} INFO - Filling up the DagBag from /home/airflow/.local/lib/python3.12/site-packages/airflow/example_dags/example_trigger_target_dag.py
[2025-03-04T08:14:16.972+0000] {processor.py:925} INFO - DAG(s) 'example_trigger_target_dag' retrieved from /home/airflow/.local/lib/python3.12/site-packages/airflow/example_dags/example_trigger_target_dag.py
[2025-03-04T08:14:17.016+0000] {logging_mixin.py:190} INFO - [2025-03-04T08:14:17.015+0000] {dag.py:3239} INFO - Sync 1 DAGs
[2025-03-04T08:14:17.048+0000] {logging_mixin.py:190} INFO - [2025-03-04T08:14:17.048+0000] {dag.py:4180} INFO - Setting next_dagrun for example_trigger_target_dag to None, run_after=None
[2025-03-04T08:14:17.097+0000] {processor.py:208} INFO - Processing /home/airflow/.local/lib/python3.12/site-packages/airflow/example_dags/example_trigger_target_dag.py took 0.183 seconds
[2025-03-04T08:14:48.598+0000] {processor.py:186} INFO - Started process (PID=348) to work on /home/airflow/.local/lib/python3.12/site-packages/airflow/example_dags/example_trigger_target_dag.py
[2025-03-04T08:14:48.600+0000] {processor.py:914} INFO - Processing file /home/airflow/.local/lib/python3.12/site-packages/airflow/example_dags/example_trigger_target_dag.py for tasks to queue
[2025-03-04T08:14:48.604+0000] {logging_mixin.py:190} INFO - [2025-03-04T08:14:48.604+0000] {dagbag.py:588} INFO - Filling up the DagBag from /home/airflow/.local/lib/python3.12/site-packages/airflow/example_dags/example_trigger_target_dag.py
[2025-03-04T08:14:48.618+0000] {processor.py:925} INFO - DAG(s) 'example_trigger_target_dag' retrieved from /home/airflow/.local/lib/python3.12/site-packages/airflow/example_dags/example_trigger_target_dag.py
[2025-03-04T08:14:48.660+0000] {logging_mixin.py:190} INFO - [2025-03-04T08:14:48.660+0000] {dag.py:3239} INFO - Sync 1 DAGs
[2025-03-04T08:14:48.709+0000] {logging_mixin.py:190} INFO - [2025-03-04T08:14:48.709+0000] {dag.py:4180} INFO - Setting next_dagrun for example_trigger_target_dag to None, run_after=None
[2025-03-04T08:14:48.758+0000] {processor.py:208} INFO - Processing /home/airflow/.local/lib/python3.12/site-packages/airflow/example_dags/example_trigger_target_dag.py took 0.170 seconds
