[2025-03-04T08:13:15.118+0000] {processor.py:186} INFO - Started process (PID=140) to work on /home/airflow/.local/lib/python3.12/site-packages/airflow/example_dags/example_sensors.py
[2025-03-04T08:13:15.120+0000] {processor.py:914} INFO - Processing file /home/airflow/.local/lib/python3.12/site-packages/airflow/example_dags/example_sensors.py for tasks to queue
[2025-03-04T08:13:15.126+0000] {logging_mixin.py:190} INFO - [2025-03-04T08:13:15.125+0000] {dagbag.py:588} INFO - Filling up the DagBag from /home/airflow/.local/lib/python3.12/site-packages/airflow/example_dags/example_sensors.py
[2025-03-04T08:13:15.154+0000] {processor.py:925} INFO - DAG(s) 'example_sensors' retrieved from /home/airflow/.local/lib/python3.12/site-packages/airflow/example_dags/example_sensors.py
[2025-03-04T08:13:15.405+0000] {logging_mixin.py:190} INFO - [2025-03-04T08:13:15.404+0000] {override.py:1912} INFO - Created Permission View: can edit on DAG:example_sensors
[2025-03-04T08:13:15.427+0000] {logging_mixin.py:190} INFO - [2025-03-04T08:13:15.426+0000] {override.py:1912} INFO - Created Permission View: can read on DAG:example_sensors
[2025-03-04T08:13:15.444+0000] {logging_mixin.py:190} INFO - [2025-03-04T08:13:15.443+0000] {override.py:1912} INFO - Created Permission View: can delete on DAG:example_sensors
[2025-03-04T08:13:15.461+0000] {logging_mixin.py:190} INFO - [2025-03-04T08:13:15.460+0000] {override.py:1912} INFO - Created Permission View: can delete on DAG Run:example_sensors
[2025-03-04T08:13:15.504+0000] {logging_mixin.py:190} INFO - [2025-03-04T08:13:15.503+0000] {override.py:1912} INFO - Created Permission View: can read on DAG Run:example_sensors
[2025-03-04T08:13:15.518+0000] {logging_mixin.py:190} INFO - [2025-03-04T08:13:15.518+0000] {override.py:1912} INFO - Created Permission View: can create on DAG Run:example_sensors
[2025-03-04T08:13:15.536+0000] {logging_mixin.py:190} INFO - [2025-03-04T08:13:15.535+0000] {override.py:1912} INFO - Created Permission View: menu access on DAG Run:example_sensors
[2025-03-04T08:13:15.537+0000] {logging_mixin.py:190} INFO - [2025-03-04T08:13:15.537+0000] {dag.py:3239} INFO - Sync 1 DAGs
[2025-03-04T08:13:15.566+0000] {logging_mixin.py:190} INFO - [2025-03-04T08:13:15.566+0000] {dag.py:3262} INFO - Creating ORM DAG for example_sensors
[2025-03-04T08:13:15.569+0000] {logging_mixin.py:190} INFO - [2025-03-04T08:13:15.568+0000] {dag.py:4180} INFO - Setting next_dagrun for example_sensors to None, run_after=None
[2025-03-04T08:13:15.604+0000] {processor.py:208} INFO - Processing /home/airflow/.local/lib/python3.12/site-packages/airflow/example_dags/example_sensors.py took 0.500 seconds
[2025-03-04T08:13:46.620+0000] {processor.py:186} INFO - Started process (PID=209) to work on /home/airflow/.local/lib/python3.12/site-packages/airflow/example_dags/example_sensors.py
[2025-03-04T08:13:46.623+0000] {processor.py:914} INFO - Processing file /home/airflow/.local/lib/python3.12/site-packages/airflow/example_dags/example_sensors.py for tasks to queue
[2025-03-04T08:13:46.642+0000] {logging_mixin.py:190} INFO - [2025-03-04T08:13:46.641+0000] {dagbag.py:588} INFO - Filling up the DagBag from /home/airflow/.local/lib/python3.12/site-packages/airflow/example_dags/example_sensors.py
[2025-03-04T08:13:46.673+0000] {processor.py:925} INFO - DAG(s) 'example_sensors' retrieved from /home/airflow/.local/lib/python3.12/site-packages/airflow/example_dags/example_sensors.py
[2025-03-04T08:13:46.784+0000] {logging_mixin.py:190} INFO - [2025-03-04T08:13:46.784+0000] {dag.py:3239} INFO - Sync 1 DAGs
[2025-03-04T08:13:46.844+0000] {logging_mixin.py:190} INFO - [2025-03-04T08:13:46.843+0000] {dag.py:4180} INFO - Setting next_dagrun for example_sensors to None, run_after=None
[2025-03-04T08:13:46.908+0000] {processor.py:208} INFO - Processing /home/airflow/.local/lib/python3.12/site-packages/airflow/example_dags/example_sensors.py took 0.301 seconds
[2025-03-04T08:14:17.768+0000] {processor.py:186} INFO - Started process (PID=276) to work on /home/airflow/.local/lib/python3.12/site-packages/airflow/example_dags/example_sensors.py
[2025-03-04T08:14:17.773+0000] {processor.py:914} INFO - Processing file /home/airflow/.local/lib/python3.12/site-packages/airflow/example_dags/example_sensors.py for tasks to queue
[2025-03-04T08:14:17.781+0000] {logging_mixin.py:190} INFO - [2025-03-04T08:14:17.780+0000] {dagbag.py:588} INFO - Filling up the DagBag from /home/airflow/.local/lib/python3.12/site-packages/airflow/example_dags/example_sensors.py
[2025-03-04T08:14:17.824+0000] {processor.py:925} INFO - DAG(s) 'example_sensors' retrieved from /home/airflow/.local/lib/python3.12/site-packages/airflow/example_dags/example_sensors.py
[2025-03-04T08:14:17.885+0000] {logging_mixin.py:190} INFO - [2025-03-04T08:14:17.884+0000] {dag.py:3239} INFO - Sync 1 DAGs
[2025-03-04T08:14:17.938+0000] {logging_mixin.py:190} INFO - [2025-03-04T08:14:17.937+0000] {dag.py:4180} INFO - Setting next_dagrun for example_sensors to None, run_after=None
[2025-03-04T08:14:17.997+0000] {processor.py:208} INFO - Processing /home/airflow/.local/lib/python3.12/site-packages/airflow/example_dags/example_sensors.py took 0.248 seconds
[2025-03-04T08:14:48.870+0000] {processor.py:186} INFO - Started process (PID=350) to work on /home/airflow/.local/lib/python3.12/site-packages/airflow/example_dags/example_sensors.py
[2025-03-04T08:14:48.872+0000] {processor.py:914} INFO - Processing file /home/airflow/.local/lib/python3.12/site-packages/airflow/example_dags/example_sensors.py for tasks to queue
[2025-03-04T08:14:48.877+0000] {logging_mixin.py:190} INFO - [2025-03-04T08:14:48.876+0000] {dagbag.py:588} INFO - Filling up the DagBag from /home/airflow/.local/lib/python3.12/site-packages/airflow/example_dags/example_sensors.py
[2025-03-04T08:14:48.899+0000] {processor.py:925} INFO - DAG(s) 'example_sensors' retrieved from /home/airflow/.local/lib/python3.12/site-packages/airflow/example_dags/example_sensors.py
[2025-03-04T08:14:48.948+0000] {logging_mixin.py:190} INFO - [2025-03-04T08:14:48.948+0000] {dag.py:3239} INFO - Sync 1 DAGs
[2025-03-04T08:14:48.982+0000] {logging_mixin.py:190} INFO - [2025-03-04T08:14:48.982+0000] {dag.py:4180} INFO - Setting next_dagrun for example_sensors to None, run_after=None
[2025-03-04T08:14:49.021+0000] {processor.py:208} INFO - Processing /home/airflow/.local/lib/python3.12/site-packages/airflow/example_dags/example_sensors.py took 0.164 seconds
