[2025-03-04T08:12:52.723+0000] {processor.py:186} INFO - Started process (PID=104) to work on /home/airflow/.local/lib/python3.12/site-packages/airflow/example_dags/example_subdag_operator.py
[2025-03-04T08:12:52.725+0000] {processor.py:914} INFO - Processing file /home/airflow/.local/lib/python3.12/site-packages/airflow/example_dags/example_subdag_operator.py for tasks to queue
[2025-03-04T08:12:52.731+0000] {logging_mixin.py:190} INFO - [2025-03-04T08:12:52.730+0000] {dagbag.py:588} INFO - Filling up the DagBag from /home/airflow/.local/lib/python3.12/site-packages/airflow/example_dags/example_subdag_operator.py
[2025-03-04T08:12:52.790+0000] {processor.py:925} INFO - DAG(s) 'example_subdag_operator.section-1', 'example_subdag_operator.section-2', 'example_subdag_operator' retrieved from /home/airflow/.local/lib/python3.12/site-packages/airflow/example_dags/example_subdag_operator.py
[2025-03-04T08:12:53.053+0000] {logging_mixin.py:190} INFO - [2025-03-04T08:12:53.051+0000] {override.py:1912} INFO - Created Permission View: can edit on DAG:example_subdag_operator
[2025-03-04T08:12:53.113+0000] {logging_mixin.py:190} INFO - [2025-03-04T08:12:53.112+0000] {override.py:1912} INFO - Created Permission View: can read on DAG:example_subdag_operator
[2025-03-04T08:12:53.145+0000] {logging_mixin.py:190} INFO - [2025-03-04T08:12:53.143+0000] {override.py:1912} INFO - Created Permission View: can delete on DAG:example_subdag_operator
[2025-03-04T08:12:53.205+0000] {logging_mixin.py:190} INFO - [2025-03-04T08:12:53.204+0000] {override.py:1912} INFO - Created Permission View: can delete on DAG Run:example_subdag_operator
[2025-03-04T08:12:53.239+0000] {logging_mixin.py:190} INFO - [2025-03-04T08:12:53.238+0000] {override.py:1912} INFO - Created Permission View: can read on DAG Run:example_subdag_operator
[2025-03-04T08:12:53.269+0000] {logging_mixin.py:190} INFO - [2025-03-04T08:12:53.268+0000] {override.py:1912} INFO - Created Permission View: can create on DAG Run:example_subdag_operator
[2025-03-04T08:12:53.288+0000] {logging_mixin.py:190} INFO - [2025-03-04T08:12:53.288+0000] {override.py:1912} INFO - Created Permission View: menu access on DAG Run:example_subdag_operator
[2025-03-04T08:12:53.290+0000] {logging_mixin.py:190} INFO - [2025-03-04T08:12:53.289+0000] {dag.py:3239} INFO - Sync 3 DAGs
[2025-03-04T08:12:53.322+0000] {logging_mixin.py:190} INFO - [2025-03-04T08:12:53.322+0000] {dag.py:3262} INFO - Creating ORM DAG for example_subdag_operator.section-2
[2025-03-04T08:12:53.324+0000] {logging_mixin.py:190} INFO - [2025-03-04T08:12:53.323+0000] {dag.py:3262} INFO - Creating ORM DAG for example_subdag_operator.section-1
[2025-03-04T08:12:53.325+0000] {logging_mixin.py:190} INFO - [2025-03-04T08:12:53.325+0000] {dag.py:3262} INFO - Creating ORM DAG for example_subdag_operator
[2025-03-04T08:12:53.363+0000] {logging_mixin.py:190} INFO - [2025-03-04T08:12:53.363+0000] {dag.py:4180} INFO - Setting next_dagrun for example_subdag_operator to 2022-01-01 00:00:00+00:00, run_after=2022-01-01 00:00:00+00:00
[2025-03-04T08:12:53.366+0000] {logging_mixin.py:190} INFO - [2025-03-04T08:12:53.365+0000] {dag.py:4180} INFO - Setting next_dagrun for example_subdag_operator.section-1 to None, run_after=None
[2025-03-04T08:12:53.367+0000] {logging_mixin.py:190} INFO - [2025-03-04T08:12:53.367+0000] {dag.py:4180} INFO - Setting next_dagrun for example_subdag_operator.section-2 to None, run_after=None
[2025-03-04T08:12:53.385+0000] {logging_mixin.py:190} INFO - [2025-03-04T08:12:53.384+0000] {dag.py:3239} INFO - Sync 2 DAGs
[2025-03-04T08:12:53.398+0000] {logging_mixin.py:190} INFO - [2025-03-04T08:12:53.398+0000] {dag.py:4180} INFO - Setting next_dagrun for example_subdag_operator.section-1 to None, run_after=None
[2025-03-04T08:12:53.404+0000] {logging_mixin.py:190} INFO - [2025-03-04T08:12:53.404+0000] {dag.py:4180} INFO - Setting next_dagrun for example_subdag_operator.section-2 to None, run_after=None
[2025-03-04T08:12:53.437+0000] {processor.py:208} INFO - Processing /home/airflow/.local/lib/python3.12/site-packages/airflow/example_dags/example_subdag_operator.py took 0.724 seconds
[2025-03-04T08:13:23.991+0000] {processor.py:186} INFO - Started process (PID=170) to work on /home/airflow/.local/lib/python3.12/site-packages/airflow/example_dags/example_subdag_operator.py
[2025-03-04T08:13:23.993+0000] {processor.py:914} INFO - Processing file /home/airflow/.local/lib/python3.12/site-packages/airflow/example_dags/example_subdag_operator.py for tasks to queue
[2025-03-04T08:13:23.997+0000] {logging_mixin.py:190} INFO - [2025-03-04T08:13:23.997+0000] {dagbag.py:588} INFO - Filling up the DagBag from /home/airflow/.local/lib/python3.12/site-packages/airflow/example_dags/example_subdag_operator.py
[2025-03-04T08:13:24.050+0000] {processor.py:925} INFO - DAG(s) 'example_subdag_operator.section-1', 'example_subdag_operator.section-2', 'example_subdag_operator' retrieved from /home/airflow/.local/lib/python3.12/site-packages/airflow/example_dags/example_subdag_operator.py
[2025-03-04T08:13:24.086+0000] {logging_mixin.py:190} INFO - [2025-03-04T08:13:24.085+0000] {dag.py:3239} INFO - Sync 3 DAGs
[2025-03-04T08:13:24.136+0000] {logging_mixin.py:190} INFO - [2025-03-04T08:13:24.135+0000] {dag.py:4180} INFO - Setting next_dagrun for example_subdag_operator to 2022-01-01 00:00:00+00:00, run_after=2022-01-01 00:00:00+00:00
[2025-03-04T08:13:24.144+0000] {logging_mixin.py:190} INFO - [2025-03-04T08:13:24.144+0000] {dag.py:4180} INFO - Setting next_dagrun for example_subdag_operator.section-1 to None, run_after=None
[2025-03-04T08:13:24.147+0000] {logging_mixin.py:190} INFO - [2025-03-04T08:13:24.147+0000] {dag.py:4180} INFO - Setting next_dagrun for example_subdag_operator.section-2 to None, run_after=None
[2025-03-04T08:13:24.162+0000] {logging_mixin.py:190} INFO - [2025-03-04T08:13:24.162+0000] {dag.py:3239} INFO - Sync 2 DAGs
[2025-03-04T08:13:24.172+0000] {logging_mixin.py:190} INFO - [2025-03-04T08:13:24.172+0000] {dag.py:4180} INFO - Setting next_dagrun for example_subdag_operator.section-1 to None, run_after=None
[2025-03-04T08:13:24.174+0000] {logging_mixin.py:190} INFO - [2025-03-04T08:13:24.173+0000] {dag.py:4180} INFO - Setting next_dagrun for example_subdag_operator.section-2 to None, run_after=None
[2025-03-04T08:13:24.196+0000] {processor.py:208} INFO - Processing /home/airflow/.local/lib/python3.12/site-packages/airflow/example_dags/example_subdag_operator.py took 0.216 seconds
[2025-03-04T08:13:54.333+0000] {processor.py:186} INFO - Started process (PID=237) to work on /home/airflow/.local/lib/python3.12/site-packages/airflow/example_dags/example_subdag_operator.py
[2025-03-04T08:13:54.335+0000] {processor.py:914} INFO - Processing file /home/airflow/.local/lib/python3.12/site-packages/airflow/example_dags/example_subdag_operator.py for tasks to queue
[2025-03-04T08:13:54.339+0000] {logging_mixin.py:190} INFO - [2025-03-04T08:13:54.338+0000] {dagbag.py:588} INFO - Filling up the DagBag from /home/airflow/.local/lib/python3.12/site-packages/airflow/example_dags/example_subdag_operator.py
[2025-03-04T08:13:54.383+0000] {processor.py:925} INFO - DAG(s) 'example_subdag_operator.section-1', 'example_subdag_operator.section-2', 'example_subdag_operator' retrieved from /home/airflow/.local/lib/python3.12/site-packages/airflow/example_dags/example_subdag_operator.py
[2025-03-04T08:13:54.413+0000] {logging_mixin.py:190} INFO - [2025-03-04T08:13:54.413+0000] {dag.py:3239} INFO - Sync 3 DAGs
[2025-03-04T08:13:54.451+0000] {logging_mixin.py:190} INFO - [2025-03-04T08:13:54.450+0000] {dag.py:4180} INFO - Setting next_dagrun for example_subdag_operator to 2022-01-01 00:00:00+00:00, run_after=2022-01-01 00:00:00+00:00
[2025-03-04T08:13:54.458+0000] {logging_mixin.py:190} INFO - [2025-03-04T08:13:54.457+0000] {dag.py:4180} INFO - Setting next_dagrun for example_subdag_operator.section-1 to None, run_after=None
[2025-03-04T08:13:54.461+0000] {logging_mixin.py:190} INFO - [2025-03-04T08:13:54.460+0000] {dag.py:4180} INFO - Setting next_dagrun for example_subdag_operator.section-2 to None, run_after=None
[2025-03-04T08:13:54.473+0000] {logging_mixin.py:190} INFO - [2025-03-04T08:13:54.473+0000] {dag.py:3239} INFO - Sync 2 DAGs
[2025-03-04T08:13:54.482+0000] {logging_mixin.py:190} INFO - [2025-03-04T08:13:54.482+0000] {dag.py:4180} INFO - Setting next_dagrun for example_subdag_operator.section-1 to None, run_after=None
[2025-03-04T08:13:54.484+0000] {logging_mixin.py:190} INFO - [2025-03-04T08:13:54.483+0000] {dag.py:4180} INFO - Setting next_dagrun for example_subdag_operator.section-2 to None, run_after=None
[2025-03-04T08:13:54.504+0000] {processor.py:208} INFO - Processing /home/airflow/.local/lib/python3.12/site-packages/airflow/example_dags/example_subdag_operator.py took 0.181 seconds
[2025-03-04T08:14:25.202+0000] {processor.py:186} INFO - Started process (PID=305) to work on /home/airflow/.local/lib/python3.12/site-packages/airflow/example_dags/example_subdag_operator.py
[2025-03-04T08:14:25.204+0000] {processor.py:914} INFO - Processing file /home/airflow/.local/lib/python3.12/site-packages/airflow/example_dags/example_subdag_operator.py for tasks to queue
[2025-03-04T08:14:25.208+0000] {logging_mixin.py:190} INFO - [2025-03-04T08:14:25.208+0000] {dagbag.py:588} INFO - Filling up the DagBag from /home/airflow/.local/lib/python3.12/site-packages/airflow/example_dags/example_subdag_operator.py
[2025-03-04T08:14:25.274+0000] {processor.py:925} INFO - DAG(s) 'example_subdag_operator.section-1', 'example_subdag_operator.section-2', 'example_subdag_operator' retrieved from /home/airflow/.local/lib/python3.12/site-packages/airflow/example_dags/example_subdag_operator.py
[2025-03-04T08:14:25.320+0000] {logging_mixin.py:190} INFO - [2025-03-04T08:14:25.320+0000] {dag.py:3239} INFO - Sync 3 DAGs
[2025-03-04T08:14:25.383+0000] {logging_mixin.py:190} INFO - [2025-03-04T08:14:25.383+0000] {dag.py:4180} INFO - Setting next_dagrun for example_subdag_operator to 2022-01-01 00:00:00+00:00, run_after=2022-01-01 00:00:00+00:00
[2025-03-04T08:14:25.402+0000] {logging_mixin.py:190} INFO - [2025-03-04T08:14:25.402+0000] {dag.py:4180} INFO - Setting next_dagrun for example_subdag_operator.section-1 to None, run_after=None
[2025-03-04T08:14:25.407+0000] {logging_mixin.py:190} INFO - [2025-03-04T08:14:25.407+0000] {dag.py:4180} INFO - Setting next_dagrun for example_subdag_operator.section-2 to None, run_after=None
[2025-03-04T08:14:25.429+0000] {logging_mixin.py:190} INFO - [2025-03-04T08:14:25.428+0000] {dag.py:3239} INFO - Sync 2 DAGs
[2025-03-04T08:14:25.452+0000] {logging_mixin.py:190} INFO - [2025-03-04T08:14:25.451+0000] {dag.py:4180} INFO - Setting next_dagrun for example_subdag_operator.section-1 to None, run_after=None
[2025-03-04T08:14:25.454+0000] {logging_mixin.py:190} INFO - [2025-03-04T08:14:25.454+0000] {dag.py:4180} INFO - Setting next_dagrun for example_subdag_operator.section-2 to None, run_after=None
[2025-03-04T08:14:25.484+0000] {processor.py:208} INFO - Processing /home/airflow/.local/lib/python3.12/site-packages/airflow/example_dags/example_subdag_operator.py took 0.298 seconds
