[2025-03-04T08:12:45.661+0000] {processor.py:186} INFO - Started process (PID=89) to work on /home/airflow/.local/lib/python3.12/site-packages/airflow/example_dags/example_latest_only.py
[2025-03-04T08:12:45.664+0000] {processor.py:914} INFO - Processing file /home/airflow/.local/lib/python3.12/site-packages/airflow/example_dags/example_latest_only.py for tasks to queue
[2025-03-04T08:12:45.671+0000] {logging_mixin.py:190} INFO - [2025-03-04T08:12:45.669+0000] {dagbag.py:588} INFO - Filling up the DagBag from /home/airflow/.local/lib/python3.12/site-packages/airflow/example_dags/example_latest_only.py
[2025-03-04T08:12:45.718+0000] {processor.py:925} INFO - DAG(s) 'latest_only' retrieved from /home/airflow/.local/lib/python3.12/site-packages/airflow/example_dags/example_latest_only.py
[2025-03-04T08:12:46.116+0000] {logging_mixin.py:190} INFO - [2025-03-04T08:12:46.114+0000] {override.py:1912} INFO - Created Permission View: can edit on DAG:latest_only
[2025-03-04T08:12:46.163+0000] {logging_mixin.py:190} INFO - [2025-03-04T08:12:46.163+0000] {override.py:1912} INFO - Created Permission View: can read on DAG:latest_only
[2025-03-04T08:12:46.208+0000] {logging_mixin.py:190} INFO - [2025-03-04T08:12:46.207+0000] {override.py:1912} INFO - Created Permission View: can delete on DAG:latest_only
[2025-03-04T08:12:46.227+0000] {logging_mixin.py:190} INFO - [2025-03-04T08:12:46.227+0000] {override.py:1912} INFO - Created Permission View: can delete on DAG Run:latest_only
[2025-03-04T08:12:46.271+0000] {logging_mixin.py:190} INFO - [2025-03-04T08:12:46.270+0000] {override.py:1912} INFO - Created Permission View: can read on DAG Run:latest_only
[2025-03-04T08:12:46.286+0000] {logging_mixin.py:190} INFO - [2025-03-04T08:12:46.285+0000] {override.py:1912} INFO - Created Permission View: can create on DAG Run:latest_only
[2025-03-04T08:12:46.331+0000] {logging_mixin.py:190} INFO - [2025-03-04T08:12:46.330+0000] {override.py:1912} INFO - Created Permission View: menu access on DAG Run:latest_only
[2025-03-04T08:12:46.332+0000] {logging_mixin.py:190} INFO - [2025-03-04T08:12:46.332+0000] {dag.py:3239} INFO - Sync 1 DAGs
[2025-03-04T08:12:46.369+0000] {logging_mixin.py:190} INFO - [2025-03-04T08:12:46.369+0000] {dag.py:3262} INFO - Creating ORM DAG for latest_only
[2025-03-04T08:12:46.424+0000] {logging_mixin.py:190} INFO - [2025-03-04T08:12:46.423+0000] {dag.py:4180} INFO - Setting next_dagrun for latest_only to 2025-03-04 04:00:00+00:00, run_after=2025-03-04 08:00:00+00:00
[2025-03-04T08:12:46.514+0000] {processor.py:208} INFO - Processing /home/airflow/.local/lib/python3.12/site-packages/airflow/example_dags/example_latest_only.py took 0.879 seconds
[2025-03-04T08:13:17.111+0000] {processor.py:186} INFO - Started process (PID=156) to work on /home/airflow/.local/lib/python3.12/site-packages/airflow/example_dags/example_latest_only.py
[2025-03-04T08:13:17.114+0000] {processor.py:914} INFO - Processing file /home/airflow/.local/lib/python3.12/site-packages/airflow/example_dags/example_latest_only.py for tasks to queue
[2025-03-04T08:13:17.120+0000] {logging_mixin.py:190} INFO - [2025-03-04T08:13:17.119+0000] {dagbag.py:588} INFO - Filling up the DagBag from /home/airflow/.local/lib/python3.12/site-packages/airflow/example_dags/example_latest_only.py
[2025-03-04T08:13:17.135+0000] {processor.py:925} INFO - DAG(s) 'latest_only' retrieved from /home/airflow/.local/lib/python3.12/site-packages/airflow/example_dags/example_latest_only.py
[2025-03-04T08:13:17.170+0000] {logging_mixin.py:190} INFO - [2025-03-04T08:13:17.170+0000] {dag.py:3239} INFO - Sync 1 DAGs
[2025-03-04T08:13:17.224+0000] {logging_mixin.py:190} INFO - [2025-03-04T08:13:17.223+0000] {dag.py:4180} INFO - Setting next_dagrun for latest_only to 2025-03-04 04:00:00+00:00, run_after=2025-03-04 08:00:00+00:00
[2025-03-04T08:13:17.267+0000] {processor.py:208} INFO - Processing /home/airflow/.local/lib/python3.12/site-packages/airflow/example_dags/example_latest_only.py took 0.169 seconds
[2025-03-04T08:13:49.438+0000] {processor.py:186} INFO - Started process (PID=229) to work on /home/airflow/.local/lib/python3.12/site-packages/airflow/example_dags/example_latest_only.py
[2025-03-04T08:13:49.452+0000] {processor.py:914} INFO - Processing file /home/airflow/.local/lib/python3.12/site-packages/airflow/example_dags/example_latest_only.py for tasks to queue
[2025-03-04T08:13:49.460+0000] {logging_mixin.py:190} INFO - [2025-03-04T08:13:49.459+0000] {dagbag.py:588} INFO - Filling up the DagBag from /home/airflow/.local/lib/python3.12/site-packages/airflow/example_dags/example_latest_only.py
[2025-03-04T08:13:49.487+0000] {processor.py:925} INFO - DAG(s) 'latest_only' retrieved from /home/airflow/.local/lib/python3.12/site-packages/airflow/example_dags/example_latest_only.py
[2025-03-04T08:13:49.627+0000] {logging_mixin.py:190} INFO - [2025-03-04T08:13:49.626+0000] {dag.py:3239} INFO - Sync 1 DAGs
[2025-03-04T08:13:49.722+0000] {logging_mixin.py:190} INFO - [2025-03-04T08:13:49.720+0000] {dag.py:4180} INFO - Setting next_dagrun for latest_only to 2025-03-04 04:00:00+00:00, run_after=2025-03-04 08:00:00+00:00
[2025-03-04T08:13:49.798+0000] {processor.py:208} INFO - Processing /home/airflow/.local/lib/python3.12/site-packages/airflow/example_dags/example_latest_only.py took 0.392 seconds
[2025-03-04T08:14:20.008+0000] {processor.py:186} INFO - Started process (PID=297) to work on /home/airflow/.local/lib/python3.12/site-packages/airflow/example_dags/example_latest_only.py
[2025-03-04T08:14:20.010+0000] {processor.py:914} INFO - Processing file /home/airflow/.local/lib/python3.12/site-packages/airflow/example_dags/example_latest_only.py for tasks to queue
[2025-03-04T08:14:20.014+0000] {logging_mixin.py:190} INFO - [2025-03-04T08:14:20.014+0000] {dagbag.py:588} INFO - Filling up the DagBag from /home/airflow/.local/lib/python3.12/site-packages/airflow/example_dags/example_latest_only.py
[2025-03-04T08:14:20.028+0000] {processor.py:925} INFO - DAG(s) 'latest_only' retrieved from /home/airflow/.local/lib/python3.12/site-packages/airflow/example_dags/example_latest_only.py
[2025-03-04T08:14:20.065+0000] {logging_mixin.py:190} INFO - [2025-03-04T08:14:20.064+0000] {dag.py:3239} INFO - Sync 1 DAGs
[2025-03-04T08:14:20.109+0000] {logging_mixin.py:190} INFO - [2025-03-04T08:14:20.109+0000] {dag.py:4180} INFO - Setting next_dagrun for latest_only to 2025-03-04 04:00:00+00:00, run_after=2025-03-04 08:00:00+00:00
[2025-03-04T08:14:20.162+0000] {processor.py:208} INFO - Processing /home/airflow/.local/lib/python3.12/site-packages/airflow/example_dags/example_latest_only.py took 0.167 seconds
