[2025-03-04T08:12:44.291+0000] {processor.py:186} INFO - Started process (PID=87) to work on /home/airflow/.local/lib/python3.12/site-packages/airflow/example_dags/example_python_decorator.py
[2025-03-04T08:12:44.293+0000] {processor.py:914} INFO - Processing file /home/airflow/.local/lib/python3.12/site-packages/airflow/example_dags/example_python_decorator.py for tasks to queue
[2025-03-04T08:12:44.298+0000] {logging_mixin.py:190} INFO - [2025-03-04T08:12:44.297+0000] {dagbag.py:588} INFO - Filling up the DagBag from /home/airflow/.local/lib/python3.12/site-packages/airflow/example_dags/example_python_decorator.py
[2025-03-04T08:12:44.383+0000] {processor.py:925} INFO - DAG(s) 'example_python_decorator' retrieved from /home/airflow/.local/lib/python3.12/site-packages/airflow/example_dags/example_python_decorator.py
[2025-03-04T08:12:44.962+0000] {logging_mixin.py:190} INFO - [2025-03-04T08:12:44.961+0000] {override.py:1912} INFO - Created Permission View: can edit on DAG:example_python_decorator
[2025-03-04T08:12:45.011+0000] {logging_mixin.py:190} INFO - [2025-03-04T08:12:45.011+0000] {override.py:1912} INFO - Created Permission View: can read on DAG:example_python_decorator
[2025-03-04T08:12:45.042+0000] {logging_mixin.py:190} INFO - [2025-03-04T08:12:45.042+0000] {override.py:1912} INFO - Created Permission View: can delete on DAG:example_python_decorator
[2025-03-04T08:12:45.065+0000] {logging_mixin.py:190} INFO - [2025-03-04T08:12:45.064+0000] {override.py:1912} INFO - Created Permission View: can delete on DAG Run:example_python_decorator
[2025-03-04T08:12:45.169+0000] {logging_mixin.py:190} INFO - [2025-03-04T08:12:45.168+0000] {override.py:1912} INFO - Created Permission View: can read on DAG Run:example_python_decorator
[2025-03-04T08:12:45.270+0000] {logging_mixin.py:190} INFO - [2025-03-04T08:12:45.269+0000] {override.py:1912} INFO - Created Permission View: can create on DAG Run:example_python_decorator
[2025-03-04T08:12:45.304+0000] {logging_mixin.py:190} INFO - [2025-03-04T08:12:45.303+0000] {override.py:1912} INFO - Created Permission View: menu access on DAG Run:example_python_decorator
[2025-03-04T08:12:45.307+0000] {logging_mixin.py:190} INFO - [2025-03-04T08:12:45.306+0000] {dag.py:3239} INFO - Sync 1 DAGs
[2025-03-04T08:12:45.357+0000] {logging_mixin.py:190} INFO - [2025-03-04T08:12:45.356+0000] {dag.py:3262} INFO - Creating ORM DAG for example_python_decorator
[2025-03-04T08:12:45.359+0000] {logging_mixin.py:190} INFO - [2025-03-04T08:12:45.358+0000] {dag.py:4180} INFO - Setting next_dagrun for example_python_decorator to None, run_after=None
[2025-03-04T08:12:45.486+0000] {processor.py:208} INFO - Processing /home/airflow/.local/lib/python3.12/site-packages/airflow/example_dags/example_python_decorator.py took 1.206 seconds
[2025-03-04T08:13:16.878+0000] {processor.py:186} INFO - Started process (PID=154) to work on /home/airflow/.local/lib/python3.12/site-packages/airflow/example_dags/example_python_decorator.py
[2025-03-04T08:13:16.880+0000] {processor.py:914} INFO - Processing file /home/airflow/.local/lib/python3.12/site-packages/airflow/example_dags/example_python_decorator.py for tasks to queue
[2025-03-04T08:13:16.885+0000] {logging_mixin.py:190} INFO - [2025-03-04T08:13:16.885+0000] {dagbag.py:588} INFO - Filling up the DagBag from /home/airflow/.local/lib/python3.12/site-packages/airflow/example_dags/example_python_decorator.py
[2025-03-04T08:13:16.916+0000] {processor.py:925} INFO - DAG(s) 'example_python_decorator' retrieved from /home/airflow/.local/lib/python3.12/site-packages/airflow/example_dags/example_python_decorator.py
[2025-03-04T08:13:16.960+0000] {logging_mixin.py:190} INFO - [2025-03-04T08:13:16.959+0000] {dag.py:3239} INFO - Sync 1 DAGs
[2025-03-04T08:13:16.998+0000] {logging_mixin.py:190} INFO - [2025-03-04T08:13:16.997+0000] {dag.py:4180} INFO - Setting next_dagrun for example_python_decorator to None, run_after=None
[2025-03-04T08:13:17.041+0000] {processor.py:208} INFO - Processing /home/airflow/.local/lib/python3.12/site-packages/airflow/example_dags/example_python_decorator.py took 0.178 seconds
[2025-03-04T08:13:48.904+0000] {processor.py:186} INFO - Started process (PID=227) to work on /home/airflow/.local/lib/python3.12/site-packages/airflow/example_dags/example_python_decorator.py
[2025-03-04T08:13:48.907+0000] {processor.py:914} INFO - Processing file /home/airflow/.local/lib/python3.12/site-packages/airflow/example_dags/example_python_decorator.py for tasks to queue
[2025-03-04T08:13:48.913+0000] {logging_mixin.py:190} INFO - [2025-03-04T08:13:48.912+0000] {dagbag.py:588} INFO - Filling up the DagBag from /home/airflow/.local/lib/python3.12/site-packages/airflow/example_dags/example_python_decorator.py
[2025-03-04T08:13:48.970+0000] {processor.py:925} INFO - DAG(s) 'example_python_decorator' retrieved from /home/airflow/.local/lib/python3.12/site-packages/airflow/example_dags/example_python_decorator.py
[2025-03-04T08:13:49.057+0000] {logging_mixin.py:190} INFO - [2025-03-04T08:13:49.056+0000] {dag.py:3239} INFO - Sync 1 DAGs
[2025-03-04T08:13:49.141+0000] {logging_mixin.py:190} INFO - [2025-03-04T08:13:49.140+0000] {dag.py:4180} INFO - Setting next_dagrun for example_python_decorator to None, run_after=None
[2025-03-04T08:13:49.234+0000] {processor.py:208} INFO - Processing /home/airflow/.local/lib/python3.12/site-packages/airflow/example_dags/example_python_decorator.py took 0.345 seconds
[2025-03-04T08:14:19.521+0000] {processor.py:186} INFO - Started process (PID=295) to work on /home/airflow/.local/lib/python3.12/site-packages/airflow/example_dags/example_python_decorator.py
[2025-03-04T08:14:19.523+0000] {processor.py:914} INFO - Processing file /home/airflow/.local/lib/python3.12/site-packages/airflow/example_dags/example_python_decorator.py for tasks to queue
[2025-03-04T08:14:19.528+0000] {logging_mixin.py:190} INFO - [2025-03-04T08:14:19.527+0000] {dagbag.py:588} INFO - Filling up the DagBag from /home/airflow/.local/lib/python3.12/site-packages/airflow/example_dags/example_python_decorator.py
[2025-03-04T08:14:19.558+0000] {processor.py:925} INFO - DAG(s) 'example_python_decorator' retrieved from /home/airflow/.local/lib/python3.12/site-packages/airflow/example_dags/example_python_decorator.py
[2025-03-04T08:14:19.598+0000] {logging_mixin.py:190} INFO - [2025-03-04T08:14:19.597+0000] {dag.py:3239} INFO - Sync 1 DAGs
[2025-03-04T08:14:19.626+0000] {logging_mixin.py:190} INFO - [2025-03-04T08:14:19.625+0000] {dag.py:4180} INFO - Setting next_dagrun for example_python_decorator to None, run_after=None
[2025-03-04T08:14:19.661+0000] {processor.py:208} INFO - Processing /home/airflow/.local/lib/python3.12/site-packages/airflow/example_dags/example_python_decorator.py took 0.151 seconds
[2025-03-04T08:14:53.053+0000] {logging_mixin.py:190} INFO - [2025-03-04T08:14:53.052+0000] {process_utils.py:266} INFO - Waiting up to 5 seconds for processes to exit...
