[2025-03-04T08:12:43.641+0000] {processor.py:186} INFO - Started process (PID=86) to work on /home/airflow/.local/lib/python3.12/site-packages/airflow/example_dags/example_setup_teardown_taskflow.py
[2025-03-04T08:12:43.651+0000] {processor.py:914} INFO - Processing file /home/airflow/.local/lib/python3.12/site-packages/airflow/example_dags/example_setup_teardown_taskflow.py for tasks to queue
[2025-03-04T08:12:43.660+0000] {logging_mixin.py:190} INFO - [2025-03-04T08:12:43.659+0000] {dagbag.py:588} INFO - Filling up the DagBag from /home/airflow/.local/lib/python3.12/site-packages/airflow/example_dags/example_setup_teardown_taskflow.py
[2025-03-04T08:12:43.760+0000] {processor.py:925} INFO - DAG(s) 'example_setup_teardown_taskflow' retrieved from /home/airflow/.local/lib/python3.12/site-packages/airflow/example_dags/example_setup_teardown_taskflow.py
[2025-03-04T08:12:44.488+0000] {logging_mixin.py:190} INFO - [2025-03-04T08:12:44.487+0000] {override.py:1912} INFO - Created Permission View: can edit on DAG:example_setup_teardown_taskflow
[2025-03-04T08:12:44.629+0000] {logging_mixin.py:190} INFO - [2025-03-04T08:12:44.629+0000] {override.py:1912} INFO - Created Permission View: can read on DAG:example_setup_teardown_taskflow
[2025-03-04T08:12:44.950+0000] {logging_mixin.py:190} INFO - [2025-03-04T08:12:44.949+0000] {override.py:1912} INFO - Created Permission View: can delete on DAG:example_setup_teardown_taskflow
[2025-03-04T08:12:44.982+0000] {logging_mixin.py:190} INFO - [2025-03-04T08:12:44.981+0000] {override.py:1912} INFO - Created Permission View: can delete on DAG Run:example_setup_teardown_taskflow
[2025-03-04T08:12:45.014+0000] {logging_mixin.py:190} INFO - [2025-03-04T08:12:45.013+0000] {override.py:1912} INFO - Created Permission View: can read on DAG Run:example_setup_teardown_taskflow
[2025-03-04T08:12:45.038+0000] {logging_mixin.py:190} INFO - [2025-03-04T08:12:45.037+0000] {override.py:1912} INFO - Created Permission View: can create on DAG Run:example_setup_teardown_taskflow
[2025-03-04T08:12:45.071+0000] {logging_mixin.py:190} INFO - [2025-03-04T08:12:45.071+0000] {override.py:1912} INFO - Created Permission View: menu access on DAG Run:example_setup_teardown_taskflow
[2025-03-04T08:12:45.074+0000] {logging_mixin.py:190} INFO - [2025-03-04T08:12:45.073+0000] {dag.py:3239} INFO - Sync 1 DAGs
[2025-03-04T08:12:45.133+0000] {logging_mixin.py:190} INFO - [2025-03-04T08:12:45.133+0000] {dag.py:3262} INFO - Creating ORM DAG for example_setup_teardown_taskflow
[2025-03-04T08:12:45.137+0000] {logging_mixin.py:190} INFO - [2025-03-04T08:12:45.136+0000] {dag.py:4180} INFO - Setting next_dagrun for example_setup_teardown_taskflow to None, run_after=None
[2025-03-04T08:12:45.290+0000] {processor.py:208} INFO - Processing /home/airflow/.local/lib/python3.12/site-packages/airflow/example_dags/example_setup_teardown_taskflow.py took 1.671 seconds
[2025-03-04T08:13:16.796+0000] {processor.py:186} INFO - Started process (PID=153) to work on /home/airflow/.local/lib/python3.12/site-packages/airflow/example_dags/example_setup_teardown_taskflow.py
[2025-03-04T08:13:16.798+0000] {processor.py:914} INFO - Processing file /home/airflow/.local/lib/python3.12/site-packages/airflow/example_dags/example_setup_teardown_taskflow.py for tasks to queue
[2025-03-04T08:13:16.805+0000] {logging_mixin.py:190} INFO - [2025-03-04T08:13:16.804+0000] {dagbag.py:588} INFO - Filling up the DagBag from /home/airflow/.local/lib/python3.12/site-packages/airflow/example_dags/example_setup_teardown_taskflow.py
[2025-03-04T08:13:16.844+0000] {processor.py:925} INFO - DAG(s) 'example_setup_teardown_taskflow' retrieved from /home/airflow/.local/lib/python3.12/site-packages/airflow/example_dags/example_setup_teardown_taskflow.py
[2025-03-04T08:13:16.890+0000] {logging_mixin.py:190} INFO - [2025-03-04T08:13:16.890+0000] {dag.py:3239} INFO - Sync 1 DAGs
[2025-03-04T08:13:16.929+0000] {logging_mixin.py:190} INFO - [2025-03-04T08:13:16.929+0000] {dag.py:4180} INFO - Setting next_dagrun for example_setup_teardown_taskflow to None, run_after=None
[2025-03-04T08:13:16.969+0000] {processor.py:208} INFO - Processing /home/airflow/.local/lib/python3.12/site-packages/airflow/example_dags/example_setup_teardown_taskflow.py took 0.192 seconds
[2025-03-04T08:13:48.662+0000] {processor.py:186} INFO - Started process (PID=226) to work on /home/airflow/.local/lib/python3.12/site-packages/airflow/example_dags/example_setup_teardown_taskflow.py
[2025-03-04T08:13:48.696+0000] {processor.py:914} INFO - Processing file /home/airflow/.local/lib/python3.12/site-packages/airflow/example_dags/example_setup_teardown_taskflow.py for tasks to queue
[2025-03-04T08:13:48.703+0000] {logging_mixin.py:190} INFO - [2025-03-04T08:13:48.702+0000] {dagbag.py:588} INFO - Filling up the DagBag from /home/airflow/.local/lib/python3.12/site-packages/airflow/example_dags/example_setup_teardown_taskflow.py
[2025-03-04T08:13:48.784+0000] {processor.py:925} INFO - DAG(s) 'example_setup_teardown_taskflow' retrieved from /home/airflow/.local/lib/python3.12/site-packages/airflow/example_dags/example_setup_teardown_taskflow.py
[2025-03-04T08:13:48.873+0000] {logging_mixin.py:190} INFO - [2025-03-04T08:13:48.873+0000] {dag.py:3239} INFO - Sync 1 DAGs
[2025-03-04T08:13:48.917+0000] {logging_mixin.py:190} INFO - [2025-03-04T08:13:48.917+0000] {dag.py:4180} INFO - Setting next_dagrun for example_setup_teardown_taskflow to None, run_after=None
[2025-03-04T08:13:48.975+0000] {processor.py:208} INFO - Processing /home/airflow/.local/lib/python3.12/site-packages/airflow/example_dags/example_setup_teardown_taskflow.py took 0.339 seconds
[2025-03-04T08:14:19.385+0000] {processor.py:186} INFO - Started process (PID=294) to work on /home/airflow/.local/lib/python3.12/site-packages/airflow/example_dags/example_setup_teardown_taskflow.py
[2025-03-04T08:14:19.388+0000] {processor.py:914} INFO - Processing file /home/airflow/.local/lib/python3.12/site-packages/airflow/example_dags/example_setup_teardown_taskflow.py for tasks to queue
[2025-03-04T08:14:19.394+0000] {logging_mixin.py:190} INFO - [2025-03-04T08:14:19.394+0000] {dagbag.py:588} INFO - Filling up the DagBag from /home/airflow/.local/lib/python3.12/site-packages/airflow/example_dags/example_setup_teardown_taskflow.py
[2025-03-04T08:14:19.424+0000] {processor.py:925} INFO - DAG(s) 'example_setup_teardown_taskflow' retrieved from /home/airflow/.local/lib/python3.12/site-packages/airflow/example_dags/example_setup_teardown_taskflow.py
[2025-03-04T08:14:19.469+0000] {logging_mixin.py:190} INFO - [2025-03-04T08:14:19.468+0000] {dag.py:3239} INFO - Sync 1 DAGs
[2025-03-04T08:14:19.505+0000] {logging_mixin.py:190} INFO - [2025-03-04T08:14:19.504+0000] {dag.py:4180} INFO - Setting next_dagrun for example_setup_teardown_taskflow to None, run_after=None
[2025-03-04T08:14:19.542+0000] {processor.py:208} INFO - Processing /home/airflow/.local/lib/python3.12/site-packages/airflow/example_dags/example_setup_teardown_taskflow.py took 0.169 seconds
[2025-03-04T08:14:50.392+0000] {processor.py:186} INFO - Started process (PID=361) to work on /home/airflow/.local/lib/python3.12/site-packages/airflow/example_dags/example_setup_teardown_taskflow.py
[2025-03-04T08:14:50.397+0000] {processor.py:914} INFO - Processing file /home/airflow/.local/lib/python3.12/site-packages/airflow/example_dags/example_setup_teardown_taskflow.py for tasks to queue
[2025-03-04T08:14:50.407+0000] {logging_mixin.py:190} INFO - [2025-03-04T08:14:50.406+0000] {dagbag.py:588} INFO - Filling up the DagBag from /home/airflow/.local/lib/python3.12/site-packages/airflow/example_dags/example_setup_teardown_taskflow.py
[2025-03-04T08:14:50.461+0000] {processor.py:925} INFO - DAG(s) 'example_setup_teardown_taskflow' retrieved from /home/airflow/.local/lib/python3.12/site-packages/airflow/example_dags/example_setup_teardown_taskflow.py
[2025-03-04T08:14:50.662+0000] {logging_mixin.py:190} INFO - [2025-03-04T08:14:50.650+0000] {dag.py:3239} INFO - Sync 1 DAGs
[2025-03-04T08:14:50.869+0000] {logging_mixin.py:190} INFO - [2025-03-04T08:14:50.869+0000] {dag.py:4180} INFO - Setting next_dagrun for example_setup_teardown_taskflow to None, run_after=None
[2025-03-04T08:14:51.155+0000] {processor.py:208} INFO - Processing /home/airflow/.local/lib/python3.12/site-packages/airflow/example_dags/example_setup_teardown_taskflow.py took 0.805 seconds
