[2025-03-04T08:13:04.848+0000] {processor.py:186} INFO - Started process (PID=123) to work on /home/airflow/.local/lib/python3.12/site-packages/airflow/example_dags/example_branch_labels.py
[2025-03-04T08:13:04.851+0000] {processor.py:914} INFO - Processing file /home/airflow/.local/lib/python3.12/site-packages/airflow/example_dags/example_branch_labels.py for tasks to queue
[2025-03-04T08:13:04.856+0000] {logging_mixin.py:190} INFO - [2025-03-04T08:13:04.855+0000] {dagbag.py:588} INFO - Filling up the DagBag from /home/airflow/.local/lib/python3.12/site-packages/airflow/example_dags/example_branch_labels.py
[2025-03-04T08:13:04.889+0000] {processor.py:925} INFO - DAG(s) 'example_branch_labels' retrieved from /home/airflow/.local/lib/python3.12/site-packages/airflow/example_dags/example_branch_labels.py
[2025-03-04T08:13:05.447+0000] {logging_mixin.py:190} INFO - [2025-03-04T08:13:05.443+0000] {override.py:1912} INFO - Created Permission View: can edit on DAG:example_branch_labels
[2025-03-04T08:13:05.489+0000] {logging_mixin.py:190} INFO - [2025-03-04T08:13:05.485+0000] {override.py:1912} INFO - Created Permission View: can read on DAG:example_branch_labels
[2025-03-04T08:13:05.507+0000] {logging_mixin.py:190} INFO - [2025-03-04T08:13:05.507+0000] {override.py:1912} INFO - Created Permission View: can delete on DAG:example_branch_labels
[2025-03-04T08:13:05.525+0000] {logging_mixin.py:190} INFO - [2025-03-04T08:13:05.524+0000] {override.py:1912} INFO - Created Permission View: can delete on DAG Run:example_branch_labels
[2025-03-04T08:13:05.541+0000] {logging_mixin.py:190} INFO - [2025-03-04T08:13:05.540+0000] {override.py:1912} INFO - Created Permission View: can read on DAG Run:example_branch_labels
[2025-03-04T08:13:05.566+0000] {logging_mixin.py:190} INFO - [2025-03-04T08:13:05.565+0000] {override.py:1912} INFO - Created Permission View: can create on DAG Run:example_branch_labels
[2025-03-04T08:13:05.584+0000] {logging_mixin.py:190} INFO - [2025-03-04T08:13:05.583+0000] {override.py:1912} INFO - Created Permission View: menu access on DAG Run:example_branch_labels
[2025-03-04T08:13:05.586+0000] {logging_mixin.py:190} INFO - [2025-03-04T08:13:05.585+0000] {dag.py:3239} INFO - Sync 1 DAGs
[2025-03-04T08:13:05.625+0000] {logging_mixin.py:190} INFO - [2025-03-04T08:13:05.624+0000] {dag.py:3262} INFO - Creating ORM DAG for example_branch_labels
[2025-03-04T08:13:05.655+0000] {logging_mixin.py:190} INFO - [2025-03-04T08:13:05.655+0000] {dag.py:4180} INFO - Setting next_dagrun for example_branch_labels to 2025-03-03 00:00:00+00:00, run_after=2025-03-04 00:00:00+00:00
[2025-03-04T08:13:05.693+0000] {processor.py:208} INFO - Processing /home/airflow/.local/lib/python3.12/site-packages/airflow/example_dags/example_branch_labels.py took 0.861 seconds
[2025-03-04T08:13:36.012+0000] {processor.py:186} INFO - Started process (PID=189) to work on /home/airflow/.local/lib/python3.12/site-packages/airflow/example_dags/example_branch_labels.py
[2025-03-04T08:13:36.016+0000] {processor.py:914} INFO - Processing file /home/airflow/.local/lib/python3.12/site-packages/airflow/example_dags/example_branch_labels.py for tasks to queue
[2025-03-04T08:13:36.023+0000] {logging_mixin.py:190} INFO - [2025-03-04T08:13:36.022+0000] {dagbag.py:588} INFO - Filling up the DagBag from /home/airflow/.local/lib/python3.12/site-packages/airflow/example_dags/example_branch_labels.py
[2025-03-04T08:13:36.054+0000] {processor.py:925} INFO - DAG(s) 'example_branch_labels' retrieved from /home/airflow/.local/lib/python3.12/site-packages/airflow/example_dags/example_branch_labels.py
[2025-03-04T08:13:36.106+0000] {logging_mixin.py:190} INFO - [2025-03-04T08:13:36.106+0000] {dag.py:3239} INFO - Sync 1 DAGs
[2025-03-04T08:13:36.172+0000] {logging_mixin.py:190} INFO - [2025-03-04T08:13:36.171+0000] {dag.py:4180} INFO - Setting next_dagrun for example_branch_labels to 2025-03-03 00:00:00+00:00, run_after=2025-03-04 00:00:00+00:00
[2025-03-04T08:13:36.224+0000] {processor.py:208} INFO - Processing /home/airflow/.local/lib/python3.12/site-packages/airflow/example_dags/example_branch_labels.py took 0.224 seconds
[2025-03-04T08:14:06.511+0000] {processor.py:186} INFO - Started process (PID=255) to work on /home/airflow/.local/lib/python3.12/site-packages/airflow/example_dags/example_branch_labels.py
[2025-03-04T08:14:06.513+0000] {processor.py:914} INFO - Processing file /home/airflow/.local/lib/python3.12/site-packages/airflow/example_dags/example_branch_labels.py for tasks to queue
[2025-03-04T08:14:06.520+0000] {logging_mixin.py:190} INFO - [2025-03-04T08:14:06.519+0000] {dagbag.py:588} INFO - Filling up the DagBag from /home/airflow/.local/lib/python3.12/site-packages/airflow/example_dags/example_branch_labels.py
[2025-03-04T08:14:06.542+0000] {processor.py:925} INFO - DAG(s) 'example_branch_labels' retrieved from /home/airflow/.local/lib/python3.12/site-packages/airflow/example_dags/example_branch_labels.py
[2025-03-04T08:14:06.590+0000] {logging_mixin.py:190} INFO - [2025-03-04T08:14:06.589+0000] {dag.py:3239} INFO - Sync 1 DAGs
[2025-03-04T08:14:06.672+0000] {logging_mixin.py:190} INFO - [2025-03-04T08:14:06.671+0000] {dag.py:4180} INFO - Setting next_dagrun for example_branch_labels to 2025-03-03 00:00:00+00:00, run_after=2025-03-04 00:00:00+00:00
[2025-03-04T08:14:06.732+0000] {processor.py:208} INFO - Processing /home/airflow/.local/lib/python3.12/site-packages/airflow/example_dags/example_branch_labels.py took 0.235 seconds
[2025-03-04T08:14:36.827+0000] {processor.py:186} INFO - Started process (PID=323) to work on /home/airflow/.local/lib/python3.12/site-packages/airflow/example_dags/example_branch_labels.py
[2025-03-04T08:14:36.828+0000] {processor.py:914} INFO - Processing file /home/airflow/.local/lib/python3.12/site-packages/airflow/example_dags/example_branch_labels.py for tasks to queue
[2025-03-04T08:14:36.835+0000] {logging_mixin.py:190} INFO - [2025-03-04T08:14:36.834+0000] {dagbag.py:588} INFO - Filling up the DagBag from /home/airflow/.local/lib/python3.12/site-packages/airflow/example_dags/example_branch_labels.py
[2025-03-04T08:14:36.855+0000] {processor.py:925} INFO - DAG(s) 'example_branch_labels' retrieved from /home/airflow/.local/lib/python3.12/site-packages/airflow/example_dags/example_branch_labels.py
[2025-03-04T08:14:36.894+0000] {logging_mixin.py:190} INFO - [2025-03-04T08:14:36.894+0000] {dag.py:3239} INFO - Sync 1 DAGs
[2025-03-04T08:14:36.944+0000] {logging_mixin.py:190} INFO - [2025-03-04T08:14:36.943+0000] {dag.py:4180} INFO - Setting next_dagrun for example_branch_labels to 2025-03-03 00:00:00+00:00, run_after=2025-03-04 00:00:00+00:00
[2025-03-04T08:14:36.987+0000] {processor.py:208} INFO - Processing /home/airflow/.local/lib/python3.12/site-packages/airflow/example_dags/example_branch_labels.py took 0.174 seconds
