[2025-03-04T08:12:55.697+0000] {processor.py:186} INFO - Started process (PID=107) to work on /home/airflow/.local/lib/python3.12/site-packages/airflow/example_dags/example_branch_python_dop_operator_3.py
[2025-03-04T08:12:55.700+0000] {processor.py:914} INFO - Processing file /home/airflow/.local/lib/python3.12/site-packages/airflow/example_dags/example_branch_python_dop_operator_3.py for tasks to queue
[2025-03-04T08:12:55.707+0000] {logging_mixin.py:190} INFO - [2025-03-04T08:12:55.706+0000] {dagbag.py:588} INFO - Filling up the DagBag from /home/airflow/.local/lib/python3.12/site-packages/airflow/example_dags/example_branch_python_dop_operator_3.py
[2025-03-04T08:12:55.753+0000] {processor.py:925} INFO - DAG(s) 'example_branch_dop_operator_v3' retrieved from /home/airflow/.local/lib/python3.12/site-packages/airflow/example_dags/example_branch_python_dop_operator_3.py
[2025-03-04T08:12:55.978+0000] {logging_mixin.py:190} INFO - [2025-03-04T08:12:55.977+0000] {override.py:1912} INFO - Created Permission View: can edit on DAG:example_branch_dop_operator_v3
[2025-03-04T08:12:56.010+0000] {logging_mixin.py:190} INFO - [2025-03-04T08:12:56.009+0000] {override.py:1912} INFO - Created Permission View: can read on DAG:example_branch_dop_operator_v3
[2025-03-04T08:12:56.062+0000] {logging_mixin.py:190} INFO - [2025-03-04T08:12:56.060+0000] {override.py:1912} INFO - Created Permission View: can delete on DAG:example_branch_dop_operator_v3
[2025-03-04T08:12:56.099+0000] {logging_mixin.py:190} INFO - [2025-03-04T08:12:56.099+0000] {override.py:1912} INFO - Created Permission View: can delete on DAG Run:example_branch_dop_operator_v3
[2025-03-04T08:12:56.139+0000] {logging_mixin.py:190} INFO - [2025-03-04T08:12:56.138+0000] {override.py:1912} INFO - Created Permission View: can read on DAG Run:example_branch_dop_operator_v3
[2025-03-04T08:12:56.183+0000] {logging_mixin.py:190} INFO - [2025-03-04T08:12:56.182+0000] {override.py:1912} INFO - Created Permission View: can create on DAG Run:example_branch_dop_operator_v3
[2025-03-04T08:12:56.198+0000] {logging_mixin.py:190} INFO - [2025-03-04T08:12:56.196+0000] {override.py:1912} INFO - Created Permission View: menu access on DAG Run:example_branch_dop_operator_v3
[2025-03-04T08:12:56.200+0000] {logging_mixin.py:190} INFO - [2025-03-04T08:12:56.199+0000] {dag.py:3239} INFO - Sync 1 DAGs
[2025-03-04T08:12:56.237+0000] {logging_mixin.py:190} INFO - [2025-03-04T08:12:56.237+0000] {dag.py:3262} INFO - Creating ORM DAG for example_branch_dop_operator_v3
[2025-03-04T08:12:56.271+0000] {logging_mixin.py:190} INFO - [2025-03-04T08:12:56.271+0000] {dag.py:4180} INFO - Setting next_dagrun for example_branch_dop_operator_v3 to 2025-03-04 08:11:00+00:00, run_after=2025-03-04 08:12:00+00:00
[2025-03-04T08:12:56.351+0000] {processor.py:208} INFO - Processing /home/airflow/.local/lib/python3.12/site-packages/airflow/example_dags/example_branch_python_dop_operator_3.py took 0.670 seconds
[2025-03-04T08:13:26.777+0000] {processor.py:186} INFO - Started process (PID=174) to work on /home/airflow/.local/lib/python3.12/site-packages/airflow/example_dags/example_branch_python_dop_operator_3.py
[2025-03-04T08:13:26.779+0000] {processor.py:914} INFO - Processing file /home/airflow/.local/lib/python3.12/site-packages/airflow/example_dags/example_branch_python_dop_operator_3.py for tasks to queue
[2025-03-04T08:13:26.784+0000] {logging_mixin.py:190} INFO - [2025-03-04T08:13:26.784+0000] {dagbag.py:588} INFO - Filling up the DagBag from /home/airflow/.local/lib/python3.12/site-packages/airflow/example_dags/example_branch_python_dop_operator_3.py
[2025-03-04T08:13:26.805+0000] {processor.py:925} INFO - DAG(s) 'example_branch_dop_operator_v3' retrieved from /home/airflow/.local/lib/python3.12/site-packages/airflow/example_dags/example_branch_python_dop_operator_3.py
[2025-03-04T08:13:26.848+0000] {logging_mixin.py:190} INFO - [2025-03-04T08:13:26.848+0000] {dag.py:3239} INFO - Sync 1 DAGs
[2025-03-04T08:13:26.921+0000] {logging_mixin.py:190} INFO - [2025-03-04T08:13:26.920+0000] {dag.py:4180} INFO - Setting next_dagrun for example_branch_dop_operator_v3 to 2025-03-04 08:12:00+00:00, run_after=2025-03-04 08:13:00+00:00
[2025-03-04T08:13:27.009+0000] {processor.py:208} INFO - Processing /home/airflow/.local/lib/python3.12/site-packages/airflow/example_dags/example_branch_python_dop_operator_3.py took 0.244 seconds
[2025-03-04T08:13:57.142+0000] {processor.py:186} INFO - Started process (PID=240) to work on /home/airflow/.local/lib/python3.12/site-packages/airflow/example_dags/example_branch_python_dop_operator_3.py
[2025-03-04T08:13:57.144+0000] {processor.py:914} INFO - Processing file /home/airflow/.local/lib/python3.12/site-packages/airflow/example_dags/example_branch_python_dop_operator_3.py for tasks to queue
[2025-03-04T08:13:57.148+0000] {logging_mixin.py:190} INFO - [2025-03-04T08:13:57.148+0000] {dagbag.py:588} INFO - Filling up the DagBag from /home/airflow/.local/lib/python3.12/site-packages/airflow/example_dags/example_branch_python_dop_operator_3.py
[2025-03-04T08:13:57.170+0000] {processor.py:925} INFO - DAG(s) 'example_branch_dop_operator_v3' retrieved from /home/airflow/.local/lib/python3.12/site-packages/airflow/example_dags/example_branch_python_dop_operator_3.py
[2025-03-04T08:13:57.222+0000] {logging_mixin.py:190} INFO - [2025-03-04T08:13:57.222+0000] {dag.py:3239} INFO - Sync 1 DAGs
[2025-03-04T08:13:57.304+0000] {logging_mixin.py:190} INFO - [2025-03-04T08:13:57.303+0000] {dag.py:4180} INFO - Setting next_dagrun for example_branch_dop_operator_v3 to 2025-03-04 08:12:00+00:00, run_after=2025-03-04 08:13:00+00:00
[2025-03-04T08:13:57.365+0000] {processor.py:208} INFO - Processing /home/airflow/.local/lib/python3.12/site-packages/airflow/example_dags/example_branch_python_dop_operator_3.py took 0.234 seconds
[2025-03-04T08:14:27.641+0000] {processor.py:186} INFO - Started process (PID=308) to work on /home/airflow/.local/lib/python3.12/site-packages/airflow/example_dags/example_branch_python_dop_operator_3.py
[2025-03-04T08:14:27.644+0000] {processor.py:914} INFO - Processing file /home/airflow/.local/lib/python3.12/site-packages/airflow/example_dags/example_branch_python_dop_operator_3.py for tasks to queue
[2025-03-04T08:14:27.650+0000] {logging_mixin.py:190} INFO - [2025-03-04T08:14:27.649+0000] {dagbag.py:588} INFO - Filling up the DagBag from /home/airflow/.local/lib/python3.12/site-packages/airflow/example_dags/example_branch_python_dop_operator_3.py
[2025-03-04T08:14:27.700+0000] {processor.py:925} INFO - DAG(s) 'example_branch_dop_operator_v3' retrieved from /home/airflow/.local/lib/python3.12/site-packages/airflow/example_dags/example_branch_python_dop_operator_3.py
[2025-03-04T08:14:27.746+0000] {logging_mixin.py:190} INFO - [2025-03-04T08:14:27.745+0000] {dag.py:3239} INFO - Sync 1 DAGs
[2025-03-04T08:14:27.815+0000] {logging_mixin.py:190} INFO - [2025-03-04T08:14:27.815+0000] {dag.py:4180} INFO - Setting next_dagrun for example_branch_dop_operator_v3 to 2025-03-04 08:13:00+00:00, run_after=2025-03-04 08:14:00+00:00
[2025-03-04T08:14:27.864+0000] {processor.py:208} INFO - Processing /home/airflow/.local/lib/python3.12/site-packages/airflow/example_dags/example_branch_python_dop_operator_3.py took 0.241 seconds
