[2025-03-04T08:12:59.778+0000] {processor.py:186} INFO - Started process (PID=116) to work on /home/airflow/.local/lib/python3.12/site-packages/airflow/example_dags/example_python_operator.py
[2025-03-04T08:12:59.780+0000] {processor.py:914} INFO - Processing file /home/airflow/.local/lib/python3.12/site-packages/airflow/example_dags/example_python_operator.py for tasks to queue
[2025-03-04T08:12:59.785+0000] {logging_mixin.py:190} INFO - [2025-03-04T08:12:59.784+0000] {dagbag.py:588} INFO - Filling up the DagBag from /home/airflow/.local/lib/python3.12/site-packages/airflow/example_dags/example_python_operator.py
[2025-03-04T08:12:59.838+0000] {processor.py:925} INFO - DAG(s) 'example_python_operator' retrieved from /home/airflow/.local/lib/python3.12/site-packages/airflow/example_dags/example_python_operator.py
[2025-03-04T08:13:00.118+0000] {logging_mixin.py:190} INFO - [2025-03-04T08:13:00.115+0000] {override.py:1912} INFO - Created Permission View: can edit on DAG:example_python_operator
[2025-03-04T08:13:00.154+0000] {logging_mixin.py:190} INFO - [2025-03-04T08:13:00.153+0000] {override.py:1912} INFO - Created Permission View: can read on DAG:example_python_operator
[2025-03-04T08:13:00.193+0000] {logging_mixin.py:190} INFO - [2025-03-04T08:13:00.193+0000] {override.py:1912} INFO - Created Permission View: can delete on DAG:example_python_operator
[2025-03-04T08:13:00.235+0000] {logging_mixin.py:190} INFO - [2025-03-04T08:13:00.234+0000] {override.py:1912} INFO - Created Permission View: can delete on DAG Run:example_python_operator
[2025-03-04T08:13:00.298+0000] {logging_mixin.py:190} INFO - [2025-03-04T08:13:00.297+0000] {override.py:1912} INFO - Created Permission View: can read on DAG Run:example_python_operator
[2025-03-04T08:13:00.321+0000] {logging_mixin.py:190} INFO - [2025-03-04T08:13:00.320+0000] {override.py:1912} INFO - Created Permission View: can create on DAG Run:example_python_operator
[2025-03-04T08:13:00.360+0000] {logging_mixin.py:190} INFO - [2025-03-04T08:13:00.359+0000] {override.py:1912} INFO - Created Permission View: menu access on DAG Run:example_python_operator
[2025-03-04T08:13:00.363+0000] {logging_mixin.py:190} INFO - [2025-03-04T08:13:00.362+0000] {dag.py:3239} INFO - Sync 1 DAGs
[2025-03-04T08:13:00.412+0000] {logging_mixin.py:190} INFO - [2025-03-04T08:13:00.412+0000] {dag.py:3262} INFO - Creating ORM DAG for example_python_operator
[2025-03-04T08:13:00.415+0000] {logging_mixin.py:190} INFO - [2025-03-04T08:13:00.415+0000] {dag.py:4180} INFO - Setting next_dagrun for example_python_operator to None, run_after=None
[2025-03-04T08:13:00.457+0000] {processor.py:208} INFO - Processing /home/airflow/.local/lib/python3.12/site-packages/airflow/example_dags/example_python_operator.py took 0.689 seconds
[2025-03-04T08:13:30.677+0000] {processor.py:186} INFO - Started process (PID=182) to work on /home/airflow/.local/lib/python3.12/site-packages/airflow/example_dags/example_python_operator.py
[2025-03-04T08:13:30.679+0000] {processor.py:914} INFO - Processing file /home/airflow/.local/lib/python3.12/site-packages/airflow/example_dags/example_python_operator.py for tasks to queue
[2025-03-04T08:13:30.682+0000] {logging_mixin.py:190} INFO - [2025-03-04T08:13:30.682+0000] {dagbag.py:588} INFO - Filling up the DagBag from /home/airflow/.local/lib/python3.12/site-packages/airflow/example_dags/example_python_operator.py
[2025-03-04T08:13:30.704+0000] {processor.py:925} INFO - DAG(s) 'example_python_operator' retrieved from /home/airflow/.local/lib/python3.12/site-packages/airflow/example_dags/example_python_operator.py
[2025-03-04T08:13:30.741+0000] {logging_mixin.py:190} INFO - [2025-03-04T08:13:30.741+0000] {dag.py:3239} INFO - Sync 1 DAGs
[2025-03-04T08:13:30.769+0000] {logging_mixin.py:190} INFO - [2025-03-04T08:13:30.769+0000] {dag.py:4180} INFO - Setting next_dagrun for example_python_operator to None, run_after=None
[2025-03-04T08:13:30.804+0000] {processor.py:208} INFO - Processing /home/airflow/.local/lib/python3.12/site-packages/airflow/example_dags/example_python_operator.py took 0.139 seconds
[2025-03-04T08:14:01.080+0000] {processor.py:186} INFO - Started process (PID=249) to work on /home/airflow/.local/lib/python3.12/site-packages/airflow/example_dags/example_python_operator.py
[2025-03-04T08:14:01.082+0000] {processor.py:914} INFO - Processing file /home/airflow/.local/lib/python3.12/site-packages/airflow/example_dags/example_python_operator.py for tasks to queue
[2025-03-04T08:14:01.089+0000] {logging_mixin.py:190} INFO - [2025-03-04T08:14:01.088+0000] {dagbag.py:588} INFO - Filling up the DagBag from /home/airflow/.local/lib/python3.12/site-packages/airflow/example_dags/example_python_operator.py
[2025-03-04T08:14:01.114+0000] {processor.py:925} INFO - DAG(s) 'example_python_operator' retrieved from /home/airflow/.local/lib/python3.12/site-packages/airflow/example_dags/example_python_operator.py
[2025-03-04T08:14:01.169+0000] {logging_mixin.py:190} INFO - [2025-03-04T08:14:01.168+0000] {dag.py:3239} INFO - Sync 1 DAGs
[2025-03-04T08:14:01.212+0000] {logging_mixin.py:190} INFO - [2025-03-04T08:14:01.212+0000] {dag.py:4180} INFO - Setting next_dagrun for example_python_operator to None, run_after=None
[2025-03-04T08:14:01.256+0000] {processor.py:208} INFO - Processing /home/airflow/.local/lib/python3.12/site-packages/airflow/example_dags/example_python_operator.py took 0.187 seconds
[2025-03-04T08:14:31.828+0000] {processor.py:186} INFO - Started process (PID=317) to work on /home/airflow/.local/lib/python3.12/site-packages/airflow/example_dags/example_python_operator.py
[2025-03-04T08:14:31.830+0000] {processor.py:914} INFO - Processing file /home/airflow/.local/lib/python3.12/site-packages/airflow/example_dags/example_python_operator.py for tasks to queue
[2025-03-04T08:14:31.834+0000] {logging_mixin.py:190} INFO - [2025-03-04T08:14:31.834+0000] {dagbag.py:588} INFO - Filling up the DagBag from /home/airflow/.local/lib/python3.12/site-packages/airflow/example_dags/example_python_operator.py
[2025-03-04T08:14:31.868+0000] {processor.py:925} INFO - DAG(s) 'example_python_operator' retrieved from /home/airflow/.local/lib/python3.12/site-packages/airflow/example_dags/example_python_operator.py
[2025-03-04T08:14:31.933+0000] {logging_mixin.py:190} INFO - [2025-03-04T08:14:31.932+0000] {dag.py:3239} INFO - Sync 1 DAGs
[2025-03-04T08:14:32.009+0000] {logging_mixin.py:190} INFO - [2025-03-04T08:14:32.008+0000] {dag.py:4180} INFO - Setting next_dagrun for example_python_operator to None, run_after=None
[2025-03-04T08:14:32.214+0000] {processor.py:208} INFO - Processing /home/airflow/.local/lib/python3.12/site-packages/airflow/example_dags/example_python_operator.py took 0.400 seconds
