[2025-03-04T08:12:50.903+0000] {processor.py:186} INFO - Started process (PID=102) to work on /home/airflow/.local/lib/python3.12/site-packages/airflow/example_dags/example_params_ui_tutorial.py
[2025-03-04T08:12:50.905+0000] {processor.py:914} INFO - Processing file /home/airflow/.local/lib/python3.12/site-packages/airflow/example_dags/example_params_ui_tutorial.py for tasks to queue
[2025-03-04T08:12:50.910+0000] {logging_mixin.py:190} INFO - [2025-03-04T08:12:50.909+0000] {dagbag.py:588} INFO - Filling up the DagBag from /home/airflow/.local/lib/python3.12/site-packages/airflow/example_dags/example_params_ui_tutorial.py
[2025-03-04T08:12:50.935+0000] {processor.py:925} INFO - DAG(s) 'example_params_ui_tutorial' retrieved from /home/airflow/.local/lib/python3.12/site-packages/airflow/example_dags/example_params_ui_tutorial.py
[2025-03-04T08:12:51.471+0000] {logging_mixin.py:190} INFO - [2025-03-04T08:12:51.470+0000] {override.py:1912} INFO - Created Permission View: can edit on DAG:example_params_ui_tutorial
[2025-03-04T08:12:51.508+0000] {logging_mixin.py:190} INFO - [2025-03-04T08:12:51.507+0000] {override.py:1912} INFO - Created Permission View: can read on DAG:example_params_ui_tutorial
[2025-03-04T08:12:51.539+0000] {logging_mixin.py:190} INFO - [2025-03-04T08:12:51.538+0000] {override.py:1912} INFO - Created Permission View: can delete on DAG:example_params_ui_tutorial
[2025-03-04T08:12:51.566+0000] {logging_mixin.py:190} INFO - [2025-03-04T08:12:51.565+0000] {override.py:1912} INFO - Created Permission View: can delete on DAG Run:example_params_ui_tutorial
[2025-03-04T08:12:51.589+0000] {logging_mixin.py:190} INFO - [2025-03-04T08:12:51.589+0000] {override.py:1912} INFO - Created Permission View: can read on DAG Run:example_params_ui_tutorial
[2025-03-04T08:12:51.614+0000] {logging_mixin.py:190} INFO - [2025-03-04T08:12:51.612+0000] {override.py:1912} INFO - Created Permission View: can create on DAG Run:example_params_ui_tutorial
[2025-03-04T08:12:51.641+0000] {logging_mixin.py:190} INFO - [2025-03-04T08:12:51.641+0000] {override.py:1912} INFO - Created Permission View: menu access on DAG Run:example_params_ui_tutorial
[2025-03-04T08:12:51.643+0000] {logging_mixin.py:190} INFO - [2025-03-04T08:12:51.643+0000] {dag.py:3239} INFO - Sync 1 DAGs
[2025-03-04T08:12:51.697+0000] {logging_mixin.py:190} INFO - [2025-03-04T08:12:51.696+0000] {dag.py:3262} INFO - Creating ORM DAG for example_params_ui_tutorial
[2025-03-04T08:12:51.700+0000] {logging_mixin.py:190} INFO - [2025-03-04T08:12:51.699+0000] {dag.py:4180} INFO - Setting next_dagrun for example_params_ui_tutorial to None, run_after=None
[2025-03-04T08:12:51.769+0000] {processor.py:208} INFO - Processing /home/airflow/.local/lib/python3.12/site-packages/airflow/example_dags/example_params_ui_tutorial.py took 0.878 seconds
[2025-03-04T08:13:21.923+0000] {processor.py:186} INFO - Started process (PID=168) to work on /home/airflow/.local/lib/python3.12/site-packages/airflow/example_dags/example_params_ui_tutorial.py
[2025-03-04T08:13:21.924+0000] {processor.py:914} INFO - Processing file /home/airflow/.local/lib/python3.12/site-packages/airflow/example_dags/example_params_ui_tutorial.py for tasks to queue
[2025-03-04T08:13:21.928+0000] {logging_mixin.py:190} INFO - [2025-03-04T08:13:21.928+0000] {dagbag.py:588} INFO - Filling up the DagBag from /home/airflow/.local/lib/python3.12/site-packages/airflow/example_dags/example_params_ui_tutorial.py
[2025-03-04T08:13:21.946+0000] {processor.py:925} INFO - DAG(s) 'example_params_ui_tutorial' retrieved from /home/airflow/.local/lib/python3.12/site-packages/airflow/example_dags/example_params_ui_tutorial.py
[2025-03-04T08:13:22.029+0000] {logging_mixin.py:190} INFO - [2025-03-04T08:13:22.028+0000] {dag.py:3239} INFO - Sync 1 DAGs
[2025-03-04T08:13:22.056+0000] {logging_mixin.py:190} INFO - [2025-03-04T08:13:22.055+0000] {dag.py:4180} INFO - Setting next_dagrun for example_params_ui_tutorial to None, run_after=None
[2025-03-04T08:13:22.088+0000] {processor.py:208} INFO - Processing /home/airflow/.local/lib/python3.12/site-packages/airflow/example_dags/example_params_ui_tutorial.py took 0.176 seconds
[2025-03-04T08:13:52.270+0000] {processor.py:186} INFO - Started process (PID=235) to work on /home/airflow/.local/lib/python3.12/site-packages/airflow/example_dags/example_params_ui_tutorial.py
[2025-03-04T08:13:52.273+0000] {processor.py:914} INFO - Processing file /home/airflow/.local/lib/python3.12/site-packages/airflow/example_dags/example_params_ui_tutorial.py for tasks to queue
[2025-03-04T08:13:52.281+0000] {logging_mixin.py:190} INFO - [2025-03-04T08:13:52.280+0000] {dagbag.py:588} INFO - Filling up the DagBag from /home/airflow/.local/lib/python3.12/site-packages/airflow/example_dags/example_params_ui_tutorial.py
[2025-03-04T08:13:52.310+0000] {processor.py:925} INFO - DAG(s) 'example_params_ui_tutorial' retrieved from /home/airflow/.local/lib/python3.12/site-packages/airflow/example_dags/example_params_ui_tutorial.py
[2025-03-04T08:13:52.415+0000] {logging_mixin.py:190} INFO - [2025-03-04T08:13:52.415+0000] {dag.py:3239} INFO - Sync 1 DAGs
[2025-03-04T08:13:52.453+0000] {logging_mixin.py:190} INFO - [2025-03-04T08:13:52.453+0000] {dag.py:4180} INFO - Setting next_dagrun for example_params_ui_tutorial to None, run_after=None
[2025-03-04T08:13:52.528+0000] {processor.py:208} INFO - Processing /home/airflow/.local/lib/python3.12/site-packages/airflow/example_dags/example_params_ui_tutorial.py took 0.274 seconds
[2025-03-04T08:14:23.145+0000] {processor.py:186} INFO - Started process (PID=303) to work on /home/airflow/.local/lib/python3.12/site-packages/airflow/example_dags/example_params_ui_tutorial.py
[2025-03-04T08:14:23.150+0000] {processor.py:914} INFO - Processing file /home/airflow/.local/lib/python3.12/site-packages/airflow/example_dags/example_params_ui_tutorial.py for tasks to queue
[2025-03-04T08:14:23.157+0000] {logging_mixin.py:190} INFO - [2025-03-04T08:14:23.156+0000] {dagbag.py:588} INFO - Filling up the DagBag from /home/airflow/.local/lib/python3.12/site-packages/airflow/example_dags/example_params_ui_tutorial.py
[2025-03-04T08:14:23.183+0000] {processor.py:925} INFO - DAG(s) 'example_params_ui_tutorial' retrieved from /home/airflow/.local/lib/python3.12/site-packages/airflow/example_dags/example_params_ui_tutorial.py
[2025-03-04T08:14:23.284+0000] {logging_mixin.py:190} INFO - [2025-03-04T08:14:23.283+0000] {dag.py:3239} INFO - Sync 1 DAGs
[2025-03-04T08:14:23.313+0000] {logging_mixin.py:190} INFO - [2025-03-04T08:14:23.312+0000] {dag.py:4180} INFO - Setting next_dagrun for example_params_ui_tutorial to None, run_after=None
[2025-03-04T08:14:23.354+0000] {processor.py:208} INFO - Processing /home/airflow/.local/lib/python3.12/site-packages/airflow/example_dags/example_params_ui_tutorial.py took 0.229 seconds
