[2025-03-04T08:12:56.422+0000] {processor.py:186} INFO - Started process (PID=109) to work on /home/airflow/.local/lib/python3.12/site-packages/airflow/example_dags/example_task_group_decorator.py
[2025-03-04T08:12:56.424+0000] {processor.py:914} INFO - Processing file /home/airflow/.local/lib/python3.12/site-packages/airflow/example_dags/example_task_group_decorator.py for tasks to queue
[2025-03-04T08:12:56.430+0000] {logging_mixin.py:190} INFO - [2025-03-04T08:12:56.430+0000] {dagbag.py:588} INFO - Filling up the DagBag from /home/airflow/.local/lib/python3.12/site-packages/airflow/example_dags/example_task_group_decorator.py
[2025-03-04T08:12:56.497+0000] {processor.py:925} INFO - DAG(s) 'example_task_group_decorator' retrieved from /home/airflow/.local/lib/python3.12/site-packages/airflow/example_dags/example_task_group_decorator.py
[2025-03-04T08:12:56.843+0000] {logging_mixin.py:190} INFO - [2025-03-04T08:12:56.841+0000] {override.py:1912} INFO - Created Permission View: can edit on DAG:example_task_group_decorator
[2025-03-04T08:12:56.892+0000] {logging_mixin.py:190} INFO - [2025-03-04T08:12:56.891+0000] {override.py:1912} INFO - Created Permission View: can read on DAG:example_task_group_decorator
[2025-03-04T08:12:56.929+0000] {logging_mixin.py:190} INFO - [2025-03-04T08:12:56.928+0000] {override.py:1912} INFO - Created Permission View: can delete on DAG:example_task_group_decorator
[2025-03-04T08:12:56.981+0000] {logging_mixin.py:190} INFO - [2025-03-04T08:12:56.980+0000] {override.py:1912} INFO - Created Permission View: can delete on DAG Run:example_task_group_decorator
[2025-03-04T08:12:57.031+0000] {logging_mixin.py:190} INFO - [2025-03-04T08:12:57.030+0000] {override.py:1912} INFO - Created Permission View: can read on DAG Run:example_task_group_decorator
[2025-03-04T08:12:57.074+0000] {logging_mixin.py:190} INFO - [2025-03-04T08:12:57.073+0000] {override.py:1912} INFO - Created Permission View: can create on DAG Run:example_task_group_decorator
[2025-03-04T08:12:57.108+0000] {logging_mixin.py:190} INFO - [2025-03-04T08:12:57.107+0000] {override.py:1912} INFO - Created Permission View: menu access on DAG Run:example_task_group_decorator
[2025-03-04T08:12:57.110+0000] {logging_mixin.py:190} INFO - [2025-03-04T08:12:57.109+0000] {dag.py:3239} INFO - Sync 1 DAGs
[2025-03-04T08:12:57.164+0000] {logging_mixin.py:190} INFO - [2025-03-04T08:12:57.164+0000] {dag.py:3262} INFO - Creating ORM DAG for example_task_group_decorator
[2025-03-04T08:12:57.168+0000] {logging_mixin.py:190} INFO - [2025-03-04T08:12:57.167+0000] {dag.py:4180} INFO - Setting next_dagrun for example_task_group_decorator to None, run_after=None
[2025-03-04T08:12:57.225+0000] {processor.py:208} INFO - Processing /home/airflow/.local/lib/python3.12/site-packages/airflow/example_dags/example_task_group_decorator.py took 0.816 seconds
[2025-03-04T08:13:27.405+0000] {processor.py:186} INFO - Started process (PID=176) to work on /home/airflow/.local/lib/python3.12/site-packages/airflow/example_dags/example_task_group_decorator.py
[2025-03-04T08:13:27.407+0000] {processor.py:914} INFO - Processing file /home/airflow/.local/lib/python3.12/site-packages/airflow/example_dags/example_task_group_decorator.py for tasks to queue
[2025-03-04T08:13:27.411+0000] {logging_mixin.py:190} INFO - [2025-03-04T08:13:27.411+0000] {dagbag.py:588} INFO - Filling up the DagBag from /home/airflow/.local/lib/python3.12/site-packages/airflow/example_dags/example_task_group_decorator.py
[2025-03-04T08:13:27.450+0000] {processor.py:925} INFO - DAG(s) 'example_task_group_decorator' retrieved from /home/airflow/.local/lib/python3.12/site-packages/airflow/example_dags/example_task_group_decorator.py
[2025-03-04T08:13:27.506+0000] {logging_mixin.py:190} INFO - [2025-03-04T08:13:27.506+0000] {dag.py:3239} INFO - Sync 1 DAGs
[2025-03-04T08:13:27.545+0000] {logging_mixin.py:190} INFO - [2025-03-04T08:13:27.545+0000] {dag.py:4180} INFO - Setting next_dagrun for example_task_group_decorator to None, run_after=None
[2025-03-04T08:13:27.594+0000] {processor.py:208} INFO - Processing /home/airflow/.local/lib/python3.12/site-packages/airflow/example_dags/example_task_group_decorator.py took 0.202 seconds
[2025-03-04T08:13:57.866+0000] {processor.py:186} INFO - Started process (PID=242) to work on /home/airflow/.local/lib/python3.12/site-packages/airflow/example_dags/example_task_group_decorator.py
[2025-03-04T08:13:57.869+0000] {processor.py:914} INFO - Processing file /home/airflow/.local/lib/python3.12/site-packages/airflow/example_dags/example_task_group_decorator.py for tasks to queue
[2025-03-04T08:13:57.878+0000] {logging_mixin.py:190} INFO - [2025-03-04T08:13:57.877+0000] {dagbag.py:588} INFO - Filling up the DagBag from /home/airflow/.local/lib/python3.12/site-packages/airflow/example_dags/example_task_group_decorator.py
[2025-03-04T08:13:57.929+0000] {processor.py:925} INFO - DAG(s) 'example_task_group_decorator' retrieved from /home/airflow/.local/lib/python3.12/site-packages/airflow/example_dags/example_task_group_decorator.py
[2025-03-04T08:13:57.986+0000] {logging_mixin.py:190} INFO - [2025-03-04T08:13:57.986+0000] {dag.py:3239} INFO - Sync 1 DAGs
[2025-03-04T08:13:58.021+0000] {logging_mixin.py:190} INFO - [2025-03-04T08:13:58.020+0000] {dag.py:4180} INFO - Setting next_dagrun for example_task_group_decorator to None, run_after=None
[2025-03-04T08:13:58.070+0000] {processor.py:208} INFO - Processing /home/airflow/.local/lib/python3.12/site-packages/airflow/example_dags/example_task_group_decorator.py took 0.221 seconds
[2025-03-04T08:14:28.333+0000] {processor.py:186} INFO - Started process (PID=310) to work on /home/airflow/.local/lib/python3.12/site-packages/airflow/example_dags/example_task_group_decorator.py
[2025-03-04T08:14:28.340+0000] {processor.py:914} INFO - Processing file /home/airflow/.local/lib/python3.12/site-packages/airflow/example_dags/example_task_group_decorator.py for tasks to queue
[2025-03-04T08:14:28.346+0000] {logging_mixin.py:190} INFO - [2025-03-04T08:14:28.345+0000] {dagbag.py:588} INFO - Filling up the DagBag from /home/airflow/.local/lib/python3.12/site-packages/airflow/example_dags/example_task_group_decorator.py
[2025-03-04T08:14:28.399+0000] {processor.py:925} INFO - DAG(s) 'example_task_group_decorator' retrieved from /home/airflow/.local/lib/python3.12/site-packages/airflow/example_dags/example_task_group_decorator.py
[2025-03-04T08:14:28.478+0000] {logging_mixin.py:190} INFO - [2025-03-04T08:14:28.478+0000] {dag.py:3239} INFO - Sync 1 DAGs
[2025-03-04T08:14:28.517+0000] {logging_mixin.py:190} INFO - [2025-03-04T08:14:28.517+0000] {dag.py:4180} INFO - Setting next_dagrun for example_task_group_decorator to None, run_after=None
[2025-03-04T08:14:28.565+0000] {processor.py:208} INFO - Processing /home/airflow/.local/lib/python3.12/site-packages/airflow/example_dags/example_task_group_decorator.py took 0.247 seconds
