[2025-03-04T08:12:42.640+0000] {processor.py:186} INFO - Started process (PID=85) to work on /home/airflow/.local/lib/python3.12/site-packages/airflow/example_dags/example_task_group.py
[2025-03-04T08:12:42.644+0000] {processor.py:914} INFO - Processing file /home/airflow/.local/lib/python3.12/site-packages/airflow/example_dags/example_task_group.py for tasks to queue
[2025-03-04T08:12:42.661+0000] {logging_mixin.py:190} INFO - [2025-03-04T08:12:42.660+0000] {dagbag.py:588} INFO - Filling up the DagBag from /home/airflow/.local/lib/python3.12/site-packages/airflow/example_dags/example_task_group.py
[2025-03-04T08:12:42.737+0000] {processor.py:925} INFO - DAG(s) 'example_task_group' retrieved from /home/airflow/.local/lib/python3.12/site-packages/airflow/example_dags/example_task_group.py
[2025-03-04T08:12:43.647+0000] {logging_mixin.py:190} INFO - [2025-03-04T08:12:43.645+0000] {override.py:1912} INFO - Created Permission View: can edit on DAG:example_task_group
[2025-03-04T08:12:43.698+0000] {logging_mixin.py:190} INFO - [2025-03-04T08:12:43.698+0000] {override.py:1912} INFO - Created Permission View: can read on DAG:example_task_group
[2025-03-04T08:12:43.744+0000] {logging_mixin.py:190} INFO - [2025-03-04T08:12:43.743+0000] {override.py:1912} INFO - Created Permission View: can delete on DAG:example_task_group
[2025-03-04T08:12:43.795+0000] {logging_mixin.py:190} INFO - [2025-03-04T08:12:43.795+0000] {override.py:1912} INFO - Created Permission View: can delete on DAG Run:example_task_group
[2025-03-04T08:12:43.828+0000] {logging_mixin.py:190} INFO - [2025-03-04T08:12:43.827+0000] {override.py:1912} INFO - Created Permission View: can read on DAG Run:example_task_group
[2025-03-04T08:12:43.846+0000] {logging_mixin.py:190} INFO - [2025-03-04T08:12:43.846+0000] {override.py:1912} INFO - Created Permission View: can create on DAG Run:example_task_group
[2025-03-04T08:12:43.904+0000] {logging_mixin.py:190} INFO - [2025-03-04T08:12:43.903+0000] {override.py:1912} INFO - Created Permission View: menu access on DAG Run:example_task_group
[2025-03-04T08:12:43.924+0000] {logging_mixin.py:190} INFO - [2025-03-04T08:12:43.924+0000] {dag.py:3239} INFO - Sync 1 DAGs
[2025-03-04T08:12:44.008+0000] {logging_mixin.py:190} INFO - [2025-03-04T08:12:44.008+0000] {dag.py:3262} INFO - Creating ORM DAG for example_task_group
[2025-03-04T08:12:44.018+0000] {logging_mixin.py:190} INFO - [2025-03-04T08:12:44.014+0000] {dag.py:4180} INFO - Setting next_dagrun for example_task_group to None, run_after=None
[2025-03-04T08:12:44.159+0000] {processor.py:208} INFO - Processing /home/airflow/.local/lib/python3.12/site-packages/airflow/example_dags/example_task_group.py took 1.542 seconds
[2025-03-04T08:13:16.538+0000] {processor.py:186} INFO - Started process (PID=152) to work on /home/airflow/.local/lib/python3.12/site-packages/airflow/example_dags/example_task_group.py
[2025-03-04T08:13:16.539+0000] {processor.py:914} INFO - Processing file /home/airflow/.local/lib/python3.12/site-packages/airflow/example_dags/example_task_group.py for tasks to queue
[2025-03-04T08:13:16.546+0000] {logging_mixin.py:190} INFO - [2025-03-04T08:13:16.546+0000] {dagbag.py:588} INFO - Filling up the DagBag from /home/airflow/.local/lib/python3.12/site-packages/airflow/example_dags/example_task_group.py
[2025-03-04T08:13:16.564+0000] {processor.py:925} INFO - DAG(s) 'example_task_group' retrieved from /home/airflow/.local/lib/python3.12/site-packages/airflow/example_dags/example_task_group.py
[2025-03-04T08:13:16.611+0000] {logging_mixin.py:190} INFO - [2025-03-04T08:13:16.611+0000] {dag.py:3239} INFO - Sync 1 DAGs
[2025-03-04T08:13:16.707+0000] {logging_mixin.py:190} INFO - [2025-03-04T08:13:16.707+0000] {dag.py:4180} INFO - Setting next_dagrun for example_task_group to None, run_after=None
[2025-03-04T08:13:16.788+0000] {processor.py:208} INFO - Processing /home/airflow/.local/lib/python3.12/site-packages/airflow/example_dags/example_task_group.py took 0.262 seconds
[2025-03-04T08:13:48.380+0000] {processor.py:186} INFO - Started process (PID=225) to work on /home/airflow/.local/lib/python3.12/site-packages/airflow/example_dags/example_task_group.py
[2025-03-04T08:13:48.409+0000] {processor.py:914} INFO - Processing file /home/airflow/.local/lib/python3.12/site-packages/airflow/example_dags/example_task_group.py for tasks to queue
[2025-03-04T08:13:48.428+0000] {logging_mixin.py:190} INFO - [2025-03-04T08:13:48.427+0000] {dagbag.py:588} INFO - Filling up the DagBag from /home/airflow/.local/lib/python3.12/site-packages/airflow/example_dags/example_task_group.py
[2025-03-04T08:13:48.482+0000] {processor.py:925} INFO - DAG(s) 'example_task_group' retrieved from /home/airflow/.local/lib/python3.12/site-packages/airflow/example_dags/example_task_group.py
[2025-03-04T08:13:48.628+0000] {logging_mixin.py:190} INFO - [2025-03-04T08:13:48.627+0000] {dag.py:3239} INFO - Sync 1 DAGs
[2025-03-04T08:13:48.718+0000] {logging_mixin.py:190} INFO - [2025-03-04T08:13:48.718+0000] {dag.py:4180} INFO - Setting next_dagrun for example_task_group to None, run_after=None
[2025-03-04T08:13:48.821+0000] {processor.py:208} INFO - Processing /home/airflow/.local/lib/python3.12/site-packages/airflow/example_dags/example_task_group.py took 0.467 seconds
[2025-03-04T08:14:19.259+0000] {processor.py:186} INFO - Started process (PID=293) to work on /home/airflow/.local/lib/python3.12/site-packages/airflow/example_dags/example_task_group.py
[2025-03-04T08:14:19.262+0000] {processor.py:914} INFO - Processing file /home/airflow/.local/lib/python3.12/site-packages/airflow/example_dags/example_task_group.py for tasks to queue
[2025-03-04T08:14:19.266+0000] {logging_mixin.py:190} INFO - [2025-03-04T08:14:19.265+0000] {dagbag.py:588} INFO - Filling up the DagBag from /home/airflow/.local/lib/python3.12/site-packages/airflow/example_dags/example_task_group.py
[2025-03-04T08:14:19.303+0000] {processor.py:925} INFO - DAG(s) 'example_task_group' retrieved from /home/airflow/.local/lib/python3.12/site-packages/airflow/example_dags/example_task_group.py
[2025-03-04T08:14:19.379+0000] {logging_mixin.py:190} INFO - [2025-03-04T08:14:19.378+0000] {dag.py:3239} INFO - Sync 1 DAGs
[2025-03-04T08:14:19.421+0000] {logging_mixin.py:190} INFO - [2025-03-04T08:14:19.420+0000] {dag.py:4180} INFO - Setting next_dagrun for example_task_group to None, run_after=None
[2025-03-04T08:14:19.462+0000] {processor.py:208} INFO - Processing /home/airflow/.local/lib/python3.12/site-packages/airflow/example_dags/example_task_group.py took 0.218 seconds
[2025-03-04T08:14:50.133+0000] {processor.py:186} INFO - Started process (PID=360) to work on /home/airflow/.local/lib/python3.12/site-packages/airflow/example_dags/example_task_group.py
[2025-03-04T08:14:50.136+0000] {processor.py:914} INFO - Processing file /home/airflow/.local/lib/python3.12/site-packages/airflow/example_dags/example_task_group.py for tasks to queue
[2025-03-04T08:14:50.149+0000] {logging_mixin.py:190} INFO - [2025-03-04T08:14:50.147+0000] {dagbag.py:588} INFO - Filling up the DagBag from /home/airflow/.local/lib/python3.12/site-packages/airflow/example_dags/example_task_group.py
[2025-03-04T08:14:50.189+0000] {processor.py:925} INFO - DAG(s) 'example_task_group' retrieved from /home/airflow/.local/lib/python3.12/site-packages/airflow/example_dags/example_task_group.py
[2025-03-04T08:14:50.302+0000] {logging_mixin.py:190} INFO - [2025-03-04T08:14:50.302+0000] {dag.py:3239} INFO - Sync 1 DAGs
[2025-03-04T08:14:50.431+0000] {logging_mixin.py:190} INFO - [2025-03-04T08:14:50.429+0000] {dag.py:4180} INFO - Setting next_dagrun for example_task_group to None, run_after=None
[2025-03-04T08:14:50.527+0000] {processor.py:208} INFO - Processing /home/airflow/.local/lib/python3.12/site-packages/airflow/example_dags/example_task_group.py took 0.417 seconds
