[2025-03-04T08:13:01.900+0000] {processor.py:186} INFO - Started process (PID=119) to work on /home/airflow/.local/lib/python3.12/site-packages/airflow/example_dags/example_outlet_event_extra.py
[2025-03-04T08:13:01.901+0000] {processor.py:914} INFO - Processing file /home/airflow/.local/lib/python3.12/site-packages/airflow/example_dags/example_outlet_event_extra.py for tasks to queue
[2025-03-04T08:13:01.906+0000] {logging_mixin.py:190} INFO - [2025-03-04T08:13:01.906+0000] {dagbag.py:588} INFO - Filling up the DagBag from /home/airflow/.local/lib/python3.12/site-packages/airflow/example_dags/example_outlet_event_extra.py
[2025-03-04T08:13:03.365+0000] {processor.py:925} INFO - DAG(s) 'dataset_with_extra_by_yield', 'dataset_with_extra_by_context', 'dataset_with_extra_from_classic_operator' retrieved from /home/airflow/.local/lib/python3.12/site-packages/airflow/example_dags/example_outlet_event_extra.py
[2025-03-04T08:13:03.730+0000] {logging_mixin.py:190} INFO - [2025-03-04T08:13:03.728+0000] {override.py:1912} INFO - Created Permission View: can edit on DAG:dataset_with_extra_by_yield
[2025-03-04T08:13:03.777+0000] {logging_mixin.py:190} INFO - [2025-03-04T08:13:03.775+0000] {override.py:1912} INFO - Created Permission View: can read on DAG:dataset_with_extra_by_yield
[2025-03-04T08:13:03.822+0000] {logging_mixin.py:190} INFO - [2025-03-04T08:13:03.822+0000] {override.py:1912} INFO - Created Permission View: can delete on DAG:dataset_with_extra_by_yield
[2025-03-04T08:13:03.841+0000] {logging_mixin.py:190} INFO - [2025-03-04T08:13:03.841+0000] {override.py:1912} INFO - Created Permission View: can delete on DAG Run:dataset_with_extra_by_yield
[2025-03-04T08:13:03.883+0000] {logging_mixin.py:190} INFO - [2025-03-04T08:13:03.882+0000] {override.py:1912} INFO - Created Permission View: can read on DAG Run:dataset_with_extra_by_yield
[2025-03-04T08:13:03.916+0000] {logging_mixin.py:190} INFO - [2025-03-04T08:13:03.915+0000] {override.py:1912} INFO - Created Permission View: can create on DAG Run:dataset_with_extra_by_yield
[2025-03-04T08:13:03.961+0000] {logging_mixin.py:190} INFO - [2025-03-04T08:13:03.960+0000] {override.py:1912} INFO - Created Permission View: menu access on DAG Run:dataset_with_extra_by_yield
[2025-03-04T08:13:04.001+0000] {logging_mixin.py:190} INFO - [2025-03-04T08:13:04.001+0000] {override.py:1912} INFO - Created Permission View: can edit on DAG:dataset_with_extra_by_context
[2025-03-04T08:13:04.039+0000] {logging_mixin.py:190} INFO - [2025-03-04T08:13:04.038+0000] {override.py:1912} INFO - Created Permission View: can read on DAG:dataset_with_extra_by_context
[2025-03-04T08:13:04.086+0000] {logging_mixin.py:190} INFO - [2025-03-04T08:13:04.085+0000] {override.py:1912} INFO - Created Permission View: can delete on DAG:dataset_with_extra_by_context
[2025-03-04T08:13:04.137+0000] {logging_mixin.py:190} INFO - [2025-03-04T08:13:04.136+0000] {override.py:1912} INFO - Created Permission View: can delete on DAG Run:dataset_with_extra_by_context
[2025-03-04T08:13:04.177+0000] {logging_mixin.py:190} INFO - [2025-03-04T08:13:04.176+0000] {override.py:1912} INFO - Created Permission View: can read on DAG Run:dataset_with_extra_by_context
[2025-03-04T08:13:04.208+0000] {logging_mixin.py:190} INFO - [2025-03-04T08:13:04.208+0000] {override.py:1912} INFO - Created Permission View: can create on DAG Run:dataset_with_extra_by_context
[2025-03-04T08:13:04.240+0000] {logging_mixin.py:190} INFO - [2025-03-04T08:13:04.239+0000] {override.py:1912} INFO - Created Permission View: menu access on DAG Run:dataset_with_extra_by_context
[2025-03-04T08:13:04.280+0000] {logging_mixin.py:190} INFO - [2025-03-04T08:13:04.279+0000] {override.py:1912} INFO - Created Permission View: can edit on DAG:dataset_with_extra_from_classic_operator
[2025-03-04T08:13:04.319+0000] {logging_mixin.py:190} INFO - [2025-03-04T08:13:04.318+0000] {override.py:1912} INFO - Created Permission View: can read on DAG:dataset_with_extra_from_classic_operator
[2025-03-04T08:13:04.366+0000] {logging_mixin.py:190} INFO - [2025-03-04T08:13:04.365+0000] {override.py:1912} INFO - Created Permission View: can delete on DAG:dataset_with_extra_from_classic_operator
[2025-03-04T08:13:04.412+0000] {logging_mixin.py:190} INFO - [2025-03-04T08:13:04.412+0000] {override.py:1912} INFO - Created Permission View: can delete on DAG Run:dataset_with_extra_from_classic_operator
[2025-03-04T08:13:04.451+0000] {logging_mixin.py:190} INFO - [2025-03-04T08:13:04.449+0000] {override.py:1912} INFO - Created Permission View: can read on DAG Run:dataset_with_extra_from_classic_operator
[2025-03-04T08:13:04.526+0000] {logging_mixin.py:190} INFO - [2025-03-04T08:13:04.525+0000] {override.py:1912} INFO - Created Permission View: can create on DAG Run:dataset_with_extra_from_classic_operator
[2025-03-04T08:13:04.572+0000] {logging_mixin.py:190} INFO - [2025-03-04T08:13:04.571+0000] {override.py:1912} INFO - Created Permission View: menu access on DAG Run:dataset_with_extra_from_classic_operator
[2025-03-04T08:13:04.577+0000] {logging_mixin.py:190} INFO - [2025-03-04T08:13:04.577+0000] {dag.py:3239} INFO - Sync 3 DAGs
[2025-03-04T08:13:04.625+0000] {logging_mixin.py:190} INFO - [2025-03-04T08:13:04.623+0000] {dag.py:3262} INFO - Creating ORM DAG for dataset_with_extra_by_context
[2025-03-04T08:13:04.636+0000] {logging_mixin.py:190} INFO - [2025-03-04T08:13:04.635+0000] {dag.py:3262} INFO - Creating ORM DAG for dataset_with_extra_by_yield
[2025-03-04T08:13:04.638+0000] {logging_mixin.py:190} INFO - [2025-03-04T08:13:04.638+0000] {dag.py:3262} INFO - Creating ORM DAG for dataset_with_extra_from_classic_operator
[2025-03-04T08:13:04.671+0000] {logging_mixin.py:190} INFO - [2025-03-04T08:13:04.670+0000] {dag.py:4180} INFO - Setting next_dagrun for dataset_with_extra_by_context to 2025-03-03 00:00:00+00:00, run_after=2025-03-04 00:00:00+00:00
[2025-03-04T08:13:04.679+0000] {logging_mixin.py:190} INFO - [2025-03-04T08:13:04.678+0000] {dag.py:4180} INFO - Setting next_dagrun for dataset_with_extra_by_yield to 2025-03-03 00:00:00+00:00, run_after=2025-03-04 00:00:00+00:00
[2025-03-04T08:13:04.685+0000] {logging_mixin.py:190} INFO - [2025-03-04T08:13:04.684+0000] {dag.py:4180} INFO - Setting next_dagrun for dataset_with_extra_from_classic_operator to 2025-03-03 00:00:00+00:00, run_after=2025-03-04 00:00:00+00:00
[2025-03-04T08:13:04.756+0000] {processor.py:208} INFO - Processing /home/airflow/.local/lib/python3.12/site-packages/airflow/example_dags/example_outlet_event_extra.py took 2.860 seconds
[2025-03-04T08:13:35.452+0000] {processor.py:186} INFO - Started process (PID=188) to work on /home/airflow/.local/lib/python3.12/site-packages/airflow/example_dags/example_outlet_event_extra.py
[2025-03-04T08:13:35.454+0000] {processor.py:914} INFO - Processing file /home/airflow/.local/lib/python3.12/site-packages/airflow/example_dags/example_outlet_event_extra.py for tasks to queue
[2025-03-04T08:13:35.459+0000] {logging_mixin.py:190} INFO - [2025-03-04T08:13:35.459+0000] {dagbag.py:588} INFO - Filling up the DagBag from /home/airflow/.local/lib/python3.12/site-packages/airflow/example_dags/example_outlet_event_extra.py
[2025-03-04T08:13:36.933+0000] {processor.py:925} INFO - DAG(s) 'dataset_with_extra_from_classic_operator', 'dataset_with_extra_by_yield', 'dataset_with_extra_by_context' retrieved from /home/airflow/.local/lib/python3.12/site-packages/airflow/example_dags/example_outlet_event_extra.py
[2025-03-04T08:13:36.990+0000] {logging_mixin.py:190} INFO - [2025-03-04T08:13:36.989+0000] {dag.py:3239} INFO - Sync 3 DAGs
[2025-03-04T08:13:37.094+0000] {logging_mixin.py:190} INFO - [2025-03-04T08:13:37.093+0000] {dag.py:4180} INFO - Setting next_dagrun for dataset_with_extra_by_context to 2025-03-03 00:00:00+00:00, run_after=2025-03-04 00:00:00+00:00
[2025-03-04T08:13:37.121+0000] {logging_mixin.py:190} INFO - [2025-03-04T08:13:37.120+0000] {dag.py:4180} INFO - Setting next_dagrun for dataset_with_extra_by_yield to 2025-03-03 00:00:00+00:00, run_after=2025-03-04 00:00:00+00:00
[2025-03-04T08:13:37.132+0000] {logging_mixin.py:190} INFO - [2025-03-04T08:13:37.131+0000] {dag.py:4180} INFO - Setting next_dagrun for dataset_with_extra_from_classic_operator to 2025-03-03 00:00:00+00:00, run_after=2025-03-04 00:00:00+00:00
[2025-03-04T08:13:37.203+0000] {processor.py:208} INFO - Processing /home/airflow/.local/lib/python3.12/site-packages/airflow/example_dags/example_outlet_event_extra.py took 1.765 seconds
[2025-03-04T08:14:07.834+0000] {processor.py:186} INFO - Started process (PID=256) to work on /home/airflow/.local/lib/python3.12/site-packages/airflow/example_dags/example_outlet_event_extra.py
[2025-03-04T08:14:07.837+0000] {processor.py:914} INFO - Processing file /home/airflow/.local/lib/python3.12/site-packages/airflow/example_dags/example_outlet_event_extra.py for tasks to queue
[2025-03-04T08:14:07.845+0000] {logging_mixin.py:190} INFO - [2025-03-04T08:14:07.844+0000] {dagbag.py:588} INFO - Filling up the DagBag from /home/airflow/.local/lib/python3.12/site-packages/airflow/example_dags/example_outlet_event_extra.py
[2025-03-04T08:14:09.744+0000] {processor.py:925} INFO - DAG(s) 'dataset_with_extra_from_classic_operator', 'dataset_with_extra_by_yield', 'dataset_with_extra_by_context' retrieved from /home/airflow/.local/lib/python3.12/site-packages/airflow/example_dags/example_outlet_event_extra.py
[2025-03-04T08:14:09.830+0000] {logging_mixin.py:190} INFO - [2025-03-04T08:14:09.829+0000] {dag.py:3239} INFO - Sync 3 DAGs
[2025-03-04T08:14:09.911+0000] {logging_mixin.py:190} INFO - [2025-03-04T08:14:09.911+0000] {dag.py:4180} INFO - Setting next_dagrun for dataset_with_extra_by_context to 2025-03-03 00:00:00+00:00, run_after=2025-03-04 00:00:00+00:00
[2025-03-04T08:14:09.929+0000] {logging_mixin.py:190} INFO - [2025-03-04T08:14:09.928+0000] {dag.py:4180} INFO - Setting next_dagrun for dataset_with_extra_by_yield to 2025-03-03 00:00:00+00:00, run_after=2025-03-04 00:00:00+00:00
[2025-03-04T08:14:09.935+0000] {logging_mixin.py:190} INFO - [2025-03-04T08:14:09.935+0000] {dag.py:4180} INFO - Setting next_dagrun for dataset_with_extra_from_classic_operator to 2025-03-03 00:00:00+00:00, run_after=2025-03-04 00:00:00+00:00
[2025-03-04T08:14:09.993+0000] {processor.py:208} INFO - Processing /home/airflow/.local/lib/python3.12/site-packages/airflow/example_dags/example_outlet_event_extra.py took 2.174 seconds
[2025-03-04T08:14:40.425+0000] {processor.py:186} INFO - Started process (PID=326) to work on /home/airflow/.local/lib/python3.12/site-packages/airflow/example_dags/example_outlet_event_extra.py
[2025-03-04T08:14:40.427+0000] {processor.py:914} INFO - Processing file /home/airflow/.local/lib/python3.12/site-packages/airflow/example_dags/example_outlet_event_extra.py for tasks to queue
[2025-03-04T08:14:40.435+0000] {logging_mixin.py:190} INFO - [2025-03-04T08:14:40.434+0000] {dagbag.py:588} INFO - Filling up the DagBag from /home/airflow/.local/lib/python3.12/site-packages/airflow/example_dags/example_outlet_event_extra.py
[2025-03-04T08:14:41.599+0000] {processor.py:925} INFO - DAG(s) 'dataset_with_extra_by_context', 'dataset_with_extra_from_classic_operator', 'dataset_with_extra_by_yield' retrieved from /home/airflow/.local/lib/python3.12/site-packages/airflow/example_dags/example_outlet_event_extra.py
[2025-03-04T08:14:41.649+0000] {logging_mixin.py:190} INFO - [2025-03-04T08:14:41.649+0000] {dag.py:3239} INFO - Sync 3 DAGs
[2025-03-04T08:14:41.694+0000] {logging_mixin.py:190} INFO - [2025-03-04T08:14:41.693+0000] {dag.py:4180} INFO - Setting next_dagrun for dataset_with_extra_by_context to 2025-03-03 00:00:00+00:00, run_after=2025-03-04 00:00:00+00:00
[2025-03-04T08:14:41.704+0000] {logging_mixin.py:190} INFO - [2025-03-04T08:14:41.703+0000] {dag.py:4180} INFO - Setting next_dagrun for dataset_with_extra_by_yield to 2025-03-03 00:00:00+00:00, run_after=2025-03-04 00:00:00+00:00
[2025-03-04T08:14:41.710+0000] {logging_mixin.py:190} INFO - [2025-03-04T08:14:41.709+0000] {dag.py:4180} INFO - Setting next_dagrun for dataset_with_extra_from_classic_operator to 2025-03-03 00:00:00+00:00, run_after=2025-03-04 00:00:00+00:00
[2025-03-04T08:14:41.750+0000] {processor.py:208} INFO - Processing /home/airflow/.local/lib/python3.12/site-packages/airflow/example_dags/example_outlet_event_extra.py took 1.357 seconds
