[2025-03-04T08:12:54.760+0000] {processor.py:186} INFO - Started process (PID=106) to work on /home/airflow/.local/lib/python3.12/site-packages/airflow/example_dags/example_bash_decorator.py
[2025-03-04T08:12:54.763+0000] {processor.py:914} INFO - Processing file /home/airflow/.local/lib/python3.12/site-packages/airflow/example_dags/example_bash_decorator.py for tasks to queue
[2025-03-04T08:12:54.767+0000] {logging_mixin.py:190} INFO - [2025-03-04T08:12:54.767+0000] {dagbag.py:588} INFO - Filling up the DagBag from /home/airflow/.local/lib/python3.12/site-packages/airflow/example_dags/example_bash_decorator.py
[2025-03-04T08:12:54.819+0000] {processor.py:925} INFO - DAG(s) 'example_bash_decorator' retrieved from /home/airflow/.local/lib/python3.12/site-packages/airflow/example_dags/example_bash_decorator.py
[2025-03-04T08:12:55.108+0000] {logging_mixin.py:190} INFO - [2025-03-04T08:12:55.106+0000] {override.py:1912} INFO - Created Permission View: can edit on DAG:example_bash_decorator
[2025-03-04T08:12:55.172+0000] {logging_mixin.py:190} INFO - [2025-03-04T08:12:55.171+0000] {override.py:1912} INFO - Created Permission View: can read on DAG:example_bash_decorator
[2025-03-04T08:12:55.217+0000] {logging_mixin.py:190} INFO - [2025-03-04T08:12:55.215+0000] {override.py:1912} INFO - Created Permission View: can delete on DAG:example_bash_decorator
[2025-03-04T08:12:55.355+0000] {logging_mixin.py:190} INFO - [2025-03-04T08:12:55.354+0000] {override.py:1912} INFO - Created Permission View: can delete on DAG Run:example_bash_decorator
[2025-03-04T08:12:55.393+0000] {logging_mixin.py:190} INFO - [2025-03-04T08:12:55.392+0000] {override.py:1912} INFO - Created Permission View: can read on DAG Run:example_bash_decorator
[2025-03-04T08:12:55.424+0000] {logging_mixin.py:190} INFO - [2025-03-04T08:12:55.423+0000] {override.py:1912} INFO - Created Permission View: can create on DAG Run:example_bash_decorator
[2025-03-04T08:12:55.466+0000] {logging_mixin.py:190} INFO - [2025-03-04T08:12:55.465+0000] {override.py:1912} INFO - Created Permission View: menu access on DAG Run:example_bash_decorator
[2025-03-04T08:12:55.473+0000] {logging_mixin.py:190} INFO - [2025-03-04T08:12:55.471+0000] {dag.py:3239} INFO - Sync 1 DAGs
[2025-03-04T08:12:55.550+0000] {logging_mixin.py:190} INFO - [2025-03-04T08:12:55.549+0000] {dag.py:3262} INFO - Creating ORM DAG for example_bash_decorator
[2025-03-04T08:12:55.553+0000] {logging_mixin.py:190} INFO - [2025-03-04T08:12:55.553+0000] {dag.py:4180} INFO - Setting next_dagrun for example_bash_decorator to None, run_after=None
[2025-03-04T08:12:55.621+0000] {processor.py:208} INFO - Processing /home/airflow/.local/lib/python3.12/site-packages/airflow/example_dags/example_bash_decorator.py took 0.875 seconds
[2025-03-04T08:13:26.394+0000] {processor.py:186} INFO - Started process (PID=173) to work on /home/airflow/.local/lib/python3.12/site-packages/airflow/example_dags/example_bash_decorator.py
[2025-03-04T08:13:26.398+0000] {processor.py:914} INFO - Processing file /home/airflow/.local/lib/python3.12/site-packages/airflow/example_dags/example_bash_decorator.py for tasks to queue
[2025-03-04T08:13:26.411+0000] {logging_mixin.py:190} INFO - [2025-03-04T08:13:26.410+0000] {dagbag.py:588} INFO - Filling up the DagBag from /home/airflow/.local/lib/python3.12/site-packages/airflow/example_dags/example_bash_decorator.py
[2025-03-04T08:13:26.485+0000] {processor.py:925} INFO - DAG(s) 'example_bash_decorator' retrieved from /home/airflow/.local/lib/python3.12/site-packages/airflow/example_dags/example_bash_decorator.py
[2025-03-04T08:13:26.566+0000] {logging_mixin.py:190} INFO - [2025-03-04T08:13:26.565+0000] {dag.py:3239} INFO - Sync 1 DAGs
[2025-03-04T08:13:26.615+0000] {logging_mixin.py:190} INFO - [2025-03-04T08:13:26.615+0000] {dag.py:4180} INFO - Setting next_dagrun for example_bash_decorator to None, run_after=None
[2025-03-04T08:13:26.666+0000] {processor.py:208} INFO - Processing /home/airflow/.local/lib/python3.12/site-packages/airflow/example_dags/example_bash_decorator.py took 0.298 seconds
[2025-03-04T08:13:57.142+0000] {processor.py:186} INFO - Started process (PID=239) to work on /home/airflow/.local/lib/python3.12/site-packages/airflow/example_dags/example_bash_decorator.py
[2025-03-04T08:13:57.144+0000] {processor.py:914} INFO - Processing file /home/airflow/.local/lib/python3.12/site-packages/airflow/example_dags/example_bash_decorator.py for tasks to queue
[2025-03-04T08:13:57.148+0000] {logging_mixin.py:190} INFO - [2025-03-04T08:13:57.148+0000] {dagbag.py:588} INFO - Filling up the DagBag from /home/airflow/.local/lib/python3.12/site-packages/airflow/example_dags/example_bash_decorator.py
[2025-03-04T08:13:57.179+0000] {processor.py:925} INFO - DAG(s) 'example_bash_decorator' retrieved from /home/airflow/.local/lib/python3.12/site-packages/airflow/example_dags/example_bash_decorator.py
[2025-03-04T08:13:57.241+0000] {logging_mixin.py:190} INFO - [2025-03-04T08:13:57.240+0000] {dag.py:3239} INFO - Sync 1 DAGs
[2025-03-04T08:13:57.294+0000] {logging_mixin.py:190} INFO - [2025-03-04T08:13:57.293+0000] {dag.py:4180} INFO - Setting next_dagrun for example_bash_decorator to None, run_after=None
[2025-03-04T08:13:57.353+0000] {processor.py:208} INFO - Processing /home/airflow/.local/lib/python3.12/site-packages/airflow/example_dags/example_bash_decorator.py took 0.222 seconds
[2025-03-04T08:14:27.635+0000] {processor.py:186} INFO - Started process (PID=307) to work on /home/airflow/.local/lib/python3.12/site-packages/airflow/example_dags/example_bash_decorator.py
[2025-03-04T08:14:27.637+0000] {processor.py:914} INFO - Processing file /home/airflow/.local/lib/python3.12/site-packages/airflow/example_dags/example_bash_decorator.py for tasks to queue
[2025-03-04T08:14:27.643+0000] {logging_mixin.py:190} INFO - [2025-03-04T08:14:27.643+0000] {dagbag.py:588} INFO - Filling up the DagBag from /home/airflow/.local/lib/python3.12/site-packages/airflow/example_dags/example_bash_decorator.py
[2025-03-04T08:14:27.702+0000] {processor.py:925} INFO - DAG(s) 'example_bash_decorator' retrieved from /home/airflow/.local/lib/python3.12/site-packages/airflow/example_dags/example_bash_decorator.py
[2025-03-04T08:14:27.756+0000] {logging_mixin.py:190} INFO - [2025-03-04T08:14:27.756+0000] {dag.py:3239} INFO - Sync 1 DAGs
[2025-03-04T08:14:27.800+0000] {logging_mixin.py:190} INFO - [2025-03-04T08:14:27.800+0000] {dag.py:4180} INFO - Setting next_dagrun for example_bash_decorator to None, run_after=None
[2025-03-04T08:14:27.845+0000] {processor.py:208} INFO - Processing /home/airflow/.local/lib/python3.12/site-packages/airflow/example_dags/example_bash_decorator.py took 0.223 seconds
