[2025-03-04T08:13:12.395+0000] {processor.py:186} INFO - Started process (PID=133) to work on /home/airflow/.local/lib/python3.12/site-packages/airflow/example_dags/example_branch_operator_decorator.py
[2025-03-04T08:13:12.398+0000] {processor.py:914} INFO - Processing file /home/airflow/.local/lib/python3.12/site-packages/airflow/example_dags/example_branch_operator_decorator.py for tasks to queue
[2025-03-04T08:13:12.404+0000] {logging_mixin.py:190} INFO - [2025-03-04T08:13:12.403+0000] {dagbag.py:588} INFO - Filling up the DagBag from /home/airflow/.local/lib/python3.12/site-packages/airflow/example_dags/example_branch_operator_decorator.py
[2025-03-04T08:13:12.466+0000] {processor.py:925} INFO - DAG(s) 'example_branch_python_operator_decorator' retrieved from /home/airflow/.local/lib/python3.12/site-packages/airflow/example_dags/example_branch_operator_decorator.py
[2025-03-04T08:13:12.857+0000] {logging_mixin.py:190} INFO - [2025-03-04T08:13:12.856+0000] {override.py:1912} INFO - Created Permission View: can edit on DAG:example_branch_python_operator_decorator
[2025-03-04T08:13:12.887+0000] {logging_mixin.py:190} INFO - [2025-03-04T08:13:12.886+0000] {override.py:1912} INFO - Created Permission View: can read on DAG:example_branch_python_operator_decorator
[2025-03-04T08:13:12.902+0000] {logging_mixin.py:190} INFO - [2025-03-04T08:13:12.902+0000] {override.py:1912} INFO - Created Permission View: can delete on DAG:example_branch_python_operator_decorator
[2025-03-04T08:13:12.920+0000] {logging_mixin.py:190} INFO - [2025-03-04T08:13:12.919+0000] {override.py:1912} INFO - Created Permission View: can delete on DAG Run:example_branch_python_operator_decorator
[2025-03-04T08:13:12.936+0000] {logging_mixin.py:190} INFO - [2025-03-04T08:13:12.935+0000] {override.py:1912} INFO - Created Permission View: can read on DAG Run:example_branch_python_operator_decorator
[2025-03-04T08:13:12.950+0000] {logging_mixin.py:190} INFO - [2025-03-04T08:13:12.950+0000] {override.py:1912} INFO - Created Permission View: can create on DAG Run:example_branch_python_operator_decorator
[2025-03-04T08:13:12.966+0000] {logging_mixin.py:190} INFO - [2025-03-04T08:13:12.966+0000] {override.py:1912} INFO - Created Permission View: menu access on DAG Run:example_branch_python_operator_decorator
[2025-03-04T08:13:12.968+0000] {logging_mixin.py:190} INFO - [2025-03-04T08:13:12.967+0000] {dag.py:3239} INFO - Sync 1 DAGs
[2025-03-04T08:13:12.998+0000] {logging_mixin.py:190} INFO - [2025-03-04T08:13:12.998+0000] {dag.py:3262} INFO - Creating ORM DAG for example_branch_python_operator_decorator
[2025-03-04T08:13:13.023+0000] {logging_mixin.py:190} INFO - [2025-03-04T08:13:13.022+0000] {dag.py:4180} INFO - Setting next_dagrun for example_branch_python_operator_decorator to 2025-03-03 00:00:00+00:00, run_after=2025-03-04 00:00:00+00:00
[2025-03-04T08:13:13.063+0000] {processor.py:208} INFO - Processing /home/airflow/.local/lib/python3.12/site-packages/airflow/example_dags/example_branch_operator_decorator.py took 0.689 seconds
[2025-03-04T08:13:43.555+0000] {processor.py:186} INFO - Started process (PID=200) to work on /home/airflow/.local/lib/python3.12/site-packages/airflow/example_dags/example_branch_operator_decorator.py
[2025-03-04T08:13:43.557+0000] {processor.py:914} INFO - Processing file /home/airflow/.local/lib/python3.12/site-packages/airflow/example_dags/example_branch_operator_decorator.py for tasks to queue
[2025-03-04T08:13:43.563+0000] {logging_mixin.py:190} INFO - [2025-03-04T08:13:43.562+0000] {dagbag.py:588} INFO - Filling up the DagBag from /home/airflow/.local/lib/python3.12/site-packages/airflow/example_dags/example_branch_operator_decorator.py
[2025-03-04T08:13:43.658+0000] {processor.py:925} INFO - DAG(s) 'example_branch_python_operator_decorator' retrieved from /home/airflow/.local/lib/python3.12/site-packages/airflow/example_dags/example_branch_operator_decorator.py
[2025-03-04T08:13:43.786+0000] {logging_mixin.py:190} INFO - [2025-03-04T08:13:43.785+0000] {dag.py:3239} INFO - Sync 1 DAGs
[2025-03-04T08:13:43.899+0000] {logging_mixin.py:190} INFO - [2025-03-04T08:13:43.898+0000] {dag.py:4180} INFO - Setting next_dagrun for example_branch_python_operator_decorator to 2025-03-03 00:00:00+00:00, run_after=2025-03-04 00:00:00+00:00
[2025-03-04T08:13:43.974+0000] {processor.py:208} INFO - Processing /home/airflow/.local/lib/python3.12/site-packages/airflow/example_dags/example_branch_operator_decorator.py took 0.433 seconds
[2025-03-04T08:14:16.032+0000] {processor.py:186} INFO - Started process (PID=267) to work on /home/airflow/.local/lib/python3.12/site-packages/airflow/example_dags/example_branch_operator_decorator.py
[2025-03-04T08:14:16.034+0000] {processor.py:914} INFO - Processing file /home/airflow/.local/lib/python3.12/site-packages/airflow/example_dags/example_branch_operator_decorator.py for tasks to queue
[2025-03-04T08:14:16.042+0000] {logging_mixin.py:190} INFO - [2025-03-04T08:14:16.041+0000] {dagbag.py:588} INFO - Filling up the DagBag from /home/airflow/.local/lib/python3.12/site-packages/airflow/example_dags/example_branch_operator_decorator.py
[2025-03-04T08:14:16.127+0000] {processor.py:925} INFO - DAG(s) 'example_branch_python_operator_decorator' retrieved from /home/airflow/.local/lib/python3.12/site-packages/airflow/example_dags/example_branch_operator_decorator.py
[2025-03-04T08:14:16.228+0000] {logging_mixin.py:190} INFO - [2025-03-04T08:14:16.227+0000] {dag.py:3239} INFO - Sync 1 DAGs
[2025-03-04T08:14:16.296+0000] {logging_mixin.py:190} INFO - [2025-03-04T08:14:16.295+0000] {dag.py:4180} INFO - Setting next_dagrun for example_branch_python_operator_decorator to 2025-03-03 00:00:00+00:00, run_after=2025-03-04 00:00:00+00:00
[2025-03-04T08:14:16.349+0000] {processor.py:208} INFO - Processing /home/airflow/.local/lib/python3.12/site-packages/airflow/example_dags/example_branch_operator_decorator.py took 0.336 seconds
[2025-03-04T08:14:47.473+0000] {processor.py:186} INFO - Started process (PID=335) to work on /home/airflow/.local/lib/python3.12/site-packages/airflow/example_dags/example_branch_operator_decorator.py
[2025-03-04T08:14:47.476+0000] {processor.py:914} INFO - Processing file /home/airflow/.local/lib/python3.12/site-packages/airflow/example_dags/example_branch_operator_decorator.py for tasks to queue
[2025-03-04T08:14:47.483+0000] {logging_mixin.py:190} INFO - [2025-03-04T08:14:47.482+0000] {dagbag.py:588} INFO - Filling up the DagBag from /home/airflow/.local/lib/python3.12/site-packages/airflow/example_dags/example_branch_operator_decorator.py
[2025-03-04T08:14:47.543+0000] {processor.py:925} INFO - DAG(s) 'example_branch_python_operator_decorator' retrieved from /home/airflow/.local/lib/python3.12/site-packages/airflow/example_dags/example_branch_operator_decorator.py
[2025-03-04T08:14:47.596+0000] {logging_mixin.py:190} INFO - [2025-03-04T08:14:47.595+0000] {dag.py:3239} INFO - Sync 1 DAGs
[2025-03-04T08:14:47.657+0000] {logging_mixin.py:190} INFO - [2025-03-04T08:14:47.656+0000] {dag.py:4180} INFO - Setting next_dagrun for example_branch_python_operator_decorator to 2025-03-03 00:00:00+00:00, run_after=2025-03-04 00:00:00+00:00
[2025-03-04T08:14:47.703+0000] {processor.py:208} INFO - Processing /home/airflow/.local/lib/python3.12/site-packages/airflow/example_dags/example_branch_operator_decorator.py took 0.249 seconds
