[2025-03-04T08:12:46.673+0000] {processor.py:186} INFO - Started process (PID=91) to work on /home/airflow/.local/lib/python3.12/site-packages/airflow/example_dags/example_branch_operator.py
[2025-03-04T08:12:46.677+0000] {processor.py:914} INFO - Processing file /home/airflow/.local/lib/python3.12/site-packages/airflow/example_dags/example_branch_operator.py for tasks to queue
[2025-03-04T08:12:46.684+0000] {logging_mixin.py:190} INFO - [2025-03-04T08:12:46.681+0000] {dagbag.py:588} INFO - Filling up the DagBag from /home/airflow/.local/lib/python3.12/site-packages/airflow/example_dags/example_branch_operator.py
[2025-03-04T08:12:46.758+0000] {processor.py:925} INFO - DAG(s) 'example_branch_operator' retrieved from /home/airflow/.local/lib/python3.12/site-packages/airflow/example_dags/example_branch_operator.py
[2025-03-04T08:12:47.272+0000] {logging_mixin.py:190} INFO - [2025-03-04T08:12:47.270+0000] {override.py:1912} INFO - Created Permission View: can edit on DAG:example_branch_operator
[2025-03-04T08:12:47.306+0000] {logging_mixin.py:190} INFO - [2025-03-04T08:12:47.306+0000] {override.py:1912} INFO - Created Permission View: can read on DAG:example_branch_operator
[2025-03-04T08:12:47.382+0000] {logging_mixin.py:190} INFO - [2025-03-04T08:12:47.381+0000] {override.py:1912} INFO - Created Permission View: can delete on DAG:example_branch_operator
[2025-03-04T08:12:47.443+0000] {logging_mixin.py:190} INFO - [2025-03-04T08:12:47.443+0000] {override.py:1912} INFO - Created Permission View: can delete on DAG Run:example_branch_operator
[2025-03-04T08:12:47.473+0000] {logging_mixin.py:190} INFO - [2025-03-04T08:12:47.472+0000] {override.py:1912} INFO - Created Permission View: can read on DAG Run:example_branch_operator
[2025-03-04T08:12:47.506+0000] {logging_mixin.py:190} INFO - [2025-03-04T08:12:47.505+0000] {override.py:1912} INFO - Created Permission View: can create on DAG Run:example_branch_operator
[2025-03-04T08:12:47.535+0000] {logging_mixin.py:190} INFO - [2025-03-04T08:12:47.534+0000] {override.py:1912} INFO - Created Permission View: menu access on DAG Run:example_branch_operator
[2025-03-04T08:12:47.536+0000] {logging_mixin.py:190} INFO - [2025-03-04T08:12:47.536+0000] {dag.py:3239} INFO - Sync 1 DAGs
[2025-03-04T08:12:47.573+0000] {logging_mixin.py:190} INFO - [2025-03-04T08:12:47.573+0000] {dag.py:3262} INFO - Creating ORM DAG for example_branch_operator
[2025-03-04T08:12:47.602+0000] {logging_mixin.py:190} INFO - [2025-03-04T08:12:47.601+0000] {dag.py:4180} INFO - Setting next_dagrun for example_branch_operator to 2025-03-03 00:00:00+00:00, run_after=2025-03-04 00:00:00+00:00
[2025-03-04T08:12:47.687+0000] {processor.py:208} INFO - Processing /home/airflow/.local/lib/python3.12/site-packages/airflow/example_dags/example_branch_operator.py took 1.035 seconds
[2025-03-04T08:13:18.359+0000] {processor.py:186} INFO - Started process (PID=163) to work on /home/airflow/.local/lib/python3.12/site-packages/airflow/example_dags/example_branch_operator.py
[2025-03-04T08:13:18.361+0000] {processor.py:914} INFO - Processing file /home/airflow/.local/lib/python3.12/site-packages/airflow/example_dags/example_branch_operator.py for tasks to queue
[2025-03-04T08:13:18.366+0000] {logging_mixin.py:190} INFO - [2025-03-04T08:13:18.366+0000] {dagbag.py:588} INFO - Filling up the DagBag from /home/airflow/.local/lib/python3.12/site-packages/airflow/example_dags/example_branch_operator.py
[2025-03-04T08:13:18.405+0000] {processor.py:925} INFO - DAG(s) 'example_branch_operator' retrieved from /home/airflow/.local/lib/python3.12/site-packages/airflow/example_dags/example_branch_operator.py
[2025-03-04T08:13:18.457+0000] {logging_mixin.py:190} INFO - [2025-03-04T08:13:18.457+0000] {dag.py:3239} INFO - Sync 1 DAGs
[2025-03-04T08:13:18.503+0000] {logging_mixin.py:190} INFO - [2025-03-04T08:13:18.503+0000] {dag.py:4180} INFO - Setting next_dagrun for example_branch_operator to 2025-03-03 00:00:00+00:00, run_after=2025-03-04 00:00:00+00:00
[2025-03-04T08:13:18.540+0000] {processor.py:208} INFO - Processing /home/airflow/.local/lib/python3.12/site-packages/airflow/example_dags/example_branch_operator.py took 0.192 seconds
[2025-03-04T08:13:49.885+0000] {processor.py:186} INFO - Started process (PID=231) to work on /home/airflow/.local/lib/python3.12/site-packages/airflow/example_dags/example_branch_operator.py
[2025-03-04T08:13:49.888+0000] {processor.py:914} INFO - Processing file /home/airflow/.local/lib/python3.12/site-packages/airflow/example_dags/example_branch_operator.py for tasks to queue
[2025-03-04T08:13:49.896+0000] {logging_mixin.py:190} INFO - [2025-03-04T08:13:49.895+0000] {dagbag.py:588} INFO - Filling up the DagBag from /home/airflow/.local/lib/python3.12/site-packages/airflow/example_dags/example_branch_operator.py
[2025-03-04T08:13:49.967+0000] {processor.py:925} INFO - DAG(s) 'example_branch_operator' retrieved from /home/airflow/.local/lib/python3.12/site-packages/airflow/example_dags/example_branch_operator.py
[2025-03-04T08:13:50.089+0000] {logging_mixin.py:190} INFO - [2025-03-04T08:13:50.088+0000] {dag.py:3239} INFO - Sync 1 DAGs
[2025-03-04T08:13:50.188+0000] {logging_mixin.py:190} INFO - [2025-03-04T08:13:50.187+0000] {dag.py:4180} INFO - Setting next_dagrun for example_branch_operator to 2025-03-03 00:00:00+00:00, run_after=2025-03-04 00:00:00+00:00
[2025-03-04T08:13:50.268+0000] {processor.py:208} INFO - Processing /home/airflow/.local/lib/python3.12/site-packages/airflow/example_dags/example_branch_operator.py took 0.403 seconds
[2025-03-04T08:14:20.572+0000] {processor.py:186} INFO - Started process (PID=299) to work on /home/airflow/.local/lib/python3.12/site-packages/airflow/example_dags/example_branch_operator.py
[2025-03-04T08:14:20.573+0000] {processor.py:914} INFO - Processing file /home/airflow/.local/lib/python3.12/site-packages/airflow/example_dags/example_branch_operator.py for tasks to queue
[2025-03-04T08:14:20.578+0000] {logging_mixin.py:190} INFO - [2025-03-04T08:14:20.577+0000] {dagbag.py:588} INFO - Filling up the DagBag from /home/airflow/.local/lib/python3.12/site-packages/airflow/example_dags/example_branch_operator.py
[2025-03-04T08:14:20.617+0000] {processor.py:925} INFO - DAG(s) 'example_branch_operator' retrieved from /home/airflow/.local/lib/python3.12/site-packages/airflow/example_dags/example_branch_operator.py
[2025-03-04T08:14:20.676+0000] {logging_mixin.py:190} INFO - [2025-03-04T08:14:20.675+0000] {dag.py:3239} INFO - Sync 1 DAGs
[2025-03-04T08:14:20.740+0000] {logging_mixin.py:190} INFO - [2025-03-04T08:14:20.740+0000] {dag.py:4180} INFO - Setting next_dagrun for example_branch_operator to 2025-03-03 00:00:00+00:00, run_after=2025-03-04 00:00:00+00:00
[2025-03-04T08:14:20.783+0000] {processor.py:208} INFO - Processing /home/airflow/.local/lib/python3.12/site-packages/airflow/example_dags/example_branch_operator.py took 0.222 seconds
