[2025-03-04T08:12:58.055+0000] {processor.py:186} INFO - Started process (PID=113) to work on /home/airflow/.local/lib/python3.12/site-packages/airflow/example_dags/example_dataset_alias.py
[2025-03-04T08:12:58.057+0000] {processor.py:914} INFO - Processing file /home/airflow/.local/lib/python3.12/site-packages/airflow/example_dags/example_dataset_alias.py for tasks to queue
[2025-03-04T08:12:58.063+0000] {logging_mixin.py:190} INFO - [2025-03-04T08:12:58.062+0000] {dagbag.py:588} INFO - Filling up the DagBag from /home/airflow/.local/lib/python3.12/site-packages/airflow/example_dags/example_dataset_alias.py
[2025-03-04T08:12:59.787+0000] {processor.py:925} INFO - DAG(s) 'dataset_alias_example_alias_consumer', 'dataset_s3_bucket_consumer', 'dataset_alias_example_alias_producer', 'dataset_s3_bucket_producer' retrieved from /home/airflow/.local/lib/python3.12/site-packages/airflow/example_dags/example_dataset_alias.py
[2025-03-04T08:12:59.975+0000] {logging_mixin.py:190} INFO - [2025-03-04T08:12:59.973+0000] {override.py:1912} INFO - Created Permission View: can edit on DAG:dataset_alias_example_alias_consumer
[2025-03-04T08:13:00.005+0000] {logging_mixin.py:190} INFO - [2025-03-04T08:13:00.004+0000] {override.py:1912} INFO - Created Permission View: can read on DAG:dataset_alias_example_alias_consumer
[2025-03-04T08:13:00.052+0000] {logging_mixin.py:190} INFO - [2025-03-04T08:13:00.051+0000] {override.py:1912} INFO - Created Permission View: can delete on DAG:dataset_alias_example_alias_consumer
[2025-03-04T08:13:00.146+0000] {logging_mixin.py:190} INFO - [2025-03-04T08:13:00.146+0000] {override.py:1912} INFO - Created Permission View: can delete on DAG Run:dataset_alias_example_alias_consumer
[2025-03-04T08:13:00.192+0000] {logging_mixin.py:190} INFO - [2025-03-04T08:13:00.191+0000] {override.py:1912} INFO - Created Permission View: can read on DAG Run:dataset_alias_example_alias_consumer
[2025-03-04T08:13:00.228+0000] {logging_mixin.py:190} INFO - [2025-03-04T08:13:00.227+0000] {override.py:1912} INFO - Created Permission View: can create on DAG Run:dataset_alias_example_alias_consumer
[2025-03-04T08:13:00.252+0000] {logging_mixin.py:190} INFO - [2025-03-04T08:13:00.251+0000] {override.py:1912} INFO - Created Permission View: menu access on DAG Run:dataset_alias_example_alias_consumer
[2025-03-04T08:13:00.309+0000] {logging_mixin.py:190} INFO - [2025-03-04T08:13:00.308+0000] {override.py:1912} INFO - Created Permission View: can edit on DAG:dataset_s3_bucket_consumer
[2025-03-04T08:13:00.358+0000] {logging_mixin.py:190} INFO - [2025-03-04T08:13:00.357+0000] {override.py:1912} INFO - Created Permission View: can read on DAG:dataset_s3_bucket_consumer
[2025-03-04T08:13:00.393+0000] {logging_mixin.py:190} INFO - [2025-03-04T08:13:00.392+0000] {override.py:1912} INFO - Created Permission View: can delete on DAG:dataset_s3_bucket_consumer
[2025-03-04T08:13:00.412+0000] {logging_mixin.py:190} INFO - [2025-03-04T08:13:00.412+0000] {override.py:1912} INFO - Created Permission View: can delete on DAG Run:dataset_s3_bucket_consumer
[2025-03-04T08:13:00.428+0000] {logging_mixin.py:190} INFO - [2025-03-04T08:13:00.428+0000] {override.py:1912} INFO - Created Permission View: can read on DAG Run:dataset_s3_bucket_consumer
[2025-03-04T08:13:00.446+0000] {logging_mixin.py:190} INFO - [2025-03-04T08:13:00.445+0000] {override.py:1912} INFO - Created Permission View: can create on DAG Run:dataset_s3_bucket_consumer
[2025-03-04T08:13:00.464+0000] {logging_mixin.py:190} INFO - [2025-03-04T08:13:00.463+0000] {override.py:1912} INFO - Created Permission View: menu access on DAG Run:dataset_s3_bucket_consumer
[2025-03-04T08:13:00.502+0000] {logging_mixin.py:190} INFO - [2025-03-04T08:13:00.502+0000] {override.py:1912} INFO - Created Permission View: can edit on DAG:dataset_alias_example_alias_producer
[2025-03-04T08:13:00.518+0000] {logging_mixin.py:190} INFO - [2025-03-04T08:13:00.517+0000] {override.py:1912} INFO - Created Permission View: can read on DAG:dataset_alias_example_alias_producer
[2025-03-04T08:13:00.533+0000] {logging_mixin.py:190} INFO - [2025-03-04T08:13:00.532+0000] {override.py:1912} INFO - Created Permission View: can delete on DAG:dataset_alias_example_alias_producer
[2025-03-04T08:13:00.551+0000] {logging_mixin.py:190} INFO - [2025-03-04T08:13:00.550+0000] {override.py:1912} INFO - Created Permission View: can delete on DAG Run:dataset_alias_example_alias_producer
[2025-03-04T08:13:00.566+0000] {logging_mixin.py:190} INFO - [2025-03-04T08:13:00.566+0000] {override.py:1912} INFO - Created Permission View: can read on DAG Run:dataset_alias_example_alias_producer
[2025-03-04T08:13:00.652+0000] {logging_mixin.py:190} INFO - [2025-03-04T08:13:00.651+0000] {override.py:1912} INFO - Created Permission View: can create on DAG Run:dataset_alias_example_alias_producer
[2025-03-04T08:13:00.691+0000] {logging_mixin.py:190} INFO - [2025-03-04T08:13:00.690+0000] {override.py:1912} INFO - Created Permission View: menu access on DAG Run:dataset_alias_example_alias_producer
[2025-03-04T08:13:00.752+0000] {logging_mixin.py:190} INFO - [2025-03-04T08:13:00.751+0000] {override.py:1912} INFO - Created Permission View: can edit on DAG:dataset_s3_bucket_producer
[2025-03-04T08:13:00.784+0000] {logging_mixin.py:190} INFO - [2025-03-04T08:13:00.783+0000] {override.py:1912} INFO - Created Permission View: can read on DAG:dataset_s3_bucket_producer
[2025-03-04T08:13:00.813+0000] {logging_mixin.py:190} INFO - [2025-03-04T08:13:00.813+0000] {override.py:1912} INFO - Created Permission View: can delete on DAG:dataset_s3_bucket_producer
[2025-03-04T08:13:00.876+0000] {logging_mixin.py:190} INFO - [2025-03-04T08:13:00.876+0000] {override.py:1912} INFO - Created Permission View: can delete on DAG Run:dataset_s3_bucket_producer
[2025-03-04T08:13:00.908+0000] {logging_mixin.py:190} INFO - [2025-03-04T08:13:00.907+0000] {override.py:1912} INFO - Created Permission View: can read on DAG Run:dataset_s3_bucket_producer
[2025-03-04T08:13:00.941+0000] {logging_mixin.py:190} INFO - [2025-03-04T08:13:00.940+0000] {override.py:1912} INFO - Created Permission View: can create on DAG Run:dataset_s3_bucket_producer
[2025-03-04T08:13:00.977+0000] {logging_mixin.py:190} INFO - [2025-03-04T08:13:00.976+0000] {override.py:1912} INFO - Created Permission View: menu access on DAG Run:dataset_s3_bucket_producer
[2025-03-04T08:13:00.991+0000] {logging_mixin.py:190} INFO - [2025-03-04T08:13:00.989+0000] {dag.py:3239} INFO - Sync 4 DAGs
[2025-03-04T08:13:01.069+0000] {logging_mixin.py:190} INFO - [2025-03-04T08:13:01.067+0000] {dag.py:3262} INFO - Creating ORM DAG for dataset_alias_example_alias_consumer
[2025-03-04T08:13:01.074+0000] {logging_mixin.py:190} INFO - [2025-03-04T08:13:01.074+0000] {dag.py:3262} INFO - Creating ORM DAG for dataset_alias_example_alias_producer
[2025-03-04T08:13:01.077+0000] {logging_mixin.py:190} INFO - [2025-03-04T08:13:01.076+0000] {dag.py:3262} INFO - Creating ORM DAG for dataset_s3_bucket_producer
[2025-03-04T08:13:01.080+0000] {logging_mixin.py:190} INFO - [2025-03-04T08:13:01.079+0000] {dag.py:3262} INFO - Creating ORM DAG for dataset_s3_bucket_consumer
[2025-03-04T08:13:01.139+0000] {logging_mixin.py:190} INFO - [2025-03-04T08:13:01.129+0000] {dag.py:4180} INFO - Setting next_dagrun for dataset_alias_example_alias_consumer to None, run_after=None
[2025-03-04T08:13:01.148+0000] {logging_mixin.py:190} INFO - [2025-03-04T08:13:01.148+0000] {dag.py:4180} INFO - Setting next_dagrun for dataset_alias_example_alias_producer to None, run_after=None
[2025-03-04T08:13:01.151+0000] {logging_mixin.py:190} INFO - [2025-03-04T08:13:01.150+0000] {dag.py:4180} INFO - Setting next_dagrun for dataset_s3_bucket_consumer to None, run_after=None
[2025-03-04T08:13:01.153+0000] {logging_mixin.py:190} INFO - [2025-03-04T08:13:01.153+0000] {dag.py:4180} INFO - Setting next_dagrun for dataset_s3_bucket_producer to None, run_after=None
[2025-03-04T08:13:01.261+0000] {processor.py:208} INFO - Processing /home/airflow/.local/lib/python3.12/site-packages/airflow/example_dags/example_dataset_alias.py took 3.218 seconds
[2025-03-04T08:13:31.752+0000] {processor.py:186} INFO - Started process (PID=183) to work on /home/airflow/.local/lib/python3.12/site-packages/airflow/example_dags/example_dataset_alias.py
[2025-03-04T08:13:31.755+0000] {processor.py:914} INFO - Processing file /home/airflow/.local/lib/python3.12/site-packages/airflow/example_dags/example_dataset_alias.py for tasks to queue
[2025-03-04T08:13:31.759+0000] {logging_mixin.py:190} INFO - [2025-03-04T08:13:31.759+0000] {dagbag.py:588} INFO - Filling up the DagBag from /home/airflow/.local/lib/python3.12/site-packages/airflow/example_dags/example_dataset_alias.py
[2025-03-04T08:13:33.188+0000] {processor.py:925} INFO - DAG(s) 'dataset_s3_bucket_consumer', 'dataset_alias_example_alias_consumer', 'dataset_alias_example_alias_producer', 'dataset_s3_bucket_producer' retrieved from /home/airflow/.local/lib/python3.12/site-packages/airflow/example_dags/example_dataset_alias.py
[2025-03-04T08:13:33.253+0000] {logging_mixin.py:190} INFO - [2025-03-04T08:13:33.252+0000] {dag.py:3239} INFO - Sync 4 DAGs
[2025-03-04T08:13:33.319+0000] {logging_mixin.py:190} INFO - [2025-03-04T08:13:33.319+0000] {dag.py:4180} INFO - Setting next_dagrun for dataset_alias_example_alias_consumer to None, run_after=None
[2025-03-04T08:13:33.325+0000] {logging_mixin.py:190} INFO - [2025-03-04T08:13:33.324+0000] {dag.py:4180} INFO - Setting next_dagrun for dataset_alias_example_alias_producer to None, run_after=None
[2025-03-04T08:13:33.328+0000] {logging_mixin.py:190} INFO - [2025-03-04T08:13:33.328+0000] {dag.py:4180} INFO - Setting next_dagrun for dataset_s3_bucket_consumer to None, run_after=None
[2025-03-04T08:13:33.333+0000] {logging_mixin.py:190} INFO - [2025-03-04T08:13:33.333+0000] {dag.py:4180} INFO - Setting next_dagrun for dataset_s3_bucket_producer to None, run_after=None
[2025-03-04T08:13:33.381+0000] {processor.py:208} INFO - Processing /home/airflow/.local/lib/python3.12/site-packages/airflow/example_dags/example_dataset_alias.py took 1.642 seconds
[2025-03-04T08:14:03.714+0000] {processor.py:186} INFO - Started process (PID=252) to work on /home/airflow/.local/lib/python3.12/site-packages/airflow/example_dags/example_dataset_alias.py
[2025-03-04T08:14:03.716+0000] {processor.py:914} INFO - Processing file /home/airflow/.local/lib/python3.12/site-packages/airflow/example_dags/example_dataset_alias.py for tasks to queue
[2025-03-04T08:14:03.721+0000] {logging_mixin.py:190} INFO - [2025-03-04T08:14:03.721+0000] {dagbag.py:588} INFO - Filling up the DagBag from /home/airflow/.local/lib/python3.12/site-packages/airflow/example_dags/example_dataset_alias.py
[2025-03-04T08:14:04.886+0000] {processor.py:925} INFO - DAG(s) 'dataset_alias_example_alias_consumer', 'dataset_alias_example_alias_producer', 'dataset_s3_bucket_producer', 'dataset_s3_bucket_consumer' retrieved from /home/airflow/.local/lib/python3.12/site-packages/airflow/example_dags/example_dataset_alias.py
[2025-03-04T08:14:04.933+0000] {logging_mixin.py:190} INFO - [2025-03-04T08:14:04.932+0000] {dag.py:3239} INFO - Sync 4 DAGs
[2025-03-04T08:14:04.983+0000] {logging_mixin.py:190} INFO - [2025-03-04T08:14:04.983+0000] {dag.py:4180} INFO - Setting next_dagrun for dataset_alias_example_alias_consumer to None, run_after=None
[2025-03-04T08:14:04.992+0000] {logging_mixin.py:190} INFO - [2025-03-04T08:14:04.991+0000] {dag.py:4180} INFO - Setting next_dagrun for dataset_alias_example_alias_producer to None, run_after=None
[2025-03-04T08:14:04.996+0000] {logging_mixin.py:190} INFO - [2025-03-04T08:14:04.995+0000] {dag.py:4180} INFO - Setting next_dagrun for dataset_s3_bucket_consumer to None, run_after=None
[2025-03-04T08:14:04.999+0000] {logging_mixin.py:190} INFO - [2025-03-04T08:14:04.999+0000] {dag.py:4180} INFO - Setting next_dagrun for dataset_s3_bucket_producer to None, run_after=None
[2025-03-04T08:14:05.362+0000] {processor.py:208} INFO - Processing /home/airflow/.local/lib/python3.12/site-packages/airflow/example_dags/example_dataset_alias.py took 1.664 seconds
[2025-03-04T08:14:35.589+0000] {processor.py:186} INFO - Started process (PID=321) to work on /home/airflow/.local/lib/python3.12/site-packages/airflow/example_dags/example_dataset_alias.py
[2025-03-04T08:14:35.592+0000] {processor.py:914} INFO - Processing file /home/airflow/.local/lib/python3.12/site-packages/airflow/example_dags/example_dataset_alias.py for tasks to queue
[2025-03-04T08:14:35.598+0000] {logging_mixin.py:190} INFO - [2025-03-04T08:14:35.597+0000] {dagbag.py:588} INFO - Filling up the DagBag from /home/airflow/.local/lib/python3.12/site-packages/airflow/example_dags/example_dataset_alias.py
[2025-03-04T08:14:37.010+0000] {processor.py:925} INFO - DAG(s) 'dataset_s3_bucket_consumer', 'dataset_alias_example_alias_producer', 'dataset_s3_bucket_producer', 'dataset_alias_example_alias_consumer' retrieved from /home/airflow/.local/lib/python3.12/site-packages/airflow/example_dags/example_dataset_alias.py
[2025-03-04T08:14:37.054+0000] {logging_mixin.py:190} INFO - [2025-03-04T08:14:37.053+0000] {dag.py:3239} INFO - Sync 4 DAGs
[2025-03-04T08:14:37.102+0000] {logging_mixin.py:190} INFO - [2025-03-04T08:14:37.101+0000] {dag.py:4180} INFO - Setting next_dagrun for dataset_alias_example_alias_consumer to None, run_after=None
[2025-03-04T08:14:37.108+0000] {logging_mixin.py:190} INFO - [2025-03-04T08:14:37.108+0000] {dag.py:4180} INFO - Setting next_dagrun for dataset_alias_example_alias_producer to None, run_after=None
[2025-03-04T08:14:37.111+0000] {logging_mixin.py:190} INFO - [2025-03-04T08:14:37.111+0000] {dag.py:4180} INFO - Setting next_dagrun for dataset_s3_bucket_consumer to None, run_after=None
[2025-03-04T08:14:37.116+0000] {logging_mixin.py:190} INFO - [2025-03-04T08:14:37.116+0000] {dag.py:4180} INFO - Setting next_dagrun for dataset_s3_bucket_producer to None, run_after=None
[2025-03-04T08:14:37.162+0000] {processor.py:208} INFO - Processing /home/airflow/.local/lib/python3.12/site-packages/airflow/example_dags/example_dataset_alias.py took 1.589 seconds
