[2025-03-04T08:12:57.302+0000] {processor.py:186} INFO - Started process (PID=111) to work on /home/airflow/.local/lib/python3.12/site-packages/airflow/example_dags/tutorial_taskflow_templates.py
[2025-03-04T08:12:57.304+0000] {processor.py:914} INFO - Processing file /home/airflow/.local/lib/python3.12/site-packages/airflow/example_dags/tutorial_taskflow_templates.py for tasks to queue
[2025-03-04T08:12:57.310+0000] {logging_mixin.py:190} INFO - [2025-03-04T08:12:57.309+0000] {dagbag.py:588} INFO - Filling up the DagBag from /home/airflow/.local/lib/python3.12/site-packages/airflow/example_dags/tutorial_taskflow_templates.py
[2025-03-04T08:12:57.348+0000] {processor.py:925} INFO - DAG(s) 'tutorial_taskflow_templates' retrieved from /home/airflow/.local/lib/python3.12/site-packages/airflow/example_dags/tutorial_taskflow_templates.py
[2025-03-04T08:12:57.647+0000] {logging_mixin.py:190} INFO - [2025-03-04T08:12:57.646+0000] {override.py:1912} INFO - Created Permission View: can edit on DAG:tutorial_taskflow_templates
[2025-03-04T08:12:57.677+0000] {logging_mixin.py:190} INFO - [2025-03-04T08:12:57.677+0000] {override.py:1912} INFO - Created Permission View: can read on DAG:tutorial_taskflow_templates
[2025-03-04T08:12:57.708+0000] {logging_mixin.py:190} INFO - [2025-03-04T08:12:57.708+0000] {override.py:1912} INFO - Created Permission View: can delete on DAG:tutorial_taskflow_templates
[2025-03-04T08:12:57.772+0000] {logging_mixin.py:190} INFO - [2025-03-04T08:12:57.771+0000] {override.py:1912} INFO - Created Permission View: can delete on DAG Run:tutorial_taskflow_templates
[2025-03-04T08:12:57.804+0000] {logging_mixin.py:190} INFO - [2025-03-04T08:12:57.803+0000] {override.py:1912} INFO - Created Permission View: can read on DAG Run:tutorial_taskflow_templates
[2025-03-04T08:12:57.836+0000] {logging_mixin.py:190} INFO - [2025-03-04T08:12:57.835+0000] {override.py:1912} INFO - Created Permission View: can create on DAG Run:tutorial_taskflow_templates
[2025-03-04T08:12:57.868+0000] {logging_mixin.py:190} INFO - [2025-03-04T08:12:57.868+0000] {override.py:1912} INFO - Created Permission View: menu access on DAG Run:tutorial_taskflow_templates
[2025-03-04T08:12:57.870+0000] {logging_mixin.py:190} INFO - [2025-03-04T08:12:57.869+0000] {dag.py:3239} INFO - Sync 1 DAGs
[2025-03-04T08:12:57.900+0000] {logging_mixin.py:190} INFO - [2025-03-04T08:12:57.900+0000] {dag.py:3262} INFO - Creating ORM DAG for tutorial_taskflow_templates
[2025-03-04T08:12:57.925+0000] {logging_mixin.py:190} INFO - [2025-03-04T08:12:57.924+0000] {dag.py:4180} INFO - Setting next_dagrun for tutorial_taskflow_templates to 2025-03-03 00:00:00+00:00, run_after=2025-03-04 00:00:00+00:00
[2025-03-04T08:12:57.978+0000] {processor.py:208} INFO - Processing /home/airflow/.local/lib/python3.12/site-packages/airflow/example_dags/tutorial_taskflow_templates.py took 0.692 seconds
[2025-03-04T08:13:28.154+0000] {processor.py:186} INFO - Started process (PID=178) to work on /home/airflow/.local/lib/python3.12/site-packages/airflow/example_dags/tutorial_taskflow_templates.py
[2025-03-04T08:13:28.156+0000] {processor.py:914} INFO - Processing file /home/airflow/.local/lib/python3.12/site-packages/airflow/example_dags/tutorial_taskflow_templates.py for tasks to queue
[2025-03-04T08:13:28.161+0000] {logging_mixin.py:190} INFO - [2025-03-04T08:13:28.160+0000] {dagbag.py:588} INFO - Filling up the DagBag from /home/airflow/.local/lib/python3.12/site-packages/airflow/example_dags/tutorial_taskflow_templates.py
[2025-03-04T08:13:28.185+0000] {processor.py:925} INFO - DAG(s) 'tutorial_taskflow_templates' retrieved from /home/airflow/.local/lib/python3.12/site-packages/airflow/example_dags/tutorial_taskflow_templates.py
[2025-03-04T08:13:28.224+0000] {logging_mixin.py:190} INFO - [2025-03-04T08:13:28.224+0000] {dag.py:3239} INFO - Sync 1 DAGs
[2025-03-04T08:13:28.297+0000] {logging_mixin.py:190} INFO - [2025-03-04T08:13:28.297+0000] {dag.py:4180} INFO - Setting next_dagrun for tutorial_taskflow_templates to 2025-03-03 00:00:00+00:00, run_after=2025-03-04 00:00:00+00:00
[2025-03-04T08:13:28.341+0000] {processor.py:208} INFO - Processing /home/airflow/.local/lib/python3.12/site-packages/airflow/example_dags/tutorial_taskflow_templates.py took 0.197 seconds
[2025-03-04T08:13:58.789+0000] {processor.py:186} INFO - Started process (PID=246) to work on /home/airflow/.local/lib/python3.12/site-packages/airflow/example_dags/tutorial_taskflow_templates.py
[2025-03-04T08:13:58.791+0000] {processor.py:914} INFO - Processing file /home/airflow/.local/lib/python3.12/site-packages/airflow/example_dags/tutorial_taskflow_templates.py for tasks to queue
[2025-03-04T08:13:58.797+0000] {logging_mixin.py:190} INFO - [2025-03-04T08:13:58.796+0000] {dagbag.py:588} INFO - Filling up the DagBag from /home/airflow/.local/lib/python3.12/site-packages/airflow/example_dags/tutorial_taskflow_templates.py
[2025-03-04T08:13:58.836+0000] {processor.py:925} INFO - DAG(s) 'tutorial_taskflow_templates' retrieved from /home/airflow/.local/lib/python3.12/site-packages/airflow/example_dags/tutorial_taskflow_templates.py
[2025-03-04T08:13:58.886+0000] {logging_mixin.py:190} INFO - [2025-03-04T08:13:58.886+0000] {dag.py:3239} INFO - Sync 1 DAGs
[2025-03-04T08:13:58.941+0000] {logging_mixin.py:190} INFO - [2025-03-04T08:13:58.941+0000] {dag.py:4180} INFO - Setting next_dagrun for tutorial_taskflow_templates to 2025-03-03 00:00:00+00:00, run_after=2025-03-04 00:00:00+00:00
[2025-03-04T08:13:58.976+0000] {processor.py:208} INFO - Processing /home/airflow/.local/lib/python3.12/site-packages/airflow/example_dags/tutorial_taskflow_templates.py took 0.200 seconds
[2025-03-04T08:14:29.169+0000] {processor.py:186} INFO - Started process (PID=313) to work on /home/airflow/.local/lib/python3.12/site-packages/airflow/example_dags/tutorial_taskflow_templates.py
[2025-03-04T08:14:29.171+0000] {processor.py:914} INFO - Processing file /home/airflow/.local/lib/python3.12/site-packages/airflow/example_dags/tutorial_taskflow_templates.py for tasks to queue
[2025-03-04T08:14:29.176+0000] {logging_mixin.py:190} INFO - [2025-03-04T08:14:29.175+0000] {dagbag.py:588} INFO - Filling up the DagBag from /home/airflow/.local/lib/python3.12/site-packages/airflow/example_dags/tutorial_taskflow_templates.py
[2025-03-04T08:14:29.226+0000] {processor.py:925} INFO - DAG(s) 'tutorial_taskflow_templates' retrieved from /home/airflow/.local/lib/python3.12/site-packages/airflow/example_dags/tutorial_taskflow_templates.py
[2025-03-04T08:14:29.300+0000] {logging_mixin.py:190} INFO - [2025-03-04T08:14:29.299+0000] {dag.py:3239} INFO - Sync 1 DAGs
[2025-03-04T08:14:29.378+0000] {logging_mixin.py:190} INFO - [2025-03-04T08:14:29.377+0000] {dag.py:4180} INFO - Setting next_dagrun for tutorial_taskflow_templates to 2025-03-03 00:00:00+00:00, run_after=2025-03-04 00:00:00+00:00
[2025-03-04T08:14:29.417+0000] {processor.py:208} INFO - Processing /home/airflow/.local/lib/python3.12/site-packages/airflow/example_dags/tutorial_taskflow_templates.py took 0.261 seconds
