[2025-03-04T08:13:01.902+0000] {processor.py:186} INFO - Started process (PID=120) to work on /home/airflow/.local/lib/python3.12/site-packages/airflow/example_dags/tutorial_taskflow_api.py
[2025-03-04T08:13:01.904+0000] {processor.py:914} INFO - Processing file /home/airflow/.local/lib/python3.12/site-packages/airflow/example_dags/tutorial_taskflow_api.py for tasks to queue
[2025-03-04T08:13:01.910+0000] {logging_mixin.py:190} INFO - [2025-03-04T08:13:01.909+0000] {dagbag.py:588} INFO - Filling up the DagBag from /home/airflow/.local/lib/python3.12/site-packages/airflow/example_dags/tutorial_taskflow_api.py
[2025-03-04T08:13:01.933+0000] {processor.py:925} INFO - DAG(s) 'tutorial_taskflow_api' retrieved from /home/airflow/.local/lib/python3.12/site-packages/airflow/example_dags/tutorial_taskflow_api.py
[2025-03-04T08:13:02.287+0000] {logging_mixin.py:190} INFO - [2025-03-04T08:13:02.286+0000] {override.py:1912} INFO - Created Permission View: can edit on DAG:tutorial_taskflow_api
[2025-03-04T08:13:02.310+0000] {logging_mixin.py:190} INFO - [2025-03-04T08:13:02.310+0000] {override.py:1912} INFO - Created Permission View: can read on DAG:tutorial_taskflow_api
[2025-03-04T08:13:02.349+0000] {logging_mixin.py:190} INFO - [2025-03-04T08:13:02.349+0000] {override.py:1912} INFO - Created Permission View: can delete on DAG:tutorial_taskflow_api
[2025-03-04T08:13:02.400+0000] {logging_mixin.py:190} INFO - [2025-03-04T08:13:02.400+0000] {override.py:1912} INFO - Created Permission View: can delete on DAG Run:tutorial_taskflow_api
[2025-03-04T08:13:02.433+0000] {logging_mixin.py:190} INFO - [2025-03-04T08:13:02.432+0000] {override.py:1912} INFO - Created Permission View: can read on DAG Run:tutorial_taskflow_api
[2025-03-04T08:13:02.480+0000] {logging_mixin.py:190} INFO - [2025-03-04T08:13:02.479+0000] {override.py:1912} INFO - Created Permission View: can create on DAG Run:tutorial_taskflow_api
[2025-03-04T08:13:02.527+0000] {logging_mixin.py:190} INFO - [2025-03-04T08:13:02.526+0000] {override.py:1912} INFO - Created Permission View: menu access on DAG Run:tutorial_taskflow_api
[2025-03-04T08:13:02.528+0000] {logging_mixin.py:190} INFO - [2025-03-04T08:13:02.528+0000] {dag.py:3239} INFO - Sync 1 DAGs
[2025-03-04T08:13:02.558+0000] {logging_mixin.py:190} INFO - [2025-03-04T08:13:02.557+0000] {dag.py:3262} INFO - Creating ORM DAG for tutorial_taskflow_api
[2025-03-04T08:13:02.560+0000] {logging_mixin.py:190} INFO - [2025-03-04T08:13:02.559+0000] {dag.py:4180} INFO - Setting next_dagrun for tutorial_taskflow_api to None, run_after=None
[2025-03-04T08:13:02.623+0000] {processor.py:208} INFO - Processing /home/airflow/.local/lib/python3.12/site-packages/airflow/example_dags/tutorial_taskflow_api.py took 0.725 seconds
[2025-03-04T08:13:33.017+0000] {processor.py:186} INFO - Started process (PID=186) to work on /home/airflow/.local/lib/python3.12/site-packages/airflow/example_dags/tutorial_taskflow_api.py
[2025-03-04T08:13:33.020+0000] {processor.py:914} INFO - Processing file /home/airflow/.local/lib/python3.12/site-packages/airflow/example_dags/tutorial_taskflow_api.py for tasks to queue
[2025-03-04T08:13:33.028+0000] {logging_mixin.py:190} INFO - [2025-03-04T08:13:33.027+0000] {dagbag.py:588} INFO - Filling up the DagBag from /home/airflow/.local/lib/python3.12/site-packages/airflow/example_dags/tutorial_taskflow_api.py
[2025-03-04T08:13:33.063+0000] {processor.py:925} INFO - DAG(s) 'tutorial_taskflow_api' retrieved from /home/airflow/.local/lib/python3.12/site-packages/airflow/example_dags/tutorial_taskflow_api.py
[2025-03-04T08:13:33.148+0000] {logging_mixin.py:190} INFO - [2025-03-04T08:13:33.147+0000] {dag.py:3239} INFO - Sync 1 DAGs
[2025-03-04T08:13:33.195+0000] {logging_mixin.py:190} INFO - [2025-03-04T08:13:33.195+0000] {dag.py:4180} INFO - Setting next_dagrun for tutorial_taskflow_api to None, run_after=None
[2025-03-04T08:13:33.251+0000] {processor.py:208} INFO - Processing /home/airflow/.local/lib/python3.12/site-packages/airflow/example_dags/tutorial_taskflow_api.py took 0.257 seconds
[2025-03-04T08:14:03.711+0000] {processor.py:186} INFO - Started process (PID=253) to work on /home/airflow/.local/lib/python3.12/site-packages/airflow/example_dags/tutorial_taskflow_api.py
[2025-03-04T08:14:03.714+0000] {processor.py:914} INFO - Processing file /home/airflow/.local/lib/python3.12/site-packages/airflow/example_dags/tutorial_taskflow_api.py for tasks to queue
[2025-03-04T08:14:03.719+0000] {logging_mixin.py:190} INFO - [2025-03-04T08:14:03.719+0000] {dagbag.py:588} INFO - Filling up the DagBag from /home/airflow/.local/lib/python3.12/site-packages/airflow/example_dags/tutorial_taskflow_api.py
[2025-03-04T08:14:03.739+0000] {processor.py:925} INFO - DAG(s) 'tutorial_taskflow_api' retrieved from /home/airflow/.local/lib/python3.12/site-packages/airflow/example_dags/tutorial_taskflow_api.py
[2025-03-04T08:14:03.782+0000] {logging_mixin.py:190} INFO - [2025-03-04T08:14:03.781+0000] {dag.py:3239} INFO - Sync 1 DAGs
[2025-03-04T08:14:03.820+0000] {logging_mixin.py:190} INFO - [2025-03-04T08:14:03.820+0000] {dag.py:4180} INFO - Setting next_dagrun for tutorial_taskflow_api to None, run_after=None
[2025-03-04T08:14:03.866+0000] {processor.py:208} INFO - Processing /home/airflow/.local/lib/python3.12/site-packages/airflow/example_dags/tutorial_taskflow_api.py took 0.168 seconds
[2025-03-04T08:14:34.308+0000] {processor.py:186} INFO - Started process (PID=320) to work on /home/airflow/.local/lib/python3.12/site-packages/airflow/example_dags/tutorial_taskflow_api.py
[2025-03-04T08:14:34.311+0000] {processor.py:914} INFO - Processing file /home/airflow/.local/lib/python3.12/site-packages/airflow/example_dags/tutorial_taskflow_api.py for tasks to queue
[2025-03-04T08:14:34.321+0000] {logging_mixin.py:190} INFO - [2025-03-04T08:14:34.320+0000] {dagbag.py:588} INFO - Filling up the DagBag from /home/airflow/.local/lib/python3.12/site-packages/airflow/example_dags/tutorial_taskflow_api.py
[2025-03-04T08:14:34.347+0000] {processor.py:925} INFO - DAG(s) 'tutorial_taskflow_api' retrieved from /home/airflow/.local/lib/python3.12/site-packages/airflow/example_dags/tutorial_taskflow_api.py
[2025-03-04T08:14:34.402+0000] {logging_mixin.py:190} INFO - [2025-03-04T08:14:34.402+0000] {dag.py:3239} INFO - Sync 1 DAGs
[2025-03-04T08:14:34.442+0000] {logging_mixin.py:190} INFO - [2025-03-04T08:14:34.441+0000] {dag.py:4180} INFO - Setting next_dagrun for tutorial_taskflow_api to None, run_after=None
[2025-03-04T08:14:34.488+0000] {processor.py:208} INFO - Processing /home/airflow/.local/lib/python3.12/site-packages/airflow/example_dags/tutorial_taskflow_api.py took 0.199 seconds
