[2025-03-04T08:12:41.291+0000] {processor.py:186} INFO - Started process (PID=84) to work on /home/airflow/.local/lib/python3.12/site-packages/airflow/example_dags/tutorial_taskflow_api_virtualenv.py
[2025-03-04T08:12:41.294+0000] {processor.py:914} INFO - Processing file /home/airflow/.local/lib/python3.12/site-packages/airflow/example_dags/tutorial_taskflow_api_virtualenv.py for tasks to queue
[2025-03-04T08:12:41.303+0000] {logging_mixin.py:190} INFO - [2025-03-04T08:12:41.302+0000] {dagbag.py:588} INFO - Filling up the DagBag from /home/airflow/.local/lib/python3.12/site-packages/airflow/example_dags/tutorial_taskflow_api_virtualenv.py
[2025-03-04T08:12:41.386+0000] {processor.py:925} INFO - DAG(s) 'tutorial_taskflow_api_virtualenv' retrieved from /home/airflow/.local/lib/python3.12/site-packages/airflow/example_dags/tutorial_taskflow_api_virtualenv.py
[2025-03-04T08:12:42.818+0000] {logging_mixin.py:190} INFO - [2025-03-04T08:12:42.816+0000] {override.py:1912} INFO - Created Permission View: can edit on DAG:tutorial_taskflow_api_virtualenv
[2025-03-04T08:12:42.917+0000] {logging_mixin.py:190} INFO - [2025-03-04T08:12:42.916+0000] {override.py:1912} INFO - Created Permission View: can read on DAG:tutorial_taskflow_api_virtualenv
[2025-03-04T08:12:42.979+0000] {logging_mixin.py:190} INFO - [2025-03-04T08:12:42.979+0000] {override.py:1912} INFO - Created Permission View: can delete on DAG:tutorial_taskflow_api_virtualenv
[2025-03-04T08:12:43.043+0000] {logging_mixin.py:190} INFO - [2025-03-04T08:12:43.043+0000] {override.py:1912} INFO - Created Permission View: can delete on DAG Run:tutorial_taskflow_api_virtualenv
[2025-03-04T08:12:43.091+0000] {logging_mixin.py:190} INFO - [2025-03-04T08:12:43.090+0000] {override.py:1912} INFO - Created Permission View: can read on DAG Run:tutorial_taskflow_api_virtualenv
[2025-03-04T08:12:43.182+0000] {logging_mixin.py:190} INFO - [2025-03-04T08:12:43.182+0000] {override.py:1912} INFO - Created Permission View: can create on DAG Run:tutorial_taskflow_api_virtualenv
[2025-03-04T08:12:43.235+0000] {logging_mixin.py:190} INFO - [2025-03-04T08:12:43.234+0000] {override.py:1912} INFO - Created Permission View: menu access on DAG Run:tutorial_taskflow_api_virtualenv
[2025-03-04T08:12:43.290+0000] {logging_mixin.py:190} INFO - [2025-03-04T08:12:43.290+0000] {dag.py:3239} INFO - Sync 1 DAGs
[2025-03-04T08:12:43.360+0000] {logging_mixin.py:190} INFO - [2025-03-04T08:12:43.356+0000] {dag.py:3262} INFO - Creating ORM DAG for tutorial_taskflow_api_virtualenv
[2025-03-04T08:12:43.375+0000] {logging_mixin.py:190} INFO - [2025-03-04T08:12:43.374+0000] {dag.py:4180} INFO - Setting next_dagrun for tutorial_taskflow_api_virtualenv to None, run_after=None
[2025-03-04T08:12:43.475+0000] {processor.py:208} INFO - Processing /home/airflow/.local/lib/python3.12/site-packages/airflow/example_dags/tutorial_taskflow_api_virtualenv.py took 2.199 seconds
[2025-03-04T08:13:16.461+0000] {processor.py:186} INFO - Started process (PID=151) to work on /home/airflow/.local/lib/python3.12/site-packages/airflow/example_dags/tutorial_taskflow_api_virtualenv.py
[2025-03-04T08:13:16.463+0000] {processor.py:914} INFO - Processing file /home/airflow/.local/lib/python3.12/site-packages/airflow/example_dags/tutorial_taskflow_api_virtualenv.py for tasks to queue
[2025-03-04T08:13:16.469+0000] {logging_mixin.py:190} INFO - [2025-03-04T08:13:16.468+0000] {dagbag.py:588} INFO - Filling up the DagBag from /home/airflow/.local/lib/python3.12/site-packages/airflow/example_dags/tutorial_taskflow_api_virtualenv.py
[2025-03-04T08:13:16.499+0000] {processor.py:925} INFO - DAG(s) 'tutorial_taskflow_api_virtualenv' retrieved from /home/airflow/.local/lib/python3.12/site-packages/airflow/example_dags/tutorial_taskflow_api_virtualenv.py
[2025-03-04T08:13:16.537+0000] {logging_mixin.py:190} INFO - [2025-03-04T08:13:16.536+0000] {dag.py:3239} INFO - Sync 1 DAGs
[2025-03-04T08:13:16.576+0000] {logging_mixin.py:190} INFO - [2025-03-04T08:13:16.575+0000] {dag.py:4180} INFO - Setting next_dagrun for tutorial_taskflow_api_virtualenv to None, run_after=None
[2025-03-04T08:13:16.619+0000] {processor.py:208} INFO - Processing /home/airflow/.local/lib/python3.12/site-packages/airflow/example_dags/tutorial_taskflow_api_virtualenv.py took 0.170 seconds
[2025-03-04T08:13:48.026+0000] {processor.py:186} INFO - Started process (PID=224) to work on /home/airflow/.local/lib/python3.12/site-packages/airflow/example_dags/tutorial_taskflow_api_virtualenv.py
[2025-03-04T08:13:48.028+0000] {processor.py:914} INFO - Processing file /home/airflow/.local/lib/python3.12/site-packages/airflow/example_dags/tutorial_taskflow_api_virtualenv.py for tasks to queue
[2025-03-04T08:13:48.043+0000] {logging_mixin.py:190} INFO - [2025-03-04T08:13:48.037+0000] {dagbag.py:588} INFO - Filling up the DagBag from /home/airflow/.local/lib/python3.12/site-packages/airflow/example_dags/tutorial_taskflow_api_virtualenv.py
[2025-03-04T08:13:48.131+0000] {processor.py:925} INFO - DAG(s) 'tutorial_taskflow_api_virtualenv' retrieved from /home/airflow/.local/lib/python3.12/site-packages/airflow/example_dags/tutorial_taskflow_api_virtualenv.py
[2025-03-04T08:13:48.230+0000] {logging_mixin.py:190} INFO - [2025-03-04T08:13:48.229+0000] {dag.py:3239} INFO - Sync 1 DAGs
[2025-03-04T08:13:48.320+0000] {logging_mixin.py:190} INFO - [2025-03-04T08:13:48.320+0000] {dag.py:4180} INFO - Setting next_dagrun for tutorial_taskflow_api_virtualenv to None, run_after=None
[2025-03-04T08:13:48.482+0000] {processor.py:208} INFO - Processing /home/airflow/.local/lib/python3.12/site-packages/airflow/example_dags/tutorial_taskflow_api_virtualenv.py took 0.474 seconds
[2025-03-04T08:14:19.000+0000] {processor.py:186} INFO - Started process (PID=292) to work on /home/airflow/.local/lib/python3.12/site-packages/airflow/example_dags/tutorial_taskflow_api_virtualenv.py
[2025-03-04T08:14:19.003+0000] {processor.py:914} INFO - Processing file /home/airflow/.local/lib/python3.12/site-packages/airflow/example_dags/tutorial_taskflow_api_virtualenv.py for tasks to queue
[2025-03-04T08:14:19.009+0000] {logging_mixin.py:190} INFO - [2025-03-04T08:14:19.008+0000] {dagbag.py:588} INFO - Filling up the DagBag from /home/airflow/.local/lib/python3.12/site-packages/airflow/example_dags/tutorial_taskflow_api_virtualenv.py
[2025-03-04T08:14:19.042+0000] {processor.py:925} INFO - DAG(s) 'tutorial_taskflow_api_virtualenv' retrieved from /home/airflow/.local/lib/python3.12/site-packages/airflow/example_dags/tutorial_taskflow_api_virtualenv.py
[2025-03-04T08:14:19.095+0000] {logging_mixin.py:190} INFO - [2025-03-04T08:14:19.095+0000] {dag.py:3239} INFO - Sync 1 DAGs
[2025-03-04T08:14:19.139+0000] {logging_mixin.py:190} INFO - [2025-03-04T08:14:19.138+0000] {dag.py:4180} INFO - Setting next_dagrun for tutorial_taskflow_api_virtualenv to None, run_after=None
[2025-03-04T08:14:19.182+0000] {processor.py:208} INFO - Processing /home/airflow/.local/lib/python3.12/site-packages/airflow/example_dags/tutorial_taskflow_api_virtualenv.py took 0.194 seconds
[2025-03-04T08:14:49.790+0000] {processor.py:186} INFO - Started process (PID=359) to work on /home/airflow/.local/lib/python3.12/site-packages/airflow/example_dags/tutorial_taskflow_api_virtualenv.py
[2025-03-04T08:14:49.793+0000] {processor.py:914} INFO - Processing file /home/airflow/.local/lib/python3.12/site-packages/airflow/example_dags/tutorial_taskflow_api_virtualenv.py for tasks to queue
[2025-03-04T08:14:49.801+0000] {logging_mixin.py:190} INFO - [2025-03-04T08:14:49.799+0000] {dagbag.py:588} INFO - Filling up the DagBag from /home/airflow/.local/lib/python3.12/site-packages/airflow/example_dags/tutorial_taskflow_api_virtualenv.py
[2025-03-04T08:14:49.850+0000] {processor.py:925} INFO - DAG(s) 'tutorial_taskflow_api_virtualenv' retrieved from /home/airflow/.local/lib/python3.12/site-packages/airflow/example_dags/tutorial_taskflow_api_virtualenv.py
[2025-03-04T08:14:49.920+0000] {logging_mixin.py:190} INFO - [2025-03-04T08:14:49.919+0000] {dag.py:3239} INFO - Sync 1 DAGs
[2025-03-04T08:14:49.961+0000] {logging_mixin.py:190} INFO - [2025-03-04T08:14:49.960+0000] {dag.py:4180} INFO - Setting next_dagrun for tutorial_taskflow_api_virtualenv to None, run_after=None
[2025-03-04T08:14:50.017+0000] {processor.py:208} INFO - Processing /home/airflow/.local/lib/python3.12/site-packages/airflow/example_dags/tutorial_taskflow_api_virtualenv.py took 0.247 seconds
