[2025-03-05T10:38:58.966+0000] {local_task_job_runner.py:123} INFO - ::group::Pre task execution logs
[2025-03-05T10:38:59.021+0000] {taskinstance.py:2614} INFO - Dependencies all met for dep_context=non-requeueable deps ti=<TaskInstance: FPL_raw_players.upload_to_postgres manual__2025-03-05T10:38:28.737908+00:00 [queued]>
[2025-03-05T10:38:59.052+0000] {taskinstance.py:2614} INFO - Dependencies all met for dep_context=requeueable deps ti=<TaskInstance: FPL_raw_players.upload_to_postgres manual__2025-03-05T10:38:28.737908+00:00 [queued]>
[2025-03-05T10:38:59.054+0000] {taskinstance.py:2867} INFO - Starting attempt 1 of 3
[2025-03-05T10:38:59.086+0000] {taskinstance.py:2890} INFO - Executing <Task(_PythonDecoratedOperator): upload_to_postgres> on 2025-03-05 10:38:28.737908+00:00
[2025-03-05T10:38:59.110+0000] {warnings.py:112} WARNING - /home/***/.local/lib/python3.12/site-packages/***/task/task_runner/standard_task_runner.py:70: DeprecationWarning: This process (pid=183) is multi-threaded, use of fork() may lead to deadlocks in the child.
  pid = os.fork()

[2025-03-05T10:38:59.115+0000] {standard_task_runner.py:72} INFO - Started process 202 to run task
[2025-03-05T10:38:59.119+0000] {standard_task_runner.py:104} INFO - Running: ['***', 'tasks', 'run', 'FPL_raw_players', 'upload_to_postgres', 'manual__2025-03-05T10:38:28.737908+00:00', '--job-id', '68', '--raw', '--subdir', 'DAGS_FOLDER/01_Bronze/02_FPL_raw_players.py', '--cfg-path', '/tmp/tmpr34co16o']
[2025-03-05T10:38:59.132+0000] {standard_task_runner.py:105} INFO - Job 68: Subtask upload_to_postgres
[2025-03-05T10:38:59.288+0000] {task_command.py:467} INFO - Running <TaskInstance: FPL_raw_players.upload_to_postgres manual__2025-03-05T10:38:28.737908+00:00 [running]> on host 110ae05502d1
[2025-03-05T10:38:59.757+0000] {taskinstance.py:3134} INFO - Exporting env vars: AIRFLOW_CTX_DAG_EMAIL='bobotieno99@gmail.com' AIRFLOW_CTX_DAG_OWNER='Fantasy Premier League' AIRFLOW_CTX_DAG_ID='FPL_raw_players' AIRFLOW_CTX_TASK_ID='upload_to_postgres' AIRFLOW_CTX_EXECUTION_DATE='2025-03-05T10:38:28.737908+00:00' AIRFLOW_CTX_TRY_NUMBER='1' AIRFLOW_CTX_DAG_RUN_ID='manual__2025-03-05T10:38:28.737908+00:00'
[2025-03-05T10:38:59.760+0000] {taskinstance.py:732} INFO - ::endgroup::
[2025-03-05T10:38:59.769+0000] {02_FPL_raw_players.py:109} INFO - ✅ Database connection established
[2025-03-05T10:39:08.522+0000] {02_FPL_raw_players.py:123} INFO - ✅ Data loaded into 'bronze.teams_info' successfully
[2025-03-05T10:39:08.523+0000] {python.py:240} INFO - Done. Returned value was: None
[2025-03-05T10:39:08.543+0000] {taskinstance.py:341} INFO - ::group::Post task execution logs
[2025-03-05T10:39:08.544+0000] {taskinstance.py:353} INFO - Marking task as SUCCESS. dag_id=FPL_raw_players, task_id=upload_to_postgres, run_id=manual__2025-03-05T10:38:28.737908+00:00, execution_date=20250305T103828, start_date=20250305T103859, end_date=20250305T103908
[2025-03-05T10:39:08.617+0000] {local_task_job_runner.py:266} INFO - Task exited with return code 0
[2025-03-05T10:39:08.647+0000] {taskinstance.py:3901} INFO - 0 downstream tasks scheduled from follow-on schedule check
[2025-03-05T10:39:08.652+0000] {local_task_job_runner.py:245} INFO - ::endgroup::
