[2025-03-05T01:34:15.672+0000] {local_task_job_runner.py:123} INFO - ::group::Pre task execution logs
[2025-03-05T01:34:15.796+0000] {taskinstance.py:2614} INFO - Dependencies all met for dep_context=non-requeueable deps ti=<TaskInstance: FPL_raw_games.upload_to_postgres scheduled__2025-03-04T00:00:00+00:00 [queued]>
[2025-03-05T01:34:15.897+0000] {taskinstance.py:2614} INFO - Dependencies all met for dep_context=requeueable deps ti=<TaskInstance: FPL_raw_games.upload_to_postgres scheduled__2025-03-04T00:00:00+00:00 [queued]>
[2025-03-05T01:34:15.911+0000] {taskinstance.py:2867} INFO - Starting attempt 1 of 3
[2025-03-05T01:34:15.984+0000] {taskinstance.py:2890} INFO - Executing <Task(_PythonDecoratedOperator): upload_to_postgres> on 2025-03-04 00:00:00+00:00
[2025-03-05T01:34:16.027+0000] {standard_task_runner.py:104} INFO - Running: ['***', 'tasks', 'run', 'FPL_raw_games', 'upload_to_postgres', 'scheduled__2025-03-04T00:00:00+00:00', '--job-id', '47', '--raw', '--subdir', 'DAGS_FOLDER/01_Bronze/03_FPL_raw_game_week.py', '--cfg-path', '/tmp/tmpxwhsb_2v']
[2025-03-05T01:34:16.045+0000] {warnings.py:112} WARNING - /home/***/.local/lib/python3.12/site-packages/***/task/task_runner/standard_task_runner.py:70: DeprecationWarning: This process (pid=3512) is multi-threaded, use of fork() may lead to deadlocks in the child.
  pid = os.fork()

[2025-03-05T01:34:16.057+0000] {standard_task_runner.py:105} INFO - Job 47: Subtask upload_to_postgres
[2025-03-05T01:34:16.061+0000] {standard_task_runner.py:72} INFO - Started process 3527 to run task
[2025-03-05T01:34:16.288+0000] {task_command.py:467} INFO - Running <TaskInstance: FPL_raw_games.upload_to_postgres scheduled__2025-03-04T00:00:00+00:00 [running]> on host fef6cda9c40a
[2025-03-05T01:34:18.030+0000] {taskinstance.py:3134} INFO - Exporting env vars: AIRFLOW_CTX_DAG_EMAIL='bobotieno99@gmail.com' AIRFLOW_CTX_DAG_OWNER='Fantasy Premier League' AIRFLOW_CTX_DAG_ID='FPL_raw_games' AIRFLOW_CTX_TASK_ID='upload_to_postgres' AIRFLOW_CTX_EXECUTION_DATE='2025-03-04T00:00:00+00:00' AIRFLOW_CTX_TRY_NUMBER='1' AIRFLOW_CTX_DAG_RUN_ID='scheduled__2025-03-04T00:00:00+00:00'
[2025-03-05T01:34:18.064+0000] {taskinstance.py:732} INFO - ::endgroup::
[2025-03-05T01:34:18.123+0000] {03_FPL_raw_game_week.py:106} INFO - ✅ Database connection established
[2025-03-05T01:34:28.463+0000] {03_FPL_raw_game_week.py:120} INFO - ✅ Data loaded into 'bronze.games_info' successfully
[2025-03-05T01:34:28.464+0000] {python.py:240} INFO - Done. Returned value was: None
[2025-03-05T01:34:28.490+0000] {taskinstance.py:341} INFO - ::group::Post task execution logs
[2025-03-05T01:34:28.492+0000] {taskinstance.py:353} INFO - Marking task as SUCCESS. dag_id=FPL_raw_games, task_id=upload_to_postgres, run_id=scheduled__2025-03-04T00:00:00+00:00, execution_date=20250304T000000, start_date=20250305T013415, end_date=20250305T013428
[2025-03-05T01:34:28.663+0000] {local_task_job_runner.py:266} INFO - Task exited with return code 0
[2025-03-05T01:34:28.709+0000] {taskinstance.py:3901} INFO - 0 downstream tasks scheduled from follow-on schedule check
[2025-03-05T01:34:28.712+0000] {local_task_job_runner.py:245} INFO - ::endgroup::
