[2025-03-07T08:58:57.434+0000] {local_task_job_runner.py:123} INFO - ::group::Pre task execution logs
[2025-03-07T08:58:57.690+0000] {taskinstance.py:2614} INFO - Dependencies all met for dep_context=non-requeueable deps ti=<TaskInstance: FPL_raw_stats.join_dataframes scheduled__2025-03-06T00:05:00+00:00 [queued]>
[2025-03-07T08:58:57.819+0000] {taskinstance.py:2614} INFO - Dependencies all met for dep_context=requeueable deps ti=<TaskInstance: FPL_raw_stats.join_dataframes scheduled__2025-03-06T00:05:00+00:00 [queued]>
[2025-03-07T08:58:57.823+0000] {taskinstance.py:2867} INFO - Starting attempt 1 of 3
[2025-03-07T08:58:58.024+0000] {taskinstance.py:2890} INFO - Executing <Task(_PythonDecoratedOperator): join_dataframes> on 2025-03-06 00:05:00+00:00
[2025-03-07T08:58:58.123+0000] {warnings.py:112} WARNING - /home/***/.local/lib/python3.12/site-packages/***/task/task_runner/standard_task_runner.py:70: DeprecationWarning: This process (pid=128) is multi-threaded, use of fork() may lead to deadlocks in the child.
  pid = os.fork()

[2025-03-07T08:58:58.137+0000] {standard_task_runner.py:72} INFO - Started process 142 to run task
[2025-03-07T08:58:58.164+0000] {standard_task_runner.py:104} INFO - Running: ['***', 'tasks', 'run', 'FPL_raw_stats', 'join_dataframes', 'scheduled__2025-03-06T00:05:00+00:00', '--job-id', '144', '--raw', '--subdir', 'DAGS_FOLDER/01_Bronze/04_FPL_raw_stats.py', '--cfg-path', '/tmp/tmp0q2wy4y1']
[2025-03-07T08:58:58.229+0000] {standard_task_runner.py:105} INFO - Job 144: Subtask join_dataframes
[2025-03-07T08:58:58.601+0000] {task_command.py:467} INFO - Running <TaskInstance: FPL_raw_stats.join_dataframes scheduled__2025-03-06T00:05:00+00:00 [running]> on host 0f0b0357cf30
[2025-03-07T08:59:01.046+0000] {taskinstance.py:3134} INFO - Exporting env vars: AIRFLOW_CTX_DAG_EMAIL='bobotieno99@gmail.com' AIRFLOW_CTX_DAG_OWNER='Fantasy Premier League' AIRFLOW_CTX_DAG_ID='FPL_raw_stats' AIRFLOW_CTX_TASK_ID='join_dataframes' AIRFLOW_CTX_EXECUTION_DATE='2025-03-06T00:05:00+00:00' AIRFLOW_CTX_TRY_NUMBER='1' AIRFLOW_CTX_DAG_RUN_ID='scheduled__2025-03-06T00:05:00+00:00'
[2025-03-07T08:59:01.095+0000] {taskinstance.py:732} INFO - ::endgroup::
[2025-03-07T08:59:01.916+0000] {04_FPL_raw_stats.py:91} INFO - ✅ Data processing completed successfully
[2025-03-07T08:59:01.940+0000] {python.py:240} INFO - Done. Returned value was:        game_code  finished  game_id  ...  player_id  team_type     stat_type
0        2444470      True        1  ...        389          h  goals_scored
1        2444473      True        4  ...        317          a  goals_scored
2        2444473      True        4  ...        328          a  goals_scored
3        2444471      True        2  ...          4          h  goals_scored
4        2444471      True        2  ...         17          h  goals_scored
...          ...       ...      ...  ...        ...        ...           ...
11969    2444735      True      266  ...        123          h           bps
11970    2444735      True      266  ...        654          h           bps
11971    2444735      True      266  ...        520          h           bps
11972    2444735      True      266  ...        576          h           bps
11973    2444735      True      266  ...        528          h           bps

[11974 rows x 7 columns]
[2025-03-07T08:59:03.664+0000] {taskinstance.py:341} INFO - ::group::Post task execution logs
[2025-03-07T08:59:03.678+0000] {taskinstance.py:353} INFO - Marking task as SUCCESS. dag_id=FPL_raw_stats, task_id=join_dataframes, run_id=scheduled__2025-03-06T00:05:00+00:00, execution_date=20250306T000500, start_date=20250307T085857, end_date=20250307T085903
[2025-03-07T08:59:03.992+0000] {local_task_job_runner.py:266} INFO - Task exited with return code 0
[2025-03-07T08:59:04.197+0000] {taskinstance.py:3901} INFO - 1 downstream tasks scheduled from follow-on schedule check
[2025-03-07T08:59:04.254+0000] {local_task_job_runner.py:245} INFO - ::endgroup::
[2025-03-07T09:18:21.378+0000] {local_task_job_runner.py:123} INFO - ::group::Pre task execution logs
[2025-03-07T09:18:21.947+0000] {taskinstance.py:2614} INFO - Dependencies all met for dep_context=non-requeueable deps ti=<TaskInstance: FPL_raw_stats.join_dataframes scheduled__2025-03-06T00:05:00+00:00 [queued]>
[2025-03-07T09:18:21.981+0000] {taskinstance.py:2614} INFO - Dependencies all met for dep_context=requeueable deps ti=<TaskInstance: FPL_raw_stats.join_dataframes scheduled__2025-03-06T00:05:00+00:00 [queued]>
[2025-03-07T09:18:21.983+0000] {taskinstance.py:2867} INFO - Starting attempt 1 of 3
[2025-03-07T09:18:22.028+0000] {taskinstance.py:2890} INFO - Executing <Task(_PythonDecoratedOperator): join_dataframes> on 2025-03-06 00:05:00+00:00
[2025-03-07T09:18:22.042+0000] {warnings.py:112} WARNING - /home/***/.local/lib/python3.12/site-packages/***/task/task_runner/standard_task_runner.py:70: DeprecationWarning: This process (pid=104) is multi-threaded, use of fork() may lead to deadlocks in the child.
  pid = os.fork()

[2025-03-07T09:18:22.045+0000] {standard_task_runner.py:72} INFO - Started process 119 to run task
[2025-03-07T09:18:22.046+0000] {standard_task_runner.py:104} INFO - Running: ['***', 'tasks', 'run', 'FPL_raw_stats', 'join_dataframes', 'scheduled__2025-03-06T00:05:00+00:00', '--job-id', '43', '--raw', '--subdir', 'DAGS_FOLDER/01_Bronze/04_FPL_raw_stats.py', '--cfg-path', '/tmp/tmp1bjx9t9_']
[2025-03-07T09:18:22.055+0000] {standard_task_runner.py:105} INFO - Job 43: Subtask join_dataframes
[2025-03-07T09:18:22.159+0000] {task_command.py:467} INFO - Running <TaskInstance: FPL_raw_stats.join_dataframes scheduled__2025-03-06T00:05:00+00:00 [running]> on host de0598ea6583
[2025-03-07T09:18:23.080+0000] {taskinstance.py:3134} INFO - Exporting env vars: AIRFLOW_CTX_DAG_EMAIL='bobotieno99@gmail.com' AIRFLOW_CTX_DAG_OWNER='Fantasy Premier League' AIRFLOW_CTX_DAG_ID='FPL_raw_stats' AIRFLOW_CTX_TASK_ID='join_dataframes' AIRFLOW_CTX_EXECUTION_DATE='2025-03-06T00:05:00+00:00' AIRFLOW_CTX_TRY_NUMBER='1' AIRFLOW_CTX_DAG_RUN_ID='scheduled__2025-03-06T00:05:00+00:00'
[2025-03-07T09:18:23.082+0000] {taskinstance.py:732} INFO - ::endgroup::
[2025-03-07T09:18:23.205+0000] {04_FPL_raw_stats.py:91} INFO - ✅ Data processing completed successfully
[2025-03-07T09:18:23.206+0000] {python.py:240} INFO - Done. Returned value was:        game_code  finished  game_id  ...  player_id  team_type     stat_type
0        2444470      True        1  ...        389          h  goals_scored
1        2444473      True        4  ...        317          a  goals_scored
2        2444473      True        4  ...        328          a  goals_scored
3        2444471      True        2  ...          4          h  goals_scored
4        2444471      True        2  ...         17          h  goals_scored
...          ...       ...      ...  ...        ...        ...           ...
11969    2444735      True      266  ...        123          h           bps
11970    2444735      True      266  ...        654          h           bps
11971    2444735      True      266  ...        520          h           bps
11972    2444735      True      266  ...        576          h           bps
11973    2444735      True      266  ...        528          h           bps

[11974 rows x 7 columns]
[2025-03-07T09:18:23.379+0000] {taskinstance.py:341} INFO - ::group::Post task execution logs
[2025-03-07T09:18:23.380+0000] {taskinstance.py:353} INFO - Marking task as SUCCESS. dag_id=FPL_raw_stats, task_id=join_dataframes, run_id=scheduled__2025-03-06T00:05:00+00:00, execution_date=20250306T000500, start_date=20250307T091821, end_date=20250307T091823
[2025-03-07T09:18:23.432+0000] {local_task_job_runner.py:266} INFO - Task exited with return code 0
[2025-03-07T09:18:23.472+0000] {taskinstance.py:3901} INFO - 1 downstream tasks scheduled from follow-on schedule check
[2025-03-07T09:18:23.475+0000] {local_task_job_runner.py:245} INFO - ::endgroup::
[2025-03-07T09:49:48.624+0000] {local_task_job_runner.py:123} INFO - ::group::Pre task execution logs
[2025-03-07T09:49:48.694+0000] {taskinstance.py:2614} INFO - Dependencies all met for dep_context=non-requeueable deps ti=<TaskInstance: FPL_raw_stats.join_dataframes scheduled__2025-03-06T00:05:00+00:00 [queued]>
[2025-03-07T09:49:48.720+0000] {taskinstance.py:2614} INFO - Dependencies all met for dep_context=requeueable deps ti=<TaskInstance: FPL_raw_stats.join_dataframes scheduled__2025-03-06T00:05:00+00:00 [queued]>
[2025-03-07T09:49:48.721+0000] {taskinstance.py:2867} INFO - Starting attempt 1 of 3
[2025-03-07T09:49:48.752+0000] {taskinstance.py:2890} INFO - Executing <Task(_PythonDecoratedOperator): join_dataframes> on 2025-03-06 00:05:00+00:00
[2025-03-07T09:49:48.775+0000] {warnings.py:112} WARNING - /home/***/.local/lib/python3.12/site-packages/***/task/task_runner/standard_task_runner.py:70: DeprecationWarning: This process (pid=363) is multi-threaded, use of fork() may lead to deadlocks in the child.
  pid = os.fork()

[2025-03-07T09:49:48.779+0000] {standard_task_runner.py:72} INFO - Started process 372 to run task
[2025-03-07T09:49:48.780+0000] {standard_task_runner.py:104} INFO - Running: ['***', 'tasks', 'run', 'FPL_raw_stats', 'join_dataframes', 'scheduled__2025-03-06T00:05:00+00:00', '--job-id', '9', '--raw', '--subdir', 'DAGS_FOLDER/01_Bronze/04_FPL_raw_stats.py', '--cfg-path', '/tmp/tmp3_n9bwq2']
[2025-03-07T09:49:48.787+0000] {standard_task_runner.py:105} INFO - Job 9: Subtask join_dataframes
[2025-03-07T09:49:48.966+0000] {task_command.py:467} INFO - Running <TaskInstance: FPL_raw_stats.join_dataframes scheduled__2025-03-06T00:05:00+00:00 [running]> on host 6fac9c74855d
[2025-03-07T09:49:50.805+0000] {taskinstance.py:3134} INFO - Exporting env vars: AIRFLOW_CTX_DAG_EMAIL='bobotieno99@gmail.com' AIRFLOW_CTX_DAG_OWNER='Fantasy Premier League' AIRFLOW_CTX_DAG_ID='FPL_raw_stats' AIRFLOW_CTX_TASK_ID='join_dataframes' AIRFLOW_CTX_EXECUTION_DATE='2025-03-06T00:05:00+00:00' AIRFLOW_CTX_TRY_NUMBER='1' AIRFLOW_CTX_DAG_RUN_ID='scheduled__2025-03-06T00:05:00+00:00'
[2025-03-07T09:49:50.808+0000] {taskinstance.py:732} INFO - ::endgroup::
[2025-03-07T09:49:50.921+0000] {04_FPL_raw_stats.py:91} INFO - ✅ Data processing completed successfully
[2025-03-07T09:49:50.922+0000] {python.py:240} INFO - Done. Returned value was:        game_code  finished  game_id  ...  player_id  team_type     stat_type
0        2444470      True        1  ...        389          h  goals_scored
1        2444473      True        4  ...        317          a  goals_scored
2        2444473      True        4  ...        328          a  goals_scored
3        2444471      True        2  ...          4          h  goals_scored
4        2444471      True        2  ...         17          h  goals_scored
...          ...       ...      ...  ...        ...        ...           ...
11969    2444735      True      266  ...        123          h           bps
11970    2444735      True      266  ...        654          h           bps
11971    2444735      True      266  ...        520          h           bps
11972    2444735      True      266  ...        576          h           bps
11973    2444735      True      266  ...        528          h           bps

[11974 rows x 7 columns]
[2025-03-07T09:49:51.126+0000] {taskinstance.py:341} INFO - ::group::Post task execution logs
[2025-03-07T09:49:51.127+0000] {taskinstance.py:353} INFO - Marking task as SUCCESS. dag_id=FPL_raw_stats, task_id=join_dataframes, run_id=scheduled__2025-03-06T00:05:00+00:00, execution_date=20250306T000500, start_date=20250307T094948, end_date=20250307T094951
[2025-03-07T09:49:51.250+0000] {local_task_job_runner.py:266} INFO - Task exited with return code 0
[2025-03-07T09:49:51.312+0000] {taskinstance.py:3901} INFO - 1 downstream tasks scheduled from follow-on schedule check
[2025-03-07T09:49:51.322+0000] {local_task_job_runner.py:245} INFO - ::endgroup::
