[2025-03-04T10:00:14.400+0000] {local_task_job_runner.py:123} INFO - ::group::Pre task execution logs
[2025-03-04T10:00:14.455+0000] {taskinstance.py:2614} INFO - Dependencies all met for dep_context=non-requeueable deps ti=<TaskInstance: FPL_raw_games.upload_to_postgres scheduled__2025-03-04T09:00:00+00:00 [queued]>
[2025-03-04T10:00:14.484+0000] {taskinstance.py:2614} INFO - Dependencies all met for dep_context=requeueable deps ti=<TaskInstance: FPL_raw_games.upload_to_postgres scheduled__2025-03-04T09:00:00+00:00 [queued]>
[2025-03-04T10:00:14.486+0000] {taskinstance.py:2867} INFO - Starting attempt 1 of 3
[2025-03-04T10:00:14.528+0000] {taskinstance.py:2890} INFO - Executing <Task(_PythonDecoratedOperator): upload_to_postgres> on 2025-03-04 09:00:00+00:00
[2025-03-04T10:00:14.545+0000] {warnings.py:112} WARNING - /home/***/.local/lib/python3.12/site-packages/***/task/task_runner/standard_task_runner.py:70: DeprecationWarning: This process (pid=1422) is multi-threaded, use of fork() may lead to deadlocks in the child.
  pid = os.fork()

[2025-03-04T10:00:14.551+0000] {standard_task_runner.py:72} INFO - Started process 1424 to run task
[2025-03-04T10:00:14.552+0000] {standard_task_runner.py:104} INFO - Running: ['***', 'tasks', 'run', 'FPL_raw_games', 'upload_to_postgres', 'scheduled__2025-03-04T09:00:00+00:00', '--job-id', '30', '--raw', '--subdir', 'DAGS_FOLDER/01_Bronze/03_FPL_raw_game_week.py', '--cfg-path', '/tmp/tmp9vocgqoe']
[2025-03-04T10:00:14.560+0000] {standard_task_runner.py:105} INFO - Job 30: Subtask upload_to_postgres
[2025-03-04T10:00:14.653+0000] {task_command.py:467} INFO - Running <TaskInstance: FPL_raw_games.upload_to_postgres scheduled__2025-03-04T09:00:00+00:00 [running]> on host fef6cda9c40a
[2025-03-04T10:00:15.324+0000] {taskinstance.py:3134} INFO - Exporting env vars: AIRFLOW_CTX_DAG_EMAIL='bobotieno99@gmail.com' AIRFLOW_CTX_DAG_OWNER='Fantasy Premier League' AIRFLOW_CTX_DAG_ID='FPL_raw_games' AIRFLOW_CTX_TASK_ID='upload_to_postgres' AIRFLOW_CTX_EXECUTION_DATE='2025-03-04T09:00:00+00:00' AIRFLOW_CTX_TRY_NUMBER='1' AIRFLOW_CTX_DAG_RUN_ID='scheduled__2025-03-04T09:00:00+00:00'
[2025-03-04T10:00:15.327+0000] {taskinstance.py:732} INFO - ::endgroup::
[2025-03-04T10:00:15.333+0000] {03_FPL_raw_game_week.py:106} INFO - ✅ Database connection established
[2025-03-04T10:00:20.793+0000] {03_FPL_raw_game_week.py:120} INFO - ✅ Data loaded into 'bronze.games_info' successfully
[2025-03-04T10:00:20.796+0000] {python.py:240} INFO - Done. Returned value was: None
[2025-03-04T10:00:20.823+0000] {taskinstance.py:341} INFO - ::group::Post task execution logs
[2025-03-04T10:00:20.825+0000] {taskinstance.py:353} INFO - Marking task as SUCCESS. dag_id=FPL_raw_games, task_id=upload_to_postgres, run_id=scheduled__2025-03-04T09:00:00+00:00, execution_date=20250304T090000, start_date=20250304T100014, end_date=20250304T100020
[2025-03-04T10:00:20.915+0000] {local_task_job_runner.py:266} INFO - Task exited with return code 0
[2025-03-04T10:00:20.962+0000] {taskinstance.py:3901} INFO - 0 downstream tasks scheduled from follow-on schedule check
[2025-03-04T10:00:20.966+0000] {local_task_job_runner.py:245} INFO - ::endgroup::
