[2025-03-07T10:03:10.669+0000] {local_task_job_runner.py:123} INFO - ::group::Pre task execution logs
[2025-03-07T10:03:10.732+0000] {taskinstance.py:2614} INFO - Dependencies all met for dep_context=non-requeueable deps ti=<TaskInstance: FPL_raw_games.upload_to_postgres manual__2025-03-07T10:02:56.671414+00:00 [queued]>
[2025-03-07T10:03:10.757+0000] {taskinstance.py:2614} INFO - Dependencies all met for dep_context=requeueable deps ti=<TaskInstance: FPL_raw_games.upload_to_postgres manual__2025-03-07T10:02:56.671414+00:00 [queued]>
[2025-03-07T10:03:10.763+0000] {taskinstance.py:2867} INFO - Starting attempt 1 of 3
[2025-03-07T10:03:10.795+0000] {taskinstance.py:2890} INFO - Executing <Task(_PythonDecoratedOperator): upload_to_postgres> on 2025-03-07 10:02:56.671414+00:00
[2025-03-07T10:03:10.809+0000] {warnings.py:112} WARNING - /home/***/.local/lib/python3.12/site-packages/***/task/task_runner/standard_task_runner.py:70: DeprecationWarning: This process (pid=746) is multi-threaded, use of fork() may lead to deadlocks in the child.
  pid = os.fork()

[2025-03-07T10:03:10.814+0000] {standard_task_runner.py:72} INFO - Started process 755 to run task
[2025-03-07T10:03:10.816+0000] {standard_task_runner.py:104} INFO - Running: ['***', 'tasks', 'run', 'FPL_raw_games', 'upload_to_postgres', 'manual__2025-03-07T10:02:56.671414+00:00', '--job-id', '38', '--raw', '--subdir', 'DAGS_FOLDER/01_Bronze/03_FPL_raw_game_week.py', '--cfg-path', '/tmp/tmphvu35m55']
[2025-03-07T10:03:10.826+0000] {standard_task_runner.py:105} INFO - Job 38: Subtask upload_to_postgres
[2025-03-07T10:03:10.983+0000] {task_command.py:467} INFO - Running <TaskInstance: FPL_raw_games.upload_to_postgres manual__2025-03-07T10:02:56.671414+00:00 [running]> on host 6fac9c74855d
[2025-03-07T10:03:11.845+0000] {taskinstance.py:3134} INFO - Exporting env vars: AIRFLOW_CTX_DAG_EMAIL='bobotieno99@gmail.com' AIRFLOW_CTX_DAG_OWNER='Fantasy Premier League' AIRFLOW_CTX_DAG_ID='FPL_raw_games' AIRFLOW_CTX_TASK_ID='upload_to_postgres' AIRFLOW_CTX_EXECUTION_DATE='2025-03-07T10:02:56.671414+00:00' AIRFLOW_CTX_TRY_NUMBER='1' AIRFLOW_CTX_DAG_RUN_ID='manual__2025-03-07T10:02:56.671414+00:00'
[2025-03-07T10:03:11.848+0000] {taskinstance.py:732} INFO - ::endgroup::
[2025-03-07T10:03:11.853+0000] {03_FPL_raw_game_week.py:106} INFO - ✅ Database connection established
[2025-03-07T10:03:22.625+0000] {03_FPL_raw_game_week.py:120} INFO - ✅ Data loaded into 'bronze.games_info' successfully
[2025-03-07T10:03:22.626+0000] {python.py:240} INFO - Done. Returned value was: None
[2025-03-07T10:03:22.646+0000] {taskinstance.py:341} INFO - ::group::Post task execution logs
[2025-03-07T10:03:22.648+0000] {taskinstance.py:353} INFO - Marking task as SUCCESS. dag_id=FPL_raw_games, task_id=upload_to_postgres, run_id=manual__2025-03-07T10:02:56.671414+00:00, execution_date=20250307T100256, start_date=20250307T100310, end_date=20250307T100322
[2025-03-07T10:03:22.750+0000] {local_task_job_runner.py:266} INFO - Task exited with return code 0
[2025-03-07T10:03:22.778+0000] {taskinstance.py:3901} INFO - 0 downstream tasks scheduled from follow-on schedule check
[2025-03-07T10:03:22.781+0000] {local_task_job_runner.py:245} INFO - ::endgroup::
