[2025-03-04T09:00:09.190+0000] {local_task_job_runner.py:123} INFO - ::group::Pre task execution logs
[2025-03-04T09:00:09.230+0000] {taskinstance.py:2614} INFO - Dependencies all met for dep_context=non-requeueable deps ti=<TaskInstance: FPL_raw_players.create_data_frame scheduled__2025-03-04T08:00:00+00:00 [queued]>
[2025-03-04T09:00:09.249+0000] {taskinstance.py:2614} INFO - Dependencies all met for dep_context=requeueable deps ti=<TaskInstance: FPL_raw_players.create_data_frame scheduled__2025-03-04T08:00:00+00:00 [queued]>
[2025-03-04T09:00:09.251+0000] {taskinstance.py:2867} INFO - Starting attempt 1 of 3
[2025-03-04T09:00:09.277+0000] {taskinstance.py:2890} INFO - Executing <Task(_PythonDecoratedOperator): create_data_frame> on 2025-03-04 08:00:00+00:00
[2025-03-04T09:00:09.289+0000] {warnings.py:112} WARNING - /home/***/.local/lib/python3.12/site-packages/***/task/task_runner/standard_task_runner.py:70: DeprecationWarning: This process (pid=651) is multi-threaded, use of fork() may lead to deadlocks in the child.
  pid = os.fork()

[2025-03-04T09:00:09.293+0000] {standard_task_runner.py:72} INFO - Started process 653 to run task
[2025-03-04T09:00:09.293+0000] {standard_task_runner.py:104} INFO - Running: ['***', 'tasks', 'run', 'FPL_raw_players', 'create_data_frame', 'scheduled__2025-03-04T08:00:00+00:00', '--job-id', '19', '--raw', '--subdir', 'DAGS_FOLDER/01_Bronze/02_FPL_raw_players.py', '--cfg-path', '/tmp/tmpdvr4rh2l']
[2025-03-04T09:00:09.300+0000] {standard_task_runner.py:105} INFO - Job 19: Subtask create_data_frame
[2025-03-04T09:00:09.414+0000] {task_command.py:467} INFO - Running <TaskInstance: FPL_raw_players.create_data_frame scheduled__2025-03-04T08:00:00+00:00 [running]> on host fef6cda9c40a
[2025-03-04T09:00:10.105+0000] {taskinstance.py:3134} INFO - Exporting env vars: AIRFLOW_CTX_DAG_EMAIL='bobotieno99@gmail.com' AIRFLOW_CTX_DAG_OWNER='Fantasy Premier League' AIRFLOW_CTX_DAG_ID='FPL_raw_players' AIRFLOW_CTX_TASK_ID='create_data_frame' AIRFLOW_CTX_EXECUTION_DATE='2025-03-04T08:00:00+00:00' AIRFLOW_CTX_TRY_NUMBER='1' AIRFLOW_CTX_DAG_RUN_ID='scheduled__2025-03-04T08:00:00+00:00'
[2025-03-04T09:00:10.145+0000] {taskinstance.py:732} INFO - ::endgroup::
[2025-03-04T09:00:10.282+0000] {02_FPL_raw_players.py:72} INFO - ✅ DataFrame created with 785 records.
[2025-03-04T09:00:10.299+0000] {python.py:240} INFO - Done. Returned value was:      player_id    first_name  ... region can_select
0            1         Fábio  ...    NaN      False
1            2       Gabriel  ...   30.0       True
2            3       Gabriel  ...   30.0       True
3            4           Kai  ...   80.0       True
4            5          Karl  ...    NaN      False
..         ...           ...  ...    ...        ...
780        720      Emmanuel  ...   54.0       True
781        751  Vítor Manuel  ...  173.0       True
782        769        Nasser  ...   35.0       True
783        770      Marshall  ...  239.0       True
784        784        Mateus  ...  241.0       True

[785 rows x 10 columns]
[2025-03-04T09:00:10.661+0000] {taskinstance.py:341} INFO - ::group::Post task execution logs
[2025-03-04T09:00:10.662+0000] {taskinstance.py:353} INFO - Marking task as SUCCESS. dag_id=FPL_raw_players, task_id=create_data_frame, run_id=scheduled__2025-03-04T08:00:00+00:00, execution_date=20250304T080000, start_date=20250304T090009, end_date=20250304T090010
[2025-03-04T09:00:10.759+0000] {local_task_job_runner.py:266} INFO - Task exited with return code 0
[2025-03-04T09:00:10.797+0000] {taskinstance.py:3901} INFO - 0 downstream tasks scheduled from follow-on schedule check
[2025-03-04T09:00:10.802+0000] {local_task_job_runner.py:245} INFO - ::endgroup::
