[2025-03-08T05:15:37.454+0000] {local_task_job_runner.py:123} INFO - ::group::Pre task execution logs
[2025-03-08T05:15:37.512+0000] {taskinstance.py:2614} INFO - Dependencies all met for dep_context=non-requeueable deps ti=<TaskInstance: FPL_silver_tables.update_fpl_silver_layer manual__2025-03-08T05:15:35.499767+00:00 [queued]>
[2025-03-08T05:15:37.550+0000] {taskinstance.py:2614} INFO - Dependencies all met for dep_context=requeueable deps ti=<TaskInstance: FPL_silver_tables.update_fpl_silver_layer manual__2025-03-08T05:15:35.499767+00:00 [queued]>
[2025-03-08T05:15:37.554+0000] {taskinstance.py:2867} INFO - Starting attempt 1 of 4
[2025-03-08T05:15:37.635+0000] {taskinstance.py:2890} INFO - Executing <Task(_PythonDecoratedOperator): update_fpl_silver_layer> on 2025-03-08 05:15:35.499767+00:00
[2025-03-08T05:15:37.650+0000] {warnings.py:112} WARNING - /home/***/.local/lib/python3.12/site-packages/***/task/task_runner/standard_task_runner.py:70: DeprecationWarning: This process (pid=489) is multi-threaded, use of fork() may lead to deadlocks in the child.
  pid = os.fork()

[2025-03-08T05:15:37.655+0000] {standard_task_runner.py:72} INFO - Started process 490 to run task
[2025-03-08T05:15:37.656+0000] {standard_task_runner.py:104} INFO - Running: ['***', 'tasks', 'run', 'FPL_silver_tables', 'update_fpl_silver_layer', 'manual__2025-03-08T05:15:35.499767+00:00', '--job-id', '117', '--raw', '--subdir', 'DAGS_FOLDER/02_Silver/update_silver_layer.py', '--cfg-path', '/tmp/tmpibzdndfl']
[2025-03-08T05:15:37.660+0000] {standard_task_runner.py:105} INFO - Job 117: Subtask update_fpl_silver_layer
[2025-03-08T05:15:37.798+0000] {task_command.py:467} INFO - Running <TaskInstance: FPL_silver_tables.update_fpl_silver_layer manual__2025-03-08T05:15:35.499767+00:00 [running]> on host 2e71e0861922
[2025-03-08T05:15:38.084+0000] {taskinstance.py:3134} INFO - Exporting env vars: AIRFLOW_CTX_DAG_EMAIL='bobotieno99@gmail.com' AIRFLOW_CTX_DAG_OWNER='Fantasy Premier League' AIRFLOW_CTX_DAG_ID='FPL_silver_tables' AIRFLOW_CTX_TASK_ID='update_fpl_silver_layer' AIRFLOW_CTX_EXECUTION_DATE='2025-03-08T05:15:35.499767+00:00' AIRFLOW_CTX_TRY_NUMBER='1' AIRFLOW_CTX_DAG_RUN_ID='manual__2025-03-08T05:15:35.499767+00:00'
[2025-03-08T05:15:38.088+0000] {taskinstance.py:732} INFO - ::endgroup::
[2025-03-08T05:15:42.628+0000] {update_silver_layer.py:59} INFO - ✅ Database connection established successfully
[2025-03-08T05:15:43.550+0000] {update_silver_layer.py:77} INFO - ✅ Silver layer updated successfully
[2025-03-08T05:15:43.553+0000] {update_silver_layer.py:89} INFO - ✅ Database connection closed
[2025-03-08T05:15:43.556+0000] {python.py:240} INFO - Done. Returned value was: None
[2025-03-08T05:15:43.615+0000] {taskinstance.py:341} INFO - ::group::Post task execution logs
[2025-03-08T05:15:43.622+0000] {taskinstance.py:353} INFO - Marking task as SUCCESS. dag_id=FPL_silver_tables, task_id=update_fpl_silver_layer, run_id=manual__2025-03-08T05:15:35.499767+00:00, execution_date=20250308T051535, start_date=20250308T051537, end_date=20250308T051543
[2025-03-08T05:15:43.792+0000] {local_task_job_runner.py:266} INFO - Task exited with return code 0
[2025-03-08T05:15:43.824+0000] {taskinstance.py:3901} INFO - 0 downstream tasks scheduled from follow-on schedule check
[2025-03-08T05:15:43.828+0000] {local_task_job_runner.py:245} INFO - ::endgroup::
