[2025-03-08T05:08:52.290+0000] {local_task_job_runner.py:123} INFO - ::group::Pre task execution logs
[2025-03-08T05:08:52.491+0000] {taskinstance.py:2614} INFO - Dependencies all met for dep_context=non-requeueable deps ti=<TaskInstance: FPL_raw_teams.add_photo_url scheduled__2025-03-07T00:05:00+00:00 [queued]>
[2025-03-08T05:08:52.601+0000] {taskinstance.py:2614} INFO - Dependencies all met for dep_context=requeueable deps ti=<TaskInstance: FPL_raw_teams.add_photo_url scheduled__2025-03-07T00:05:00+00:00 [queued]>
[2025-03-08T05:08:52.610+0000] {taskinstance.py:2867} INFO - Starting attempt 1 of 3
[2025-03-08T05:08:52.839+0000] {taskinstance.py:2890} INFO - Executing <Task(_PythonDecoratedOperator): add_photo_url> on 2025-03-07 00:05:00+00:00
[2025-03-08T05:08:52.902+0000] {warnings.py:112} WARNING - /home/***/.local/lib/python3.12/site-packages/***/task/task_runner/standard_task_runner.py:70: DeprecationWarning: This process (pid=154) is multi-threaded, use of fork() may lead to deadlocks in the child.
  pid = os.fork()

[2025-03-08T05:08:52.926+0000] {standard_task_runner.py:72} INFO - Started process 167 to run task
[2025-03-08T05:08:52.897+0000] {standard_task_runner.py:104} INFO - Running: ['***', 'tasks', 'run', 'FPL_raw_teams', 'add_photo_url', 'scheduled__2025-03-07T00:05:00+00:00', '--job-id', '91', '--raw', '--subdir', 'DAGS_FOLDER/01_Bronze/01_FPL_raw_teams.py', '--cfg-path', '/tmp/tmpx70a5kdi']
[2025-03-08T05:08:52.947+0000] {standard_task_runner.py:105} INFO - Job 91: Subtask add_photo_url
[2025-03-08T05:08:53.222+0000] {task_command.py:467} INFO - Running <TaskInstance: FPL_raw_teams.add_photo_url scheduled__2025-03-07T00:05:00+00:00 [running]> on host 2e71e0861922
[2025-03-08T05:08:54.123+0000] {taskinstance.py:3134} INFO - Exporting env vars: AIRFLOW_CTX_DAG_EMAIL='bobotieno99@gmail.com' AIRFLOW_CTX_DAG_OWNER='Fantasy Premier League' AIRFLOW_CTX_DAG_ID='FPL_raw_teams' AIRFLOW_CTX_TASK_ID='add_photo_url' AIRFLOW_CTX_EXECUTION_DATE='2025-03-07T00:05:00+00:00' AIRFLOW_CTX_TRY_NUMBER='1' AIRFLOW_CTX_DAG_RUN_ID='scheduled__2025-03-07T00:05:00+00:00'
[2025-03-08T05:08:54.127+0000] {taskinstance.py:732} INFO - ::endgroup::
[2025-03-08T05:08:54.140+0000] {python.py:240} INFO - Done. Returned value was:     team_id  ...                                           logo_url
0         1  ...  https://resources.premierleague.com/premierlea...
1         2  ...  https://resources.premierleague.com/premierlea...
2         3  ...  https://resources.premierleague.com/premierlea...
3         4  ...  https://resources.premierleague.com/premierlea...
4         5  ...  https://resources.premierleague.com/premierlea...
5         6  ...  https://resources.premierleague.com/premierlea...
6         7  ...  https://resources.premierleague.com/premierlea...
7         8  ...  https://resources.premierleague.com/premierlea...
8         9  ...  https://resources.premierleague.com/premierlea...
9        10  ...  https://resources.premierleague.com/premierlea...
10       11  ...  https://resources.premierleague.com/premierlea...
11       12  ...  https://upload.wikimedia.org/wikipedia/en/thum...
12       13  ...  https://resources.premierleague.com/premierlea...
13       14  ...  https://resources.premierleague.com/premierlea...
14       15  ...  https://resources.premierleague.com/premierlea...
15       16  ...  https://resources.premierleague.com/premierlea...
16       17  ...  https://resources.premierleague.com/premierlea...
17       18  ...  https://resources.premierleague.com/premierlea...
18       19  ...  https://resources.premierleague.com/premierlea...
19       20  ...  https://resources.premierleague.com/premierlea...

[20 rows x 7 columns]
[2025-03-08T05:08:54.332+0000] {taskinstance.py:341} INFO - ::group::Post task execution logs
[2025-03-08T05:08:54.334+0000] {taskinstance.py:353} INFO - Marking task as SUCCESS. dag_id=FPL_raw_teams, task_id=add_photo_url, run_id=scheduled__2025-03-07T00:05:00+00:00, execution_date=20250307T000500, start_date=20250308T050852, end_date=20250308T050854
[2025-03-08T05:08:54.506+0000] {local_task_job_runner.py:266} INFO - Task exited with return code 0
[2025-03-08T05:08:54.577+0000] {taskinstance.py:3901} INFO - 1 downstream tasks scheduled from follow-on schedule check
[2025-03-08T05:08:54.584+0000] {local_task_job_runner.py:245} INFO - ::endgroup::
