[2025-03-05T01:34:07.901+0000] {local_task_job_runner.py:123} INFO - ::group::Pre task execution logs
[2025-03-05T01:34:07.988+0000] {taskinstance.py:2614} INFO - Dependencies all met for dep_context=non-requeueable deps ti=<TaskInstance: FPL_raw_teams.create_data_frame scheduled__2025-03-04T00:00:00+00:00 [queued]>
[2025-03-05T01:34:08.040+0000] {taskinstance.py:2614} INFO - Dependencies all met for dep_context=requeueable deps ti=<TaskInstance: FPL_raw_teams.create_data_frame scheduled__2025-03-04T00:00:00+00:00 [queued]>
[2025-03-05T01:34:08.062+0000] {taskinstance.py:2867} INFO - Starting attempt 1 of 3
[2025-03-05T01:34:08.127+0000] {taskinstance.py:2890} INFO - Executing <Task(_PythonDecoratedOperator): create_data_frame> on 2025-03-04 00:00:00+00:00
[2025-03-05T01:34:08.151+0000] {warnings.py:112} WARNING - /home/***/.local/lib/python3.12/site-packages/***/task/task_runner/standard_task_runner.py:70: DeprecationWarning: This process (pid=3498) is multi-threaded, use of fork() may lead to deadlocks in the child.
  pid = os.fork()

[2025-03-05T01:34:08.182+0000] {standard_task_runner.py:72} INFO - Started process 3505 to run task
[2025-03-05T01:34:08.156+0000] {standard_task_runner.py:104} INFO - Running: ['***', 'tasks', 'run', 'FPL_raw_teams', 'create_data_frame', 'scheduled__2025-03-04T00:00:00+00:00', '--job-id', '44', '--raw', '--subdir', 'DAGS_FOLDER/01_Bronze/01_FPL_raw_teams.py', '--cfg-path', '/tmp/tmpxx9g3fa6']
[2025-03-05T01:34:08.209+0000] {standard_task_runner.py:105} INFO - Job 44: Subtask create_data_frame
[2025-03-05T01:34:08.515+0000] {task_command.py:467} INFO - Running <TaskInstance: FPL_raw_teams.create_data_frame scheduled__2025-03-04T00:00:00+00:00 [running]> on host fef6cda9c40a
[2025-03-05T01:34:10.153+0000] {taskinstance.py:3134} INFO - Exporting env vars: AIRFLOW_CTX_DAG_EMAIL='bobotieno99@gmail.com' AIRFLOW_CTX_DAG_OWNER='Fantasy Premier League' AIRFLOW_CTX_DAG_ID='FPL_raw_teams' AIRFLOW_CTX_TASK_ID='create_data_frame' AIRFLOW_CTX_EXECUTION_DATE='2025-03-04T00:00:00+00:00' AIRFLOW_CTX_TRY_NUMBER='1' AIRFLOW_CTX_DAG_RUN_ID='scheduled__2025-03-04T00:00:00+00:00'
[2025-03-05T01:34:10.155+0000] {taskinstance.py:732} INFO - ::endgroup::
[2025-03-05T01:34:10.181+0000] {01_FPL_raw_teams.py:62} INFO - ✅ DataFrame created with 20 records.
[2025-03-05T01:34:10.187+0000] {python.py:240} INFO - Done. Returned value was:     team_id  team_code       team_name team_short_name
0         1          3         Arsenal             ARS
1         2          7     Aston Villa             AVL
2         3         91     Bournemouth             BOU
3         4         94       Brentford             BRE
4         5         36        Brighton             BHA
5         6          8         Chelsea             CHE
6         7         31  Crystal Palace             CRY
7         8         11         Everton             EVE
8         9         54          Fulham             FUL
9        10         40         Ipswich             IPS
10       11         13       Leicester             LEI
11       12         14       Liverpool             LIV
12       13         43        Man City             MCI
13       14          1         Man Utd             MUN
14       15          4       Newcastle             NEW
15       16         17   Nott'm Forest             NFO
16       17         20     Southampton             SOU
17       18          6           Spurs             TOT
18       19         21        West Ham             WHU
19       20         39          Wolves             WOL
[2025-03-05T01:34:10.337+0000] {taskinstance.py:341} INFO - ::group::Post task execution logs
[2025-03-05T01:34:10.339+0000] {taskinstance.py:353} INFO - Marking task as SUCCESS. dag_id=FPL_raw_teams, task_id=create_data_frame, run_id=scheduled__2025-03-04T00:00:00+00:00, execution_date=20250304T000000, start_date=20250305T013407, end_date=20250305T013410
[2025-03-05T01:34:10.435+0000] {local_task_job_runner.py:266} INFO - Task exited with return code 0
[2025-03-05T01:34:10.475+0000] {taskinstance.py:3901} INFO - 1 downstream tasks scheduled from follow-on schedule check
[2025-03-05T01:34:10.478+0000] {local_task_job_runner.py:245} INFO - ::endgroup::
