[2025-03-07T10:00:14.742+0000] {local_task_job_runner.py:123} INFO - ::group::Pre task execution logs
[2025-03-07T10:00:14.789+0000] {taskinstance.py:2614} INFO - Dependencies all met for dep_context=non-requeueable deps ti=<TaskInstance: FPL_raw_players.add_player_image manual__2025-03-07T09:59:58.762340+00:00 [queued]>
[2025-03-07T10:00:14.818+0000] {taskinstance.py:2614} INFO - Dependencies all met for dep_context=requeueable deps ti=<TaskInstance: FPL_raw_players.add_player_image manual__2025-03-07T09:59:58.762340+00:00 [queued]>
[2025-03-07T10:00:14.819+0000] {taskinstance.py:2867} INFO - Starting attempt 1 of 3
[2025-03-07T10:00:14.853+0000] {taskinstance.py:2890} INFO - Executing <Task(_PythonDecoratedOperator): add_player_image> on 2025-03-07 09:59:58.762340+00:00
[2025-03-07T10:00:14.865+0000] {warnings.py:112} WARNING - /home/***/.local/lib/python3.12/site-packages/***/task/task_runner/standard_task_runner.py:70: DeprecationWarning: This process (pid=626) is multi-threaded, use of fork() may lead to deadlocks in the child.
  pid = os.fork()

[2025-03-07T10:00:14.869+0000] {standard_task_runner.py:72} INFO - Started process 634 to run task
[2025-03-07T10:00:14.869+0000] {standard_task_runner.py:104} INFO - Running: ['***', 'tasks', 'run', 'FPL_raw_players', 'add_player_image', 'manual__2025-03-07T09:59:58.762340+00:00', '--job-id', '27', '--raw', '--subdir', 'DAGS_FOLDER/01_Bronze/02_FPL_raw_players.py', '--cfg-path', '/tmp/tmpq4byc1w4']
[2025-03-07T10:00:14.876+0000] {standard_task_runner.py:105} INFO - Job 27: Subtask add_player_image
[2025-03-07T10:00:14.954+0000] {task_command.py:467} INFO - Running <TaskInstance: FPL_raw_players.add_player_image manual__2025-03-07T09:59:58.762340+00:00 [running]> on host 6fac9c74855d
[2025-03-07T10:00:15.297+0000] {taskinstance.py:3134} INFO - Exporting env vars: AIRFLOW_CTX_DAG_EMAIL='bobotieno99@gmail.com' AIRFLOW_CTX_DAG_OWNER='Fantasy Premier League' AIRFLOW_CTX_DAG_ID='FPL_raw_players' AIRFLOW_CTX_TASK_ID='add_player_image' AIRFLOW_CTX_EXECUTION_DATE='2025-03-07T09:59:58.762340+00:00' AIRFLOW_CTX_TRY_NUMBER='1' AIRFLOW_CTX_DAG_RUN_ID='manual__2025-03-07T09:59:58.762340+00:00'
[2025-03-07T10:00:15.299+0000] {taskinstance.py:732} INFO - ::endgroup::
[2025-03-07T10:00:15.307+0000] {02_FPL_raw_players.py:106} INFO - ✅ Player image URLs added successfully.
[2025-03-07T10:00:15.309+0000] {python.py:240} INFO - Done. Returned value was:      player_id  ...                                          photo_url
0            1  ...  https://resources.premierleague.com/premierlea...
1            2  ...  https://resources.premierleague.com/premierlea...
2            3  ...  https://resources.premierleague.com/premierlea...
3            4  ...  https://resources.premierleague.com/premierlea...
4            5  ...  https://resources.premierleague.com/premierlea...
..         ...  ...                                                ...
780        720  ...  https://resources.premierleague.com/premierlea...
781        751  ...  https://resources.premierleague.com/premierlea...
782        769  ...  https://resources.premierleague.com/premierlea...
783        770  ...  https://resources.premierleague.com/premierlea...
784        784  ...  https://resources.premierleague.com/premierlea...

[785 rows x 13 columns]
[2025-03-07T10:00:15.429+0000] {taskinstance.py:341} INFO - ::group::Post task execution logs
[2025-03-07T10:00:15.430+0000] {taskinstance.py:353} INFO - Marking task as SUCCESS. dag_id=FPL_raw_players, task_id=add_player_image, run_id=manual__2025-03-07T09:59:58.762340+00:00, execution_date=20250307T095958, start_date=20250307T100014, end_date=20250307T100015
[2025-03-07T10:00:15.489+0000] {local_task_job_runner.py:266} INFO - Task exited with return code 0
[2025-03-07T10:00:15.527+0000] {taskinstance.py:3901} INFO - 1 downstream tasks scheduled from follow-on schedule check
[2025-03-07T10:00:15.531+0000] {local_task_job_runner.py:245} INFO - ::endgroup::
