[2025-03-04T08:56:23.460+0000] {local_task_job_runner.py:123} INFO - ::group::Pre task execution logs
[2025-03-04T08:56:23.526+0000] {taskinstance.py:2614} INFO - Dependencies all met for dep_context=non-requeueable deps ti=<TaskInstance: FPL_raw_players.upload_to_postgres scheduled__2025-03-04T07:00:00+00:00 [queued]>
[2025-03-04T08:56:23.563+0000] {taskinstance.py:2614} INFO - Dependencies all met for dep_context=requeueable deps ti=<TaskInstance: FPL_raw_players.upload_to_postgres scheduled__2025-03-04T07:00:00+00:00 [queued]>
[2025-03-04T08:56:23.564+0000] {taskinstance.py:2867} INFO - Starting attempt 1 of 3
[2025-03-04T08:56:23.602+0000] {taskinstance.py:2890} INFO - Executing <Task(_PythonDecoratedOperator): upload_to_postgres> on 2025-03-04 07:00:00+00:00
[2025-03-04T08:56:23.614+0000] {warnings.py:112} WARNING - /home/***/.local/lib/python3.12/site-packages/***/task/task_runner/standard_task_runner.py:70: DeprecationWarning: This process (pid=592) is multi-threaded, use of fork() may lead to deadlocks in the child.
  pid = os.fork()

[2025-03-04T08:56:23.617+0000] {standard_task_runner.py:72} INFO - Started process 594 to run task
[2025-03-04T08:56:23.619+0000] {standard_task_runner.py:104} INFO - Running: ['***', 'tasks', 'run', 'FPL_raw_players', 'upload_to_postgres', 'scheduled__2025-03-04T07:00:00+00:00', '--job-id', '17', '--raw', '--subdir', 'DAGS_FOLDER/01_Bronze/02_FPL_raw_players.py', '--cfg-path', '/tmp/tmpi_phvkv2']
[2025-03-04T08:56:23.625+0000] {standard_task_runner.py:105} INFO - Job 17: Subtask upload_to_postgres
[2025-03-04T08:56:23.768+0000] {task_command.py:467} INFO - Running <TaskInstance: FPL_raw_players.upload_to_postgres scheduled__2025-03-04T07:00:00+00:00 [running]> on host fef6cda9c40a
[2025-03-04T08:56:24.284+0000] {taskinstance.py:3134} INFO - Exporting env vars: AIRFLOW_CTX_DAG_EMAIL='bobotieno99@gmail.com' AIRFLOW_CTX_DAG_OWNER='Fantasy Premier League' AIRFLOW_CTX_DAG_ID='FPL_raw_players' AIRFLOW_CTX_TASK_ID='upload_to_postgres' AIRFLOW_CTX_EXECUTION_DATE='2025-03-04T07:00:00+00:00' AIRFLOW_CTX_TRY_NUMBER='1' AIRFLOW_CTX_DAG_RUN_ID='scheduled__2025-03-04T07:00:00+00:00'
[2025-03-04T08:56:24.288+0000] {taskinstance.py:732} INFO - ::endgroup::
[2025-03-04T08:56:24.299+0000] {02_FPL_raw_players.py:109} INFO - ✅ Database connection established
[2025-03-04T08:56:29.946+0000] {02_FPL_raw_players.py:123} INFO - ✅ Data loaded into 'bronze.teams_info' successfully
[2025-03-04T08:56:29.948+0000] {python.py:240} INFO - Done. Returned value was: None
[2025-03-04T08:56:29.979+0000] {taskinstance.py:341} INFO - ::group::Post task execution logs
[2025-03-04T08:56:29.984+0000] {taskinstance.py:353} INFO - Marking task as SUCCESS. dag_id=FPL_raw_players, task_id=upload_to_postgres, run_id=scheduled__2025-03-04T07:00:00+00:00, execution_date=20250304T070000, start_date=20250304T085623, end_date=20250304T085629
[2025-03-04T08:56:30.095+0000] {local_task_job_runner.py:266} INFO - Task exited with return code 0
[2025-03-04T08:56:30.134+0000] {taskinstance.py:3901} INFO - 0 downstream tasks scheduled from follow-on schedule check
[2025-03-04T08:56:30.138+0000] {local_task_job_runner.py:245} INFO - ::endgroup::
