[2025-03-08T00:27:53.489+0000] {processor.py:186} INFO - Started process (PID=21180) to work on /opt/airflow/dags/01_Bronze/03_FPL_raw_game_week.py
[2025-03-08T00:27:53.494+0000] {processor.py:914} INFO - Processing file /opt/airflow/dags/01_Bronze/03_FPL_raw_game_week.py for tasks to queue
[2025-03-08T00:27:53.500+0000] {logging_mixin.py:190} INFO - [2025-03-08T00:27:53.499+0000] {dagbag.py:588} INFO - Filling up the DagBag from /opt/airflow/dags/01_Bronze/03_FPL_raw_game_week.py
[2025-03-08T00:27:55.563+0000] {processor.py:925} INFO - DAG(s) 'FPL_raw_games' retrieved from /opt/airflow/dags/01_Bronze/03_FPL_raw_game_week.py
[2025-03-08T00:27:55.644+0000] {logging_mixin.py:190} INFO - [2025-03-08T00:27:55.641+0000] {dag.py:3239} INFO - Sync 1 DAGs
[2025-03-08T00:27:55.747+0000] {logging_mixin.py:190} INFO - [2025-03-08T00:27:55.747+0000] {dag.py:4180} INFO - Setting next_dagrun for FPL_raw_games to 2025-03-08 00:05:00+00:00, run_after=2025-03-09 00:05:00+00:00
[2025-03-08T00:27:55.797+0000] {processor.py:208} INFO - Processing /opt/airflow/dags/01_Bronze/03_FPL_raw_game_week.py took 2.327 seconds
[2025-03-08T04:41:46.440+0000] {processor.py:186} INFO - Started process (PID=21200) to work on /opt/airflow/dags/01_Bronze/03_FPL_raw_game_week.py
[2025-03-08T04:41:46.460+0000] {processor.py:914} INFO - Processing file /opt/airflow/dags/01_Bronze/03_FPL_raw_game_week.py for tasks to queue
[2025-03-08T04:41:46.479+0000] {logging_mixin.py:190} INFO - [2025-03-08T04:41:46.478+0000] {dagbag.py:588} INFO - Filling up the DagBag from /opt/airflow/dags/01_Bronze/03_FPL_raw_game_week.py
[2025-03-08T04:41:53.675+0000] {processor.py:925} INFO - DAG(s) 'FPL_raw_games' retrieved from /opt/airflow/dags/01_Bronze/03_FPL_raw_game_week.py
[2025-03-08T04:41:53.788+0000] {logging_mixin.py:190} INFO - [2025-03-08T04:41:53.787+0000] {dag.py:3239} INFO - Sync 1 DAGs
[2025-03-08T04:41:53.957+0000] {logging_mixin.py:190} INFO - [2025-03-08T04:41:53.957+0000] {dag.py:4180} INFO - Setting next_dagrun for FPL_raw_games to 2025-03-08 00:05:00+00:00, run_after=2025-03-09 00:05:00+00:00
[2025-03-08T04:41:54.061+0000] {processor.py:208} INFO - Processing /opt/airflow/dags/01_Bronze/03_FPL_raw_game_week.py took 7.645 seconds
[2025-03-08T04:42:25.296+0000] {processor.py:186} INFO - Started process (PID=21215) to work on /opt/airflow/dags/01_Bronze/03_FPL_raw_game_week.py
[2025-03-08T04:42:25.314+0000] {processor.py:914} INFO - Processing file /opt/airflow/dags/01_Bronze/03_FPL_raw_game_week.py for tasks to queue
[2025-03-08T04:42:25.325+0000] {logging_mixin.py:190} INFO - [2025-03-08T04:42:25.324+0000] {dagbag.py:588} INFO - Filling up the DagBag from /opt/airflow/dags/01_Bronze/03_FPL_raw_game_week.py
[2025-03-08T04:42:27.996+0000] {processor.py:925} INFO - DAG(s) 'FPL_raw_games' retrieved from /opt/airflow/dags/01_Bronze/03_FPL_raw_game_week.py
[2025-03-08T04:42:28.071+0000] {logging_mixin.py:190} INFO - [2025-03-08T04:42:28.070+0000] {dag.py:3239} INFO - Sync 1 DAGs
[2025-03-08T04:42:28.127+0000] {logging_mixin.py:190} INFO - [2025-03-08T04:42:28.126+0000] {dag.py:4180} INFO - Setting next_dagrun for FPL_raw_games to 2025-03-08 00:05:00+00:00, run_after=2025-03-09 00:05:00+00:00
[2025-03-08T04:42:28.269+0000] {processor.py:208} INFO - Processing /opt/airflow/dags/01_Bronze/03_FPL_raw_game_week.py took 2.995 seconds
[2025-03-08T04:42:58.607+0000] {processor.py:186} INFO - Started process (PID=21237) to work on /opt/airflow/dags/01_Bronze/03_FPL_raw_game_week.py
[2025-03-08T04:42:58.608+0000] {processor.py:914} INFO - Processing file /opt/airflow/dags/01_Bronze/03_FPL_raw_game_week.py for tasks to queue
[2025-03-08T04:42:58.612+0000] {logging_mixin.py:190} INFO - [2025-03-08T04:42:58.612+0000] {dagbag.py:588} INFO - Filling up the DagBag from /opt/airflow/dags/01_Bronze/03_FPL_raw_game_week.py
[2025-03-08T04:42:59.259+0000] {processor.py:925} INFO - DAG(s) 'FPL_raw_games' retrieved from /opt/airflow/dags/01_Bronze/03_FPL_raw_game_week.py
[2025-03-08T04:42:59.286+0000] {logging_mixin.py:190} INFO - [2025-03-08T04:42:59.286+0000] {dag.py:3239} INFO - Sync 1 DAGs
[2025-03-08T04:42:59.314+0000] {logging_mixin.py:190} INFO - [2025-03-08T04:42:59.314+0000] {dag.py:4180} INFO - Setting next_dagrun for FPL_raw_games to 2025-03-08 00:05:00+00:00, run_after=2025-03-09 00:05:00+00:00
[2025-03-08T04:42:59.380+0000] {processor.py:208} INFO - Processing /opt/airflow/dags/01_Bronze/03_FPL_raw_game_week.py took 0.783 seconds
[2025-03-08T04:43:30.218+0000] {processor.py:186} INFO - Started process (PID=21253) to work on /opt/airflow/dags/01_Bronze/03_FPL_raw_game_week.py
[2025-03-08T04:43:30.220+0000] {processor.py:914} INFO - Processing file /opt/airflow/dags/01_Bronze/03_FPL_raw_game_week.py for tasks to queue
[2025-03-08T04:43:30.223+0000] {logging_mixin.py:190} INFO - [2025-03-08T04:43:30.223+0000] {dagbag.py:588} INFO - Filling up the DagBag from /opt/airflow/dags/01_Bronze/03_FPL_raw_game_week.py
[2025-03-08T04:43:30.801+0000] {processor.py:925} INFO - DAG(s) 'FPL_raw_games' retrieved from /opt/airflow/dags/01_Bronze/03_FPL_raw_game_week.py
[2025-03-08T04:43:30.826+0000] {logging_mixin.py:190} INFO - [2025-03-08T04:43:30.826+0000] {dag.py:3239} INFO - Sync 1 DAGs
[2025-03-08T04:43:30.855+0000] {logging_mixin.py:190} INFO - [2025-03-08T04:43:30.855+0000] {dag.py:4180} INFO - Setting next_dagrun for FPL_raw_games to 2025-03-08 00:05:00+00:00, run_after=2025-03-09 00:05:00+00:00
[2025-03-08T04:43:30.897+0000] {processor.py:208} INFO - Processing /opt/airflow/dags/01_Bronze/03_FPL_raw_game_week.py took 0.687 seconds
[2025-03-08T04:44:01.777+0000] {processor.py:186} INFO - Started process (PID=21268) to work on /opt/airflow/dags/01_Bronze/03_FPL_raw_game_week.py
[2025-03-08T04:44:01.779+0000] {processor.py:914} INFO - Processing file /opt/airflow/dags/01_Bronze/03_FPL_raw_game_week.py for tasks to queue
[2025-03-08T04:44:01.784+0000] {logging_mixin.py:190} INFO - [2025-03-08T04:44:01.783+0000] {dagbag.py:588} INFO - Filling up the DagBag from /opt/airflow/dags/01_Bronze/03_FPL_raw_game_week.py
[2025-03-08T04:44:02.795+0000] {processor.py:925} INFO - DAG(s) 'FPL_raw_games' retrieved from /opt/airflow/dags/01_Bronze/03_FPL_raw_game_week.py
[2025-03-08T04:44:02.829+0000] {logging_mixin.py:190} INFO - [2025-03-08T04:44:02.828+0000] {dag.py:3239} INFO - Sync 1 DAGs
[2025-03-08T04:44:02.877+0000] {logging_mixin.py:190} INFO - [2025-03-08T04:44:02.876+0000] {dag.py:4180} INFO - Setting next_dagrun for FPL_raw_games to 2025-03-08 00:05:00+00:00, run_after=2025-03-09 00:05:00+00:00
[2025-03-08T04:44:02.925+0000] {processor.py:208} INFO - Processing /opt/airflow/dags/01_Bronze/03_FPL_raw_game_week.py took 1.159 seconds
[2025-03-08T04:44:33.752+0000] {processor.py:186} INFO - Started process (PID=21284) to work on /opt/airflow/dags/01_Bronze/03_FPL_raw_game_week.py
[2025-03-08T04:44:33.784+0000] {processor.py:914} INFO - Processing file /opt/airflow/dags/01_Bronze/03_FPL_raw_game_week.py for tasks to queue
[2025-03-08T04:44:33.877+0000] {logging_mixin.py:190} INFO - [2025-03-08T04:44:33.865+0000] {dagbag.py:588} INFO - Filling up the DagBag from /opt/airflow/dags/01_Bronze/03_FPL_raw_game_week.py
[2025-03-08T04:44:36.636+0000] {processor.py:925} INFO - DAG(s) 'FPL_raw_games' retrieved from /opt/airflow/dags/01_Bronze/03_FPL_raw_game_week.py
[2025-03-08T04:44:36.761+0000] {logging_mixin.py:190} INFO - [2025-03-08T04:44:36.760+0000] {dag.py:3239} INFO - Sync 1 DAGs
[2025-03-08T04:44:36.888+0000] {logging_mixin.py:190} INFO - [2025-03-08T04:44:36.887+0000] {dag.py:4180} INFO - Setting next_dagrun for FPL_raw_games to 2025-03-08 00:05:00+00:00, run_after=2025-03-09 00:05:00+00:00
[2025-03-08T04:44:36.948+0000] {processor.py:208} INFO - Processing /opt/airflow/dags/01_Bronze/03_FPL_raw_game_week.py took 3.359 seconds
[2025-03-08T04:45:07.913+0000] {processor.py:186} INFO - Started process (PID=21299) to work on /opt/airflow/dags/01_Bronze/03_FPL_raw_game_week.py
[2025-03-08T04:45:07.915+0000] {processor.py:914} INFO - Processing file /opt/airflow/dags/01_Bronze/03_FPL_raw_game_week.py for tasks to queue
[2025-03-08T04:45:07.919+0000] {logging_mixin.py:190} INFO - [2025-03-08T04:45:07.918+0000] {dagbag.py:588} INFO - Filling up the DagBag from /opt/airflow/dags/01_Bronze/03_FPL_raw_game_week.py
[2025-03-08T04:45:09.135+0000] {processor.py:925} INFO - DAG(s) 'FPL_raw_games' retrieved from /opt/airflow/dags/01_Bronze/03_FPL_raw_game_week.py
[2025-03-08T04:45:09.200+0000] {logging_mixin.py:190} INFO - [2025-03-08T04:45:09.199+0000] {dag.py:3239} INFO - Sync 1 DAGs
[2025-03-08T04:45:09.260+0000] {logging_mixin.py:190} INFO - [2025-03-08T04:45:09.260+0000] {dag.py:4180} INFO - Setting next_dagrun for FPL_raw_games to 2025-03-08 00:05:00+00:00, run_after=2025-03-09 00:05:00+00:00
[2025-03-08T04:45:09.326+0000] {processor.py:208} INFO - Processing /opt/airflow/dags/01_Bronze/03_FPL_raw_game_week.py took 1.425 seconds
[2025-03-08T04:45:39.690+0000] {processor.py:186} INFO - Started process (PID=21314) to work on /opt/airflow/dags/01_Bronze/03_FPL_raw_game_week.py
[2025-03-08T04:45:39.691+0000] {processor.py:914} INFO - Processing file /opt/airflow/dags/01_Bronze/03_FPL_raw_game_week.py for tasks to queue
[2025-03-08T04:45:39.695+0000] {logging_mixin.py:190} INFO - [2025-03-08T04:45:39.695+0000] {dagbag.py:588} INFO - Filling up the DagBag from /opt/airflow/dags/01_Bronze/03_FPL_raw_game_week.py
[2025-03-08T04:45:40.558+0000] {processor.py:925} INFO - DAG(s) 'FPL_raw_games' retrieved from /opt/airflow/dags/01_Bronze/03_FPL_raw_game_week.py
[2025-03-08T04:45:40.592+0000] {logging_mixin.py:190} INFO - [2025-03-08T04:45:40.591+0000] {dag.py:3239} INFO - Sync 1 DAGs
[2025-03-08T04:45:40.645+0000] {logging_mixin.py:190} INFO - [2025-03-08T04:45:40.645+0000] {dag.py:4180} INFO - Setting next_dagrun for FPL_raw_games to 2025-03-08 00:05:00+00:00, run_after=2025-03-09 00:05:00+00:00
[2025-03-08T04:45:40.732+0000] {processor.py:208} INFO - Processing /opt/airflow/dags/01_Bronze/03_FPL_raw_game_week.py took 1.052 seconds
[2025-03-08T04:46:11.385+0000] {processor.py:186} INFO - Started process (PID=21329) to work on /opt/airflow/dags/01_Bronze/03_FPL_raw_game_week.py
[2025-03-08T04:46:11.387+0000] {processor.py:914} INFO - Processing file /opt/airflow/dags/01_Bronze/03_FPL_raw_game_week.py for tasks to queue
[2025-03-08T04:46:11.401+0000] {logging_mixin.py:190} INFO - [2025-03-08T04:46:11.400+0000] {dagbag.py:588} INFO - Filling up the DagBag from /opt/airflow/dags/01_Bronze/03_FPL_raw_game_week.py
[2025-03-08T04:46:13.245+0000] {processor.py:925} INFO - DAG(s) 'FPL_raw_games' retrieved from /opt/airflow/dags/01_Bronze/03_FPL_raw_game_week.py
[2025-03-08T04:46:13.328+0000] {logging_mixin.py:190} INFO - [2025-03-08T04:46:13.326+0000] {dag.py:3239} INFO - Sync 1 DAGs
[2025-03-08T04:46:13.400+0000] {logging_mixin.py:190} INFO - [2025-03-08T04:46:13.400+0000] {dag.py:4180} INFO - Setting next_dagrun for FPL_raw_games to 2025-03-08 00:05:00+00:00, run_after=2025-03-09 00:05:00+00:00
[2025-03-08T04:46:13.472+0000] {processor.py:208} INFO - Processing /opt/airflow/dags/01_Bronze/03_FPL_raw_game_week.py took 2.109 seconds
[2025-03-08T04:46:43.697+0000] {processor.py:186} INFO - Started process (PID=21344) to work on /opt/airflow/dags/01_Bronze/03_FPL_raw_game_week.py
[2025-03-08T04:46:43.699+0000] {processor.py:914} INFO - Processing file /opt/airflow/dags/01_Bronze/03_FPL_raw_game_week.py for tasks to queue
[2025-03-08T04:46:43.704+0000] {logging_mixin.py:190} INFO - [2025-03-08T04:46:43.703+0000] {dagbag.py:588} INFO - Filling up the DagBag from /opt/airflow/dags/01_Bronze/03_FPL_raw_game_week.py
[2025-03-08T04:46:44.457+0000] {processor.py:925} INFO - DAG(s) 'FPL_raw_games' retrieved from /opt/airflow/dags/01_Bronze/03_FPL_raw_game_week.py
[2025-03-08T04:46:44.486+0000] {logging_mixin.py:190} INFO - [2025-03-08T04:46:44.485+0000] {dag.py:3239} INFO - Sync 1 DAGs
[2025-03-08T04:46:44.515+0000] {logging_mixin.py:190} INFO - [2025-03-08T04:46:44.515+0000] {dag.py:4180} INFO - Setting next_dagrun for FPL_raw_games to 2025-03-08 00:05:00+00:00, run_after=2025-03-09 00:05:00+00:00
[2025-03-08T04:46:44.572+0000] {processor.py:208} INFO - Processing /opt/airflow/dags/01_Bronze/03_FPL_raw_game_week.py took 0.887 seconds
[2025-03-08T04:47:15.187+0000] {processor.py:186} INFO - Started process (PID=21359) to work on /opt/airflow/dags/01_Bronze/03_FPL_raw_game_week.py
[2025-03-08T04:47:15.189+0000] {processor.py:914} INFO - Processing file /opt/airflow/dags/01_Bronze/03_FPL_raw_game_week.py for tasks to queue
[2025-03-08T04:47:15.194+0000] {logging_mixin.py:190} INFO - [2025-03-08T04:47:15.193+0000] {dagbag.py:588} INFO - Filling up the DagBag from /opt/airflow/dags/01_Bronze/03_FPL_raw_game_week.py
[2025-03-08T04:47:16.090+0000] {processor.py:925} INFO - DAG(s) 'FPL_raw_games' retrieved from /opt/airflow/dags/01_Bronze/03_FPL_raw_game_week.py
[2025-03-08T04:47:16.125+0000] {logging_mixin.py:190} INFO - [2025-03-08T04:47:16.124+0000] {dag.py:3239} INFO - Sync 1 DAGs
[2025-03-08T04:47:16.190+0000] {logging_mixin.py:190} INFO - [2025-03-08T04:47:16.190+0000] {dag.py:4180} INFO - Setting next_dagrun for FPL_raw_games to 2025-03-08 00:05:00+00:00, run_after=2025-03-09 00:05:00+00:00
[2025-03-08T04:47:16.233+0000] {processor.py:208} INFO - Processing /opt/airflow/dags/01_Bronze/03_FPL_raw_game_week.py took 1.062 seconds
[2025-03-08T04:47:47.111+0000] {processor.py:186} INFO - Started process (PID=21374) to work on /opt/airflow/dags/01_Bronze/03_FPL_raw_game_week.py
[2025-03-08T04:47:47.113+0000] {processor.py:914} INFO - Processing file /opt/airflow/dags/01_Bronze/03_FPL_raw_game_week.py for tasks to queue
[2025-03-08T04:47:47.117+0000] {logging_mixin.py:190} INFO - [2025-03-08T04:47:47.117+0000] {dagbag.py:588} INFO - Filling up the DagBag from /opt/airflow/dags/01_Bronze/03_FPL_raw_game_week.py
[2025-03-08T04:47:47.802+0000] {processor.py:925} INFO - DAG(s) 'FPL_raw_games' retrieved from /opt/airflow/dags/01_Bronze/03_FPL_raw_game_week.py
[2025-03-08T04:47:47.831+0000] {logging_mixin.py:190} INFO - [2025-03-08T04:47:47.830+0000] {dag.py:3239} INFO - Sync 1 DAGs
[2025-03-08T04:47:47.864+0000] {logging_mixin.py:190} INFO - [2025-03-08T04:47:47.863+0000] {dag.py:4180} INFO - Setting next_dagrun for FPL_raw_games to 2025-03-08 00:05:00+00:00, run_after=2025-03-09 00:05:00+00:00
[2025-03-08T04:47:47.901+0000] {processor.py:208} INFO - Processing /opt/airflow/dags/01_Bronze/03_FPL_raw_game_week.py took 0.798 seconds
[2025-03-08T04:48:18.030+0000] {processor.py:186} INFO - Started process (PID=21389) to work on /opt/airflow/dags/01_Bronze/03_FPL_raw_game_week.py
[2025-03-08T04:48:18.032+0000] {processor.py:914} INFO - Processing file /opt/airflow/dags/01_Bronze/03_FPL_raw_game_week.py for tasks to queue
[2025-03-08T04:48:18.035+0000] {logging_mixin.py:190} INFO - [2025-03-08T04:48:18.034+0000] {dagbag.py:588} INFO - Filling up the DagBag from /opt/airflow/dags/01_Bronze/03_FPL_raw_game_week.py
[2025-03-08T04:48:18.756+0000] {processor.py:925} INFO - DAG(s) 'FPL_raw_games' retrieved from /opt/airflow/dags/01_Bronze/03_FPL_raw_game_week.py
[2025-03-08T04:48:18.782+0000] {logging_mixin.py:190} INFO - [2025-03-08T04:48:18.781+0000] {dag.py:3239} INFO - Sync 1 DAGs
[2025-03-08T04:48:18.811+0000] {logging_mixin.py:190} INFO - [2025-03-08T04:48:18.810+0000] {dag.py:4180} INFO - Setting next_dagrun for FPL_raw_games to 2025-03-08 00:05:00+00:00, run_after=2025-03-09 00:05:00+00:00
[2025-03-08T04:48:18.888+0000] {processor.py:208} INFO - Processing /opt/airflow/dags/01_Bronze/03_FPL_raw_game_week.py took 0.865 seconds
[2025-03-08T04:48:49.431+0000] {processor.py:186} INFO - Started process (PID=21404) to work on /opt/airflow/dags/01_Bronze/03_FPL_raw_game_week.py
[2025-03-08T04:48:49.433+0000] {processor.py:914} INFO - Processing file /opt/airflow/dags/01_Bronze/03_FPL_raw_game_week.py for tasks to queue
[2025-03-08T04:48:49.441+0000] {logging_mixin.py:190} INFO - [2025-03-08T04:48:49.441+0000] {dagbag.py:588} INFO - Filling up the DagBag from /opt/airflow/dags/01_Bronze/03_FPL_raw_game_week.py
[2025-03-08T04:48:51.469+0000] {processor.py:925} INFO - DAG(s) 'FPL_raw_games' retrieved from /opt/airflow/dags/01_Bronze/03_FPL_raw_game_week.py
[2025-03-08T04:48:51.585+0000] {logging_mixin.py:190} INFO - [2025-03-08T04:48:51.584+0000] {dag.py:3239} INFO - Sync 1 DAGs
[2025-03-08T04:48:51.955+0000] {logging_mixin.py:190} INFO - [2025-03-08T04:48:51.928+0000] {dag.py:4180} INFO - Setting next_dagrun for FPL_raw_games to 2025-03-08 00:05:00+00:00, run_after=2025-03-09 00:05:00+00:00
[2025-03-08T04:48:52.102+0000] {processor.py:208} INFO - Processing /opt/airflow/dags/01_Bronze/03_FPL_raw_game_week.py took 2.685 seconds
[2025-03-08T04:49:22.585+0000] {processor.py:186} INFO - Started process (PID=21419) to work on /opt/airflow/dags/01_Bronze/03_FPL_raw_game_week.py
[2025-03-08T04:49:22.587+0000] {processor.py:914} INFO - Processing file /opt/airflow/dags/01_Bronze/03_FPL_raw_game_week.py for tasks to queue
[2025-03-08T04:49:22.594+0000] {logging_mixin.py:190} INFO - [2025-03-08T04:49:22.593+0000] {dagbag.py:588} INFO - Filling up the DagBag from /opt/airflow/dags/01_Bronze/03_FPL_raw_game_week.py
[2025-03-08T04:49:23.516+0000] {processor.py:925} INFO - DAG(s) 'FPL_raw_games' retrieved from /opt/airflow/dags/01_Bronze/03_FPL_raw_game_week.py
[2025-03-08T04:49:23.550+0000] {logging_mixin.py:190} INFO - [2025-03-08T04:49:23.550+0000] {dag.py:3239} INFO - Sync 1 DAGs
[2025-03-08T04:49:23.597+0000] {logging_mixin.py:190} INFO - [2025-03-08T04:49:23.596+0000] {dag.py:4180} INFO - Setting next_dagrun for FPL_raw_games to 2025-03-08 00:05:00+00:00, run_after=2025-03-09 00:05:00+00:00
[2025-03-08T04:49:23.636+0000] {processor.py:208} INFO - Processing /opt/airflow/dags/01_Bronze/03_FPL_raw_game_week.py took 1.068 seconds
[2025-03-08T04:49:54.614+0000] {processor.py:186} INFO - Started process (PID=21435) to work on /opt/airflow/dags/01_Bronze/03_FPL_raw_game_week.py
[2025-03-08T04:49:54.616+0000] {processor.py:914} INFO - Processing file /opt/airflow/dags/01_Bronze/03_FPL_raw_game_week.py for tasks to queue
[2025-03-08T04:49:54.626+0000] {logging_mixin.py:190} INFO - [2025-03-08T04:49:54.625+0000] {dagbag.py:588} INFO - Filling up the DagBag from /opt/airflow/dags/01_Bronze/03_FPL_raw_game_week.py
[2025-03-08T04:49:55.715+0000] {processor.py:925} INFO - DAG(s) 'FPL_raw_games' retrieved from /opt/airflow/dags/01_Bronze/03_FPL_raw_game_week.py
[2025-03-08T04:49:55.808+0000] {logging_mixin.py:190} INFO - [2025-03-08T04:49:55.808+0000] {dag.py:3239} INFO - Sync 1 DAGs
[2025-03-08T04:49:55.875+0000] {logging_mixin.py:190} INFO - [2025-03-08T04:49:55.874+0000] {dag.py:4180} INFO - Setting next_dagrun for FPL_raw_games to 2025-03-08 00:05:00+00:00, run_after=2025-03-09 00:05:00+00:00
[2025-03-08T04:49:55.946+0000] {processor.py:208} INFO - Processing /opt/airflow/dags/01_Bronze/03_FPL_raw_game_week.py took 1.348 seconds
[2025-03-08T04:50:26.861+0000] {processor.py:186} INFO - Started process (PID=21450) to work on /opt/airflow/dags/01_Bronze/03_FPL_raw_game_week.py
[2025-03-08T04:50:26.863+0000] {processor.py:914} INFO - Processing file /opt/airflow/dags/01_Bronze/03_FPL_raw_game_week.py for tasks to queue
[2025-03-08T04:50:26.946+0000] {logging_mixin.py:190} INFO - [2025-03-08T04:50:26.945+0000] {dagbag.py:588} INFO - Filling up the DagBag from /opt/airflow/dags/01_Bronze/03_FPL_raw_game_week.py
[2025-03-08T04:50:29.671+0000] {processor.py:925} INFO - DAG(s) 'FPL_raw_games' retrieved from /opt/airflow/dags/01_Bronze/03_FPL_raw_game_week.py
[2025-03-08T04:50:29.771+0000] {logging_mixin.py:190} INFO - [2025-03-08T04:50:29.768+0000] {dag.py:3239} INFO - Sync 1 DAGs
[2025-03-08T04:50:29.863+0000] {logging_mixin.py:190} INFO - [2025-03-08T04:50:29.862+0000] {dag.py:4180} INFO - Setting next_dagrun for FPL_raw_games to 2025-03-08 00:05:00+00:00, run_after=2025-03-09 00:05:00+00:00
[2025-03-08T04:50:29.947+0000] {processor.py:208} INFO - Processing /opt/airflow/dags/01_Bronze/03_FPL_raw_game_week.py took 3.121 seconds
[2025-03-08T04:51:00.576+0000] {processor.py:186} INFO - Started process (PID=21473) to work on /opt/airflow/dags/01_Bronze/03_FPL_raw_game_week.py
[2025-03-08T04:51:00.579+0000] {processor.py:914} INFO - Processing file /opt/airflow/dags/01_Bronze/03_FPL_raw_game_week.py for tasks to queue
[2025-03-08T04:51:00.585+0000] {logging_mixin.py:190} INFO - [2025-03-08T04:51:00.584+0000] {dagbag.py:588} INFO - Filling up the DagBag from /opt/airflow/dags/01_Bronze/03_FPL_raw_game_week.py
[2025-03-08T04:51:01.409+0000] {processor.py:925} INFO - DAG(s) 'FPL_raw_games' retrieved from /opt/airflow/dags/01_Bronze/03_FPL_raw_game_week.py
[2025-03-08T04:51:01.442+0000] {logging_mixin.py:190} INFO - [2025-03-08T04:51:01.442+0000] {dag.py:3239} INFO - Sync 1 DAGs
[2025-03-08T04:51:01.478+0000] {logging_mixin.py:190} INFO - [2025-03-08T04:51:01.478+0000] {dag.py:4180} INFO - Setting next_dagrun for FPL_raw_games to 2025-03-08 00:05:00+00:00, run_after=2025-03-09 00:05:00+00:00
[2025-03-08T04:51:01.511+0000] {processor.py:208} INFO - Processing /opt/airflow/dags/01_Bronze/03_FPL_raw_game_week.py took 0.947 seconds
[2025-03-08T04:51:31.975+0000] {processor.py:186} INFO - Started process (PID=21488) to work on /opt/airflow/dags/01_Bronze/03_FPL_raw_game_week.py
[2025-03-08T04:51:31.977+0000] {processor.py:914} INFO - Processing file /opt/airflow/dags/01_Bronze/03_FPL_raw_game_week.py for tasks to queue
[2025-03-08T04:51:31.980+0000] {logging_mixin.py:190} INFO - [2025-03-08T04:51:31.980+0000] {dagbag.py:588} INFO - Filling up the DagBag from /opt/airflow/dags/01_Bronze/03_FPL_raw_game_week.py
[2025-03-08T04:51:32.621+0000] {processor.py:925} INFO - DAG(s) 'FPL_raw_games' retrieved from /opt/airflow/dags/01_Bronze/03_FPL_raw_game_week.py
[2025-03-08T04:51:32.649+0000] {logging_mixin.py:190} INFO - [2025-03-08T04:51:32.648+0000] {dag.py:3239} INFO - Sync 1 DAGs
[2025-03-08T04:51:32.676+0000] {logging_mixin.py:190} INFO - [2025-03-08T04:51:32.676+0000] {dag.py:4180} INFO - Setting next_dagrun for FPL_raw_games to 2025-03-08 00:05:00+00:00, run_after=2025-03-09 00:05:00+00:00
[2025-03-08T04:51:32.757+0000] {processor.py:208} INFO - Processing /opt/airflow/dags/01_Bronze/03_FPL_raw_game_week.py took 0.794 seconds
[2025-03-08T04:52:03.110+0000] {processor.py:186} INFO - Started process (PID=21504) to work on /opt/airflow/dags/01_Bronze/03_FPL_raw_game_week.py
[2025-03-08T04:52:03.118+0000] {processor.py:914} INFO - Processing file /opt/airflow/dags/01_Bronze/03_FPL_raw_game_week.py for tasks to queue
[2025-03-08T04:52:03.134+0000] {logging_mixin.py:190} INFO - [2025-03-08T04:52:03.132+0000] {dagbag.py:588} INFO - Filling up the DagBag from /opt/airflow/dags/01_Bronze/03_FPL_raw_game_week.py
[2025-03-08T04:52:04.008+0000] {processor.py:925} INFO - DAG(s) 'FPL_raw_games' retrieved from /opt/airflow/dags/01_Bronze/03_FPL_raw_game_week.py
[2025-03-08T04:52:04.039+0000] {logging_mixin.py:190} INFO - [2025-03-08T04:52:04.039+0000] {dag.py:3239} INFO - Sync 1 DAGs
[2025-03-08T04:52:04.074+0000] {logging_mixin.py:190} INFO - [2025-03-08T04:52:04.073+0000] {dag.py:4180} INFO - Setting next_dagrun for FPL_raw_games to 2025-03-08 00:05:00+00:00, run_after=2025-03-09 00:05:00+00:00
[2025-03-08T04:52:04.103+0000] {processor.py:208} INFO - Processing /opt/airflow/dags/01_Bronze/03_FPL_raw_game_week.py took 1.037 seconds
[2025-03-08T04:52:34.420+0000] {processor.py:186} INFO - Started process (PID=21517) to work on /opt/airflow/dags/01_Bronze/03_FPL_raw_game_week.py
[2025-03-08T04:52:34.421+0000] {processor.py:914} INFO - Processing file /opt/airflow/dags/01_Bronze/03_FPL_raw_game_week.py for tasks to queue
[2025-03-08T04:52:34.425+0000] {logging_mixin.py:190} INFO - [2025-03-08T04:52:34.424+0000] {dagbag.py:588} INFO - Filling up the DagBag from /opt/airflow/dags/01_Bronze/03_FPL_raw_game_week.py
[2025-03-08T04:52:35.158+0000] {processor.py:925} INFO - DAG(s) 'FPL_raw_games' retrieved from /opt/airflow/dags/01_Bronze/03_FPL_raw_game_week.py
[2025-03-08T04:52:35.208+0000] {logging_mixin.py:190} INFO - [2025-03-08T04:52:35.208+0000] {dag.py:3239} INFO - Sync 1 DAGs
[2025-03-08T04:52:35.261+0000] {logging_mixin.py:190} INFO - [2025-03-08T04:52:35.260+0000] {dag.py:4180} INFO - Setting next_dagrun for FPL_raw_games to 2025-03-08 00:05:00+00:00, run_after=2025-03-09 00:05:00+00:00
[2025-03-08T04:52:35.334+0000] {processor.py:208} INFO - Processing /opt/airflow/dags/01_Bronze/03_FPL_raw_game_week.py took 0.935 seconds
[2025-03-08T04:53:05.884+0000] {processor.py:186} INFO - Started process (PID=21532) to work on /opt/airflow/dags/01_Bronze/03_FPL_raw_game_week.py
[2025-03-08T04:53:05.886+0000] {processor.py:914} INFO - Processing file /opt/airflow/dags/01_Bronze/03_FPL_raw_game_week.py for tasks to queue
[2025-03-08T04:53:05.890+0000] {logging_mixin.py:190} INFO - [2025-03-08T04:53:05.889+0000] {dagbag.py:588} INFO - Filling up the DagBag from /opt/airflow/dags/01_Bronze/03_FPL_raw_game_week.py
[2025-03-08T04:53:06.723+0000] {processor.py:925} INFO - DAG(s) 'FPL_raw_games' retrieved from /opt/airflow/dags/01_Bronze/03_FPL_raw_game_week.py
[2025-03-08T04:53:06.773+0000] {logging_mixin.py:190} INFO - [2025-03-08T04:53:06.773+0000] {dag.py:3239} INFO - Sync 1 DAGs
[2025-03-08T04:53:06.844+0000] {logging_mixin.py:190} INFO - [2025-03-08T04:53:06.843+0000] {dag.py:4180} INFO - Setting next_dagrun for FPL_raw_games to 2025-03-08 00:05:00+00:00, run_after=2025-03-09 00:05:00+00:00
[2025-03-08T04:53:06.914+0000] {processor.py:208} INFO - Processing /opt/airflow/dags/01_Bronze/03_FPL_raw_game_week.py took 1.046 seconds
[2025-03-08T05:05:58.093+0000] {processor.py:186} INFO - Started process (PID=93) to work on /opt/airflow/dags/01_Bronze/03_FPL_raw_game_week.py
[2025-03-08T05:05:58.099+0000] {processor.py:914} INFO - Processing file /opt/airflow/dags/01_Bronze/03_FPL_raw_game_week.py for tasks to queue
[2025-03-08T05:05:58.108+0000] {logging_mixin.py:190} INFO - [2025-03-08T05:05:58.107+0000] {dagbag.py:588} INFO - Filling up the DagBag from /opt/airflow/dags/01_Bronze/03_FPL_raw_game_week.py
[2025-03-08T05:06:00.635+0000] {processor.py:925} INFO - DAG(s) 'FPL_raw_games' retrieved from /opt/airflow/dags/01_Bronze/03_FPL_raw_game_week.py
[2025-03-08T05:06:00.724+0000] {logging_mixin.py:190} INFO - [2025-03-08T05:06:00.723+0000] {taskinstance.py:3315} ERROR - {'DAG Id': 'FPL_raw_games', 'Task Id': 'pull_data_from_api', 'Run Id': 'manual__2025-03-08T04:44:24.133383+00:00', 'Hostname': '6fac9c74855d', 'External Executor Id': '42cb261f-e407-465f-ab1c-75ecac63273e'}
[2025-03-08T05:06:00.863+0000] {logging_mixin.py:190} INFO - [2025-03-08T05:06:00.863+0000] {taskinstance.py:1226} INFO - Marking task as UP_FOR_RETRY. dag_id=FPL_raw_games, task_id=pull_data_from_api, run_id=manual__2025-03-08T04:44:24.133383+00:00, execution_date=20250308T044424, start_date=20250308T044426, end_date=20250308T050600
[2025-03-08T05:06:01.044+0000] {logging_mixin.py:190} WARNING - /home/airflow/.local/lib/python3.12/site-packages/airflow/utils/email.py:155 RemovedInAirflow3Warning: Fetching SMTP credentials from configuration variables will be deprecated in a future release. Please set credentials using a connection instead.
[2025-03-08T05:06:01.062+0000] {logging_mixin.py:190} INFO - [2025-03-08T05:06:01.062+0000] {configuration.py:1074} WARNING - section/key [smtp/smtp_user] not found in config
[2025-03-08T05:06:01.071+0000] {logging_mixin.py:190} INFO - [2025-03-08T05:06:01.070+0000] {email.py:272} INFO - Email alerting: attempt 1
[2025-03-08T05:06:01.090+0000] {logging_mixin.py:190} INFO - [2025-03-08T05:06:01.090+0000] {configuration.py:1074} WARNING - section/key [smtp/smtp_user] not found in config
[2025-03-08T05:06:01.103+0000] {logging_mixin.py:190} INFO - [2025-03-08T05:06:01.102+0000] {email.py:272} INFO - Email alerting: attempt 1
[2025-03-08T05:06:01.120+0000] {logging_mixin.py:190} INFO - [2025-03-08T05:06:01.113+0000] {taskinstance.py:1235} ERROR - Failed to send email to: ['bobotieno99@gmail.com']
Traceback (most recent call last):
  File "/home/airflow/.local/lib/python3.12/site-packages/airflow/models/taskinstance.py", line 1443, in _email_alert
    send_email(task.email, subject, html_content)
  File "/home/airflow/.local/lib/python3.12/site-packages/airflow/utils/email.py", line 80, in send_email
    return backend(
           ^^^^^^^^
  File "/home/airflow/.local/lib/python3.12/site-packages/airflow/utils/email.py", line 155, in send_email_smtp
    send_mime_email(e_from=mail_from, e_to=recipients, mime_msg=msg, conn_id=conn_id, dryrun=dryrun)
  File "/home/airflow/.local/lib/python3.12/site-packages/airflow/utils/email.py", line 274, in send_mime_email
    smtp_conn = _get_smtp_connection(smtp_host, smtp_port, smtp_timeout, smtp_ssl)
                ^^^^^^^^^^^^^^^^^^^^^^^^^^^^^^^^^^^^^^^^^^^^^^^^^^^^^^^^^^^^^^^^^^
  File "/home/airflow/.local/lib/python3.12/site-packages/airflow/utils/email.py", line 318, in _get_smtp_connection
    return smtplib.SMTP(host=host, port=port, timeout=timeout)
           ^^^^^^^^^^^^^^^^^^^^^^^^^^^^^^^^^^^^^^^^^^^^^^^^^^^
  File "/usr/local/lib/python3.12/smtplib.py", line 255, in __init__
    (code, msg) = self.connect(host, port)
                  ^^^^^^^^^^^^^^^^^^^^^^^^
  File "/usr/local/lib/python3.12/smtplib.py", line 341, in connect
    self.sock = self._get_socket(host, port, self.timeout)
                ^^^^^^^^^^^^^^^^^^^^^^^^^^^^^^^^^^^^^^^^^^
  File "/usr/local/lib/python3.12/smtplib.py", line 312, in _get_socket
    return socket.create_connection((host, port), timeout,
           ^^^^^^^^^^^^^^^^^^^^^^^^^^^^^^^^^^^^^^^^^^^^^^^
  File "/usr/local/lib/python3.12/socket.py", line 865, in create_connection
    raise exceptions[0]
  File "/usr/local/lib/python3.12/socket.py", line 850, in create_connection
    sock.connect(sa)
ConnectionRefusedError: [Errno 111] Connection refused

During handling of the above exception, another exception occurred:

Traceback (most recent call last):
  File "/home/airflow/.local/lib/python3.12/site-packages/airflow/models/taskinstance.py", line 1233, in _handle_failure
    task_instance.email_alert(error, failure_context["task"])
  File "/home/airflow/.local/lib/python3.12/site-packages/airflow/models/taskinstance.py", line 3611, in email_alert
    _email_alert(task_instance=self, exception=exception, task=task)
  File "/home/airflow/.local/lib/python3.12/site-packages/airflow/models/taskinstance.py", line 1445, in _email_alert
    send_email(task.email, subject, html_content_err)
  File "/home/airflow/.local/lib/python3.12/site-packages/airflow/utils/email.py", line 80, in send_email
    return backend(
           ^^^^^^^^
  File "/home/airflow/.local/lib/python3.12/site-packages/airflow/utils/email.py", line 155, in send_email_smtp
    send_mime_email(e_from=mail_from, e_to=recipients, mime_msg=msg, conn_id=conn_id, dryrun=dryrun)
  File "/home/airflow/.local/lib/python3.12/site-packages/airflow/utils/email.py", line 274, in send_mime_email
    smtp_conn = _get_smtp_connection(smtp_host, smtp_port, smtp_timeout, smtp_ssl)
                ^^^^^^^^^^^^^^^^^^^^^^^^^^^^^^^^^^^^^^^^^^^^^^^^^^^^^^^^^^^^^^^^^^
  File "/home/airflow/.local/lib/python3.12/site-packages/airflow/utils/email.py", line 318, in _get_smtp_connection
    return smtplib.SMTP(host=host, port=port, timeout=timeout)
           ^^^^^^^^^^^^^^^^^^^^^^^^^^^^^^^^^^^^^^^^^^^^^^^^^^^
  File "/usr/local/lib/python3.12/smtplib.py", line 255, in __init__
    (code, msg) = self.connect(host, port)
                  ^^^^^^^^^^^^^^^^^^^^^^^^
  File "/usr/local/lib/python3.12/smtplib.py", line 341, in connect
    self.sock = self._get_socket(host, port, self.timeout)
                ^^^^^^^^^^^^^^^^^^^^^^^^^^^^^^^^^^^^^^^^^^
  File "/usr/local/lib/python3.12/smtplib.py", line 312, in _get_socket
    return socket.create_connection((host, port), timeout,
           ^^^^^^^^^^^^^^^^^^^^^^^^^^^^^^^^^^^^^^^^^^^^^^^
  File "/usr/local/lib/python3.12/socket.py", line 865, in create_connection
    raise exceptions[0]
  File "/usr/local/lib/python3.12/socket.py", line 850, in create_connection
    sock.connect(sa)
ConnectionRefusedError: [Errno 111] Connection refused
[2025-03-08T05:06:01.235+0000] {logging_mixin.py:190} INFO - [2025-03-08T05:06:01.234+0000] {processor.py:876} INFO - Executed callback for <TaskInstance: FPL_raw_games.pull_data_from_api manual__2025-03-08T04:44:24.133383+00:00 [up_for_retry]> in state up_for_retry
[2025-03-08T05:06:01.381+0000] {logging_mixin.py:190} INFO - [2025-03-08T05:06:01.380+0000] {dag.py:3239} INFO - Sync 1 DAGs
[2025-03-08T05:06:01.524+0000] {logging_mixin.py:190} INFO - [2025-03-08T05:06:01.523+0000] {dag.py:4180} INFO - Setting next_dagrun for FPL_raw_games to 2025-03-08 00:05:00+00:00, run_after=2025-03-09 00:05:00+00:00
[2025-03-08T05:06:01.661+0000] {processor.py:208} INFO - Processing /opt/airflow/dags/01_Bronze/03_FPL_raw_game_week.py took 3.593 seconds
[2025-03-08T05:06:02.195+0000] {processor.py:186} INFO - Started process (PID=96) to work on /opt/airflow/dags/01_Bronze/03_FPL_raw_game_week.py
[2025-03-08T05:06:02.222+0000] {processor.py:914} INFO - Processing file /opt/airflow/dags/01_Bronze/03_FPL_raw_game_week.py for tasks to queue
[2025-03-08T05:06:02.229+0000] {logging_mixin.py:190} INFO - [2025-03-08T05:06:02.228+0000] {dagbag.py:588} INFO - Filling up the DagBag from /opt/airflow/dags/01_Bronze/03_FPL_raw_game_week.py
[2025-03-08T05:06:05.584+0000] {processor.py:925} INFO - DAG(s) 'FPL_raw_games' retrieved from /opt/airflow/dags/01_Bronze/03_FPL_raw_game_week.py
[2025-03-08T05:06:05.680+0000] {logging_mixin.py:190} INFO - [2025-03-08T05:06:05.679+0000] {taskinstance.py:3315} ERROR - {'DAG Id': 'FPL_raw_games', 'Task Id': 'pull_data_from_api', 'Run Id': 'manual__2025-03-08T04:44:24.133383+00:00', 'Hostname': '6fac9c74855d', 'External Executor Id': '42cb261f-e407-465f-ab1c-75ecac63273e'}
[2025-03-08T05:06:05.840+0000] {logging_mixin.py:190} INFO - [2025-03-08T05:06:05.840+0000] {taskinstance.py:1226} INFO - Marking task as UP_FOR_RETRY. dag_id=FPL_raw_games, task_id=pull_data_from_api, run_id=manual__2025-03-08T04:44:24.133383+00:00, execution_date=20250308T044424, start_date=20250308T044426, end_date=20250308T050605
[2025-03-08T05:06:05.954+0000] {logging_mixin.py:190} WARNING - /home/airflow/.local/lib/python3.12/site-packages/airflow/utils/email.py:155 RemovedInAirflow3Warning: Fetching SMTP credentials from configuration variables will be deprecated in a future release. Please set credentials using a connection instead.
[2025-03-08T05:06:06.036+0000] {logging_mixin.py:190} INFO - [2025-03-08T05:06:06.035+0000] {configuration.py:1074} WARNING - section/key [smtp/smtp_user] not found in config
[2025-03-08T05:06:06.040+0000] {logging_mixin.py:190} INFO - [2025-03-08T05:06:06.040+0000] {email.py:272} INFO - Email alerting: attempt 1
[2025-03-08T05:06:06.051+0000] {logging_mixin.py:190} INFO - [2025-03-08T05:06:06.050+0000] {configuration.py:1074} WARNING - section/key [smtp/smtp_user] not found in config
[2025-03-08T05:06:06.054+0000] {logging_mixin.py:190} INFO - [2025-03-08T05:06:06.054+0000] {email.py:272} INFO - Email alerting: attempt 1
[2025-03-08T05:06:06.078+0000] {logging_mixin.py:190} INFO - [2025-03-08T05:06:06.064+0000] {taskinstance.py:1235} ERROR - Failed to send email to: ['bobotieno99@gmail.com']
Traceback (most recent call last):
  File "/home/airflow/.local/lib/python3.12/site-packages/airflow/models/taskinstance.py", line 1443, in _email_alert
    send_email(task.email, subject, html_content)
  File "/home/airflow/.local/lib/python3.12/site-packages/airflow/utils/email.py", line 80, in send_email
    return backend(
           ^^^^^^^^
  File "/home/airflow/.local/lib/python3.12/site-packages/airflow/utils/email.py", line 155, in send_email_smtp
    send_mime_email(e_from=mail_from, e_to=recipients, mime_msg=msg, conn_id=conn_id, dryrun=dryrun)
  File "/home/airflow/.local/lib/python3.12/site-packages/airflow/utils/email.py", line 274, in send_mime_email
    smtp_conn = _get_smtp_connection(smtp_host, smtp_port, smtp_timeout, smtp_ssl)
                ^^^^^^^^^^^^^^^^^^^^^^^^^^^^^^^^^^^^^^^^^^^^^^^^^^^^^^^^^^^^^^^^^^
  File "/home/airflow/.local/lib/python3.12/site-packages/airflow/utils/email.py", line 318, in _get_smtp_connection
    return smtplib.SMTP(host=host, port=port, timeout=timeout)
           ^^^^^^^^^^^^^^^^^^^^^^^^^^^^^^^^^^^^^^^^^^^^^^^^^^^
  File "/usr/local/lib/python3.12/smtplib.py", line 255, in __init__
    (code, msg) = self.connect(host, port)
                  ^^^^^^^^^^^^^^^^^^^^^^^^
  File "/usr/local/lib/python3.12/smtplib.py", line 341, in connect
    self.sock = self._get_socket(host, port, self.timeout)
                ^^^^^^^^^^^^^^^^^^^^^^^^^^^^^^^^^^^^^^^^^^
  File "/usr/local/lib/python3.12/smtplib.py", line 312, in _get_socket
    return socket.create_connection((host, port), timeout,
           ^^^^^^^^^^^^^^^^^^^^^^^^^^^^^^^^^^^^^^^^^^^^^^^
  File "/usr/local/lib/python3.12/socket.py", line 865, in create_connection
    raise exceptions[0]
  File "/usr/local/lib/python3.12/socket.py", line 850, in create_connection
    sock.connect(sa)
ConnectionRefusedError: [Errno 111] Connection refused

During handling of the above exception, another exception occurred:

Traceback (most recent call last):
  File "/home/airflow/.local/lib/python3.12/site-packages/airflow/models/taskinstance.py", line 1233, in _handle_failure
    task_instance.email_alert(error, failure_context["task"])
  File "/home/airflow/.local/lib/python3.12/site-packages/airflow/models/taskinstance.py", line 3611, in email_alert
    _email_alert(task_instance=self, exception=exception, task=task)
  File "/home/airflow/.local/lib/python3.12/site-packages/airflow/models/taskinstance.py", line 1445, in _email_alert
    send_email(task.email, subject, html_content_err)
  File "/home/airflow/.local/lib/python3.12/site-packages/airflow/utils/email.py", line 80, in send_email
    return backend(
           ^^^^^^^^
  File "/home/airflow/.local/lib/python3.12/site-packages/airflow/utils/email.py", line 155, in send_email_smtp
    send_mime_email(e_from=mail_from, e_to=recipients, mime_msg=msg, conn_id=conn_id, dryrun=dryrun)
  File "/home/airflow/.local/lib/python3.12/site-packages/airflow/utils/email.py", line 274, in send_mime_email
    smtp_conn = _get_smtp_connection(smtp_host, smtp_port, smtp_timeout, smtp_ssl)
                ^^^^^^^^^^^^^^^^^^^^^^^^^^^^^^^^^^^^^^^^^^^^^^^^^^^^^^^^^^^^^^^^^^
  File "/home/airflow/.local/lib/python3.12/site-packages/airflow/utils/email.py", line 318, in _get_smtp_connection
    return smtplib.SMTP(host=host, port=port, timeout=timeout)
           ^^^^^^^^^^^^^^^^^^^^^^^^^^^^^^^^^^^^^^^^^^^^^^^^^^^
  File "/usr/local/lib/python3.12/smtplib.py", line 255, in __init__
    (code, msg) = self.connect(host, port)
                  ^^^^^^^^^^^^^^^^^^^^^^^^
  File "/usr/local/lib/python3.12/smtplib.py", line 341, in connect
    self.sock = self._get_socket(host, port, self.timeout)
                ^^^^^^^^^^^^^^^^^^^^^^^^^^^^^^^^^^^^^^^^^^
  File "/usr/local/lib/python3.12/smtplib.py", line 312, in _get_socket
    return socket.create_connection((host, port), timeout,
           ^^^^^^^^^^^^^^^^^^^^^^^^^^^^^^^^^^^^^^^^^^^^^^^
  File "/usr/local/lib/python3.12/socket.py", line 865, in create_connection
    raise exceptions[0]
  File "/usr/local/lib/python3.12/socket.py", line 850, in create_connection
    sock.connect(sa)
ConnectionRefusedError: [Errno 111] Connection refused
[2025-03-08T05:06:06.171+0000] {logging_mixin.py:190} INFO - [2025-03-08T05:06:06.170+0000] {processor.py:876} INFO - Executed callback for <TaskInstance: FPL_raw_games.pull_data_from_api manual__2025-03-08T04:44:24.133383+00:00 [up_for_retry]> in state up_for_retry
[2025-03-08T05:06:06.259+0000] {logging_mixin.py:190} INFO - [2025-03-08T05:06:06.258+0000] {dag.py:3239} INFO - Sync 1 DAGs
[2025-03-08T05:06:06.352+0000] {logging_mixin.py:190} INFO - [2025-03-08T05:06:06.351+0000] {dag.py:4180} INFO - Setting next_dagrun for FPL_raw_games to 2025-03-08 00:05:00+00:00, run_after=2025-03-09 00:05:00+00:00
[2025-03-08T05:06:06.585+0000] {processor.py:208} INFO - Processing /opt/airflow/dags/01_Bronze/03_FPL_raw_game_week.py took 4.422 seconds
[2025-03-08T05:08:04.620+0000] {processor.py:186} INFO - Started process (PID=111) to work on /opt/airflow/dags/01_Bronze/03_FPL_raw_game_week.py
[2025-03-08T05:08:04.637+0000] {processor.py:914} INFO - Processing file /opt/airflow/dags/01_Bronze/03_FPL_raw_game_week.py for tasks to queue
[2025-03-08T05:08:04.646+0000] {logging_mixin.py:190} INFO - [2025-03-08T05:08:04.645+0000] {dagbag.py:588} INFO - Filling up the DagBag from /opt/airflow/dags/01_Bronze/03_FPL_raw_game_week.py
[2025-03-08T05:08:07.961+0000] {processor.py:925} INFO - DAG(s) 'FPL_raw_games' retrieved from /opt/airflow/dags/01_Bronze/03_FPL_raw_game_week.py
[2025-03-08T05:08:08.482+0000] {logging_mixin.py:190} INFO - [2025-03-08T05:08:08.481+0000] {dag.py:3239} INFO - Sync 1 DAGs
[2025-03-08T05:08:08.789+0000] {logging_mixin.py:190} INFO - [2025-03-08T05:08:08.788+0000] {dag.py:4180} INFO - Setting next_dagrun for FPL_raw_games to 2025-03-08 00:05:00+00:00, run_after=2025-03-09 00:05:00+00:00
[2025-03-08T05:08:09.083+0000] {processor.py:208} INFO - Processing /opt/airflow/dags/01_Bronze/03_FPL_raw_game_week.py took 4.497 seconds
[2025-03-08T05:08:40.179+0000] {processor.py:186} INFO - Started process (PID=134) to work on /opt/airflow/dags/01_Bronze/03_FPL_raw_game_week.py
[2025-03-08T05:08:40.206+0000] {processor.py:914} INFO - Processing file /opt/airflow/dags/01_Bronze/03_FPL_raw_game_week.py for tasks to queue
[2025-03-08T05:08:40.215+0000] {logging_mixin.py:190} INFO - [2025-03-08T05:08:40.212+0000] {dagbag.py:588} INFO - Filling up the DagBag from /opt/airflow/dags/01_Bronze/03_FPL_raw_game_week.py
[2025-03-08T05:08:42.034+0000] {processor.py:925} INFO - DAG(s) 'FPL_raw_games' retrieved from /opt/airflow/dags/01_Bronze/03_FPL_raw_game_week.py
[2025-03-08T05:08:42.111+0000] {logging_mixin.py:190} INFO - [2025-03-08T05:08:42.108+0000] {dag.py:3239} INFO - Sync 1 DAGs
[2025-03-08T05:08:42.237+0000] {logging_mixin.py:190} INFO - [2025-03-08T05:08:42.237+0000] {dag.py:4180} INFO - Setting next_dagrun for FPL_raw_games to 2025-03-08 00:05:00+00:00, run_after=2025-03-09 00:05:00+00:00
[2025-03-08T05:08:42.439+0000] {processor.py:208} INFO - Processing /opt/airflow/dags/01_Bronze/03_FPL_raw_game_week.py took 2.276 seconds
[2025-03-08T05:09:15.314+0000] {processor.py:186} INFO - Started process (PID=158) to work on /opt/airflow/dags/01_Bronze/03_FPL_raw_game_week.py
[2025-03-08T05:09:15.321+0000] {processor.py:914} INFO - Processing file /opt/airflow/dags/01_Bronze/03_FPL_raw_game_week.py for tasks to queue
[2025-03-08T05:09:15.352+0000] {logging_mixin.py:190} INFO - [2025-03-08T05:09:15.340+0000] {dagbag.py:588} INFO - Filling up the DagBag from /opt/airflow/dags/01_Bronze/03_FPL_raw_game_week.py
[2025-03-08T05:09:18.639+0000] {processor.py:925} INFO - DAG(s) 'FPL_raw_games' retrieved from /opt/airflow/dags/01_Bronze/03_FPL_raw_game_week.py
[2025-03-08T05:09:18.768+0000] {logging_mixin.py:190} INFO - [2025-03-08T05:09:18.765+0000] {dag.py:3239} INFO - Sync 1 DAGs
[2025-03-08T05:09:18.909+0000] {logging_mixin.py:190} INFO - [2025-03-08T05:09:18.909+0000] {dag.py:4180} INFO - Setting next_dagrun for FPL_raw_games to 2025-03-08 00:05:00+00:00, run_after=2025-03-09 00:05:00+00:00
[2025-03-08T05:09:19.072+0000] {processor.py:208} INFO - Processing /opt/airflow/dags/01_Bronze/03_FPL_raw_game_week.py took 3.831 seconds
[2025-03-08T05:09:49.958+0000] {processor.py:186} INFO - Started process (PID=187) to work on /opt/airflow/dags/01_Bronze/03_FPL_raw_game_week.py
[2025-03-08T05:09:49.960+0000] {processor.py:914} INFO - Processing file /opt/airflow/dags/01_Bronze/03_FPL_raw_game_week.py for tasks to queue
[2025-03-08T05:09:49.972+0000] {logging_mixin.py:190} INFO - [2025-03-08T05:09:49.971+0000] {dagbag.py:588} INFO - Filling up the DagBag from /opt/airflow/dags/01_Bronze/03_FPL_raw_game_week.py
[2025-03-08T05:09:51.285+0000] {processor.py:925} INFO - DAG(s) 'FPL_raw_games' retrieved from /opt/airflow/dags/01_Bronze/03_FPL_raw_game_week.py
[2025-03-08T05:09:51.349+0000] {logging_mixin.py:190} INFO - [2025-03-08T05:09:51.347+0000] {dag.py:3239} INFO - Sync 1 DAGs
[2025-03-08T05:09:51.414+0000] {logging_mixin.py:190} INFO - [2025-03-08T05:09:51.413+0000] {dag.py:4180} INFO - Setting next_dagrun for FPL_raw_games to 2025-03-08 00:05:00+00:00, run_after=2025-03-09 00:05:00+00:00
[2025-03-08T05:09:51.457+0000] {processor.py:208} INFO - Processing /opt/airflow/dags/01_Bronze/03_FPL_raw_game_week.py took 1.520 seconds
[2025-03-08T05:10:21.932+0000] {processor.py:186} INFO - Started process (PID=202) to work on /opt/airflow/dags/01_Bronze/03_FPL_raw_game_week.py
[2025-03-08T05:10:21.934+0000] {processor.py:914} INFO - Processing file /opt/airflow/dags/01_Bronze/03_FPL_raw_game_week.py for tasks to queue
[2025-03-08T05:10:21.939+0000] {logging_mixin.py:190} INFO - [2025-03-08T05:10:21.938+0000] {dagbag.py:588} INFO - Filling up the DagBag from /opt/airflow/dags/01_Bronze/03_FPL_raw_game_week.py
[2025-03-08T05:10:23.208+0000] {processor.py:925} INFO - DAG(s) 'FPL_raw_games' retrieved from /opt/airflow/dags/01_Bronze/03_FPL_raw_game_week.py
[2025-03-08T05:10:23.266+0000] {logging_mixin.py:190} INFO - [2025-03-08T05:10:23.265+0000] {dag.py:3239} INFO - Sync 1 DAGs
[2025-03-08T05:10:23.315+0000] {logging_mixin.py:190} INFO - [2025-03-08T05:10:23.314+0000] {dag.py:4180} INFO - Setting next_dagrun for FPL_raw_games to 2025-03-08 00:05:00+00:00, run_after=2025-03-09 00:05:00+00:00
[2025-03-08T05:10:23.353+0000] {processor.py:208} INFO - Processing /opt/airflow/dags/01_Bronze/03_FPL_raw_game_week.py took 1.433 seconds
[2025-03-08T05:10:53.566+0000] {processor.py:186} INFO - Started process (PID=217) to work on /opt/airflow/dags/01_Bronze/03_FPL_raw_game_week.py
[2025-03-08T05:10:53.568+0000] {processor.py:914} INFO - Processing file /opt/airflow/dags/01_Bronze/03_FPL_raw_game_week.py for tasks to queue
[2025-03-08T05:10:53.573+0000] {logging_mixin.py:190} INFO - [2025-03-08T05:10:53.572+0000] {dagbag.py:588} INFO - Filling up the DagBag from /opt/airflow/dags/01_Bronze/03_FPL_raw_game_week.py
[2025-03-08T05:10:55.572+0000] {processor.py:925} INFO - DAG(s) 'FPL_raw_games' retrieved from /opt/airflow/dags/01_Bronze/03_FPL_raw_game_week.py
[2025-03-08T05:10:55.715+0000] {logging_mixin.py:190} INFO - [2025-03-08T05:10:55.714+0000] {dag.py:3239} INFO - Sync 1 DAGs
[2025-03-08T05:10:55.895+0000] {logging_mixin.py:190} INFO - [2025-03-08T05:10:55.885+0000] {dag.py:4180} INFO - Setting next_dagrun for FPL_raw_games to 2025-03-08 00:05:00+00:00, run_after=2025-03-09 00:05:00+00:00
[2025-03-08T05:10:56.027+0000] {processor.py:208} INFO - Processing /opt/airflow/dags/01_Bronze/03_FPL_raw_game_week.py took 2.476 seconds
[2025-03-08T05:11:26.970+0000] {processor.py:186} INFO - Started process (PID=232) to work on /opt/airflow/dags/01_Bronze/03_FPL_raw_game_week.py
[2025-03-08T05:11:26.972+0000] {processor.py:914} INFO - Processing file /opt/airflow/dags/01_Bronze/03_FPL_raw_game_week.py for tasks to queue
[2025-03-08T05:11:26.980+0000] {logging_mixin.py:190} INFO - [2025-03-08T05:11:26.978+0000] {dagbag.py:588} INFO - Filling up the DagBag from /opt/airflow/dags/01_Bronze/03_FPL_raw_game_week.py
[2025-03-08T05:11:28.422+0000] {processor.py:925} INFO - DAG(s) 'FPL_raw_games' retrieved from /opt/airflow/dags/01_Bronze/03_FPL_raw_game_week.py
[2025-03-08T05:11:28.491+0000] {logging_mixin.py:190} INFO - [2025-03-08T05:11:28.490+0000] {dag.py:3239} INFO - Sync 1 DAGs
[2025-03-08T05:11:28.558+0000] {logging_mixin.py:190} INFO - [2025-03-08T05:11:28.558+0000] {dag.py:4180} INFO - Setting next_dagrun for FPL_raw_games to 2025-03-08 00:05:00+00:00, run_after=2025-03-09 00:05:00+00:00
[2025-03-08T05:11:28.611+0000] {processor.py:208} INFO - Processing /opt/airflow/dags/01_Bronze/03_FPL_raw_game_week.py took 1.662 seconds
[2025-03-08T05:12:01.689+0000] {processor.py:186} INFO - Started process (PID=247) to work on /opt/airflow/dags/01_Bronze/03_FPL_raw_game_week.py
[2025-03-08T05:12:01.692+0000] {processor.py:914} INFO - Processing file /opt/airflow/dags/01_Bronze/03_FPL_raw_game_week.py for tasks to queue
[2025-03-08T05:12:01.719+0000] {logging_mixin.py:190} INFO - [2025-03-08T05:12:01.709+0000] {dagbag.py:588} INFO - Filling up the DagBag from /opt/airflow/dags/01_Bronze/03_FPL_raw_game_week.py
[2025-03-08T05:12:04.945+0000] {processor.py:925} INFO - DAG(s) 'FPL_raw_games' retrieved from /opt/airflow/dags/01_Bronze/03_FPL_raw_game_week.py
[2025-03-08T05:12:05.101+0000] {logging_mixin.py:190} INFO - [2025-03-08T05:12:05.100+0000] {dag.py:3239} INFO - Sync 1 DAGs
[2025-03-08T05:12:05.304+0000] {logging_mixin.py:190} INFO - [2025-03-08T05:12:05.303+0000] {dag.py:4180} INFO - Setting next_dagrun for FPL_raw_games to 2025-03-08 00:05:00+00:00, run_after=2025-03-09 00:05:00+00:00
[2025-03-08T05:12:05.424+0000] {processor.py:208} INFO - Processing /opt/airflow/dags/01_Bronze/03_FPL_raw_game_week.py took 3.787 seconds
[2025-03-08T05:12:36.044+0000] {processor.py:186} INFO - Started process (PID=262) to work on /opt/airflow/dags/01_Bronze/03_FPL_raw_game_week.py
[2025-03-08T05:12:36.047+0000] {processor.py:914} INFO - Processing file /opt/airflow/dags/01_Bronze/03_FPL_raw_game_week.py for tasks to queue
[2025-03-08T05:12:36.054+0000] {logging_mixin.py:190} INFO - [2025-03-08T05:12:36.053+0000] {dagbag.py:588} INFO - Filling up the DagBag from /opt/airflow/dags/01_Bronze/03_FPL_raw_game_week.py
[2025-03-08T05:12:37.945+0000] {processor.py:925} INFO - DAG(s) 'FPL_raw_games' retrieved from /opt/airflow/dags/01_Bronze/03_FPL_raw_game_week.py
[2025-03-08T05:12:38.031+0000] {logging_mixin.py:190} INFO - [2025-03-08T05:12:38.027+0000] {dag.py:3239} INFO - Sync 1 DAGs
[2025-03-08T05:12:38.117+0000] {logging_mixin.py:190} INFO - [2025-03-08T05:12:38.116+0000] {dag.py:4180} INFO - Setting next_dagrun for FPL_raw_games to 2025-03-08 00:05:00+00:00, run_after=2025-03-09 00:05:00+00:00
[2025-03-08T05:12:38.203+0000] {processor.py:208} INFO - Processing /opt/airflow/dags/01_Bronze/03_FPL_raw_game_week.py took 2.197 seconds
[2025-03-08T05:13:08.552+0000] {processor.py:186} INFO - Started process (PID=277) to work on /opt/airflow/dags/01_Bronze/03_FPL_raw_game_week.py
[2025-03-08T05:13:08.556+0000] {processor.py:914} INFO - Processing file /opt/airflow/dags/01_Bronze/03_FPL_raw_game_week.py for tasks to queue
[2025-03-08T05:13:08.568+0000] {logging_mixin.py:190} INFO - [2025-03-08T05:13:08.566+0000] {dagbag.py:588} INFO - Filling up the DagBag from /opt/airflow/dags/01_Bronze/03_FPL_raw_game_week.py
[2025-03-08T05:13:09.818+0000] {processor.py:925} INFO - DAG(s) 'FPL_raw_games' retrieved from /opt/airflow/dags/01_Bronze/03_FPL_raw_game_week.py
[2025-03-08T05:13:09.873+0000] {logging_mixin.py:190} INFO - [2025-03-08T05:13:09.871+0000] {dag.py:3239} INFO - Sync 1 DAGs
[2025-03-08T05:13:09.929+0000] {logging_mixin.py:190} INFO - [2025-03-08T05:13:09.928+0000] {dag.py:4180} INFO - Setting next_dagrun for FPL_raw_games to 2025-03-08 00:05:00+00:00, run_after=2025-03-09 00:05:00+00:00
[2025-03-08T05:13:09.975+0000] {processor.py:208} INFO - Processing /opt/airflow/dags/01_Bronze/03_FPL_raw_game_week.py took 1.443 seconds
[2025-03-08T05:13:40.535+0000] {processor.py:186} INFO - Started process (PID=292) to work on /opt/airflow/dags/01_Bronze/03_FPL_raw_game_week.py
[2025-03-08T05:13:40.537+0000] {processor.py:914} INFO - Processing file /opt/airflow/dags/01_Bronze/03_FPL_raw_game_week.py for tasks to queue
[2025-03-08T05:13:40.542+0000] {logging_mixin.py:190} INFO - [2025-03-08T05:13:40.541+0000] {dagbag.py:588} INFO - Filling up the DagBag from /opt/airflow/dags/01_Bronze/03_FPL_raw_game_week.py
[2025-03-08T05:13:41.710+0000] {processor.py:925} INFO - DAG(s) 'FPL_raw_games' retrieved from /opt/airflow/dags/01_Bronze/03_FPL_raw_game_week.py
[2025-03-08T05:13:41.793+0000] {logging_mixin.py:190} INFO - [2025-03-08T05:13:41.792+0000] {dag.py:3239} INFO - Sync 1 DAGs
[2025-03-08T05:13:41.854+0000] {logging_mixin.py:190} INFO - [2025-03-08T05:13:41.854+0000] {dag.py:4180} INFO - Setting next_dagrun for FPL_raw_games to 2025-03-08 00:05:00+00:00, run_after=2025-03-09 00:05:00+00:00
[2025-03-08T05:13:42.106+0000] {processor.py:208} INFO - Processing /opt/airflow/dags/01_Bronze/03_FPL_raw_game_week.py took 1.585 seconds
[2025-03-08T05:14:13.113+0000] {processor.py:186} INFO - Started process (PID=311) to work on /opt/airflow/dags/01_Bronze/03_FPL_raw_game_week.py
[2025-03-08T05:14:13.118+0000] {processor.py:914} INFO - Processing file /opt/airflow/dags/01_Bronze/03_FPL_raw_game_week.py for tasks to queue
[2025-03-08T05:14:13.131+0000] {logging_mixin.py:190} INFO - [2025-03-08T05:14:13.130+0000] {dagbag.py:588} INFO - Filling up the DagBag from /opt/airflow/dags/01_Bronze/03_FPL_raw_game_week.py
[2025-03-08T05:14:14.779+0000] {processor.py:925} INFO - DAG(s) 'FPL_raw_games' retrieved from /opt/airflow/dags/01_Bronze/03_FPL_raw_game_week.py
[2025-03-08T05:14:14.994+0000] {logging_mixin.py:190} INFO - [2025-03-08T05:14:14.993+0000] {dag.py:3239} INFO - Sync 1 DAGs
[2025-03-08T05:14:15.150+0000] {logging_mixin.py:190} INFO - [2025-03-08T05:14:15.150+0000] {dag.py:4180} INFO - Setting next_dagrun for FPL_raw_games to 2025-03-08 00:05:00+00:00, run_after=2025-03-09 00:05:00+00:00
[2025-03-08T05:14:15.239+0000] {processor.py:208} INFO - Processing /opt/airflow/dags/01_Bronze/03_FPL_raw_game_week.py took 2.164 seconds
[2025-03-08T05:14:45.660+0000] {processor.py:186} INFO - Started process (PID=326) to work on /opt/airflow/dags/01_Bronze/03_FPL_raw_game_week.py
[2025-03-08T05:14:45.663+0000] {processor.py:914} INFO - Processing file /opt/airflow/dags/01_Bronze/03_FPL_raw_game_week.py for tasks to queue
[2025-03-08T05:14:45.678+0000] {logging_mixin.py:190} INFO - [2025-03-08T05:14:45.677+0000] {dagbag.py:588} INFO - Filling up the DagBag from /opt/airflow/dags/01_Bronze/03_FPL_raw_game_week.py
[2025-03-08T05:14:47.035+0000] {processor.py:925} INFO - DAG(s) 'FPL_raw_games' retrieved from /opt/airflow/dags/01_Bronze/03_FPL_raw_game_week.py
[2025-03-08T05:14:47.088+0000] {logging_mixin.py:190} INFO - [2025-03-08T05:14:47.087+0000] {dag.py:3239} INFO - Sync 1 DAGs
[2025-03-08T05:14:47.149+0000] {logging_mixin.py:190} INFO - [2025-03-08T05:14:47.148+0000] {dag.py:4180} INFO - Setting next_dagrun for FPL_raw_games to 2025-03-08 00:05:00+00:00, run_after=2025-03-09 00:05:00+00:00
[2025-03-08T05:14:47.221+0000] {processor.py:208} INFO - Processing /opt/airflow/dags/01_Bronze/03_FPL_raw_game_week.py took 1.584 seconds
[2025-03-08T05:15:17.442+0000] {processor.py:186} INFO - Started process (PID=341) to work on /opt/airflow/dags/01_Bronze/03_FPL_raw_game_week.py
[2025-03-08T05:15:17.444+0000] {processor.py:914} INFO - Processing file /opt/airflow/dags/01_Bronze/03_FPL_raw_game_week.py for tasks to queue
[2025-03-08T05:15:17.451+0000] {logging_mixin.py:190} INFO - [2025-03-08T05:15:17.450+0000] {dagbag.py:588} INFO - Filling up the DagBag from /opt/airflow/dags/01_Bronze/03_FPL_raw_game_week.py
[2025-03-08T05:15:18.974+0000] {processor.py:925} INFO - DAG(s) 'FPL_raw_games' retrieved from /opt/airflow/dags/01_Bronze/03_FPL_raw_game_week.py
[2025-03-08T05:15:19.031+0000] {logging_mixin.py:190} INFO - [2025-03-08T05:15:19.030+0000] {dag.py:3239} INFO - Sync 1 DAGs
[2025-03-08T05:15:19.088+0000] {logging_mixin.py:190} INFO - [2025-03-08T05:15:19.087+0000] {dag.py:4180} INFO - Setting next_dagrun for FPL_raw_games to 2025-03-08 00:05:00+00:00, run_after=2025-03-09 00:05:00+00:00
[2025-03-08T05:15:19.143+0000] {processor.py:208} INFO - Processing /opt/airflow/dags/01_Bronze/03_FPL_raw_game_week.py took 1.715 seconds
[2025-03-08T05:15:49.586+0000] {processor.py:186} INFO - Started process (PID=356) to work on /opt/airflow/dags/01_Bronze/03_FPL_raw_game_week.py
[2025-03-08T05:15:49.589+0000] {processor.py:914} INFO - Processing file /opt/airflow/dags/01_Bronze/03_FPL_raw_game_week.py for tasks to queue
[2025-03-08T05:15:49.595+0000] {logging_mixin.py:190} INFO - [2025-03-08T05:15:49.594+0000] {dagbag.py:588} INFO - Filling up the DagBag from /opt/airflow/dags/01_Bronze/03_FPL_raw_game_week.py
[2025-03-08T05:15:50.872+0000] {processor.py:925} INFO - DAG(s) 'FPL_raw_games' retrieved from /opt/airflow/dags/01_Bronze/03_FPL_raw_game_week.py
[2025-03-08T05:15:50.980+0000] {logging_mixin.py:190} INFO - [2025-03-08T05:15:50.979+0000] {dag.py:3239} INFO - Sync 1 DAGs
[2025-03-08T05:15:51.082+0000] {logging_mixin.py:190} INFO - [2025-03-08T05:15:51.082+0000] {dag.py:4180} INFO - Setting next_dagrun for FPL_raw_games to 2025-03-08 00:05:00+00:00, run_after=2025-03-09 00:05:00+00:00
[2025-03-08T05:15:51.136+0000] {processor.py:208} INFO - Processing /opt/airflow/dags/01_Bronze/03_FPL_raw_game_week.py took 1.572 seconds
[2025-03-08T05:16:25.692+0000] {processor.py:186} INFO - Started process (PID=378) to work on /opt/airflow/dags/01_Bronze/03_FPL_raw_game_week.py
[2025-03-08T05:16:25.707+0000] {processor.py:914} INFO - Processing file /opt/airflow/dags/01_Bronze/03_FPL_raw_game_week.py for tasks to queue
[2025-03-08T05:16:25.723+0000] {logging_mixin.py:190} INFO - [2025-03-08T05:16:25.722+0000] {dagbag.py:588} INFO - Filling up the DagBag from /opt/airflow/dags/01_Bronze/03_FPL_raw_game_week.py
[2025-03-08T05:16:28.826+0000] {processor.py:925} INFO - DAG(s) 'FPL_raw_games' retrieved from /opt/airflow/dags/01_Bronze/03_FPL_raw_game_week.py
[2025-03-08T05:16:28.961+0000] {logging_mixin.py:190} INFO - [2025-03-08T05:16:28.949+0000] {dag.py:3239} INFO - Sync 1 DAGs
[2025-03-08T05:16:29.149+0000] {logging_mixin.py:190} INFO - [2025-03-08T05:16:29.148+0000] {dag.py:4180} INFO - Setting next_dagrun for FPL_raw_games to 2025-03-08 00:05:00+00:00, run_after=2025-03-09 00:05:00+00:00
[2025-03-08T05:16:29.331+0000] {processor.py:208} INFO - Processing /opt/airflow/dags/01_Bronze/03_FPL_raw_game_week.py took 3.663 seconds
[2025-03-08T05:16:59.581+0000] {processor.py:186} INFO - Started process (PID=394) to work on /opt/airflow/dags/01_Bronze/03_FPL_raw_game_week.py
[2025-03-08T05:16:59.584+0000] {processor.py:914} INFO - Processing file /opt/airflow/dags/01_Bronze/03_FPL_raw_game_week.py for tasks to queue
[2025-03-08T05:16:59.592+0000] {logging_mixin.py:190} INFO - [2025-03-08T05:16:59.591+0000] {dagbag.py:588} INFO - Filling up the DagBag from /opt/airflow/dags/01_Bronze/03_FPL_raw_game_week.py
[2025-03-08T05:17:01.014+0000] {processor.py:925} INFO - DAG(s) 'FPL_raw_games' retrieved from /opt/airflow/dags/01_Bronze/03_FPL_raw_game_week.py
[2025-03-08T05:17:01.098+0000] {logging_mixin.py:190} INFO - [2025-03-08T05:17:01.097+0000] {dag.py:3239} INFO - Sync 1 DAGs
[2025-03-08T05:17:01.145+0000] {logging_mixin.py:190} INFO - [2025-03-08T05:17:01.144+0000] {dag.py:4180} INFO - Setting next_dagrun for FPL_raw_games to 2025-03-08 00:05:00+00:00, run_after=2025-03-09 00:05:00+00:00
[2025-03-08T05:17:01.239+0000] {processor.py:208} INFO - Processing /opt/airflow/dags/01_Bronze/03_FPL_raw_game_week.py took 1.676 seconds
[2025-03-08T05:17:31.490+0000] {processor.py:186} INFO - Started process (PID=409) to work on /opt/airflow/dags/01_Bronze/03_FPL_raw_game_week.py
[2025-03-08T05:17:31.493+0000] {processor.py:914} INFO - Processing file /opt/airflow/dags/01_Bronze/03_FPL_raw_game_week.py for tasks to queue
[2025-03-08T05:17:31.499+0000] {logging_mixin.py:190} INFO - [2025-03-08T05:17:31.498+0000] {dagbag.py:588} INFO - Filling up the DagBag from /opt/airflow/dags/01_Bronze/03_FPL_raw_game_week.py
[2025-03-08T05:17:32.572+0000] {processor.py:925} INFO - DAG(s) 'FPL_raw_games' retrieved from /opt/airflow/dags/01_Bronze/03_FPL_raw_game_week.py
[2025-03-08T05:17:32.647+0000] {logging_mixin.py:190} INFO - [2025-03-08T05:17:32.646+0000] {dag.py:3239} INFO - Sync 1 DAGs
[2025-03-08T05:17:32.760+0000] {logging_mixin.py:190} INFO - [2025-03-08T05:17:32.760+0000] {dag.py:4180} INFO - Setting next_dagrun for FPL_raw_games to 2025-03-08 00:05:00+00:00, run_after=2025-03-09 00:05:00+00:00
[2025-03-08T05:17:32.815+0000] {processor.py:208} INFO - Processing /opt/airflow/dags/01_Bronze/03_FPL_raw_game_week.py took 1.343 seconds
[2025-03-08T05:18:03.166+0000] {processor.py:186} INFO - Started process (PID=424) to work on /opt/airflow/dags/01_Bronze/03_FPL_raw_game_week.py
[2025-03-08T05:18:03.168+0000] {processor.py:914} INFO - Processing file /opt/airflow/dags/01_Bronze/03_FPL_raw_game_week.py for tasks to queue
[2025-03-08T05:18:03.174+0000] {logging_mixin.py:190} INFO - [2025-03-08T05:18:03.173+0000] {dagbag.py:588} INFO - Filling up the DagBag from /opt/airflow/dags/01_Bronze/03_FPL_raw_game_week.py
[2025-03-08T05:18:04.240+0000] {processor.py:925} INFO - DAG(s) 'FPL_raw_games' retrieved from /opt/airflow/dags/01_Bronze/03_FPL_raw_game_week.py
[2025-03-08T05:18:04.296+0000] {logging_mixin.py:190} INFO - [2025-03-08T05:18:04.295+0000] {dag.py:3239} INFO - Sync 1 DAGs
[2025-03-08T05:18:04.363+0000] {logging_mixin.py:190} INFO - [2025-03-08T05:18:04.362+0000] {dag.py:4180} INFO - Setting next_dagrun for FPL_raw_games to 2025-03-08 00:05:00+00:00, run_after=2025-03-09 00:05:00+00:00
[2025-03-08T05:18:04.473+0000] {processor.py:208} INFO - Processing /opt/airflow/dags/01_Bronze/03_FPL_raw_game_week.py took 1.320 seconds
[2025-03-08T05:18:35.542+0000] {processor.py:186} INFO - Started process (PID=439) to work on /opt/airflow/dags/01_Bronze/03_FPL_raw_game_week.py
[2025-03-08T05:18:35.544+0000] {processor.py:914} INFO - Processing file /opt/airflow/dags/01_Bronze/03_FPL_raw_game_week.py for tasks to queue
[2025-03-08T05:18:35.551+0000] {logging_mixin.py:190} INFO - [2025-03-08T05:18:35.550+0000] {dagbag.py:588} INFO - Filling up the DagBag from /opt/airflow/dags/01_Bronze/03_FPL_raw_game_week.py
[2025-03-08T05:18:36.685+0000] {processor.py:925} INFO - DAG(s) 'FPL_raw_games' retrieved from /opt/airflow/dags/01_Bronze/03_FPL_raw_game_week.py
[2025-03-08T05:18:36.746+0000] {logging_mixin.py:190} INFO - [2025-03-08T05:18:36.745+0000] {dag.py:3239} INFO - Sync 1 DAGs
[2025-03-08T05:18:36.795+0000] {logging_mixin.py:190} INFO - [2025-03-08T05:18:36.794+0000] {dag.py:4180} INFO - Setting next_dagrun for FPL_raw_games to 2025-03-08 00:05:00+00:00, run_after=2025-03-09 00:05:00+00:00
[2025-03-08T05:18:36.854+0000] {processor.py:208} INFO - Processing /opt/airflow/dags/01_Bronze/03_FPL_raw_game_week.py took 1.328 seconds
[2025-03-08T05:19:07.118+0000] {processor.py:186} INFO - Started process (PID=454) to work on /opt/airflow/dags/01_Bronze/03_FPL_raw_game_week.py
[2025-03-08T05:19:07.120+0000] {processor.py:914} INFO - Processing file /opt/airflow/dags/01_Bronze/03_FPL_raw_game_week.py for tasks to queue
[2025-03-08T05:19:07.126+0000] {logging_mixin.py:190} INFO - [2025-03-08T05:19:07.125+0000] {dagbag.py:588} INFO - Filling up the DagBag from /opt/airflow/dags/01_Bronze/03_FPL_raw_game_week.py
[2025-03-08T05:19:08.149+0000] {processor.py:925} INFO - DAG(s) 'FPL_raw_games' retrieved from /opt/airflow/dags/01_Bronze/03_FPL_raw_game_week.py
[2025-03-08T05:19:08.214+0000] {logging_mixin.py:190} INFO - [2025-03-08T05:19:08.214+0000] {dag.py:3239} INFO - Sync 1 DAGs
[2025-03-08T05:19:08.300+0000] {logging_mixin.py:190} INFO - [2025-03-08T05:19:08.299+0000] {dag.py:4180} INFO - Setting next_dagrun for FPL_raw_games to 2025-03-08 00:05:00+00:00, run_after=2025-03-09 00:05:00+00:00
[2025-03-08T05:19:08.419+0000] {processor.py:208} INFO - Processing /opt/airflow/dags/01_Bronze/03_FPL_raw_game_week.py took 1.314 seconds
[2025-03-08T05:19:39.207+0000] {processor.py:186} INFO - Started process (PID=469) to work on /opt/airflow/dags/01_Bronze/03_FPL_raw_game_week.py
[2025-03-08T05:19:39.213+0000] {processor.py:914} INFO - Processing file /opt/airflow/dags/01_Bronze/03_FPL_raw_game_week.py for tasks to queue
[2025-03-08T05:19:39.236+0000] {logging_mixin.py:190} INFO - [2025-03-08T05:19:39.235+0000] {dagbag.py:588} INFO - Filling up the DagBag from /opt/airflow/dags/01_Bronze/03_FPL_raw_game_week.py
[2025-03-08T05:19:40.391+0000] {processor.py:925} INFO - DAG(s) 'FPL_raw_games' retrieved from /opt/airflow/dags/01_Bronze/03_FPL_raw_game_week.py
[2025-03-08T05:19:40.443+0000] {logging_mixin.py:190} INFO - [2025-03-08T05:19:40.442+0000] {dag.py:3239} INFO - Sync 1 DAGs
[2025-03-08T05:19:40.509+0000] {logging_mixin.py:190} INFO - [2025-03-08T05:19:40.509+0000] {dag.py:4180} INFO - Setting next_dagrun for FPL_raw_games to 2025-03-08 00:05:00+00:00, run_after=2025-03-09 00:05:00+00:00
[2025-03-08T05:19:40.576+0000] {processor.py:208} INFO - Processing /opt/airflow/dags/01_Bronze/03_FPL_raw_game_week.py took 1.407 seconds
