[2025-03-08T05:09:01.198+0000] {local_task_job_runner.py:123} INFO - ::group::Pre task execution logs
[2025-03-08T05:09:01.321+0000] {taskinstance.py:2614} INFO - Dependencies all met for dep_context=non-requeueable deps ti=<TaskInstance: FPL_raw_players.upload_to_postgres manual__2025-03-08T04:44:27.020510+00:00 [queued]>
[2025-03-08T05:09:01.364+0000] {taskinstance.py:2614} INFO - Dependencies all met for dep_context=requeueable deps ti=<TaskInstance: FPL_raw_players.upload_to_postgres manual__2025-03-08T04:44:27.020510+00:00 [queued]>
[2025-03-08T05:09:01.367+0000] {taskinstance.py:2867} INFO - Starting attempt 1 of 3
[2025-03-08T05:09:01.418+0000] {taskinstance.py:2890} INFO - Executing <Task(_PythonDecoratedOperator): upload_to_postgres> on 2025-03-08 04:44:27.020510+00:00
[2025-03-08T05:09:01.434+0000] {warnings.py:112} WARNING - /home/***/.local/lib/python3.12/site-packages/***/task/task_runner/standard_task_runner.py:70: DeprecationWarning: This process (pid=217) is multi-threaded, use of fork() may lead to deadlocks in the child.
  pid = os.fork()

[2025-03-08T05:09:01.444+0000] {standard_task_runner.py:72} INFO - Started process 230 to run task
[2025-03-08T05:09:01.448+0000] {standard_task_runner.py:104} INFO - Running: ['***', 'tasks', 'run', 'FPL_raw_players', 'upload_to_postgres', 'manual__2025-03-08T04:44:27.020510+00:00', '--job-id', '94', '--raw', '--subdir', 'DAGS_FOLDER/01_Bronze/02_FPL_raw_players.py', '--cfg-path', '/tmp/tmpkvp9yv5e']
[2025-03-08T05:09:01.457+0000] {standard_task_runner.py:105} INFO - Job 94: Subtask upload_to_postgres
[2025-03-08T05:09:01.609+0000] {task_command.py:467} INFO - Running <TaskInstance: FPL_raw_players.upload_to_postgres manual__2025-03-08T04:44:27.020510+00:00 [running]> on host 2e71e0861922
[2025-03-08T05:09:02.648+0000] {taskinstance.py:3134} INFO - Exporting env vars: AIRFLOW_CTX_DAG_EMAIL='bobotieno99@gmail.com' AIRFLOW_CTX_DAG_OWNER='Fantasy Premier League' AIRFLOW_CTX_DAG_ID='FPL_raw_players' AIRFLOW_CTX_TASK_ID='upload_to_postgres' AIRFLOW_CTX_EXECUTION_DATE='2025-03-08T04:44:27.020510+00:00' AIRFLOW_CTX_TRY_NUMBER='1' AIRFLOW_CTX_DAG_RUN_ID='manual__2025-03-08T04:44:27.020510+00:00'
[2025-03-08T05:09:02.665+0000] {taskinstance.py:732} INFO - ::endgroup::
[2025-03-08T05:09:02.681+0000] {02_FPL_raw_players.py:128} INFO - ✅ Database connection established
[2025-03-08T05:09:13.017+0000] {02_FPL_raw_players.py:142} INFO - ✅ Data loaded into 'bronze.teams_info' successfully
[2025-03-08T05:09:13.022+0000] {python.py:240} INFO - Done. Returned value was: None
[2025-03-08T05:09:13.334+0000] {taskinstance.py:341} INFO - ::group::Post task execution logs
[2025-03-08T05:09:13.347+0000] {taskinstance.py:353} INFO - Marking task as SUCCESS. dag_id=FPL_raw_players, task_id=upload_to_postgres, run_id=manual__2025-03-08T04:44:27.020510+00:00, execution_date=20250308T044427, start_date=20250308T050901, end_date=20250308T050913
[2025-03-08T05:09:13.953+0000] {local_task_job_runner.py:266} INFO - Task exited with return code 0
[2025-03-08T05:09:14.120+0000] {taskinstance.py:3901} INFO - 0 downstream tasks scheduled from follow-on schedule check
[2025-03-08T05:09:14.147+0000] {local_task_job_runner.py:245} INFO - ::endgroup::
