[2025-03-08T05:09:39.942+0000] {local_task_job_runner.py:123} INFO - ::group::Pre task execution logs
[2025-03-08T05:09:39.991+0000] {taskinstance.py:2614} INFO - Dependencies all met for dep_context=non-requeueable deps ti=<TaskInstance: FPL_raw_teams.upload_to_postgres manual__2025-03-08T04:44:31.949817+00:00 [queued]>
[2025-03-08T05:09:40.014+0000] {taskinstance.py:2614} INFO - Dependencies all met for dep_context=requeueable deps ti=<TaskInstance: FPL_raw_teams.upload_to_postgres manual__2025-03-08T04:44:31.949817+00:00 [queued]>
[2025-03-08T05:09:40.017+0000] {taskinstance.py:2867} INFO - Starting attempt 1 of 3
[2025-03-08T05:09:40.045+0000] {taskinstance.py:2890} INFO - Executing <Task(_PythonDecoratedOperator): upload_to_postgres> on 2025-03-08 04:44:31.949817+00:00
[2025-03-08T05:09:40.060+0000] {warnings.py:112} WARNING - /home/***/.local/lib/python3.12/site-packages/***/task/task_runner/standard_task_runner.py:70: DeprecationWarning: This process (pid=289) is multi-threaded, use of fork() may lead to deadlocks in the child.
  pid = os.fork()

[2025-03-08T05:09:40.064+0000] {standard_task_runner.py:72} INFO - Started process 293 to run task
[2025-03-08T05:09:40.065+0000] {standard_task_runner.py:104} INFO - Running: ['***', 'tasks', 'run', 'FPL_raw_teams', 'upload_to_postgres', 'manual__2025-03-08T04:44:31.949817+00:00', '--job-id', '101', '--raw', '--subdir', 'DAGS_FOLDER/01_Bronze/01_FPL_raw_teams.py', '--cfg-path', '/tmp/tmp_sck2ezu']
[2025-03-08T05:09:40.071+0000] {standard_task_runner.py:105} INFO - Job 101: Subtask upload_to_postgres
[2025-03-08T05:09:40.162+0000] {task_command.py:467} INFO - Running <TaskInstance: FPL_raw_teams.upload_to_postgres manual__2025-03-08T04:44:31.949817+00:00 [running]> on host 2e71e0861922
[2025-03-08T05:09:40.498+0000] {taskinstance.py:3134} INFO - Exporting env vars: AIRFLOW_CTX_DAG_EMAIL='bobotieno99@gmail.com' AIRFLOW_CTX_DAG_OWNER='Fantasy Premier League' AIRFLOW_CTX_DAG_ID='FPL_raw_teams' AIRFLOW_CTX_TASK_ID='upload_to_postgres' AIRFLOW_CTX_EXECUTION_DATE='2025-03-08T04:44:31.949817+00:00' AIRFLOW_CTX_TRY_NUMBER='1' AIRFLOW_CTX_DAG_RUN_ID='manual__2025-03-08T04:44:31.949817+00:00'
[2025-03-08T05:09:40.502+0000] {taskinstance.py:732} INFO - ::endgroup::
[2025-03-08T05:09:40.508+0000] {01_FPL_raw_teams.py:124} INFO - ✅ Database connection established
[2025-03-08T05:09:49.017+0000] {01_FPL_raw_teams.py:138} INFO - ✅ Data loaded into 'bronze.teams_info' successfully
[2025-03-08T05:09:49.018+0000] {python.py:240} INFO - Done. Returned value was: None
[2025-03-08T05:09:49.042+0000] {taskinstance.py:341} INFO - ::group::Post task execution logs
[2025-03-08T05:09:49.044+0000] {taskinstance.py:353} INFO - Marking task as SUCCESS. dag_id=FPL_raw_teams, task_id=upload_to_postgres, run_id=manual__2025-03-08T04:44:31.949817+00:00, execution_date=20250308T044431, start_date=20250308T050939, end_date=20250308T050949
[2025-03-08T05:09:49.135+0000] {local_task_job_runner.py:266} INFO - Task exited with return code 0
[2025-03-08T05:09:49.167+0000] {taskinstance.py:3901} INFO - 0 downstream tasks scheduled from follow-on schedule check
[2025-03-08T05:09:49.171+0000] {local_task_job_runner.py:245} INFO - ::endgroup::
