[2025-03-07T10:09:47.105+0000] {local_task_job_runner.py:123} INFO - ::group::Pre task execution logs
[2025-03-07T10:09:47.137+0000] {taskinstance.py:2614} INFO - Dependencies all met for dep_context=non-requeueable deps ti=<TaskInstance: FPL_silver_tables.update_fpl_silver_layer manual__2025-03-07T10:09:45.198781+00:00 [queued]>
[2025-03-07T10:09:47.155+0000] {taskinstance.py:2614} INFO - Dependencies all met for dep_context=requeueable deps ti=<TaskInstance: FPL_silver_tables.update_fpl_silver_layer manual__2025-03-07T10:09:45.198781+00:00 [queued]>
[2025-03-07T10:09:47.157+0000] {taskinstance.py:2867} INFO - Starting attempt 1 of 4
[2025-03-07T10:09:47.185+0000] {taskinstance.py:2890} INFO - Executing <Task(_PythonDecoratedOperator): update_fpl_silver_layer> on 2025-03-07 10:09:45.198781+00:00
[2025-03-07T10:09:47.198+0000] {warnings.py:112} WARNING - /home/***/.local/lib/python3.12/site-packages/***/task/task_runner/standard_task_runner.py:70: DeprecationWarning: This process (pid=1035) is multi-threaded, use of fork() may lead to deadlocks in the child.
  pid = os.fork()

[2025-03-07T10:09:47.202+0000] {standard_task_runner.py:72} INFO - Started process 1036 to run task
[2025-03-07T10:09:47.204+0000] {standard_task_runner.py:104} INFO - Running: ['***', 'tasks', 'run', 'FPL_silver_tables', 'update_fpl_silver_layer', 'manual__2025-03-07T10:09:45.198781+00:00', '--job-id', '62', '--raw', '--subdir', 'DAGS_FOLDER/02_Silver/update_silver_layer.py', '--cfg-path', '/tmp/tmpigl19bxa']
[2025-03-07T10:09:47.209+0000] {standard_task_runner.py:105} INFO - Job 62: Subtask update_fpl_silver_layer
[2025-03-07T10:09:47.305+0000] {task_command.py:467} INFO - Running <TaskInstance: FPL_silver_tables.update_fpl_silver_layer manual__2025-03-07T10:09:45.198781+00:00 [running]> on host 6fac9c74855d
[2025-03-07T10:09:47.530+0000] {taskinstance.py:3134} INFO - Exporting env vars: AIRFLOW_CTX_DAG_EMAIL='bobotieno99@gmail.com' AIRFLOW_CTX_DAG_OWNER='Fantasy Premier League' AIRFLOW_CTX_DAG_ID='FPL_silver_tables' AIRFLOW_CTX_TASK_ID='update_fpl_silver_layer' AIRFLOW_CTX_EXECUTION_DATE='2025-03-07T10:09:45.198781+00:00' AIRFLOW_CTX_TRY_NUMBER='1' AIRFLOW_CTX_DAG_RUN_ID='manual__2025-03-07T10:09:45.198781+00:00'
[2025-03-07T10:09:47.533+0000] {taskinstance.py:732} INFO - ::endgroup::
[2025-03-07T10:09:49.340+0000] {update_silver_layer.py:59} INFO - ✅ Database connection established successfully
[2025-03-07T10:09:50.271+0000] {update_silver_layer.py:77} INFO - ✅ Silver layer updated successfully
[2025-03-07T10:09:50.272+0000] {update_silver_layer.py:89} INFO - ✅ Database connection closed
[2025-03-07T10:09:50.273+0000] {python.py:240} INFO - Done. Returned value was: None
[2025-03-07T10:09:50.287+0000] {taskinstance.py:341} INFO - ::group::Post task execution logs
[2025-03-07T10:09:50.288+0000] {taskinstance.py:353} INFO - Marking task as SUCCESS. dag_id=FPL_silver_tables, task_id=update_fpl_silver_layer, run_id=manual__2025-03-07T10:09:45.198781+00:00, execution_date=20250307T100945, start_date=20250307T100947, end_date=20250307T100950
[2025-03-07T10:09:50.357+0000] {local_task_job_runner.py:266} INFO - Task exited with return code 0
[2025-03-07T10:09:50.375+0000] {taskinstance.py:3901} INFO - 0 downstream tasks scheduled from follow-on schedule check
[2025-03-07T10:09:50.379+0000] {local_task_job_runner.py:245} INFO - ::endgroup::
