[2025-03-08T05:08:51.415+0000] {local_task_job_runner.py:123} INFO - ::group::Pre task execution logs
[2025-03-08T05:08:51.562+0000] {taskinstance.py:2614} INFO - Dependencies all met for dep_context=non-requeueable deps ti=<TaskInstance: FPL_raw_games.upload_to_postgres manual__2025-03-08T04:44:24.133383+00:00 [queued]>
[2025-03-08T05:08:51.610+0000] {taskinstance.py:2614} INFO - Dependencies all met for dep_context=requeueable deps ti=<TaskInstance: FPL_raw_games.upload_to_postgres manual__2025-03-08T04:44:24.133383+00:00 [queued]>
[2025-03-08T05:08:51.616+0000] {taskinstance.py:2867} INFO - Starting attempt 1 of 3
[2025-03-08T05:08:51.684+0000] {taskinstance.py:2890} INFO - Executing <Task(_PythonDecoratedOperator): upload_to_postgres> on 2025-03-08 04:44:24.133383+00:00
[2025-03-08T05:08:51.713+0000] {warnings.py:112} WARNING - /home/***/.local/lib/python3.12/site-packages/***/task/task_runner/standard_task_runner.py:70: DeprecationWarning: This process (pid=153) is multi-threaded, use of fork() may lead to deadlocks in the child.
  pid = os.fork()

[2025-03-08T05:08:51.717+0000] {standard_task_runner.py:72} INFO - Started process 161 to run task
[2025-03-08T05:08:51.712+0000] {standard_task_runner.py:104} INFO - Running: ['***', 'tasks', 'run', 'FPL_raw_games', 'upload_to_postgres', 'manual__2025-03-08T04:44:24.133383+00:00', '--job-id', '88', '--raw', '--subdir', 'DAGS_FOLDER/01_Bronze/03_FPL_raw_game_week.py', '--cfg-path', '/tmp/tmpfs_lbmkd']
[2025-03-08T05:08:51.724+0000] {standard_task_runner.py:105} INFO - Job 88: Subtask upload_to_postgres
[2025-03-08T05:08:51.982+0000] {task_command.py:467} INFO - Running <TaskInstance: FPL_raw_games.upload_to_postgres manual__2025-03-08T04:44:24.133383+00:00 [running]> on host 2e71e0861922
[2025-03-08T05:08:54.009+0000] {taskinstance.py:3134} INFO - Exporting env vars: AIRFLOW_CTX_DAG_EMAIL='bobotieno99@gmail.com' AIRFLOW_CTX_DAG_OWNER='Fantasy Premier League' AIRFLOW_CTX_DAG_ID='FPL_raw_games' AIRFLOW_CTX_TASK_ID='upload_to_postgres' AIRFLOW_CTX_EXECUTION_DATE='2025-03-08T04:44:24.133383+00:00' AIRFLOW_CTX_TRY_NUMBER='1' AIRFLOW_CTX_DAG_RUN_ID='manual__2025-03-08T04:44:24.133383+00:00'
[2025-03-08T05:08:54.022+0000] {taskinstance.py:732} INFO - ::endgroup::
[2025-03-08T05:08:54.040+0000] {03_FPL_raw_game_week.py:106} INFO - ✅ Database connection established
[2025-03-08T05:09:03.608+0000] {03_FPL_raw_game_week.py:120} INFO - ✅ Data loaded into 'bronze.games_info' successfully
[2025-03-08T05:09:03.610+0000] {python.py:240} INFO - Done. Returned value was: None
[2025-03-08T05:09:03.641+0000] {taskinstance.py:341} INFO - ::group::Post task execution logs
[2025-03-08T05:09:03.643+0000] {taskinstance.py:353} INFO - Marking task as SUCCESS. dag_id=FPL_raw_games, task_id=upload_to_postgres, run_id=manual__2025-03-08T04:44:24.133383+00:00, execution_date=20250308T044424, start_date=20250308T050851, end_date=20250308T050903
[2025-03-08T05:09:03.895+0000] {local_task_job_runner.py:266} INFO - Task exited with return code 0
[2025-03-08T05:09:03.955+0000] {taskinstance.py:3901} INFO - 0 downstream tasks scheduled from follow-on schedule check
[2025-03-08T05:09:03.980+0000] {local_task_job_runner.py:245} INFO - ::endgroup::
