[2025-03-08T00:27:52.610+0000] {processor.py:186} INFO - Started process (PID=21178) to work on /opt/airflow/dags/02_Silver/update_silver_layer.py
[2025-03-08T00:27:52.618+0000] {processor.py:914} INFO - Processing file /opt/airflow/dags/02_Silver/update_silver_layer.py for tasks to queue
[2025-03-08T00:27:52.625+0000] {logging_mixin.py:190} INFO - [2025-03-08T00:27:52.624+0000] {dagbag.py:588} INFO - Filling up the DagBag from /opt/airflow/dags/02_Silver/update_silver_layer.py
[2025-03-08T00:27:53.002+0000] {processor.py:925} INFO - DAG(s) 'FPL_silver_tables' retrieved from /opt/airflow/dags/02_Silver/update_silver_layer.py
[2025-03-08T00:27:53.155+0000] {logging_mixin.py:190} INFO - [2025-03-08T00:27:53.154+0000] {dag.py:3239} INFO - Sync 1 DAGs
[2025-03-08T00:27:53.282+0000] {logging_mixin.py:190} INFO - [2025-03-08T00:27:53.281+0000] {dag.py:4180} INFO - Setting next_dagrun for FPL_silver_tables to 2025-03-08 00:10:00+00:00, run_after=2025-03-09 00:10:00+00:00
[2025-03-08T00:27:53.355+0000] {processor.py:208} INFO - Processing /opt/airflow/dags/02_Silver/update_silver_layer.py took 0.788 seconds
[2025-03-08T04:41:38.613+0000] {processor.py:186} INFO - Started process (PID=21195) to work on /opt/airflow/dags/02_Silver/update_silver_layer.py
[2025-03-08T04:41:38.774+0000] {processor.py:914} INFO - Processing file /opt/airflow/dags/02_Silver/update_silver_layer.py for tasks to queue
[2025-03-08T04:41:38.875+0000] {logging_mixin.py:190} INFO - [2025-03-08T04:41:38.873+0000] {dagbag.py:588} INFO - Filling up the DagBag from /opt/airflow/dags/02_Silver/update_silver_layer.py
[2025-03-08T04:41:41.402+0000] {processor.py:925} INFO - DAG(s) 'FPL_silver_tables' retrieved from /opt/airflow/dags/02_Silver/update_silver_layer.py
[2025-03-08T04:41:41.835+0000] {logging_mixin.py:190} INFO - [2025-03-08T04:41:41.834+0000] {dag.py:3239} INFO - Sync 1 DAGs
[2025-03-08T04:41:42.337+0000] {logging_mixin.py:190} INFO - [2025-03-08T04:41:42.336+0000] {dag.py:4180} INFO - Setting next_dagrun for FPL_silver_tables to 2025-03-08 00:10:00+00:00, run_after=2025-03-09 00:10:00+00:00
[2025-03-08T04:41:42.556+0000] {processor.py:208} INFO - Processing /opt/airflow/dags/02_Silver/update_silver_layer.py took 4.261 seconds
[2025-03-08T04:42:13.766+0000] {processor.py:186} INFO - Started process (PID=21210) to work on /opt/airflow/dags/02_Silver/update_silver_layer.py
[2025-03-08T04:42:13.770+0000] {processor.py:914} INFO - Processing file /opt/airflow/dags/02_Silver/update_silver_layer.py for tasks to queue
[2025-03-08T04:42:13.777+0000] {logging_mixin.py:190} INFO - [2025-03-08T04:42:13.776+0000] {dagbag.py:588} INFO - Filling up the DagBag from /opt/airflow/dags/02_Silver/update_silver_layer.py
[2025-03-08T04:42:14.095+0000] {processor.py:925} INFO - DAG(s) 'FPL_silver_tables' retrieved from /opt/airflow/dags/02_Silver/update_silver_layer.py
[2025-03-08T04:42:14.280+0000] {logging_mixin.py:190} INFO - [2025-03-08T04:42:14.280+0000] {dag.py:3239} INFO - Sync 1 DAGs
[2025-03-08T04:42:14.458+0000] {logging_mixin.py:190} INFO - [2025-03-08T04:42:14.458+0000] {dag.py:4180} INFO - Setting next_dagrun for FPL_silver_tables to 2025-03-08 00:10:00+00:00, run_after=2025-03-09 00:10:00+00:00
[2025-03-08T04:42:14.564+0000] {processor.py:208} INFO - Processing /opt/airflow/dags/02_Silver/update_silver_layer.py took 0.824 seconds
[2025-03-08T04:42:45.202+0000] {processor.py:186} INFO - Started process (PID=21226) to work on /opt/airflow/dags/02_Silver/update_silver_layer.py
[2025-03-08T04:42:45.203+0000] {processor.py:914} INFO - Processing file /opt/airflow/dags/02_Silver/update_silver_layer.py for tasks to queue
[2025-03-08T04:42:45.208+0000] {logging_mixin.py:190} INFO - [2025-03-08T04:42:45.207+0000] {dagbag.py:588} INFO - Filling up the DagBag from /opt/airflow/dags/02_Silver/update_silver_layer.py
[2025-03-08T04:42:45.282+0000] {processor.py:925} INFO - DAG(s) 'FPL_silver_tables' retrieved from /opt/airflow/dags/02_Silver/update_silver_layer.py
[2025-03-08T04:42:45.322+0000] {logging_mixin.py:190} INFO - [2025-03-08T04:42:45.321+0000] {dag.py:3239} INFO - Sync 1 DAGs
[2025-03-08T04:42:45.360+0000] {logging_mixin.py:190} INFO - [2025-03-08T04:42:45.360+0000] {dag.py:4180} INFO - Setting next_dagrun for FPL_silver_tables to 2025-03-08 00:10:00+00:00, run_after=2025-03-09 00:10:00+00:00
[2025-03-08T04:42:45.392+0000] {processor.py:208} INFO - Processing /opt/airflow/dags/02_Silver/update_silver_layer.py took 0.202 seconds
[2025-03-08T04:43:15.524+0000] {processor.py:186} INFO - Started process (PID=21241) to work on /opt/airflow/dags/02_Silver/update_silver_layer.py
[2025-03-08T04:43:15.526+0000] {processor.py:914} INFO - Processing file /opt/airflow/dags/02_Silver/update_silver_layer.py for tasks to queue
[2025-03-08T04:43:15.530+0000] {logging_mixin.py:190} INFO - [2025-03-08T04:43:15.529+0000] {dagbag.py:588} INFO - Filling up the DagBag from /opt/airflow/dags/02_Silver/update_silver_layer.py
[2025-03-08T04:43:15.616+0000] {processor.py:925} INFO - DAG(s) 'FPL_silver_tables' retrieved from /opt/airflow/dags/02_Silver/update_silver_layer.py
[2025-03-08T04:43:15.669+0000] {logging_mixin.py:190} INFO - [2025-03-08T04:43:15.668+0000] {dag.py:3239} INFO - Sync 1 DAGs
[2025-03-08T04:43:15.734+0000] {logging_mixin.py:190} INFO - [2025-03-08T04:43:15.733+0000] {dag.py:4180} INFO - Setting next_dagrun for FPL_silver_tables to 2025-03-08 00:10:00+00:00, run_after=2025-03-09 00:10:00+00:00
[2025-03-08T04:43:15.830+0000] {processor.py:208} INFO - Processing /opt/airflow/dags/02_Silver/update_silver_layer.py took 0.325 seconds
[2025-03-08T04:43:45.945+0000] {processor.py:186} INFO - Started process (PID=21257) to work on /opt/airflow/dags/02_Silver/update_silver_layer.py
[2025-03-08T04:43:45.946+0000] {processor.py:914} INFO - Processing file /opt/airflow/dags/02_Silver/update_silver_layer.py for tasks to queue
[2025-03-08T04:43:45.950+0000] {logging_mixin.py:190} INFO - [2025-03-08T04:43:45.950+0000] {dagbag.py:588} INFO - Filling up the DagBag from /opt/airflow/dags/02_Silver/update_silver_layer.py
[2025-03-08T04:43:46.058+0000] {processor.py:925} INFO - DAG(s) 'FPL_silver_tables' retrieved from /opt/airflow/dags/02_Silver/update_silver_layer.py
[2025-03-08T04:43:46.102+0000] {logging_mixin.py:190} INFO - [2025-03-08T04:43:46.101+0000] {dag.py:3239} INFO - Sync 1 DAGs
[2025-03-08T04:43:46.142+0000] {logging_mixin.py:190} INFO - [2025-03-08T04:43:46.142+0000] {dag.py:4180} INFO - Setting next_dagrun for FPL_silver_tables to 2025-03-08 00:10:00+00:00, run_after=2025-03-09 00:10:00+00:00
[2025-03-08T04:43:46.241+0000] {processor.py:208} INFO - Processing /opt/airflow/dags/02_Silver/update_silver_layer.py took 0.304 seconds
[2025-03-08T04:44:16.459+0000] {processor.py:186} INFO - Started process (PID=21272) to work on /opt/airflow/dags/02_Silver/update_silver_layer.py
[2025-03-08T04:44:16.460+0000] {processor.py:914} INFO - Processing file /opt/airflow/dags/02_Silver/update_silver_layer.py for tasks to queue
[2025-03-08T04:44:16.464+0000] {logging_mixin.py:190} INFO - [2025-03-08T04:44:16.463+0000] {dagbag.py:588} INFO - Filling up the DagBag from /opt/airflow/dags/02_Silver/update_silver_layer.py
[2025-03-08T04:44:16.533+0000] {processor.py:925} INFO - DAG(s) 'FPL_silver_tables' retrieved from /opt/airflow/dags/02_Silver/update_silver_layer.py
[2025-03-08T04:44:16.570+0000] {logging_mixin.py:190} INFO - [2025-03-08T04:44:16.570+0000] {dag.py:3239} INFO - Sync 1 DAGs
[2025-03-08T04:44:16.608+0000] {logging_mixin.py:190} INFO - [2025-03-08T04:44:16.608+0000] {dag.py:4180} INFO - Setting next_dagrun for FPL_silver_tables to 2025-03-08 00:10:00+00:00, run_after=2025-03-09 00:10:00+00:00
[2025-03-08T04:44:16.642+0000] {processor.py:208} INFO - Processing /opt/airflow/dags/02_Silver/update_silver_layer.py took 0.194 seconds
[2025-03-08T04:44:47.111+0000] {processor.py:186} INFO - Started process (PID=21288) to work on /opt/airflow/dags/02_Silver/update_silver_layer.py
[2025-03-08T04:44:47.113+0000] {processor.py:914} INFO - Processing file /opt/airflow/dags/02_Silver/update_silver_layer.py for tasks to queue
[2025-03-08T04:44:47.118+0000] {logging_mixin.py:190} INFO - [2025-03-08T04:44:47.117+0000] {dagbag.py:588} INFO - Filling up the DagBag from /opt/airflow/dags/02_Silver/update_silver_layer.py
[2025-03-08T04:44:47.185+0000] {processor.py:925} INFO - DAG(s) 'FPL_silver_tables' retrieved from /opt/airflow/dags/02_Silver/update_silver_layer.py
[2025-03-08T04:44:47.223+0000] {logging_mixin.py:190} INFO - [2025-03-08T04:44:47.222+0000] {dag.py:3239} INFO - Sync 1 DAGs
[2025-03-08T04:44:47.263+0000] {logging_mixin.py:190} INFO - [2025-03-08T04:44:47.263+0000] {dag.py:4180} INFO - Setting next_dagrun for FPL_silver_tables to 2025-03-08 00:10:00+00:00, run_after=2025-03-09 00:10:00+00:00
[2025-03-08T04:44:47.300+0000] {processor.py:208} INFO - Processing /opt/airflow/dags/02_Silver/update_silver_layer.py took 0.197 seconds
[2025-03-08T04:45:17.648+0000] {processor.py:186} INFO - Started process (PID=21303) to work on /opt/airflow/dags/02_Silver/update_silver_layer.py
[2025-03-08T04:45:17.652+0000] {processor.py:914} INFO - Processing file /opt/airflow/dags/02_Silver/update_silver_layer.py for tasks to queue
[2025-03-08T04:45:17.670+0000] {logging_mixin.py:190} INFO - [2025-03-08T04:45:17.666+0000] {dagbag.py:588} INFO - Filling up the DagBag from /opt/airflow/dags/02_Silver/update_silver_layer.py
[2025-03-08T04:45:17.900+0000] {processor.py:925} INFO - DAG(s) 'FPL_silver_tables' retrieved from /opt/airflow/dags/02_Silver/update_silver_layer.py
[2025-03-08T04:45:17.985+0000] {logging_mixin.py:190} INFO - [2025-03-08T04:45:17.985+0000] {dag.py:3239} INFO - Sync 1 DAGs
[2025-03-08T04:45:18.058+0000] {logging_mixin.py:190} INFO - [2025-03-08T04:45:18.058+0000] {dag.py:4180} INFO - Setting next_dagrun for FPL_silver_tables to 2025-03-08 00:10:00+00:00, run_after=2025-03-09 00:10:00+00:00
[2025-03-08T04:45:18.110+0000] {processor.py:208} INFO - Processing /opt/airflow/dags/02_Silver/update_silver_layer.py took 0.476 seconds
[2025-03-08T04:45:49.136+0000] {processor.py:186} INFO - Started process (PID=21318) to work on /opt/airflow/dags/02_Silver/update_silver_layer.py
[2025-03-08T04:45:49.138+0000] {processor.py:914} INFO - Processing file /opt/airflow/dags/02_Silver/update_silver_layer.py for tasks to queue
[2025-03-08T04:45:49.143+0000] {logging_mixin.py:190} INFO - [2025-03-08T04:45:49.142+0000] {dagbag.py:588} INFO - Filling up the DagBag from /opt/airflow/dags/02_Silver/update_silver_layer.py
[2025-03-08T04:45:49.249+0000] {processor.py:925} INFO - DAG(s) 'FPL_silver_tables' retrieved from /opt/airflow/dags/02_Silver/update_silver_layer.py
[2025-03-08T04:45:49.297+0000] {logging_mixin.py:190} INFO - [2025-03-08T04:45:49.297+0000] {dag.py:3239} INFO - Sync 1 DAGs
[2025-03-08T04:45:49.337+0000] {logging_mixin.py:190} INFO - [2025-03-08T04:45:49.337+0000] {dag.py:4180} INFO - Setting next_dagrun for FPL_silver_tables to 2025-03-08 00:10:00+00:00, run_after=2025-03-09 00:10:00+00:00
[2025-03-08T04:45:49.370+0000] {processor.py:208} INFO - Processing /opt/airflow/dags/02_Silver/update_silver_layer.py took 0.244 seconds
[2025-03-08T04:46:19.888+0000] {processor.py:186} INFO - Started process (PID=21333) to work on /opt/airflow/dags/02_Silver/update_silver_layer.py
[2025-03-08T04:46:19.890+0000] {processor.py:914} INFO - Processing file /opt/airflow/dags/02_Silver/update_silver_layer.py for tasks to queue
[2025-03-08T04:46:19.897+0000] {logging_mixin.py:190} INFO - [2025-03-08T04:46:19.895+0000] {dagbag.py:588} INFO - Filling up the DagBag from /opt/airflow/dags/02_Silver/update_silver_layer.py
[2025-03-08T04:46:20.037+0000] {processor.py:925} INFO - DAG(s) 'FPL_silver_tables' retrieved from /opt/airflow/dags/02_Silver/update_silver_layer.py
[2025-03-08T04:46:20.152+0000] {logging_mixin.py:190} INFO - [2025-03-08T04:46:20.151+0000] {dag.py:3239} INFO - Sync 1 DAGs
[2025-03-08T04:46:20.266+0000] {logging_mixin.py:190} INFO - [2025-03-08T04:46:20.265+0000] {dag.py:4180} INFO - Setting next_dagrun for FPL_silver_tables to 2025-03-08 00:10:00+00:00, run_after=2025-03-09 00:10:00+00:00
[2025-03-08T04:46:20.356+0000] {processor.py:208} INFO - Processing /opt/airflow/dags/02_Silver/update_silver_layer.py took 0.491 seconds
[2025-03-08T04:46:50.870+0000] {processor.py:186} INFO - Started process (PID=21348) to work on /opt/airflow/dags/02_Silver/update_silver_layer.py
[2025-03-08T04:46:50.872+0000] {processor.py:914} INFO - Processing file /opt/airflow/dags/02_Silver/update_silver_layer.py for tasks to queue
[2025-03-08T04:46:50.877+0000] {logging_mixin.py:190} INFO - [2025-03-08T04:46:50.876+0000] {dagbag.py:588} INFO - Filling up the DagBag from /opt/airflow/dags/02_Silver/update_silver_layer.py
[2025-03-08T04:46:50.966+0000] {processor.py:925} INFO - DAG(s) 'FPL_silver_tables' retrieved from /opt/airflow/dags/02_Silver/update_silver_layer.py
[2025-03-08T04:46:51.015+0000] {logging_mixin.py:190} INFO - [2025-03-08T04:46:51.014+0000] {dag.py:3239} INFO - Sync 1 DAGs
[2025-03-08T04:46:51.065+0000] {logging_mixin.py:190} INFO - [2025-03-08T04:46:51.064+0000] {dag.py:4180} INFO - Setting next_dagrun for FPL_silver_tables to 2025-03-08 00:10:00+00:00, run_after=2025-03-09 00:10:00+00:00
[2025-03-08T04:46:51.116+0000] {processor.py:208} INFO - Processing /opt/airflow/dags/02_Silver/update_silver_layer.py took 0.258 seconds
[2025-03-08T04:47:21.254+0000] {processor.py:186} INFO - Started process (PID=21363) to work on /opt/airflow/dags/02_Silver/update_silver_layer.py
[2025-03-08T04:47:21.256+0000] {processor.py:914} INFO - Processing file /opt/airflow/dags/02_Silver/update_silver_layer.py for tasks to queue
[2025-03-08T04:47:21.260+0000] {logging_mixin.py:190} INFO - [2025-03-08T04:47:21.259+0000] {dagbag.py:588} INFO - Filling up the DagBag from /opt/airflow/dags/02_Silver/update_silver_layer.py
[2025-03-08T04:47:21.333+0000] {processor.py:925} INFO - DAG(s) 'FPL_silver_tables' retrieved from /opt/airflow/dags/02_Silver/update_silver_layer.py
[2025-03-08T04:47:21.386+0000] {logging_mixin.py:190} INFO - [2025-03-08T04:47:21.385+0000] {dag.py:3239} INFO - Sync 1 DAGs
[2025-03-08T04:47:21.440+0000] {logging_mixin.py:190} INFO - [2025-03-08T04:47:21.440+0000] {dag.py:4180} INFO - Setting next_dagrun for FPL_silver_tables to 2025-03-08 00:10:00+00:00, run_after=2025-03-09 00:10:00+00:00
[2025-03-08T04:47:21.477+0000] {processor.py:208} INFO - Processing /opt/airflow/dags/02_Silver/update_silver_layer.py took 0.239 seconds
[2025-03-08T04:47:52.066+0000] {processor.py:186} INFO - Started process (PID=21378) to work on /opt/airflow/dags/02_Silver/update_silver_layer.py
[2025-03-08T04:47:52.067+0000] {processor.py:914} INFO - Processing file /opt/airflow/dags/02_Silver/update_silver_layer.py for tasks to queue
[2025-03-08T04:47:52.070+0000] {logging_mixin.py:190} INFO - [2025-03-08T04:47:52.070+0000] {dagbag.py:588} INFO - Filling up the DagBag from /opt/airflow/dags/02_Silver/update_silver_layer.py
[2025-03-08T04:47:52.134+0000] {processor.py:925} INFO - DAG(s) 'FPL_silver_tables' retrieved from /opt/airflow/dags/02_Silver/update_silver_layer.py
[2025-03-08T04:47:52.167+0000] {logging_mixin.py:190} INFO - [2025-03-08T04:47:52.167+0000] {dag.py:3239} INFO - Sync 1 DAGs
[2025-03-08T04:47:52.216+0000] {logging_mixin.py:190} INFO - [2025-03-08T04:47:52.215+0000] {dag.py:4180} INFO - Setting next_dagrun for FPL_silver_tables to 2025-03-08 00:10:00+00:00, run_after=2025-03-09 00:10:00+00:00
[2025-03-08T04:47:52.273+0000] {processor.py:208} INFO - Processing /opt/airflow/dags/02_Silver/update_silver_layer.py took 0.215 seconds
[2025-03-08T04:48:22.614+0000] {processor.py:186} INFO - Started process (PID=21393) to work on /opt/airflow/dags/02_Silver/update_silver_layer.py
[2025-03-08T04:48:22.615+0000] {processor.py:914} INFO - Processing file /opt/airflow/dags/02_Silver/update_silver_layer.py for tasks to queue
[2025-03-08T04:48:22.620+0000] {logging_mixin.py:190} INFO - [2025-03-08T04:48:22.619+0000] {dagbag.py:588} INFO - Filling up the DagBag from /opt/airflow/dags/02_Silver/update_silver_layer.py
[2025-03-08T04:48:22.684+0000] {processor.py:925} INFO - DAG(s) 'FPL_silver_tables' retrieved from /opt/airflow/dags/02_Silver/update_silver_layer.py
[2025-03-08T04:48:22.721+0000] {logging_mixin.py:190} INFO - [2025-03-08T04:48:22.721+0000] {dag.py:3239} INFO - Sync 1 DAGs
[2025-03-08T04:48:22.760+0000] {logging_mixin.py:190} INFO - [2025-03-08T04:48:22.760+0000] {dag.py:4180} INFO - Setting next_dagrun for FPL_silver_tables to 2025-03-08 00:10:00+00:00, run_after=2025-03-09 00:10:00+00:00
[2025-03-08T04:48:22.790+0000] {processor.py:208} INFO - Processing /opt/airflow/dags/02_Silver/update_silver_layer.py took 0.192 seconds
[2025-03-08T04:48:53.263+0000] {processor.py:186} INFO - Started process (PID=21408) to work on /opt/airflow/dags/02_Silver/update_silver_layer.py
[2025-03-08T04:48:53.266+0000] {processor.py:914} INFO - Processing file /opt/airflow/dags/02_Silver/update_silver_layer.py for tasks to queue
[2025-03-08T04:48:53.271+0000] {logging_mixin.py:190} INFO - [2025-03-08T04:48:53.270+0000] {dagbag.py:588} INFO - Filling up the DagBag from /opt/airflow/dags/02_Silver/update_silver_layer.py
[2025-03-08T04:48:53.344+0000] {processor.py:925} INFO - DAG(s) 'FPL_silver_tables' retrieved from /opt/airflow/dags/02_Silver/update_silver_layer.py
[2025-03-08T04:48:53.394+0000] {logging_mixin.py:190} INFO - [2025-03-08T04:48:53.394+0000] {dag.py:3239} INFO - Sync 1 DAGs
[2025-03-08T04:48:53.442+0000] {logging_mixin.py:190} INFO - [2025-03-08T04:48:53.442+0000] {dag.py:4180} INFO - Setting next_dagrun for FPL_silver_tables to 2025-03-08 00:10:00+00:00, run_after=2025-03-09 00:10:00+00:00
[2025-03-08T04:48:53.479+0000] {processor.py:208} INFO - Processing /opt/airflow/dags/02_Silver/update_silver_layer.py took 0.230 seconds
[2025-03-08T04:49:23.589+0000] {processor.py:186} INFO - Started process (PID=21421) to work on /opt/airflow/dags/02_Silver/update_silver_layer.py
[2025-03-08T04:49:23.591+0000] {processor.py:914} INFO - Processing file /opt/airflow/dags/02_Silver/update_silver_layer.py for tasks to queue
[2025-03-08T04:49:23.595+0000] {logging_mixin.py:190} INFO - [2025-03-08T04:49:23.594+0000] {dagbag.py:588} INFO - Filling up the DagBag from /opt/airflow/dags/02_Silver/update_silver_layer.py
[2025-03-08T04:49:23.665+0000] {processor.py:925} INFO - DAG(s) 'FPL_silver_tables' retrieved from /opt/airflow/dags/02_Silver/update_silver_layer.py
[2025-03-08T04:49:23.722+0000] {logging_mixin.py:190} INFO - [2025-03-08T04:49:23.721+0000] {dag.py:3239} INFO - Sync 1 DAGs
[2025-03-08T04:49:23.783+0000] {logging_mixin.py:190} INFO - [2025-03-08T04:49:23.783+0000] {dag.py:4180} INFO - Setting next_dagrun for FPL_silver_tables to 2025-03-08 00:10:00+00:00, run_after=2025-03-09 00:10:00+00:00
[2025-03-08T04:49:24.030+0000] {processor.py:208} INFO - Processing /opt/airflow/dags/02_Silver/update_silver_layer.py took 0.454 seconds
[2025-03-08T04:49:54.601+0000] {processor.py:186} INFO - Started process (PID=21434) to work on /opt/airflow/dags/02_Silver/update_silver_layer.py
[2025-03-08T04:49:54.604+0000] {processor.py:914} INFO - Processing file /opt/airflow/dags/02_Silver/update_silver_layer.py for tasks to queue
[2025-03-08T04:49:54.613+0000] {logging_mixin.py:190} INFO - [2025-03-08T04:49:54.612+0000] {dagbag.py:588} INFO - Filling up the DagBag from /opt/airflow/dags/02_Silver/update_silver_layer.py
[2025-03-08T04:49:54.696+0000] {processor.py:925} INFO - DAG(s) 'FPL_silver_tables' retrieved from /opt/airflow/dags/02_Silver/update_silver_layer.py
[2025-03-08T04:49:54.778+0000] {logging_mixin.py:190} INFO - [2025-03-08T04:49:54.774+0000] {dag.py:3239} INFO - Sync 1 DAGs
[2025-03-08T04:49:54.872+0000] {logging_mixin.py:190} INFO - [2025-03-08T04:49:54.872+0000] {dag.py:4180} INFO - Setting next_dagrun for FPL_silver_tables to 2025-03-08 00:10:00+00:00, run_after=2025-03-09 00:10:00+00:00
[2025-03-08T04:49:54.911+0000] {processor.py:208} INFO - Processing /opt/airflow/dags/02_Silver/update_silver_layer.py took 0.329 seconds
[2025-03-08T04:50:25.343+0000] {processor.py:186} INFO - Started process (PID=21449) to work on /opt/airflow/dags/02_Silver/update_silver_layer.py
[2025-03-08T04:50:25.345+0000] {processor.py:914} INFO - Processing file /opt/airflow/dags/02_Silver/update_silver_layer.py for tasks to queue
[2025-03-08T04:50:25.351+0000] {logging_mixin.py:190} INFO - [2025-03-08T04:50:25.350+0000] {dagbag.py:588} INFO - Filling up the DagBag from /opt/airflow/dags/02_Silver/update_silver_layer.py
[2025-03-08T04:50:25.429+0000] {processor.py:925} INFO - DAG(s) 'FPL_silver_tables' retrieved from /opt/airflow/dags/02_Silver/update_silver_layer.py
[2025-03-08T04:50:25.494+0000] {logging_mixin.py:190} INFO - [2025-03-08T04:50:25.494+0000] {dag.py:3239} INFO - Sync 1 DAGs
[2025-03-08T04:50:25.563+0000] {logging_mixin.py:190} INFO - [2025-03-08T04:50:25.562+0000] {dag.py:4180} INFO - Setting next_dagrun for FPL_silver_tables to 2025-03-08 00:10:00+00:00, run_after=2025-03-09 00:10:00+00:00
[2025-03-08T04:50:25.667+0000] {processor.py:208} INFO - Processing /opt/airflow/dags/02_Silver/update_silver_layer.py took 0.337 seconds
[2025-03-08T04:50:55.840+0000] {processor.py:186} INFO - Started process (PID=21464) to work on /opt/airflow/dags/02_Silver/update_silver_layer.py
[2025-03-08T04:50:55.841+0000] {processor.py:914} INFO - Processing file /opt/airflow/dags/02_Silver/update_silver_layer.py for tasks to queue
[2025-03-08T04:50:55.845+0000] {logging_mixin.py:190} INFO - [2025-03-08T04:50:55.844+0000] {dagbag.py:588} INFO - Filling up the DagBag from /opt/airflow/dags/02_Silver/update_silver_layer.py
[2025-03-08T04:50:55.908+0000] {processor.py:925} INFO - DAG(s) 'FPL_silver_tables' retrieved from /opt/airflow/dags/02_Silver/update_silver_layer.py
[2025-03-08T04:50:55.989+0000] {logging_mixin.py:190} INFO - [2025-03-08T04:50:55.988+0000] {dag.py:3239} INFO - Sync 1 DAGs
[2025-03-08T04:50:56.250+0000] {logging_mixin.py:190} INFO - [2025-03-08T04:50:56.249+0000] {dag.py:4180} INFO - Setting next_dagrun for FPL_silver_tables to 2025-03-08 00:10:00+00:00, run_after=2025-03-09 00:10:00+00:00
[2025-03-08T04:50:56.336+0000] {processor.py:208} INFO - Processing /opt/airflow/dags/02_Silver/update_silver_layer.py took 0.504 seconds
[2025-03-08T04:51:26.803+0000] {processor.py:186} INFO - Started process (PID=21479) to work on /opt/airflow/dags/02_Silver/update_silver_layer.py
[2025-03-08T04:51:26.806+0000] {processor.py:914} INFO - Processing file /opt/airflow/dags/02_Silver/update_silver_layer.py for tasks to queue
[2025-03-08T04:51:26.812+0000] {logging_mixin.py:190} INFO - [2025-03-08T04:51:26.811+0000] {dagbag.py:588} INFO - Filling up the DagBag from /opt/airflow/dags/02_Silver/update_silver_layer.py
[2025-03-08T04:51:26.879+0000] {processor.py:925} INFO - DAG(s) 'FPL_silver_tables' retrieved from /opt/airflow/dags/02_Silver/update_silver_layer.py
[2025-03-08T04:51:26.925+0000] {logging_mixin.py:190} INFO - [2025-03-08T04:51:26.925+0000] {dag.py:3239} INFO - Sync 1 DAGs
[2025-03-08T04:51:26.970+0000] {logging_mixin.py:190} INFO - [2025-03-08T04:51:26.970+0000] {dag.py:4180} INFO - Setting next_dagrun for FPL_silver_tables to 2025-03-08 00:10:00+00:00, run_after=2025-03-09 00:10:00+00:00
[2025-03-08T04:51:27.042+0000] {processor.py:208} INFO - Processing /opt/airflow/dags/02_Silver/update_silver_layer.py took 0.252 seconds
[2025-03-08T04:51:57.600+0000] {processor.py:186} INFO - Started process (PID=21492) to work on /opt/airflow/dags/02_Silver/update_silver_layer.py
[2025-03-08T04:51:57.602+0000] {processor.py:914} INFO - Processing file /opt/airflow/dags/02_Silver/update_silver_layer.py for tasks to queue
[2025-03-08T04:51:57.607+0000] {logging_mixin.py:190} INFO - [2025-03-08T04:51:57.605+0000] {dagbag.py:588} INFO - Filling up the DagBag from /opt/airflow/dags/02_Silver/update_silver_layer.py
[2025-03-08T04:51:57.681+0000] {processor.py:925} INFO - DAG(s) 'FPL_silver_tables' retrieved from /opt/airflow/dags/02_Silver/update_silver_layer.py
[2025-03-08T04:51:57.732+0000] {logging_mixin.py:190} INFO - [2025-03-08T04:51:57.731+0000] {dag.py:3239} INFO - Sync 1 DAGs
[2025-03-08T04:51:57.792+0000] {logging_mixin.py:190} INFO - [2025-03-08T04:51:57.791+0000] {dag.py:4180} INFO - Setting next_dagrun for FPL_silver_tables to 2025-03-08 00:10:00+00:00, run_after=2025-03-09 00:10:00+00:00
[2025-03-08T04:51:57.834+0000] {processor.py:208} INFO - Processing /opt/airflow/dags/02_Silver/update_silver_layer.py took 0.250 seconds
[2025-03-08T04:52:28.688+0000] {processor.py:186} INFO - Started process (PID=21508) to work on /opt/airflow/dags/02_Silver/update_silver_layer.py
[2025-03-08T04:52:28.690+0000] {processor.py:914} INFO - Processing file /opt/airflow/dags/02_Silver/update_silver_layer.py for tasks to queue
[2025-03-08T04:52:28.694+0000] {logging_mixin.py:190} INFO - [2025-03-08T04:52:28.694+0000] {dagbag.py:588} INFO - Filling up the DagBag from /opt/airflow/dags/02_Silver/update_silver_layer.py
[2025-03-08T04:52:28.766+0000] {processor.py:925} INFO - DAG(s) 'FPL_silver_tables' retrieved from /opt/airflow/dags/02_Silver/update_silver_layer.py
[2025-03-08T04:52:28.810+0000] {logging_mixin.py:190} INFO - [2025-03-08T04:52:28.809+0000] {dag.py:3239} INFO - Sync 1 DAGs
[2025-03-08T04:52:29.106+0000] {logging_mixin.py:190} INFO - [2025-03-08T04:52:29.105+0000] {dag.py:4180} INFO - Setting next_dagrun for FPL_silver_tables to 2025-03-08 00:10:00+00:00, run_after=2025-03-09 00:10:00+00:00
[2025-03-08T04:52:29.143+0000] {processor.py:208} INFO - Processing /opt/airflow/dags/02_Silver/update_silver_layer.py took 0.464 seconds
[2025-03-08T04:52:59.292+0000] {processor.py:186} INFO - Started process (PID=21529) to work on /opt/airflow/dags/02_Silver/update_silver_layer.py
[2025-03-08T04:52:59.294+0000] {processor.py:914} INFO - Processing file /opt/airflow/dags/02_Silver/update_silver_layer.py for tasks to queue
[2025-03-08T04:52:59.299+0000] {logging_mixin.py:190} INFO - [2025-03-08T04:52:59.299+0000] {dagbag.py:588} INFO - Filling up the DagBag from /opt/airflow/dags/02_Silver/update_silver_layer.py
[2025-03-08T04:52:59.393+0000] {processor.py:925} INFO - DAG(s) 'FPL_silver_tables' retrieved from /opt/airflow/dags/02_Silver/update_silver_layer.py
[2025-03-08T04:52:59.443+0000] {logging_mixin.py:190} INFO - [2025-03-08T04:52:59.442+0000] {dag.py:3239} INFO - Sync 1 DAGs
[2025-03-08T04:52:59.491+0000] {logging_mixin.py:190} INFO - [2025-03-08T04:52:59.491+0000] {dag.py:4180} INFO - Setting next_dagrun for FPL_silver_tables to 2025-03-08 00:10:00+00:00, run_after=2025-03-09 00:10:00+00:00
[2025-03-08T04:52:59.537+0000] {processor.py:208} INFO - Processing /opt/airflow/dags/02_Silver/update_silver_layer.py took 0.256 seconds
[2025-03-08T05:05:41.364+0000] {processor.py:186} INFO - Started process (PID=82) to work on /opt/airflow/dags/02_Silver/update_silver_layer.py
[2025-03-08T05:05:41.370+0000] {processor.py:914} INFO - Processing file /opt/airflow/dags/02_Silver/update_silver_layer.py for tasks to queue
[2025-03-08T05:05:41.390+0000] {logging_mixin.py:190} INFO - [2025-03-08T05:05:41.389+0000] {dagbag.py:588} INFO - Filling up the DagBag from /opt/airflow/dags/02_Silver/update_silver_layer.py
[2025-03-08T05:05:42.074+0000] {processor.py:925} INFO - DAG(s) 'FPL_silver_tables' retrieved from /opt/airflow/dags/02_Silver/update_silver_layer.py
[2025-03-08T05:05:42.466+0000] {logging_mixin.py:190} INFO - [2025-03-08T05:05:42.465+0000] {dag.py:3239} INFO - Sync 1 DAGs
[2025-03-08T05:05:42.768+0000] {logging_mixin.py:190} INFO - [2025-03-08T05:05:42.767+0000] {dag.py:4180} INFO - Setting next_dagrun for FPL_silver_tables to 2025-03-08 00:10:00+00:00, run_after=2025-03-09 00:10:00+00:00
[2025-03-08T05:05:42.974+0000] {processor.py:208} INFO - Processing /opt/airflow/dags/02_Silver/update_silver_layer.py took 1.650 seconds
[2025-03-08T05:08:00.149+0000] {processor.py:186} INFO - Started process (PID=100) to work on /opt/airflow/dags/02_Silver/update_silver_layer.py
[2025-03-08T05:08:00.161+0000] {processor.py:914} INFO - Processing file /opt/airflow/dags/02_Silver/update_silver_layer.py for tasks to queue
[2025-03-08T05:08:00.168+0000] {logging_mixin.py:190} INFO - [2025-03-08T05:08:00.167+0000] {dagbag.py:588} INFO - Filling up the DagBag from /opt/airflow/dags/02_Silver/update_silver_layer.py
[2025-03-08T05:08:00.281+0000] {processor.py:925} INFO - DAG(s) 'FPL_silver_tables' retrieved from /opt/airflow/dags/02_Silver/update_silver_layer.py
[2025-03-08T05:08:00.374+0000] {logging_mixin.py:190} INFO - [2025-03-08T05:08:00.374+0000] {dag.py:3239} INFO - Sync 1 DAGs
[2025-03-08T05:08:02.001+0000] {logging_mixin.py:190} INFO - [2025-03-08T05:08:01.998+0000] {dag.py:4180} INFO - Setting next_dagrun for FPL_silver_tables to 2025-03-08 00:10:00+00:00, run_after=2025-03-09 00:10:00+00:00
[2025-03-08T05:08:03.028+0000] {processor.py:208} INFO - Processing /opt/airflow/dags/02_Silver/update_silver_layer.py took 2.895 seconds
[2025-03-08T05:08:33.761+0000] {processor.py:186} INFO - Started process (PID=129) to work on /opt/airflow/dags/02_Silver/update_silver_layer.py
[2025-03-08T05:08:33.767+0000] {processor.py:914} INFO - Processing file /opt/airflow/dags/02_Silver/update_silver_layer.py for tasks to queue
[2025-03-08T05:08:33.813+0000] {logging_mixin.py:190} INFO - [2025-03-08T05:08:33.812+0000] {dagbag.py:588} INFO - Filling up the DagBag from /opt/airflow/dags/02_Silver/update_silver_layer.py
[2025-03-08T05:08:34.407+0000] {processor.py:925} INFO - DAG(s) 'FPL_silver_tables' retrieved from /opt/airflow/dags/02_Silver/update_silver_layer.py
[2025-03-08T05:08:34.625+0000] {logging_mixin.py:190} INFO - [2025-03-08T05:08:34.625+0000] {dag.py:3239} INFO - Sync 1 DAGs
[2025-03-08T05:08:34.822+0000] {logging_mixin.py:190} INFO - [2025-03-08T05:08:34.821+0000] {dag.py:4180} INFO - Setting next_dagrun for FPL_silver_tables to 2025-03-08 00:10:00+00:00, run_after=2025-03-09 00:10:00+00:00
[2025-03-08T05:08:35.019+0000] {processor.py:208} INFO - Processing /opt/airflow/dags/02_Silver/update_silver_layer.py took 1.314 seconds
[2025-03-08T05:09:05.613+0000] {processor.py:186} INFO - Started process (PID=149) to work on /opt/airflow/dags/02_Silver/update_silver_layer.py
[2025-03-08T05:09:05.616+0000] {processor.py:914} INFO - Processing file /opt/airflow/dags/02_Silver/update_silver_layer.py for tasks to queue
[2025-03-08T05:09:05.627+0000] {logging_mixin.py:190} INFO - [2025-03-08T05:09:05.625+0000] {dagbag.py:588} INFO - Filling up the DagBag from /opt/airflow/dags/02_Silver/update_silver_layer.py
[2025-03-08T05:09:05.974+0000] {processor.py:925} INFO - DAG(s) 'FPL_silver_tables' retrieved from /opt/airflow/dags/02_Silver/update_silver_layer.py
[2025-03-08T05:09:06.186+0000] {logging_mixin.py:190} INFO - [2025-03-08T05:09:06.185+0000] {dag.py:3239} INFO - Sync 1 DAGs
[2025-03-08T05:09:06.454+0000] {logging_mixin.py:190} INFO - [2025-03-08T05:09:06.453+0000] {dag.py:4180} INFO - Setting next_dagrun for FPL_silver_tables to 2025-03-08 00:10:00+00:00, run_after=2025-03-09 00:10:00+00:00
[2025-03-08T05:09:06.662+0000] {processor.py:208} INFO - Processing /opt/airflow/dags/02_Silver/update_silver_layer.py took 1.078 seconds
[2025-03-08T05:09:37.203+0000] {processor.py:186} INFO - Started process (PID=176) to work on /opt/airflow/dags/02_Silver/update_silver_layer.py
[2025-03-08T05:09:37.206+0000] {processor.py:914} INFO - Processing file /opt/airflow/dags/02_Silver/update_silver_layer.py for tasks to queue
[2025-03-08T05:09:37.216+0000] {logging_mixin.py:190} INFO - [2025-03-08T05:09:37.215+0000] {dagbag.py:588} INFO - Filling up the DagBag from /opt/airflow/dags/02_Silver/update_silver_layer.py
[2025-03-08T05:09:37.557+0000] {processor.py:925} INFO - DAG(s) 'FPL_silver_tables' retrieved from /opt/airflow/dags/02_Silver/update_silver_layer.py
[2025-03-08T05:09:37.716+0000] {logging_mixin.py:190} INFO - [2025-03-08T05:09:37.715+0000] {dag.py:3239} INFO - Sync 1 DAGs
[2025-03-08T05:09:37.879+0000] {logging_mixin.py:190} INFO - [2025-03-08T05:09:37.878+0000] {dag.py:4180} INFO - Setting next_dagrun for FPL_silver_tables to 2025-03-08 00:10:00+00:00, run_after=2025-03-09 00:10:00+00:00
[2025-03-08T05:09:37.968+0000] {processor.py:208} INFO - Processing /opt/airflow/dags/02_Silver/update_silver_layer.py took 0.799 seconds
[2025-03-08T05:10:08.694+0000] {processor.py:186} INFO - Started process (PID=191) to work on /opt/airflow/dags/02_Silver/update_silver_layer.py
[2025-03-08T05:10:08.698+0000] {processor.py:914} INFO - Processing file /opt/airflow/dags/02_Silver/update_silver_layer.py for tasks to queue
[2025-03-08T05:10:08.708+0000] {logging_mixin.py:190} INFO - [2025-03-08T05:10:08.707+0000] {dagbag.py:588} INFO - Filling up the DagBag from /opt/airflow/dags/02_Silver/update_silver_layer.py
[2025-03-08T05:10:08.875+0000] {processor.py:925} INFO - DAG(s) 'FPL_silver_tables' retrieved from /opt/airflow/dags/02_Silver/update_silver_layer.py
[2025-03-08T05:10:08.994+0000] {logging_mixin.py:190} INFO - [2025-03-08T05:10:08.993+0000] {dag.py:3239} INFO - Sync 1 DAGs
[2025-03-08T05:10:09.114+0000] {logging_mixin.py:190} INFO - [2025-03-08T05:10:09.113+0000] {dag.py:4180} INFO - Setting next_dagrun for FPL_silver_tables to 2025-03-08 00:10:00+00:00, run_after=2025-03-09 00:10:00+00:00
[2025-03-08T05:10:09.201+0000] {processor.py:208} INFO - Processing /opt/airflow/dags/02_Silver/update_silver_layer.py took 0.534 seconds
[2025-03-08T05:10:39.488+0000] {processor.py:186} INFO - Started process (PID=206) to work on /opt/airflow/dags/02_Silver/update_silver_layer.py
[2025-03-08T05:10:39.490+0000] {processor.py:914} INFO - Processing file /opt/airflow/dags/02_Silver/update_silver_layer.py for tasks to queue
[2025-03-08T05:10:39.498+0000] {logging_mixin.py:190} INFO - [2025-03-08T05:10:39.497+0000] {dagbag.py:588} INFO - Filling up the DagBag from /opt/airflow/dags/02_Silver/update_silver_layer.py
[2025-03-08T05:10:39.594+0000] {processor.py:925} INFO - DAG(s) 'FPL_silver_tables' retrieved from /opt/airflow/dags/02_Silver/update_silver_layer.py
[2025-03-08T05:10:39.668+0000] {logging_mixin.py:190} INFO - [2025-03-08T05:10:39.668+0000] {dag.py:3239} INFO - Sync 1 DAGs
[2025-03-08T05:10:39.775+0000] {logging_mixin.py:190} INFO - [2025-03-08T05:10:39.774+0000] {dag.py:4180} INFO - Setting next_dagrun for FPL_silver_tables to 2025-03-08 00:10:00+00:00, run_after=2025-03-09 00:10:00+00:00
[2025-03-08T05:10:39.880+0000] {processor.py:208} INFO - Processing /opt/airflow/dags/02_Silver/update_silver_layer.py took 0.408 seconds
[2025-03-08T05:11:10.286+0000] {processor.py:186} INFO - Started process (PID=221) to work on /opt/airflow/dags/02_Silver/update_silver_layer.py
[2025-03-08T05:11:10.290+0000] {processor.py:914} INFO - Processing file /opt/airflow/dags/02_Silver/update_silver_layer.py for tasks to queue
[2025-03-08T05:11:10.298+0000] {logging_mixin.py:190} INFO - [2025-03-08T05:11:10.297+0000] {dagbag.py:588} INFO - Filling up the DagBag from /opt/airflow/dags/02_Silver/update_silver_layer.py
[2025-03-08T05:11:10.446+0000] {processor.py:925} INFO - DAG(s) 'FPL_silver_tables' retrieved from /opt/airflow/dags/02_Silver/update_silver_layer.py
[2025-03-08T05:11:10.587+0000] {logging_mixin.py:190} INFO - [2025-03-08T05:11:10.586+0000] {dag.py:3239} INFO - Sync 1 DAGs
[2025-03-08T05:11:10.784+0000] {logging_mixin.py:190} INFO - [2025-03-08T05:11:10.783+0000] {dag.py:4180} INFO - Setting next_dagrun for FPL_silver_tables to 2025-03-08 00:10:00+00:00, run_after=2025-03-09 00:10:00+00:00
[2025-03-08T05:11:10.869+0000] {processor.py:208} INFO - Processing /opt/airflow/dags/02_Silver/update_silver_layer.py took 0.603 seconds
[2025-03-08T05:11:41.875+0000] {processor.py:186} INFO - Started process (PID=236) to work on /opt/airflow/dags/02_Silver/update_silver_layer.py
[2025-03-08T05:11:41.879+0000] {processor.py:914} INFO - Processing file /opt/airflow/dags/02_Silver/update_silver_layer.py for tasks to queue
[2025-03-08T05:11:41.889+0000] {logging_mixin.py:190} INFO - [2025-03-08T05:11:41.888+0000] {dagbag.py:588} INFO - Filling up the DagBag from /opt/airflow/dags/02_Silver/update_silver_layer.py
[2025-03-08T05:11:42.000+0000] {processor.py:925} INFO - DAG(s) 'FPL_silver_tables' retrieved from /opt/airflow/dags/02_Silver/update_silver_layer.py
[2025-03-08T05:11:42.077+0000] {logging_mixin.py:190} INFO - [2025-03-08T05:11:42.076+0000] {dag.py:3239} INFO - Sync 1 DAGs
[2025-03-08T05:11:42.143+0000] {logging_mixin.py:190} INFO - [2025-03-08T05:11:42.142+0000] {dag.py:4180} INFO - Setting next_dagrun for FPL_silver_tables to 2025-03-08 00:10:00+00:00, run_after=2025-03-09 00:10:00+00:00
[2025-03-08T05:11:42.201+0000] {processor.py:208} INFO - Processing /opt/airflow/dags/02_Silver/update_silver_layer.py took 0.346 seconds
[2025-03-08T05:12:12.648+0000] {processor.py:186} INFO - Started process (PID=251) to work on /opt/airflow/dags/02_Silver/update_silver_layer.py
[2025-03-08T05:12:12.715+0000] {processor.py:914} INFO - Processing file /opt/airflow/dags/02_Silver/update_silver_layer.py for tasks to queue
[2025-03-08T05:12:12.753+0000] {logging_mixin.py:190} INFO - [2025-03-08T05:12:12.752+0000] {dagbag.py:588} INFO - Filling up the DagBag from /opt/airflow/dags/02_Silver/update_silver_layer.py
[2025-03-08T05:12:13.577+0000] {processor.py:925} INFO - DAG(s) 'FPL_silver_tables' retrieved from /opt/airflow/dags/02_Silver/update_silver_layer.py
[2025-03-08T05:12:13.823+0000] {logging_mixin.py:190} INFO - [2025-03-08T05:12:13.822+0000] {dag.py:3239} INFO - Sync 1 DAGs
[2025-03-08T05:12:14.120+0000] {logging_mixin.py:190} INFO - [2025-03-08T05:12:14.109+0000] {dag.py:4180} INFO - Setting next_dagrun for FPL_silver_tables to 2025-03-08 00:10:00+00:00, run_after=2025-03-09 00:10:00+00:00
[2025-03-08T05:12:14.352+0000] {processor.py:208} INFO - Processing /opt/airflow/dags/02_Silver/update_silver_layer.py took 1.751 seconds
[2025-03-08T05:12:44.818+0000] {processor.py:186} INFO - Started process (PID=266) to work on /opt/airflow/dags/02_Silver/update_silver_layer.py
[2025-03-08T05:12:44.854+0000] {processor.py:914} INFO - Processing file /opt/airflow/dags/02_Silver/update_silver_layer.py for tasks to queue
[2025-03-08T05:12:44.861+0000] {logging_mixin.py:190} INFO - [2025-03-08T05:12:44.860+0000] {dagbag.py:588} INFO - Filling up the DagBag from /opt/airflow/dags/02_Silver/update_silver_layer.py
[2025-03-08T05:12:44.993+0000] {processor.py:925} INFO - DAG(s) 'FPL_silver_tables' retrieved from /opt/airflow/dags/02_Silver/update_silver_layer.py
[2025-03-08T05:12:45.107+0000] {logging_mixin.py:190} INFO - [2025-03-08T05:12:45.107+0000] {dag.py:3239} INFO - Sync 1 DAGs
[2025-03-08T05:12:45.210+0000] {logging_mixin.py:190} INFO - [2025-03-08T05:12:45.209+0000] {dag.py:4180} INFO - Setting next_dagrun for FPL_silver_tables to 2025-03-08 00:10:00+00:00, run_after=2025-03-09 00:10:00+00:00
[2025-03-08T05:12:45.301+0000] {processor.py:208} INFO - Processing /opt/airflow/dags/02_Silver/update_silver_layer.py took 0.505 seconds
[2025-03-08T05:13:15.538+0000] {processor.py:186} INFO - Started process (PID=281) to work on /opt/airflow/dags/02_Silver/update_silver_layer.py
[2025-03-08T05:13:15.540+0000] {processor.py:914} INFO - Processing file /opt/airflow/dags/02_Silver/update_silver_layer.py for tasks to queue
[2025-03-08T05:13:15.548+0000] {logging_mixin.py:190} INFO - [2025-03-08T05:13:15.546+0000] {dagbag.py:588} INFO - Filling up the DagBag from /opt/airflow/dags/02_Silver/update_silver_layer.py
[2025-03-08T05:13:15.643+0000] {processor.py:925} INFO - DAG(s) 'FPL_silver_tables' retrieved from /opt/airflow/dags/02_Silver/update_silver_layer.py
[2025-03-08T05:13:15.759+0000] {logging_mixin.py:190} INFO - [2025-03-08T05:13:15.759+0000] {dag.py:3239} INFO - Sync 1 DAGs
[2025-03-08T05:13:15.842+0000] {logging_mixin.py:190} INFO - [2025-03-08T05:13:15.841+0000] {dag.py:4180} INFO - Setting next_dagrun for FPL_silver_tables to 2025-03-08 00:10:00+00:00, run_after=2025-03-09 00:10:00+00:00
[2025-03-08T05:13:15.934+0000] {processor.py:208} INFO - Processing /opt/airflow/dags/02_Silver/update_silver_layer.py took 0.408 seconds
[2025-03-08T05:13:46.478+0000] {processor.py:186} INFO - Started process (PID=296) to work on /opt/airflow/dags/02_Silver/update_silver_layer.py
[2025-03-08T05:13:46.492+0000] {processor.py:914} INFO - Processing file /opt/airflow/dags/02_Silver/update_silver_layer.py for tasks to queue
[2025-03-08T05:13:46.509+0000] {logging_mixin.py:190} INFO - [2025-03-08T05:13:46.508+0000] {dagbag.py:588} INFO - Filling up the DagBag from /opt/airflow/dags/02_Silver/update_silver_layer.py
[2025-03-08T05:13:46.775+0000] {processor.py:925} INFO - DAG(s) 'FPL_silver_tables' retrieved from /opt/airflow/dags/02_Silver/update_silver_layer.py
[2025-03-08T05:13:47.043+0000] {logging_mixin.py:190} INFO - [2025-03-08T05:13:47.032+0000] {dag.py:3239} INFO - Sync 1 DAGs
[2025-03-08T05:13:47.283+0000] {logging_mixin.py:190} INFO - [2025-03-08T05:13:47.282+0000] {dag.py:4180} INFO - Setting next_dagrun for FPL_silver_tables to 2025-03-08 00:10:00+00:00, run_after=2025-03-09 00:10:00+00:00
[2025-03-08T05:13:47.451+0000] {processor.py:208} INFO - Processing /opt/airflow/dags/02_Silver/update_silver_layer.py took 1.011 seconds
[2025-03-08T05:14:18.410+0000] {processor.py:186} INFO - Started process (PID=315) to work on /opt/airflow/dags/02_Silver/update_silver_layer.py
[2025-03-08T05:14:18.412+0000] {processor.py:914} INFO - Processing file /opt/airflow/dags/02_Silver/update_silver_layer.py for tasks to queue
[2025-03-08T05:14:18.432+0000] {logging_mixin.py:190} INFO - [2025-03-08T05:14:18.431+0000] {dagbag.py:588} INFO - Filling up the DagBag from /opt/airflow/dags/02_Silver/update_silver_layer.py
[2025-03-08T05:14:18.611+0000] {processor.py:925} INFO - DAG(s) 'FPL_silver_tables' retrieved from /opt/airflow/dags/02_Silver/update_silver_layer.py
[2025-03-08T05:14:18.697+0000] {logging_mixin.py:190} INFO - [2025-03-08T05:14:18.696+0000] {dag.py:3239} INFO - Sync 1 DAGs
[2025-03-08T05:14:18.759+0000] {logging_mixin.py:190} INFO - [2025-03-08T05:14:18.759+0000] {dag.py:4180} INFO - Setting next_dagrun for FPL_silver_tables to 2025-03-08 00:10:00+00:00, run_after=2025-03-09 00:10:00+00:00
[2025-03-08T05:14:18.821+0000] {processor.py:208} INFO - Processing /opt/airflow/dags/02_Silver/update_silver_layer.py took 0.425 seconds
[2025-03-08T05:14:49.343+0000] {processor.py:186} INFO - Started process (PID=330) to work on /opt/airflow/dags/02_Silver/update_silver_layer.py
[2025-03-08T05:14:49.345+0000] {processor.py:914} INFO - Processing file /opt/airflow/dags/02_Silver/update_silver_layer.py for tasks to queue
[2025-03-08T05:14:49.352+0000] {logging_mixin.py:190} INFO - [2025-03-08T05:14:49.351+0000] {dagbag.py:588} INFO - Filling up the DagBag from /opt/airflow/dags/02_Silver/update_silver_layer.py
[2025-03-08T05:14:49.456+0000] {processor.py:925} INFO - DAG(s) 'FPL_silver_tables' retrieved from /opt/airflow/dags/02_Silver/update_silver_layer.py
[2025-03-08T05:14:49.520+0000] {logging_mixin.py:190} INFO - [2025-03-08T05:14:49.520+0000] {dag.py:3239} INFO - Sync 1 DAGs
[2025-03-08T05:14:49.652+0000] {logging_mixin.py:190} INFO - [2025-03-08T05:14:49.651+0000] {dag.py:4180} INFO - Setting next_dagrun for FPL_silver_tables to 2025-03-08 00:10:00+00:00, run_after=2025-03-09 00:10:00+00:00
[2025-03-08T05:14:49.769+0000] {processor.py:208} INFO - Processing /opt/airflow/dags/02_Silver/update_silver_layer.py took 0.443 seconds
[2025-03-08T05:15:19.899+0000] {processor.py:186} INFO - Started process (PID=351) to work on /opt/airflow/dags/02_Silver/update_silver_layer.py
[2025-03-08T05:15:19.901+0000] {processor.py:914} INFO - Processing file /opt/airflow/dags/02_Silver/update_silver_layer.py for tasks to queue
[2025-03-08T05:15:19.908+0000] {logging_mixin.py:190} INFO - [2025-03-08T05:15:19.907+0000] {dagbag.py:588} INFO - Filling up the DagBag from /opt/airflow/dags/02_Silver/update_silver_layer.py
[2025-03-08T05:15:19.999+0000] {processor.py:925} INFO - DAG(s) 'FPL_silver_tables' retrieved from /opt/airflow/dags/02_Silver/update_silver_layer.py
[2025-03-08T05:15:20.063+0000] {logging_mixin.py:190} INFO - [2025-03-08T05:15:20.063+0000] {dag.py:3239} INFO - Sync 1 DAGs
[2025-03-08T05:15:20.136+0000] {logging_mixin.py:190} INFO - [2025-03-08T05:15:20.136+0000] {dag.py:4180} INFO - Setting next_dagrun for FPL_silver_tables to 2025-03-08 00:10:00+00:00, run_after=2025-03-09 00:10:00+00:00
[2025-03-08T05:15:20.223+0000] {processor.py:208} INFO - Processing /opt/airflow/dags/02_Silver/update_silver_layer.py took 0.339 seconds
[2025-03-08T05:15:51.253+0000] {processor.py:186} INFO - Started process (PID=367) to work on /opt/airflow/dags/02_Silver/update_silver_layer.py
[2025-03-08T05:15:51.263+0000] {processor.py:914} INFO - Processing file /opt/airflow/dags/02_Silver/update_silver_layer.py for tasks to queue
[2025-03-08T05:15:51.269+0000] {logging_mixin.py:190} INFO - [2025-03-08T05:15:51.268+0000] {dagbag.py:588} INFO - Filling up the DagBag from /opt/airflow/dags/02_Silver/update_silver_layer.py
[2025-03-08T05:15:51.412+0000] {processor.py:925} INFO - DAG(s) 'FPL_silver_tables' retrieved from /opt/airflow/dags/02_Silver/update_silver_layer.py
[2025-03-08T05:15:51.474+0000] {logging_mixin.py:190} INFO - [2025-03-08T05:15:51.474+0000] {dag.py:3239} INFO - Sync 1 DAGs
[2025-03-08T05:15:51.546+0000] {logging_mixin.py:190} INFO - [2025-03-08T05:15:51.546+0000] {dag.py:4180} INFO - Setting next_dagrun for FPL_silver_tables to 2025-03-08 00:10:00+00:00, run_after=2025-03-09 00:10:00+00:00
[2025-03-08T05:15:51.644+0000] {processor.py:208} INFO - Processing /opt/airflow/dags/02_Silver/update_silver_layer.py took 0.417 seconds
[2025-03-08T05:16:26.685+0000] {processor.py:186} INFO - Started process (PID=380) to work on /opt/airflow/dags/02_Silver/update_silver_layer.py
[2025-03-08T05:16:26.696+0000] {processor.py:914} INFO - Processing file /opt/airflow/dags/02_Silver/update_silver_layer.py for tasks to queue
[2025-03-08T05:16:26.703+0000] {logging_mixin.py:190} INFO - [2025-03-08T05:16:26.702+0000] {dagbag.py:588} INFO - Filling up the DagBag from /opt/airflow/dags/02_Silver/update_silver_layer.py
[2025-03-08T05:16:27.209+0000] {processor.py:925} INFO - DAG(s) 'FPL_silver_tables' retrieved from /opt/airflow/dags/02_Silver/update_silver_layer.py
[2025-03-08T05:16:27.368+0000] {logging_mixin.py:190} INFO - [2025-03-08T05:16:27.367+0000] {dag.py:3239} INFO - Sync 1 DAGs
[2025-03-08T05:16:27.582+0000] {logging_mixin.py:190} INFO - [2025-03-08T05:16:27.582+0000] {dag.py:4180} INFO - Setting next_dagrun for FPL_silver_tables to 2025-03-08 00:10:00+00:00, run_after=2025-03-09 00:10:00+00:00
[2025-03-08T05:16:27.713+0000] {processor.py:208} INFO - Processing /opt/airflow/dags/02_Silver/update_silver_layer.py took 1.050 seconds
[2025-03-08T05:16:58.031+0000] {processor.py:186} INFO - Started process (PID=393) to work on /opt/airflow/dags/02_Silver/update_silver_layer.py
[2025-03-08T05:16:58.033+0000] {processor.py:914} INFO - Processing file /opt/airflow/dags/02_Silver/update_silver_layer.py for tasks to queue
[2025-03-08T05:16:58.039+0000] {logging_mixin.py:190} INFO - [2025-03-08T05:16:58.038+0000] {dagbag.py:588} INFO - Filling up the DagBag from /opt/airflow/dags/02_Silver/update_silver_layer.py
[2025-03-08T05:16:58.142+0000] {processor.py:925} INFO - DAG(s) 'FPL_silver_tables' retrieved from /opt/airflow/dags/02_Silver/update_silver_layer.py
[2025-03-08T05:16:58.206+0000] {logging_mixin.py:190} INFO - [2025-03-08T05:16:58.206+0000] {dag.py:3239} INFO - Sync 1 DAGs
[2025-03-08T05:16:58.275+0000] {logging_mixin.py:190} INFO - [2025-03-08T05:16:58.274+0000] {dag.py:4180} INFO - Setting next_dagrun for FPL_silver_tables to 2025-03-08 00:10:00+00:00, run_after=2025-03-09 00:10:00+00:00
[2025-03-08T05:16:58.373+0000] {processor.py:208} INFO - Processing /opt/airflow/dags/02_Silver/update_silver_layer.py took 0.357 seconds
[2025-03-08T05:17:28.935+0000] {processor.py:186} INFO - Started process (PID=408) to work on /opt/airflow/dags/02_Silver/update_silver_layer.py
[2025-03-08T05:17:28.937+0000] {processor.py:914} INFO - Processing file /opt/airflow/dags/02_Silver/update_silver_layer.py for tasks to queue
[2025-03-08T05:17:28.943+0000] {logging_mixin.py:190} INFO - [2025-03-08T05:17:28.942+0000] {dagbag.py:588} INFO - Filling up the DagBag from /opt/airflow/dags/02_Silver/update_silver_layer.py
[2025-03-08T05:17:29.054+0000] {processor.py:925} INFO - DAG(s) 'FPL_silver_tables' retrieved from /opt/airflow/dags/02_Silver/update_silver_layer.py
[2025-03-08T05:17:29.117+0000] {logging_mixin.py:190} INFO - [2025-03-08T05:17:29.116+0000] {dag.py:3239} INFO - Sync 1 DAGs
[2025-03-08T05:17:29.187+0000] {logging_mixin.py:190} INFO - [2025-03-08T05:17:29.187+0000] {dag.py:4180} INFO - Setting next_dagrun for FPL_silver_tables to 2025-03-08 00:10:00+00:00, run_after=2025-03-09 00:10:00+00:00
[2025-03-08T05:17:29.248+0000] {processor.py:208} INFO - Processing /opt/airflow/dags/02_Silver/update_silver_layer.py took 0.327 seconds
[2025-03-08T05:17:59.770+0000] {processor.py:186} INFO - Started process (PID=419) to work on /opt/airflow/dags/02_Silver/update_silver_layer.py
[2025-03-08T05:17:59.773+0000] {processor.py:914} INFO - Processing file /opt/airflow/dags/02_Silver/update_silver_layer.py for tasks to queue
[2025-03-08T05:17:59.778+0000] {logging_mixin.py:190} INFO - [2025-03-08T05:17:59.778+0000] {dagbag.py:588} INFO - Filling up the DagBag from /opt/airflow/dags/02_Silver/update_silver_layer.py
[2025-03-08T05:17:59.868+0000] {processor.py:925} INFO - DAG(s) 'FPL_silver_tables' retrieved from /opt/airflow/dags/02_Silver/update_silver_layer.py
[2025-03-08T05:17:59.922+0000] {logging_mixin.py:190} INFO - [2025-03-08T05:17:59.921+0000] {dag.py:3239} INFO - Sync 1 DAGs
[2025-03-08T05:17:59.983+0000] {logging_mixin.py:190} INFO - [2025-03-08T05:17:59.982+0000] {dag.py:4180} INFO - Setting next_dagrun for FPL_silver_tables to 2025-03-08 00:10:00+00:00, run_after=2025-03-09 00:10:00+00:00
[2025-03-08T05:18:00.047+0000] {processor.py:208} INFO - Processing /opt/airflow/dags/02_Silver/update_silver_layer.py took 0.297 seconds
[2025-03-08T05:18:30.273+0000] {processor.py:186} INFO - Started process (PID=434) to work on /opt/airflow/dags/02_Silver/update_silver_layer.py
[2025-03-08T05:18:30.277+0000] {processor.py:914} INFO - Processing file /opt/airflow/dags/02_Silver/update_silver_layer.py for tasks to queue
[2025-03-08T05:18:30.283+0000] {logging_mixin.py:190} INFO - [2025-03-08T05:18:30.283+0000] {dagbag.py:588} INFO - Filling up the DagBag from /opt/airflow/dags/02_Silver/update_silver_layer.py
[2025-03-08T05:18:30.471+0000] {processor.py:925} INFO - DAG(s) 'FPL_silver_tables' retrieved from /opt/airflow/dags/02_Silver/update_silver_layer.py
[2025-03-08T05:18:30.517+0000] {logging_mixin.py:190} INFO - [2025-03-08T05:18:30.517+0000] {dag.py:3239} INFO - Sync 1 DAGs
[2025-03-08T05:18:30.567+0000] {logging_mixin.py:190} INFO - [2025-03-08T05:18:30.567+0000] {dag.py:4180} INFO - Setting next_dagrun for FPL_silver_tables to 2025-03-08 00:10:00+00:00, run_after=2025-03-09 00:10:00+00:00
[2025-03-08T05:18:30.618+0000] {processor.py:208} INFO - Processing /opt/airflow/dags/02_Silver/update_silver_layer.py took 0.357 seconds
[2025-03-08T05:19:01.050+0000] {processor.py:186} INFO - Started process (PID=449) to work on /opt/airflow/dags/02_Silver/update_silver_layer.py
[2025-03-08T05:19:01.052+0000] {processor.py:914} INFO - Processing file /opt/airflow/dags/02_Silver/update_silver_layer.py for tasks to queue
[2025-03-08T05:19:01.057+0000] {logging_mixin.py:190} INFO - [2025-03-08T05:19:01.057+0000] {dagbag.py:588} INFO - Filling up the DagBag from /opt/airflow/dags/02_Silver/update_silver_layer.py
[2025-03-08T05:19:01.137+0000] {processor.py:925} INFO - DAG(s) 'FPL_silver_tables' retrieved from /opt/airflow/dags/02_Silver/update_silver_layer.py
[2025-03-08T05:19:01.192+0000] {logging_mixin.py:190} INFO - [2025-03-08T05:19:01.191+0000] {dag.py:3239} INFO - Sync 1 DAGs
[2025-03-08T05:19:01.253+0000] {logging_mixin.py:190} INFO - [2025-03-08T05:19:01.252+0000] {dag.py:4180} INFO - Setting next_dagrun for FPL_silver_tables to 2025-03-08 00:10:00+00:00, run_after=2025-03-09 00:10:00+00:00
[2025-03-08T05:19:01.319+0000] {processor.py:208} INFO - Processing /opt/airflow/dags/02_Silver/update_silver_layer.py took 0.280 seconds
[2025-03-08T05:19:32.042+0000] {processor.py:186} INFO - Started process (PID=464) to work on /opt/airflow/dags/02_Silver/update_silver_layer.py
[2025-03-08T05:19:32.044+0000] {processor.py:914} INFO - Processing file /opt/airflow/dags/02_Silver/update_silver_layer.py for tasks to queue
[2025-03-08T05:19:32.049+0000] {logging_mixin.py:190} INFO - [2025-03-08T05:19:32.049+0000] {dagbag.py:588} INFO - Filling up the DagBag from /opt/airflow/dags/02_Silver/update_silver_layer.py
[2025-03-08T05:19:32.189+0000] {processor.py:925} INFO - DAG(s) 'FPL_silver_tables' retrieved from /opt/airflow/dags/02_Silver/update_silver_layer.py
[2025-03-08T05:19:32.259+0000] {logging_mixin.py:190} INFO - [2025-03-08T05:19:32.258+0000] {dag.py:3239} INFO - Sync 1 DAGs
[2025-03-08T05:19:32.326+0000] {logging_mixin.py:190} INFO - [2025-03-08T05:19:32.326+0000] {dag.py:4180} INFO - Setting next_dagrun for FPL_silver_tables to 2025-03-08 00:10:00+00:00, run_after=2025-03-09 00:10:00+00:00
[2025-03-08T05:19:32.373+0000] {processor.py:208} INFO - Processing /opt/airflow/dags/02_Silver/update_silver_layer.py took 0.350 seconds
