[2025-03-06T13:33:44.386+0000] {local_task_job_runner.py:123} INFO - ::group::Pre task execution logs
[2025-03-06T13:33:44.504+0000] {taskinstance.py:2614} INFO - Dependencies all met for dep_context=non-requeueable deps ti=<TaskInstance: FPL_raw_players.add_player_image scheduled__2025-03-05T00:00:00+00:00 [queued]>
[2025-03-06T13:33:44.567+0000] {taskinstance.py:2614} INFO - Dependencies all met for dep_context=requeueable deps ti=<TaskInstance: FPL_raw_players.add_player_image scheduled__2025-03-05T00:00:00+00:00 [queued]>
[2025-03-06T13:33:44.571+0000] {taskinstance.py:2867} INFO - Starting attempt 1 of 3
[2025-03-06T13:33:44.635+0000] {taskinstance.py:2890} INFO - Executing <Task(_PythonDecoratedOperator): add_player_image> on 2025-03-05 00:00:00+00:00
[2025-03-06T13:33:44.664+0000] {warnings.py:112} WARNING - /home/***/.local/lib/python3.12/site-packages/***/task/task_runner/standard_task_runner.py:70: DeprecationWarning: This process (pid=108) is multi-threaded, use of fork() may lead to deadlocks in the child.
  pid = os.fork()

[2025-03-06T13:33:44.670+0000] {standard_task_runner.py:72} INFO - Started process 125 to run task
[2025-03-06T13:33:44.677+0000] {standard_task_runner.py:104} INFO - Running: ['***', 'tasks', 'run', 'FPL_raw_players', 'add_player_image', 'scheduled__2025-03-05T00:00:00+00:00', '--job-id', '97', '--raw', '--subdir', 'DAGS_FOLDER/01_Bronze/02_FPL_raw_players.py', '--cfg-path', '/tmp/tmp4417o6h5']
[2025-03-06T13:33:44.689+0000] {standard_task_runner.py:105} INFO - Job 97: Subtask add_player_image
[2025-03-06T13:33:44.963+0000] {task_command.py:467} INFO - Running <TaskInstance: FPL_raw_players.add_player_image scheduled__2025-03-05T00:00:00+00:00 [running]> on host e417f252717a
[2025-03-06T13:33:46.216+0000] {taskinstance.py:3134} INFO - Exporting env vars: AIRFLOW_CTX_DAG_EMAIL='bobotieno99@gmail.com' AIRFLOW_CTX_DAG_OWNER='Fantasy Premier League' AIRFLOW_CTX_DAG_ID='FPL_raw_players' AIRFLOW_CTX_TASK_ID='add_player_image' AIRFLOW_CTX_EXECUTION_DATE='2025-03-05T00:00:00+00:00' AIRFLOW_CTX_TRY_NUMBER='1' AIRFLOW_CTX_DAG_RUN_ID='scheduled__2025-03-05T00:00:00+00:00'
[2025-03-06T13:33:46.223+0000] {taskinstance.py:732} INFO - ::endgroup::
[2025-03-06T13:33:46.319+0000] {02_FPL_raw_players.py:106} INFO - ✅ Player image URLs added successfully.
[2025-03-06T13:33:46.330+0000] {python.py:240} INFO - Done. Returned value was:      player_id  ...                                          photo_url
0            1  ...  https://resources.premierleague.com/premierlea...
1            2  ...  https://resources.premierleague.com/premierlea...
2            3  ...  https://resources.premierleague.com/premierlea...
3            4  ...  https://resources.premierleague.com/premierlea...
4            5  ...  https://resources.premierleague.com/premierlea...
..         ...  ...                                                ...
780        720  ...  https://resources.premierleague.com/premierlea...
781        751  ...  https://resources.premierleague.com/premierlea...
782        769  ...  https://resources.premierleague.com/premierlea...
783        770  ...  https://resources.premierleague.com/premierlea...
784        784  ...  https://resources.premierleague.com/premierlea...

[785 rows x 13 columns]
[2025-03-06T13:33:46.848+0000] {taskinstance.py:341} INFO - ::group::Post task execution logs
[2025-03-06T13:33:46.853+0000] {taskinstance.py:353} INFO - Marking task as SUCCESS. dag_id=FPL_raw_players, task_id=add_player_image, run_id=scheduled__2025-03-05T00:00:00+00:00, execution_date=20250305T000000, start_date=20250306T133344, end_date=20250306T133346
[2025-03-06T13:33:47.097+0000] {local_task_job_runner.py:266} INFO - Task exited with return code 0
[2025-03-06T13:33:47.320+0000] {taskinstance.py:3901} INFO - 1 downstream tasks scheduled from follow-on schedule check
[2025-03-06T13:33:47.351+0000] {local_task_job_runner.py:245} INFO - ::endgroup::
