[2025-03-07T08:58:58.126+0000] {local_task_job_runner.py:123} INFO - ::group::Pre task execution logs
[2025-03-07T08:58:58.490+0000] {taskinstance.py:2614} INFO - Dependencies all met for dep_context=non-requeueable deps ti=<TaskInstance: FPL_raw_games.create_data_frame scheduled__2025-03-06T00:05:00+00:00 [queued]>
[2025-03-07T08:58:58.571+0000] {taskinstance.py:2614} INFO - Dependencies all met for dep_context=requeueable deps ti=<TaskInstance: FPL_raw_games.create_data_frame scheduled__2025-03-06T00:05:00+00:00 [queued]>
[2025-03-07T08:58:58.583+0000] {taskinstance.py:2867} INFO - Starting attempt 1 of 3
[2025-03-07T08:58:58.687+0000] {taskinstance.py:2890} INFO - Executing <Task(_PythonDecoratedOperator): create_data_frame> on 2025-03-06 00:05:00+00:00
[2025-03-07T08:58:58.764+0000] {warnings.py:112} WARNING - /home/***/.local/lib/python3.12/site-packages/***/task/task_runner/standard_task_runner.py:70: DeprecationWarning: This process (pid=129) is multi-threaded, use of fork() may lead to deadlocks in the child.
  pid = os.fork()

[2025-03-07T08:58:58.790+0000] {standard_task_runner.py:72} INFO - Started process 144 to run task
[2025-03-07T08:58:58.797+0000] {standard_task_runner.py:104} INFO - Running: ['***', 'tasks', 'run', 'FPL_raw_games', 'create_data_frame', 'scheduled__2025-03-06T00:05:00+00:00', '--job-id', '145', '--raw', '--subdir', 'DAGS_FOLDER/01_Bronze/03_FPL_raw_game_week.py', '--cfg-path', '/tmp/tmp_1ev71m1']
[2025-03-07T08:58:58.822+0000] {standard_task_runner.py:105} INFO - Job 145: Subtask create_data_frame
[2025-03-07T08:58:59.220+0000] {task_command.py:467} INFO - Running <TaskInstance: FPL_raw_games.create_data_frame scheduled__2025-03-06T00:05:00+00:00 [running]> on host 0f0b0357cf30
[2025-03-07T08:59:03.009+0000] {taskinstance.py:3134} INFO - Exporting env vars: AIRFLOW_CTX_DAG_EMAIL='bobotieno99@gmail.com' AIRFLOW_CTX_DAG_OWNER='Fantasy Premier League' AIRFLOW_CTX_DAG_ID='FPL_raw_games' AIRFLOW_CTX_TASK_ID='create_data_frame' AIRFLOW_CTX_EXECUTION_DATE='2025-03-06T00:05:00+00:00' AIRFLOW_CTX_TRY_NUMBER='1' AIRFLOW_CTX_DAG_RUN_ID='scheduled__2025-03-06T00:05:00+00:00'
[2025-03-07T08:59:03.015+0000] {taskinstance.py:732} INFO - ::endgroup::
[2025-03-07T08:59:03.417+0000] {03_FPL_raw_game_week.py:83} INFO - ✅ DataFrame created with 380 records.
[2025-03-07T08:59:03.422+0000] {python.py:240} INFO - Done. Returned value was:      game_code  game_week_id  ...  difficulty_a  difficulty_h
0      2444470             1  ...             3             3
1      2444473             1  ...             2             5
2      2444471             1  ...             4             2
3      2444472             1  ...             3             3
4      2444474             1  ...             4             2
..         ...           ...  ...           ...           ...
375    2444845            38  ...             4             2
376    2444846            38  ...             4             4
377    2444847            38  ...             2             4
378    2444848            38  ...             3             3
379    2444849            38  ...             2             2

[380 rows x 11 columns]
[2025-03-07T08:59:03.929+0000] {taskinstance.py:341} INFO - ::group::Post task execution logs
[2025-03-07T08:59:03.942+0000] {taskinstance.py:353} INFO - Marking task as SUCCESS. dag_id=FPL_raw_games, task_id=create_data_frame, run_id=scheduled__2025-03-06T00:05:00+00:00, execution_date=20250306T000500, start_date=20250307T085858, end_date=20250307T085903
[2025-03-07T08:59:04.344+0000] {local_task_job_runner.py:266} INFO - Task exited with return code 0
[2025-03-07T08:59:04.614+0000] {taskinstance.py:3901} INFO - 1 downstream tasks scheduled from follow-on schedule check
[2025-03-07T08:59:04.654+0000] {local_task_job_runner.py:245} INFO - ::endgroup::
[2025-03-07T09:18:18.849+0000] {local_task_job_runner.py:123} INFO - ::group::Pre task execution logs
[2025-03-07T09:18:18.896+0000] {taskinstance.py:2614} INFO - Dependencies all met for dep_context=non-requeueable deps ti=<TaskInstance: FPL_raw_games.create_data_frame scheduled__2025-03-06T00:05:00+00:00 [queued]>
[2025-03-07T09:18:18.923+0000] {taskinstance.py:2614} INFO - Dependencies all met for dep_context=requeueable deps ti=<TaskInstance: FPL_raw_games.create_data_frame scheduled__2025-03-06T00:05:00+00:00 [queued]>
[2025-03-07T09:18:18.925+0000] {taskinstance.py:2867} INFO - Starting attempt 1 of 3
[2025-03-07T09:18:18.964+0000] {taskinstance.py:2890} INFO - Executing <Task(_PythonDecoratedOperator): create_data_frame> on 2025-03-06 00:05:00+00:00
[2025-03-07T09:18:18.977+0000] {warnings.py:112} WARNING - /home/***/.local/lib/python3.12/site-packages/***/task/task_runner/standard_task_runner.py:70: DeprecationWarning: This process (pid=102) is multi-threaded, use of fork() may lead to deadlocks in the child.
  pid = os.fork()

[2025-03-07T09:18:18.980+0000] {standard_task_runner.py:72} INFO - Started process 106 to run task
[2025-03-07T09:18:18.982+0000] {standard_task_runner.py:104} INFO - Running: ['***', 'tasks', 'run', 'FPL_raw_games', 'create_data_frame', 'scheduled__2025-03-06T00:05:00+00:00', '--job-id', '42', '--raw', '--subdir', 'DAGS_FOLDER/01_Bronze/03_FPL_raw_game_week.py', '--cfg-path', '/tmp/tmpb90mzcc0']
[2025-03-07T09:18:18.988+0000] {standard_task_runner.py:105} INFO - Job 42: Subtask create_data_frame
[2025-03-07T09:18:19.122+0000] {task_command.py:467} INFO - Running <TaskInstance: FPL_raw_games.create_data_frame scheduled__2025-03-06T00:05:00+00:00 [running]> on host de0598ea6583
[2025-03-07T09:18:20.610+0000] {taskinstance.py:3134} INFO - Exporting env vars: AIRFLOW_CTX_DAG_EMAIL='bobotieno99@gmail.com' AIRFLOW_CTX_DAG_OWNER='Fantasy Premier League' AIRFLOW_CTX_DAG_ID='FPL_raw_games' AIRFLOW_CTX_TASK_ID='create_data_frame' AIRFLOW_CTX_EXECUTION_DATE='2025-03-06T00:05:00+00:00' AIRFLOW_CTX_TRY_NUMBER='1' AIRFLOW_CTX_DAG_RUN_ID='scheduled__2025-03-06T00:05:00+00:00'
[2025-03-07T09:18:20.614+0000] {taskinstance.py:732} INFO - ::endgroup::
[2025-03-07T09:18:20.748+0000] {03_FPL_raw_game_week.py:83} INFO - ✅ DataFrame created with 380 records.
[2025-03-07T09:18:20.752+0000] {python.py:240} INFO - Done. Returned value was:      game_code  game_week_id  ...  difficulty_a  difficulty_h
0      2444470             1  ...             3             3
1      2444473             1  ...             2             5
2      2444471             1  ...             4             2
3      2444472             1  ...             3             3
4      2444474             1  ...             4             2
..         ...           ...  ...           ...           ...
375    2444845            38  ...             4             2
376    2444846            38  ...             4             4
377    2444847            38  ...             2             4
378    2444848            38  ...             3             3
379    2444849            38  ...             2             2

[380 rows x 11 columns]
[2025-03-07T09:18:21.073+0000] {taskinstance.py:341} INFO - ::group::Post task execution logs
[2025-03-07T09:18:21.074+0000] {taskinstance.py:353} INFO - Marking task as SUCCESS. dag_id=FPL_raw_games, task_id=create_data_frame, run_id=scheduled__2025-03-06T00:05:00+00:00, execution_date=20250306T000500, start_date=20250307T091818, end_date=20250307T091821
[2025-03-07T09:18:21.177+0000] {local_task_job_runner.py:266} INFO - Task exited with return code 0
[2025-03-07T09:18:21.248+0000] {taskinstance.py:3901} INFO - 1 downstream tasks scheduled from follow-on schedule check
[2025-03-07T09:18:21.265+0000] {local_task_job_runner.py:245} INFO - ::endgroup::
[2025-03-07T09:49:48.007+0000] {local_task_job_runner.py:123} INFO - ::group::Pre task execution logs
[2025-03-07T09:49:48.055+0000] {taskinstance.py:2614} INFO - Dependencies all met for dep_context=non-requeueable deps ti=<TaskInstance: FPL_raw_games.create_data_frame scheduled__2025-03-06T00:05:00+00:00 [queued]>
[2025-03-07T09:49:48.079+0000] {taskinstance.py:2614} INFO - Dependencies all met for dep_context=requeueable deps ti=<TaskInstance: FPL_raw_games.create_data_frame scheduled__2025-03-06T00:05:00+00:00 [queued]>
[2025-03-07T09:49:48.080+0000] {taskinstance.py:2867} INFO - Starting attempt 1 of 3
[2025-03-07T09:49:48.109+0000] {taskinstance.py:2890} INFO - Executing <Task(_PythonDecoratedOperator): create_data_frame> on 2025-03-06 00:05:00+00:00
[2025-03-07T09:49:48.120+0000] {warnings.py:112} WARNING - /home/***/.local/lib/python3.12/site-packages/***/task/task_runner/standard_task_runner.py:70: DeprecationWarning: This process (pid=359) is multi-threaded, use of fork() may lead to deadlocks in the child.
  pid = os.fork()

[2025-03-07T09:49:48.126+0000] {standard_task_runner.py:72} INFO - Started process 368 to run task
[2025-03-07T09:49:48.125+0000] {standard_task_runner.py:104} INFO - Running: ['***', 'tasks', 'run', 'FPL_raw_games', 'create_data_frame', 'scheduled__2025-03-06T00:05:00+00:00', '--job-id', '8', '--raw', '--subdir', 'DAGS_FOLDER/01_Bronze/03_FPL_raw_game_week.py', '--cfg-path', '/tmp/tmpka8yv2ac']
[2025-03-07T09:49:48.132+0000] {standard_task_runner.py:105} INFO - Job 8: Subtask create_data_frame
[2025-03-07T09:49:48.272+0000] {task_command.py:467} INFO - Running <TaskInstance: FPL_raw_games.create_data_frame scheduled__2025-03-06T00:05:00+00:00 [running]> on host 6fac9c74855d
[2025-03-07T09:49:49.309+0000] {taskinstance.py:3134} INFO - Exporting env vars: AIRFLOW_CTX_DAG_EMAIL='bobotieno99@gmail.com' AIRFLOW_CTX_DAG_OWNER='Fantasy Premier League' AIRFLOW_CTX_DAG_ID='FPL_raw_games' AIRFLOW_CTX_TASK_ID='create_data_frame' AIRFLOW_CTX_EXECUTION_DATE='2025-03-06T00:05:00+00:00' AIRFLOW_CTX_TRY_NUMBER='1' AIRFLOW_CTX_DAG_RUN_ID='scheduled__2025-03-06T00:05:00+00:00'
[2025-03-07T09:49:49.313+0000] {taskinstance.py:732} INFO - ::endgroup::
[2025-03-07T09:49:49.372+0000] {03_FPL_raw_game_week.py:83} INFO - ✅ DataFrame created with 380 records.
[2025-03-07T09:49:49.374+0000] {python.py:240} INFO - Done. Returned value was:      game_code  game_week_id  ...  difficulty_a  difficulty_h
0      2444470             1  ...             3             3
1      2444473             1  ...             2             5
2      2444471             1  ...             4             2
3      2444472             1  ...             3             3
4      2444474             1  ...             4             2
..         ...           ...  ...           ...           ...
375    2444845            38  ...             4             2
376    2444846            38  ...             4             4
377    2444847            38  ...             2             4
378    2444848            38  ...             3             3
379    2444849            38  ...             2             2

[380 rows x 11 columns]
[2025-03-07T09:49:49.566+0000] {taskinstance.py:341} INFO - ::group::Post task execution logs
[2025-03-07T09:49:49.568+0000] {taskinstance.py:353} INFO - Marking task as SUCCESS. dag_id=FPL_raw_games, task_id=create_data_frame, run_id=scheduled__2025-03-06T00:05:00+00:00, execution_date=20250306T000500, start_date=20250307T094948, end_date=20250307T094949
[2025-03-07T09:49:49.653+0000] {local_task_job_runner.py:266} INFO - Task exited with return code 0
[2025-03-07T09:49:49.704+0000] {taskinstance.py:3901} INFO - 1 downstream tasks scheduled from follow-on schedule check
[2025-03-07T09:49:49.711+0000] {local_task_job_runner.py:245} INFO - ::endgroup::
